0	100	0.0000	0	50:50:0:0:0:0	1.7224	0.0713	29.9990	525.9010	0.6667	0.0000	0.0000	3	4
1	100	0.0000	0.1	50:50:0:0:0:0	1.7076	0.0680	30.0000	488.0295	0.6667	0.0000	0.0000	3	4
2	100	0.0000	0.2	50:50:0:0:0:0	1.7384	0.0663	29.9996	498.3484	0.6667	0.0000	0.0000	4	3
3	100	0.0000	0.3	50:50:0:0:0:0	1.7265	0.0712	29.9994	479.5193	0.6667	0.0000	0.0000	3	4
4	100	0.0000	0.4	50:50:0:0:0:0	1.6963	0.0657	29.9995	472.8704	0.6667	0.0000	0.0000	3	4
5	100	0.0000	0.5	50:50:0:0:0:0	1.7179	0.0692	29.9988	485.3304	0.6667	0.0000	0.0000	3	4
6	100	0.0000	0.6	50:50:0:0:0:0	1.6833	0.0714	29.9910	444.4159	0.6667	0.0000	0.0000	3	4
7	100	0.0000	0.7	50:50:0:0:0:0	1.6822	0.0641	29.9685	414.3282	0.6667	0.0000	0.0000	4	3
8	100	0.0000	0.8	50:50:0:0:0:0	1.7249	0.0618	29.8680	367.4296	0.6670	0.0000	0.0000	4
9	100	0.0000	0.9	50:50:0:0:0:0	1.7177	0.0558	29.4426	296.9263	0.6681	0.0000	0.0000	4
10	100	0.0000	1.01	50:50:0:0:0:0	1.7916	0.0513	28.1331	228.5862	0.6717	0.0000	0.0000	4
11	100	0.0000	1.1	50:50:0:0:0:0	1.8627	0.0476	26.3356	174.0801	0.6770	0.0000	0.0000	4
12	100	0.0000	1.2	50:50:0:0:0:0	1.9428	0.0517	24.2409	137.2760	0.6834	0.0000	0.0000	4
13	100	0.0000	1.3	50:50:0:0:0:0	2.0344	0.0429	22.6154	114.7664	0.6888	0.0000	0.0000	4
14	100	0.0000	1.4	50:50:0:0:0:0	1.9675	0.0360	21.3031	103.4498	0.6933	0.0000	0.0000	4
15	100	0.0000	1.5	50:50:0:0:0:0	1.9729	0.0391	20.1712	94.9529	0.6972	0.0000	0.0000	4
16	100	0.0000	0	50:0:0:0:50:0	0.9692	0.0586	22.5320	522.2617	0.6667	0.0000	0.0000	3	4
17	100	0.0000	0.1	50:0:0:0:50:0	0.9642	0.0649	22.5025	500.7298	0.6667	0.0000	0.0000	3	4
18	100	0.0000	0.2	50:0:0:0:50:0	0.9267	0.0613	22.4821	493.9303	0.6667	0.0000	0.0000	3	4
19	100	0.0000	0.3	50:0:0:0:50:0	0.9633	0.0558	22.5208	498.8191	0.6667	0.0000	0.0000	3	4
20	100	0.0000	0.4	50:0:0:0:50:0	0.9711	0.0577	22.4384	470.1282	0.6667	0.0000	0.0000	3	4
21	100	0.0000	0.5	50:0:0:0:50:0	0.9463	0.0647	22.4962	478.4563	0.6667	0.0000	0.0000	3	4
22	100	0.0000	0.6	50:0:0:0:50:0	0.9409	0.0580	22.5870	444.8327	0.6667	0.0000	0.0000	4	3
23	100	0.0000	0.7	50:0:0:0:50:0	0.9643	0.0571	22.4750	414.3631	0.6667	0.0000	0.0000	4	3
24	100	0.0000	0.8	50:0:0:0:50:0	0.9802	0.0522	22.4549	368.4701	0.6669	0.0000	0.0000	4	3
25	100	0.0000	0.9	50:0:0:0:50:0	0.9740	0.0509	22.3775	303.2920	0.6676	0.0000	0.0000	4
26	100	0.0000	1.01	50:0:0:0:50:0	1.0235	0.0445	21.9922	240.5059	0.6699	0.0000	0.0000	4
27	100	0.0000	1.1	50:0:0:0:50:0	1.1211	0.0474	21.3473	185.2572	0.6733	0.0000	0.0000	4
28	100	0.0000	1.2	50:0:0:0:50:0	1.1812	0.0490	20.3184	143.4796	0.6779	0.0000	0.0000	4
29	100	0.0000	1.3	50:0:0:0:50:0	1.2411	0.0541	19.3551	118.9412	0.6818	0.0000	0.0000	4
30	100	0.0000	1.4	50:0:0:0:50:0	1.2738	0.0560	18.5497	106.0766	0.6848	0.0000	0.0000	4
31	100	0.0000	1.5	50:0:0:0:50:0	1.2493	0.0617	17.9690	96.8194	0.6866	0.0000	0.0000	4
32	100	0.0000	0	0:50:0:0:0:50	0.9396	0.0634	22.5110	525.0522	0.6667	0.0000	0.0000	3	4
33	100	0.0000	0.1	0:50:0:0:0:50	0.9539	0.0641	22.5157	495.6207	0.6667	0.0000	0.0000	4	3
34	100	0.0000	0.2	0:50:0:0:0:50	0.9754	0.0653	22.4791	490.5586	0.6667	0.0000	0.0000	4	3
35	100	0.0000	0.3	0:50:0:0:0:50	0.9320	0.0669	22.4768	486.4638	0.6667	0.0000	0.0000	3	4
36	100	0.0000	0.4	0:50:0:0:0:50	0.9435	0.0608	22.4897	468.5211	0.6667	0.0000	0.0000	4	3
37	100	0.0000	0.5	0:50:0:0:0:50	0.9488	0.0598	22.5738	482.4505	0.6667	0.0000	0.0000	3	4
38	100	0.0000	0.6	0:50:0:0:0:50	0.9726	0.0513	22.4834	437.0489	0.6667	0.0000	0.0000	4	3
39	100	0.0000	0.7	0:50:0:0:0:50	0.9581	0.0615	22.4852	417.1578	0.6667	0.0000	0.0000	4	3
40	100	0.0000	0.8	0:50:0:0:0:50	0.9460	0.0555	22.4853	368.5578	0.6669	0.0000	0.0000	4
41	100	0.0000	0.9	0:50:0:0:0:50	0.9834	0.0492	22.4418	306.1538	0.6677	0.0000	0.0000	4
42	100	0.0000	1.01	0:50:0:0:0:50	1.0796	0.0518	22.1278	235.5676	0.6702	0.0000	0.0000	4
43	100	0.0000	1.1	0:50:0:0:0:50	1.1969	0.0436	21.6301	187.4943	0.6738	0.0000	0.0000	4
44	100	0.0000	1.2	0:50:0:0:0:50	1.3024	0.0379	20.6356	143.9547	0.6788	0.0000	0.0000	4
45	100	0.0000	1.3	0:50:0:0:0:50	1.3219	0.0336	19.6762	121.2033	0.6829	0.0000	0.0000	4
46	100	0.0000	1.4	0:50:0:0:0:50	1.3773	0.0450	18.5008	107.7154	0.6867	0.0000	0.0000	4
47	100	0.0000	1.5	0:50:0:0:0:50	1.2895	0.0992	16.6388	100.7973	0.6918	0.0000	0.0000	4
48	100	0.0000	0	0:33:67:0:0:0	0.6253	0.0615	19.9555	598.3794	0.8344	0.0000	0.0000	3
49	100	0.0000	0.1	0:33:67:0:0:0	0.6213	0.0620	19.8841	573.5422	0.8363	0.0000	0.0000	3
50	100	0.0000	0.2	0:33:67:0:0:0	0.6218	0.0627	19.9670	567.1394	0.8341	0.0000	0.0000	3
51	100	0.0000	0.3	0:33:67:0:0:0	0.6687	0.0668	19.9512	568.9485	0.8346	0.0000	0.0000	3
52	100	0.0000	0.4	0:33:67:0:0:0	0.6391	0.0595	19.9257	548.4161	0.8352	0.0000	0.0000	3
53	100	0.0000	0.5	0:33:67:0:0:0	0.6158	0.0599	19.9743	553.4495	0.8339	0.0000	0.0000	3
54	100	0.0000	0.6	0:33:67:0:0:0	0.6635	0.0602	20.0155	531.3540	0.8326	0.0000	0.0000	3
55	100	0.0000	0.7	0:33:67:0:0:0	0.6298	0.0579	19.9031	508.1573	0.8347	0.0000	0.0000	3
56	100	0.0000	0.8	0:33:67:0:0:0	0.6607	0.0503	19.7684	445.4142	0.8359	0.0000	0.0000	3	4
57	100	0.0000	0.9	0:33:67:0:0:0	0.6487	0.0558	19.4941	377.3035	0.8372	0.0000	0.0000	3	4
58	100	0.0000	1.01	0:33:67:0:0:0	0.6893	0.0475	18.8242	290.7274	0.8405	0.0000	0.0000	4	3
59	100	0.0000	1.1	0:33:67:0:0:0	0.7709	0.0548	18.0504	235.7664	0.8424	0.0000	0.0000	4	3
60	100	0.0000	1.2	0:33:67:0:0:0	0.7998	0.0782	17.0277	178.3729	0.8480	0.0000	0.0000	4
61	100	0.0000	1.3	0:33:67:0:0:0	0.8165	0.0983	15.9688	150.3030	0.8573	0.0000	0.0000	4	3
62	100	0.0000	1.4	0:33:67:0:0:0	0.8067	0.1083	15.1081	128.9397	0.8687	0.0000	0.0000	3	4
63	100	0.0000	1.5	0:33:67:0:0:0	0.7989	0.1170	14.4514	114.8454	0.8792	0.0000	0.0000	3	4
64	100	0.0000	0	0:67:33:0:0:0	1.2321	0.0674	25.1099	538.5482	0.7316	0.0000	0.0000	3
65	100	0.0000	0.1	0:67:33:0:0:0	1.2659	0.0660	25.0079	534.7209	0.7332	0.0000	0.0000	3	4
66	100	0.0000	0.2	0:67:33:0:0:0	1.2488	0.0663	25.0023	531.6480	0.7333	0.0000	0.0000	3	4
67	100	0.0000	0.3	0:67:33:0:0:0	1.2136	0.0605	25.0589	519.4927	0.7324	0.0000	0.0000	3
68	100	0.0000	0.4	0:67:33:0:0:0	1.2583	0.0610	24.9735	509.7021	0.7337	0.0000	0.0000	3	4
69	100	0.0000	0.5	0:67:33:0:0:0	1.2275	0.0561	24.9912	518.8799	0.7332	0.0000	0.0000	3	4
70	100	0.0000	0.6	0:67:33:0:0:0	1.2222	0.0620	25.0315	469.4107	0.7320	0.0000	0.0000	3	4
71	100	0.0000	0.7	0:67:33:0:0:0	1.3090	0.0655	24.8806	442.0289	0.7331	0.0000	0.0000	3	4
72	100	0.0000	0.8	0:67:33:0:0:0	1.2555	0.0620	24.5541	393.1698	0.7344	0.0000	0.0000	4	3
73	100	0.0000	0.9	0:67:33:0:0:0	1.2534	0.0543	23.7954	321.7123	0.7376	0.0000	0.0000	4
74	100	0.0000	1.01	0:67:33:0:0:0	1.3269	0.0562	22.3406	249.5212	0.7418	0.0000	0.0000	4
75	100	0.0000	1.1	0:67:33:0:0:0	1.3795	0.0740	20.5562	191.1794	0.7490	0.0000	0.0000	4
76	100	0.0000	1.2	0:67:33:0:0:0	1.4326	0.0965	18.4834	155.4002	0.7599	0.0000	0.0000	4
77	100	0.0000	1.3	0:67:33:0:0:0	1.5047	0.1244	16.6689	130.7548	0.7722	0.0000	0.0000	4
78	100	0.0000	1.4	0:67:33:0:0:0	1.4817	0.1437	14.9642	117.5235	0.7887	0.0000	0.0000	4
79	100	0.0000	1.5	0:67:33:0:0:0	1.4469	0.1688	13.6243	107.1226	0.8045	0.0000	0.0000	4
80	100	0.0000	0	0:50:0:50:0:0	0.9754	0.0654	24.9639	521.6436	0.7003	0.0000	0.0000	3	4
81	100	0.0000	0.1	0:50:0:50:0:0	0.9943	0.0689	25.0149	520.0315	0.6999	0.0000	0.0000	3	4
82	100	0.0000	0.2	0:50:0:50:0:0	0.9787	0.0628	25.0077	518.4011	0.6999	0.0000	0.0000	3	4
83	100	0.0000	0.3	0:50:0:50:0:0	0.9366	0.0718	24.9375	506.7561	0.7005	0.0000	0.0000	3	4
84	100	0.0000	0.4	0:50:0:50:0:0	0.9767	0.0622	25.0074	492.2448	0.6999	0.0000	0.0000	3	4
85	100	0.0000	0.5	0:50:0:50:0:0	0.9671	0.0603	24.9633	504.1657	0.7001	0.0000	0.0000	3	4
86	100	0.0000	0.6	0:50:0:50:0:0	0.9442	0.0630	24.8622	467.1029	0.7007	0.0000	0.0000	3	4
87	100	0.0000	0.7	0:50:0:50:0:0	0.9247	0.0651	24.7718	433.5345	0.7008	0.0000	0.0000	4	3
88	100	0.0000	0.8	0:50:0:50:0:0	0.9673	0.0544	24.3013	390.3863	0.7027	0.0000	0.0000	4	3
89	100	0.0000	0.9	0:50:0:50:0:0	0.9782	0.0556	23.4744	324.0638	0.7058	0.0000	0.0000	4	3
90	100	0.0000	1.01	0:50:0:50:0:0	1.0065	0.0547	21.8762	248.7057	0.7118	0.0000	0.0000	4
91	100	0.0000	1.1	0:50:0:50:0:0	1.0473	0.0762	20.0101	200.9326	0.7195	0.0000	0.0000	4
92	100	0.0000	1.2	0:50:0:50:0:0	1.0686	0.1020	17.9710	157.1189	0.7291	0.0000	0.0000	4
93	100	0.0000	1.3	0:50:0:50:0:0	1.0777	0.1208	16.3335	133.0947	0.7384	0.0000	0.0000	4
94	100	0.0000	1.4	0:50:0:50:0:0	1.0610	0.1292	14.9853	120.4230	0.7469	0.0000	0.0000	4
95	100	0.0000	1.5	0:50:0:50:0:0	1.0485	0.1256	13.9293	109.1237	0.7544	0.0000	0.0000	4
96	100	0.0000	0	0:50:0:0:50:0	0.9384	0.0563	22.4848	501.1547	0.6667	0.0000	0.0000	3	4
97	100	0.0000	0.1	0:50:0:0:50:0	0.9463	0.0620	22.5286	466.7445	0.6667	0.0000	0.0000	4	3
98	100	0.0000	0.2	0:50:0:0:50:0	0.9632	0.0593	22.4912	477.4520	0.6667	0.0000	0.0000	4	3
99	100	0.0000	0.3	0:50:0:0:50:0	0.9719	0.0591	22.5069	473.3893	0.6667	0.0000	0.0000	3	4
100	100	0.0000	0.4	0:50:0:0:50:0	0.9613	0.0653	22.4973	451.6213	0.6667	0.0000	0.0000	4	3
101	100	0.0000	0.5	0:50:0:0:50:0	0.9661	0.0573	22.5101	463.4676	0.6669	0.0000	0.0000	4	3
102	100	0.0000	0.6	0:50:0:0:50:0	0.9555	0.0531	22.3516	420.0966	0.6671	0.0000	0.0000	4	3
103	100	0.0000	0.7	0:50:0:0:50:0	0.9585	0.0565	22.0999	388.1941	0.6679	0.0000	0.0000	4	3
104	100	0.0000	0.8	0:50:0:0:50:0	0.9438	0.0525	21.5776	349.4599	0.6698	0.0000	0.0000	4
105	100	0.0000	0.9	0:50:0:0:50:0	0.9969	0.0499	20.4643	284.3894	0.6735	0.0000	0.0000	4
106	100	0.0000	1.01	0:50:0:0:50:0	1.0242	0.0534	18.6955	229.3353	0.6803	0.0000	0.0000	4
107	100	0.0000	1.1	0:50:0:0:50:0	1.0417	0.0718	17.0536	177.7266	0.6870	0.0000	0.0000	4
108	100	0.0000	1.2	0:50:0:0:50:0	1.0742	0.0920	15.4421	142.6679	0.6943	0.0000	0.0000	4
109	100	0.0000	1.3	0:50:0:0:50:0	1.0688	0.1203	14.2079	120.9791	0.6999	0.0000	0.0000	4
110	100	0.0000	1.4	0:50:0:0:50:0	1.1016	0.1450	13.5246	105.9779	0.7034	0.0000	0.0000	4
111	100	0.0000	1.5	0:50:0:0:50:0	1.2299	0.1054	14.8125	95.2200	0.7000	0.0000	0.0000	4
112	100	0.0000	0	0:0:50:50:0:0	0.0000	0.0595	17.5041	626.6325	0.8569	0.0000	0.0000	3
113	100	0.0000	0.1	0:0:50:50:0:0	0.0000	0.0564	17.4910	591.2900	0.8576	0.0000	0.0000	3
114	100	0.0000	0.2	0:0:50:50:0:0	0.0000	0.0575	17.5018	592.3079	0.8570	0.0000	0.0000	3
115	100	0.0000	0.3	0:0:50:50:0:0	0.0000	0.0652	17.5022	583.0017	0.8570	0.0000	0.0000	3
116	100	0.0000	0.4	0:0:50:50:0:0	0.0000	0.0564	17.4929	564.0220	0.8575	0.0000	0.0000	3
117	100	0.0000	0.5	0:0:50:50:0:0	0.0000	0.0603	17.4966	572.9588	0.8573	0.0000	0.0000	3
118	100	0.0000	0.6	0:0:50:50:0:0	0.0000	0.0594	17.5003	540.8029	0.8571	0.0000	0.0000	3
119	100	0.0000	0.7	0:0:50:50:0:0	0.0000	0.0555	17.5081	517.5980	0.8565	0.0000	0.0000	3
120	100	0.0000	0.8	0:0:50:50:0:0	0.0000	0.0519	17.4680	466.7560	0.8578	0.0000	0.0000	3
121	100	0.0000	0.9	0:0:50:50:0:0	0.0000	0.0511	17.4227	395.6306	0.8569	0.0000	0.0000	3
122	100	0.0000	1.01	0:0:50:50:0:0	0.0000	0.0443	17.2204	305.6170	0.8567	0.0000	0.0000	3	4
123	100	0.0000	1.1	0:0:50:50:0:0	0.0000	0.0426	16.9123	243.3148	0.8563	0.0000	0.0000	4	3
124	100	0.0000	1.2	0:0:50:50:0:0	0.0000	0.0356	16.4826	189.4535	0.8561	0.0000	0.0000	4	3
125	100	0.0000	1.3	0:0:50:50:0:0	0.0000	0.0386	16.0699	149.4693	0.8563	0.0000	0.0000	4	3
126	100	0.0000	1.4	0:0:50:50:0:0	0.0000	0.0309	15.7174	127.5937	0.8563	0.0000	0.0000	4	3
127	100	0.0000	1.5	0:0:50:50:0:0	0.0000	0.0319	15.4502	117.6054	0.8563	0.0000	0.0000	3	4
128	100	0.0000	0	50:0:0:50:0:0	0.9541	0.0691	25.0209	524.9772	0.6998	0.0000	0.0000	3
129	100	0.0000	0.1	50:0:0:50:0:0	0.9752	0.0760	25.0211	521.2858	0.6998	0.0000	0.0000	3	4
130	100	0.0000	0.2	50:0:0:50:0:0	0.9429	0.0625	25.0455	517.6563	0.6996	0.0000	0.0000	3
131	100	0.0000	0.3	50:0:0:50:0:0	0.9392	0.0629	24.9779	517.2121	0.7002	0.0000	0.0000	3	4
132	100	0.0000	0.4	50:0:0:50:0:0	0.9620	0.0661	25.0306	503.2757	0.6998	0.0000	0.0000	3
133	100	0.0000	0.5	50:0:0:50:0:0	0.9341	0.0693	25.0146	510.7322	0.6999	0.0000	0.0000	3	4
134	100	0.0000	0.6	50:0:0:50:0:0	0.9374	0.0571	24.9815	464.1072	0.7001	0.0000	0.0000	3	4
135	100	0.0000	0.7	50:0:0:50:0:0	0.9579	0.0599	24.9497	446.1385	0.7003	0.0000	0.0000	3	4
136	100	0.0000	0.8	50:0:0:50:0:0	0.9354	0.0563	24.9154	390.7723	0.7002	0.0000	0.0000	4	3
137	100	0.0000	0.9	50:0:0:50:0:0	0.9699	0.0567	24.7121	325.7868	0.7005	0.0000	0.0000	4	3
138	100	0.0000	1.01	50:0:0:50:0:0	0.9900	0.0497	23.9317	249.4810	0.7024	0.0000	0.0000	4
139	100	0.0000	1.1	50:0:0:50:0:0	1.0842	0.0433	22.8284	191.8582	0.7052	0.0000	0.0000	4
140	100	0.0000	1.2	50:0:0:50:0:0	1.1519	0.0390	21.3908	155.2861	0.7091	0.0000	0.0000	4
141	100	0.0000	1.3	50:0:0:50:0:0	1.1873	0.0374	20.1630	124.3907	0.7129	0.0000	0.0000	4
142	100	0.0000	1.4	50:0:0:50:0:0	1.1892	0.0330	19.2415	107.7307	0.7156	0.0000	0.0000	4
143	100	0.0000	1.5	50:0:0:50:0:0	1.1771	0.0324	18.5249	100.4858	0.7180	0.0000	0.0000	4
144	100	0.0000	0	33:0:67:0:0:0	0.6376	0.0645	19.9172	599.5989	0.8354	0.0000	0.0000	3
145	100	0.0000	0.1	33:0:67:0:0:0	0.6276	0.0589	19.9391	580.3364	0.8349	0.0000	0.0000	3
146	100	0.0000	0.2	33:0:67:0:0:0	0.6303	0.0641	19.9668	569.6025	0.8342	0.0000	0.0000	3
147	100	0.0000	0.3	33:0:67:0:0:0	0.6312	0.0563	19.9419	570.0126	0.8348	0.0000	0.0000	3
148	100	0.0000	0.4	33:0:67:0:0:0	0.6257	0.0614	19.9031	550.5137	0.8358	0.0000	0.0000	3
149	100	0.0000	0.5	33:0:67:0:0:0	0.6364	0.0611	19.9500	560.5692	0.8346	0.0000	0.0000	3
150	100	0.0000	0.6	33:0:67:0:0:0	0.6478	0.0583	19.9731	528.7298	0.8340	0.0000	0.0000	3
151	100	0.0000	0.7	33:0:67:0:0:0	0.6442	0.0594	19.9627	504.9151	0.8341	0.0000	0.0000	3
152	100	0.0000	0.8	33:0:67:0:0:0	0.6442	0.0521	19.9289	454.4069	0.8342	0.0000	0.0000	3
153	100	0.0000	0.9	33:0:67:0:0:0	0.6390	0.0528	19.8112	382.3990	0.8345	0.0000	0.0000	3	4
154	100	0.0000	1.01	33:0:67:0:0:0	0.6862	0.0479	19.5581	288.8087	0.8312	0.0000	0.0000	4	3
155	100	0.0000	1.1	33:0:67:0:0:0	0.7350	0.0446	19.0475	230.9578	0.8297	0.0000	0.0000	4	3
156	100	0.0000	1.2	33:0:67:0:0:0	0.8023	0.0337	18.2564	171.9359	0.8296	0.0000	0.0000	4
157	100	0.0000	1.3	33:0:67:0:0:0	0.8259	0.0349	17.5119	141.7394	0.8310	0.0000	0.0000	4
158	100	0.0000	1.4	33:0:67:0:0:0	0.8559	0.0374	16.8733	124.7836	0.8327	0.0000	0.0000	4
159	100	0.0000	1.5	33:0:67:0:0:0	0.8615	0.0353	16.4002	109.0883	0.8344	0.0000	0.0000	4
160	100	0.0000	0	67:0:33:0:0:0	1.2714	0.0599	25.0190	553.0474	0.7330	0.0000	0.0000	3
161	100	0.0000	0.1	67:0:33:0:0:0	1.2052	0.0680	25.0730	531.4940	0.7322	0.0000	0.0000	3	4
162	100	0.0000	0.2	67:0:33:0:0:0	1.2239	0.0685	25.0545	523.2149	0.7325	0.0000	0.0000	3
163	100	0.0000	0.3	67:0:33:0:0:0	1.2370	0.0655	25.0633	517.2455	0.7323	0.0000	0.0000	3
164	100	0.0000	0.4	67:0:33:0:0:0	1.2839	0.0638	25.1081	520.7969	0.7316	0.0000	0.0000	3	4
165	100	0.0000	0.5	67:0:33:0:0:0	1.2818	0.0677	25.0922	529.7037	0.7318	0.0000	0.0000	3
166	100	0.0000	0.6	67:0:33:0:0:0	1.2470	0.0620	25.0691	483.4214	0.7322	0.0000	0.0000	3	4
167	100	0.0000	0.7	67:0:33:0:0:0	1.2179	0.0624	25.0826	459.0360	0.7318	0.0000	0.0000	3	4
168	100	0.0000	0.8	67:0:33:0:0:0	1.2356	0.0619	25.0251	401.4795	0.7317	0.0000	0.0000	4	3
169	100	0.0000	0.9	67:0:33:0:0:0	1.2631	0.0558	24.7145	333.8165	0.7331	0.0000	0.0000	4	3
170	100	0.0000	1.01	67:0:33:0:0:0	1.3524	0.0476	24.0226	252.6998	0.7322	0.0000	0.0000	4
171	100	0.0000	1.1	67:0:33:0:0:0	1.3742	0.0453	22.8156	193.8503	0.7350	0.0000	0.0000	4
172	100	0.0000	1.2	67:0:33:0:0:0	1.4635	0.0417	21.3223	154.2356	0.7380	0.0000	0.0000	4
173	100	0.0000	1.3	67:0:33:0:0:0	1.5220	0.0383	19.9797	125.1196	0.7422	0.0000	0.0000	4
174	100	0.0000	1.4	67:0:33:0:0:0	1.5053	0.0363	18.9617	110.8354	0.7458	0.0000	0.0000	4
175	100	0.0000	1.5	67:0:33:0:0:0	1.5419	0.0357	18.2832	100.1689	0.7481	0.0000	0.0000	4
176	100	0.0000	0	50:0:0:0:0:50	0.9503	0.0534	22.5383	519.1479	0.6667	0.0000	0.0000	3	4
177	100	0.0000	0.1	50:0:0:0:0:50	0.9693	0.0651	22.4988	494.4132	0.6667	0.0000	0.0000	3	4
178	100	0.0000	0.2	50:0:0:0:0:50	0.9551	0.0600	22.5314	492.3295	0.6667	0.0000	0.0000	3	4
179	100	0.0000	0.3	50:0:0:0:0:50	0.9519	0.0633	22.5225	485.0947	0.6667	0.0000	0.0000	3	4
180	100	0.0000	0.4	50:0:0:0:0:50	0.9665	0.0604	22.5285	465.7481	0.6667	0.0000	0.0000	4	3
181	100	0.0000	0.5	50:0:0:0:0:50	0.9466	0.0611	22.5739	481.4494	0.6667	0.0000	0.0000	3	4
182	100	0.0000	0.6	50:0:0:0:0:50	0.9432	0.0613	22.5429	438.9109	0.6667	0.0000	0.0000	4	3
183	100	0.0000	0.7	50:0:0:0:0:50	0.9810	0.0545	22.5208	412.5982	0.6667	0.0000	0.0000	4	3
184	100	0.0000	0.8	50:0:0:0:0:50	0.9588	0.0517	22.5042	363.4160	0.6669	0.0000	0.0000	4	3
185	100	0.0000	0.9	50:0:0:0:0:50	0.9510	0.0510	22.4164	309.8230	0.6676	0.0000	0.0000	4
186	100	0.0000	1.01	50:0:0:0:0:50	1.0253	0.0462	21.9406	240.0973	0.6698	0.0000	0.0000	4
187	100	0.0000	1.1	50:0:0:0:0:50	1.1137	0.0487	21.2661	183.4057	0.6731	0.0000	0.0000	4
188	100	0.0000	1.2	50:0:0:0:0:50	1.2111	0.0492	20.2203	145.8631	0.6773	0.0000	0.0000	4
189	100	0.0000	1.3	50:0:0:0:0:50	1.2241	0.0515	19.2420	118.2251	0.6810	0.0000	0.0000	4
190	100	0.0000	1.4	50:0:0:0:0:50	1.2413	0.0578	18.4649	104.0094	0.6839	0.0000	0.0000	4
191	100	0.0000	1.5	50:0:0:0:0:50	1.2761	0.0618	17.9409	99.9972	0.6855	0.0000	0.0000	4
192	100	0.0000	0	0:0:33:0:67:0	0.0000	0.0492	15.0000	569.5687	0.7784	0.0000	0.0000	3
193	100	0.0000	0.1	0:0:33:0:67:0	0.0000	0.0510	14.9999	529.2770	0.7769	0.0000	0.0000	3
194	100	0.0000	0.2	0:0:33:0:67:0	0.0000	0.0525	14.9999	525.6698	0.7756	0.0000	0.0000	3
195	100	0.0000	0.3	0:0:33:0:67:0	0.0000	0.0548	14.9999	523.1035	0.7768	0.0000	0.0000	3
196	100	0.0000	0.4	0:0:33:0:67:0	0.0000	0.0529	14.9998	518.6264	0.7760	0.0000	0.0000	3	4
197	100	0.0000	0.5	0:0:33:0:67:0	0.0000	0.0505	14.9995	523.5324	0.7765	0.0000	0.0000	3
198	100	0.0000	0.6	0:0:33:0:67:0	0.0000	0.0500	14.9993	499.0484	0.7763	0.0000	0.0000	3
199	100	0.0000	0.7	0:0:33:0:67:0	0.0000	0.0497	14.9961	470.3716	0.7766	0.0000	0.0000	3
200	100	0.0000	0.8	0:0:33:0:67:0	0.0000	0.0439	14.9786	422.6412	0.7764	0.0000	0.0000	3	4
201	100	0.0000	0.9	0:0:33:0:67:0	0.0000	0.0455	14.9281	349.9961	0.7768	0.0000	0.0000	4	3
202	100	0.0000	1.01	0:0:33:0:67:0	0.0000	0.0410	14.7333	270.3560	0.7767	0.0000	0.0000	4
203	100	0.0000	1.1	0:0:33:0:67:0	0.0000	0.0377	14.4334	219.3334	0.7778	0.0000	0.0000	4
204	100	0.0000	1.2	0:0:33:0:67:0	0.0000	0.0326	14.0341	170.1146	0.7792	0.0000	0.0000	4
205	100	0.0000	1.3	0:0:33:0:67:0	0.0000	0.0339	13.6577	137.4728	0.7795	0.0000	0.0000	4
206	100	0.0000	1.4	0:0:33:0:67:0	0.0000	0.0296	13.3488	118.7380	0.7796	0.0000	0.0000	4
207	100	0.0000	1.5	0:0:33:0:67:0	0.0000	0.0295	13.1159	108.0687	0.7805	0.0000	0.0000	4
208	100	0.0000	0	0:0:67:0:33:0	0.0000	0.0590	15.0000	630.7654	0.8902	0.0000	0.0000	3
209	100	0.0000	0.1	0:0:67:0:33:0	0.0000	0.0544	14.9999	600.2499	0.8898	0.0000	0.0000	3
210	100	0.0000	0.2	0:0:67:0:33:0	0.0000	0.0553	14.9999	590.5118	0.8904	0.0000	0.0000	3
211	100	0.0000	0.3	0:0:67:0:33:0	0.0000	0.0557	14.9999	585.2278	0.8903	0.0000	0.0000	3
212	100	0.0000	0.4	0:0:67:0:33:0	0.0000	0.0548	14.9999	575.3747	0.8905	0.0000	0.0000	3
213	100	0.0000	0.5	0:0:67:0:33:0	0.0000	0.0503	14.9998	575.5834	0.8901	0.0000	0.0000	3
214	100	0.0000	0.6	0:0:67:0:33:0	0.0000	0.0521	14.9997	544.2141	0.8899	0.0000	0.0000	3
215	100	0.0000	0.7	0:0:67:0:33:0	0.0000	0.0545	14.9977	521.6988	0.8898	0.0000	0.0000	3
216	100	0.0000	0.8	0:0:67:0:33:0	0.0000	0.0503	14.9899	476.6867	0.8906	0.0000	0.0000	3
217	100	0.0000	0.9	0:0:67:0:33:0	0.0000	0.0486	14.9545	404.5548	0.8896	0.0000	0.0000	3
218	100	0.0000	1.01	0:0:67:0:33:0	0.0000	0.0399	14.8401	319.0177	0.8895	0.0000	0.0000	3	4
219	100	0.0000	1.1	0:0:67:0:33:0	0.0000	0.0407	14.6600	250.8634	0.8885	0.0000	0.0000	3	4
220	100	0.0000	1.2	0:0:67:0:33:0	0.0000	0.0357	14.4037	195.6921	0.8882	0.0000	0.0000	3	4
221	100	0.0000	1.3	0:0:67:0:33:0	0.0000	0.0295	14.1602	156.1534	0.8876	0.0000	0.0000	3	4
222	100	0.0000	1.4	0:0:67:0:33:0	0.0000	0.0303	13.9386	129.9445	0.8880	0.0000	0.0000	3	4
223	100	0.0000	1.5	0:0:67:0:33:0	0.0000	0.0311	13.7797	117.7852	0.8877	0.0000	0.0000	3	4
224	100	0.0000	0	0:0:33:0:0:67	0.0000	0.0535	15.0000	563.6123	0.7767	0.0000	0.0000	3
225	100	0.0000	0.1	0:0:33:0:0:67	0.0000	0.0556	15.0000	522.9618	0.7771	0.0000	0.0000	3
226	100	0.0000	0.2	0:0:33:0:0:67	0.0000	0.0509	14.9999	542.1692	0.7769	0.0000	0.0000	3
227	100	0.0000	0.3	0:0:33:0:0:67	0.0000	0.0506	14.9997	530.7139	0.7768	0.0000	0.0000	3	4
228	100	0.0000	0.4	0:0:33:0:0:67	0.0000	0.0556	14.9998	521.3139	0.7765	0.0000	0.0000	3
229	100	0.0000	0.5	0:0:33:0:0:67	0.0000	0.0484	14.9996	525.5677	0.7760	0.0000	0.0000	3
230	100	0.0000	0.6	0:0:33:0:0:67	0.0000	0.0463	14.9989	504.1595	0.7769	0.0000	0.0000	3	4
231	100	0.0000	0.7	0:0:33:0:0:67	0.0000	0.0488	14.9960	472.7255	0.7765	0.0000	0.0000	3	4
232	100	0.0000	0.8	0:0:33:0:0:67	0.0000	0.0455	14.9860	418.5776	0.7756	0.0000	0.0000	3	4
233	100	0.0000	0.9	0:0:33:0:0:67	0.0000	0.0441	14.9286	359.0192	0.7768	0.0000	0.0000	4	3
234	100	0.0000	1.01	0:0:33:0:0:67	0.0000	0.0398	14.7553	272.4775	0.7775	0.0000	0.0000	4
235	100	0.0000	1.1	0:0:33:0:0:67	0.0000	0.0364	14.4778	221.7881	0.7780	0.0000	0.0000	4
236	100	0.0000	1.2	0:0:33:0:0:67	0.0000	0.0342	14.1033	171.6401	0.7783	0.0000	0.0000	4
237	100	0.0000	1.3	0:0:33:0:0:67	0.0000	0.0335	13.7335	138.4062	0.7791	0.0000	0.0000	4
238	100	0.0000	1.4	0:0:33:0:0:67	0.0000	0.0304	13.4470	118.9944	0.7806	0.0000	0.0000	4
239	100	0.0000	1.5	0:0:33:0:0:67	0.0000	0.0283	13.2341	107.8332	0.7808	0.0000	0.0000	4
240	100	0.0000	0	0:0:67:0:0:33	0.0000	0.0541	14.9998	631.0276	0.8900	0.0000	0.0000	3
241	100	0.0000	0.1	0:0:67:0:0:33	0.0000	0.0574	15.0000	596.3913	0.8898	0.0000	0.0000	3
242	100	0.0000	0.2	0:0:67:0:0:33	0.0000	0.0501	14.9998	599.1911	0.8907	0.0000	0.0000	3
243	100	0.0000	0.3	0:0:67:0:0:33	0.0000	0.0517	14.9996	595.9445	0.8906	0.0000	0.0000	3
244	100	0.0000	0.4	0:0:67:0:0:33	0.0000	0.0601	14.9999	570.1027	0.8905	0.0000	0.0000	3
245	100	0.0000	0.5	0:0:67:0:0:33	0.0000	0.0559	14.9996	574.0106	0.8899	0.0000	0.0000	3
246	100	0.0000	0.6	0:0:67:0:0:33	0.0000	0.0531	14.9994	535.7229	0.8889	0.0000	0.0000	3
247	100	0.0000	0.7	0:0:67:0:0:33	0.0000	0.0534	14.9975	517.9818	0.8893	0.0000	0.0000	3
248	100	0.0000	0.8	0:0:67:0:0:33	0.0000	0.0489	14.9903	478.5806	0.8902	0.0000	0.0000	3
249	100	0.0000	0.9	0:0:67:0:0:33	0.0000	0.0440	14.9584	405.7292	0.8891	0.0000	0.0000	3
250	100	0.0000	1.01	0:0:67:0:0:33	0.0000	0.0427	14.8586	316.9541	0.8899	0.0000	0.0000	3	4
251	100	0.0000	1.1	0:0:67:0:0:33	0.0000	0.0394	14.6928	251.8708	0.8878	0.0000	0.0000	3	4
252	100	0.0000	1.2	0:0:67:0:0:33	0.0000	0.0339	14.4648	194.6977	0.8887	0.0000	0.0000	3	4
253	100	0.0000	1.3	0:0:67:0:0:33	0.0000	0.0297	14.2419	156.7229	0.8876	0.0000	0.0000	3	4
254	100	0.0000	1.4	0:0:67:0:0:33	0.0000	0.0303	14.0461	133.7191	0.8880	0.0000	0.0000	3	4
255	100	0.0000	1.5	0:0:67:0:0:33	0.0000	0.0310	13.9120	120.7414	0.8878	0.0000	0.0000	3	4
256	100	0.0000	0	0:0:0:33:0:67	0.0000	0.0550	16.6605	517.3496	0.6999	0.0000	0.0000	3
257	100	0.0000	0.1	0:0:0:33:0:67	0.0000	0.0492	16.6414	516.8223	0.6995	0.0000	0.0000	3	4
258	100	0.0000	0.2	0:0:0:33:0:67	0.0000	0.0532	16.6708	510.6144	0.7001	0.0000	0.0000	3	4
259	100	0.0000	0.3	0:0:0:33:0:67	0.0000	0.0533	16.6344	500.3000	0.6994	0.0000	0.0000	3	4
260	100	0.0000	0.4	0:0:0:33:0:67	0.0000	0.0511	16.6550	492.7269	0.6998	0.0000	0.0000	3	4
261	100	0.0000	0.5	0:0:0:33:0:67	0.0000	0.0508	16.6520	496.2956	0.6997	0.0000	0.0000	3
262	100	0.0000	0.6	0:0:0:33:0:67	0.0000	0.0487	16.6627	459.9684	0.7000	0.0000	0.0000	3	4
263	100	0.0000	0.7	0:0:0:33:0:67	0.0000	0.0518	16.6401	428.5898	0.6997	0.0000	0.0000	4	3
264	100	0.0000	0.8	0:0:0:33:0:67	0.0000	0.0508	16.6296	389.0381	0.6999	0.0000	0.0000	4	3
265	100	0.0000	0.9	0:0:0:33:0:67	0.0000	0.0481	16.5609	324.8539	0.7002	0.0000	0.0000	4	3
266	100	0.0000	1.01	0:0:0:33:0:67	0.0000	0.0427	16.3419	262.6876	0.7015	0.0000	0.0000	4
267	100	0.0000	1.1	0:0:0:33:0:67	0.0000	0.0385	15.9920	202.4872	0.7031	0.0000	0.0000	4
268	100	0.0000	1.2	0:0:0:33:0:67	0.0000	0.0319	15.5294	158.0903	0.7052	0.0000	0.0000	4
269	100	0.0000	1.3	0:0:0:33:0:67	0.0000	0.0306	15.0926	132.7777	0.7072	0.0000	0.0000	4
270	100	0.0000	1.4	0:0:0:33:0:67	0.0000	0.0313	14.7147	118.9008	0.7084	0.0000	0.0000	4
271	100	0.0000	1.5	0:0:0:33:0:67	0.0000	0.0285	14.4739	104.6786	0.7092	0.0000	0.0000	4
272	100	0.0000	0	0:0:0:67:0:33	0.0000	0.0611	18.3545	543.8358	0.7276	0.0000	0.0000	3	4
273	100	0.0000	0.1	0:0:0:67:0:33	0.0000	0.0618	18.3592	532.4106	0.7277	0.0000	0.0000	3
274	100	0.0000	0.2	0:0:0:67:0:33	0.0000	0.0601	18.3590	534.2487	0.7277	0.0000	0.0000	3
275	100	0.0000	0.3	0:0:0:67:0:33	0.0000	0.0589	18.3541	526.0281	0.7276	0.0000	0.0000	3	4
276	100	0.0000	0.4	0:0:0:67:0:33	0.0000	0.0564	18.3455	521.0428	0.7275	0.0000	0.0000	3
277	100	0.0000	0.5	0:0:0:67:0:33	0.0000	0.0552	18.3440	520.9314	0.7274	0.0000	0.0000	3	4
278	100	0.0000	0.6	0:0:0:67:0:33	0.0000	0.0524	18.3546	493.9032	0.7276	0.0000	0.0000	3
279	100	0.0000	0.7	0:0:0:67:0:33	0.0000	0.0514	18.3422	451.1602	0.7275	0.0000	0.0000	3	4
280	100	0.0000	0.8	0:0:0:67:0:33	0.0000	0.0480	18.3334	405.9343	0.7278	0.0000	0.0000	3	4
281	100	0.0000	0.9	0:0:0:67:0:33	0.0000	0.0460	18.2535	346.1468	0.7280	0.0000	0.0000	4	3
282	100	0.0000	1.01	0:0:0:67:0:33	0.0000	0.0453	17.9867	264.0522	0.7291	0.0000	0.0000	4
283	100	0.0000	1.1	0:0:0:67:0:33	0.0000	0.0397	17.5784	211.8457	0.7308	0.0000	0.0000	4
284	100	0.0000	1.2	0:0:0:67:0:33	0.0000	0.0325	17.0282	166.5999	0.7325	0.0000	0.0000	4
285	100	0.0000	1.3	0:0:0:67:0:33	0.0000	0.0342	16.5002	134.3838	0.7341	0.0000	0.0000	4
286	100	0.0000	1.4	0:0:0:67:0:33	0.0000	0.0325	16.0776	118.6600	0.7354	0.0000	0.0000	4
287	100	0.0000	1.5	0:0:0:67:0:33	0.0000	0.0299	15.7642	105.9613	0.7361	0.0000	0.0000	4
288	100	0.0000	0	100:0:0:0:0:0	1.7046	0.0686	29.9992	523.8798	0.6667	0.0000	0.0000	3	4
289	100	0.0000	0.1	100:0:0:0:0:0	1.7364	0.0720	29.9992	495.2625	0.6667	0.0000	0.0000	3	4
290	100	0.0000	0.2	100:0:0:0:0:0	1.6732	0.0730	29.9993	497.7320	0.6667	0.0000	0.0000	3	4
291	100	0.0000	0.3	100:0:0:0:0:0	1.6601	0.0716	29.9992	504.7637	0.6667	0.0000	0.0000	3	4
292	100	0.0000	0.4	100:0:0:0:0:0	1.6768	0.0686	29.9993	472.6496	0.6667	0.0000	0.0000	4	3
293	100	0.0000	0.5	100:0:0:0:0:0	1.7059	0.0728	29.9977	489.5624	0.6667	0.0000	0.0000	3	4
294	100	0.0000	0.6	100:0:0:0:0:0	1.7424	0.0650	29.9939	438.6586	0.6667	0.0000	0.0000	3	4
295	100	0.0000	0.7	100:0:0:0:0:0	1.6564	0.0669	29.9638	412.4749	0.6668	0.0000	0.0000	3	4
296	100	0.0000	0.8	100:0:0:0:0:0	1.7245	0.0636	29.8545	363.3854	0.6670	0.0000	0.0000	4
297	100	0.0000	0.9	100:0:0:0:0:0	1.7394	0.0558	29.4537	298.5146	0.6681	0.0000	0.0000	4
298	100	0.0000	1.01	100:0:0:0:0:0	1.8088	0.0480	28.0457	227.0937	0.6717	0.0000	0.0000	4
299	100	0.0000	1.1	100:0:0:0:0:0	1.8812	0.0529	26.2331	173.0883	0.6765	0.0000	0.0000	4
300	100	0.0000	1.2	100:0:0:0:0:0	1.9006	0.0467	24.0529	136.7838	0.6830	0.0000	0.0000	4
301	100	0.0000	1.3	100:0:0:0:0:0	1.9163	0.0432	22.2863	113.8666	0.6884	0.0000	0.0000	4
302	100	0.0000	1.4	100:0:0:0:0:0	1.9957	0.0352	20.9935	100.3386	0.6926	0.0000	0.0000	4
303	100	0.0000	1.5	100:0:0:0:0:0	2.0460	0.0405	20.0394	93.8660	0.6956	0.0000	0.0000	4
304	100	0.0000	0	0:100:0:0:0:0	1.6493	0.0623	29.9984	502.1996	0.6667	0.0000	0.0000	3	4
305	100	0.0000	0.1	0:100:0:0:0:0	1.7335	0.0674	29.9984	475.6245	0.6667	0.0000	0.0000	3	4
306	100	0.0000	0.2	0:100:0:0:0:0	1.7094	0.0710	29.9972	481.1416	0.6667	0.0000	0.0000	4	3
307	100	0.0000	0.3	0:100:0:0:0:0	1.6767	0.0713	29.9982	466.4350	0.6667	0.0000	0.0000	4	3
308	100	0.0000	0.4	0:100:0:0:0:0	1.7249	0.0705	29.9932	456.0761	0.6667	0.0000	0.0000	4	3
309	100	0.0000	0.5	0:100:0:0:0:0	1.7427	0.0710	29.9863	467.7293	0.6667	0.0000	0.0000	3	4
310	100	0.0000	0.6	0:100:0:0:0:0	1.7002	0.0624	29.9571	424.9878	0.6668	0.0000	0.0000	4	3
311	100	0.0000	0.7	0:100:0:0:0:0	1.7561	0.0651	29.8605	393.7108	0.6670	0.0000	0.0000	4	3
312	100	0.0000	0.8	0:100:0:0:0:0	1.7316	0.0613	29.6110	345.9437	0.6676	0.0000	0.0000	4
313	100	0.0000	0.9	0:100:0:0:0:0	1.7313	0.0563	28.8676	282.5609	0.6695	0.0000	0.0000	4
314	100	0.0000	1.01	0:100:0:0:0:0	1.8166	0.0523	26.8415	206.9395	0.6750	0.0000	0.0000	4
315	100	0.0000	1.1	0:100:0:0:0:0	1.9406	0.0425	24.5053	156.9556	0.6821	0.0000	0.0000	4
316	100	0.0000	1.2	0:100:0:0:0:0	2.0096	0.0339	21.9834	122.9486	0.6911	0.0000	0.0000	4
317	100	0.0000	1.3	0:100:0:0:0:0	2.0176	0.0390	19.9116	108.2973	0.6991	0.0000	0.0000	4
318	100	0.0000	1.4	0:100:0:0:0:0	2.0566	0.1366	17.3792	95.1688	0.7102	0.0000	0.0000	4
319	100	0.0000	1.5	0:100:0:0:0:0	2.0001	0.1875	15.1834	93.5226	0.7214	0.0000	0.0000	4
320	100	0.0000	0	0:0:100:0:0:0	0.0000	0.0568	15.0000	697.7957	1.0000	0.0000	0.0000	3
321	100	0.0000	0.1	0:0:100:0:0:0	0.0000	0.0577	15.0000	676.4594	1.0000	0.0000	0.0000	3
322	100	0.0000	0.2	0:0:100:0:0:0	0.0000	0.0601	15.0000	663.4288	1.0000	0.0000	0.0000	3
323	100	0.0000	0.3	0:0:100:0:0:0	0.0000	0.0555	15.0000	656.4716	1.0000	0.0000	0.0000	3
324	100	0.0000	0.4	0:0:100:0:0:0	0.0000	0.0578	15.0000	629.4762	1.0000	0.0000	0.0000	3
325	100	0.0000	0.5	0:0:100:0:0:0	0.0000	0.0604	15.0000	651.6345	1.0000	0.0000	0.0000	3
326	100	0.0000	0.6	0:0:100:0:0:0	0.0000	0.0484	15.0000	596.7093	1.0000	0.0000	0.0000	3
327	100	0.0000	0.7	0:0:100:0:0:0	0.0000	0.0541	15.0000	565.4497	1.0000	0.0000	0.0000	3
328	100	0.0000	0.8	0:0:100:0:0:0	0.0000	0.0493	15.0000	529.8559	1.0000	0.0000	0.0000	3
329	100	0.0000	0.9	0:0:100:0:0:0	0.0000	0.0490	15.0000	446.2894	1.0000	0.0000	0.0000	3
330	100	0.0000	1.01	0:0:100:0:0:0	0.0000	0.0436	15.0000	345.7591	1.0000	0.0000	0.0000	3
331	100	0.0000	1.1	0:0:100:0:0:0	0.0000	0.0390	15.0000	274.0683	1.0000	0.0000	0.0000	3
332	100	0.0000	1.2	0:0:100:0:0:0	0.0000	0.0347	15.0000	214.1490	1.0000	0.0000	0.0000	3
333	100	0.0000	1.3	0:0:100:0:0:0	0.0000	0.0312	15.0000	168.9414	1.0000	0.0000	0.0000	3
334	100	0.0000	1.4	0:0:100:0:0:0	0.0000	0.0293	15.0000	144.1074	1.0000	0.0000	0.0000	3
335	100	0.0000	1.5	0:0:100:0:0:0	0.0000	0.0304	15.0000	126.7309	1.0000	0.0000	0.0000	3
336	100	0.0000	0	0:0:0:100:0:0	0.0000	0.0613	20.0000	556.1298	0.7500	0.0000	0.0000	3
337	100	0.0000	0.1	0:0:0:100:0:0	0.0000	0.0558	20.0000	532.2759	0.7500	0.0000	0.0000	3
338	100	0.0000	0.2	0:0:0:100:0:0	0.0000	0.0560	20.0000	533.6458	0.7500	0.0000	0.0000	3
339	100	0.0000	0.3	0:0:0:100:0:0	0.0000	0.0567	20.0000	523.7801	0.7500	0.0000	0.0000	3
340	100	0.0000	0.4	0:0:0:100:0:0	0.0000	0.0588	19.9999	522.3472	0.7500	0.0000	0.0000	3	4
341	100	0.0000	0.5	0:0:0:100:0:0	0.0000	0.0579	19.9997	516.5939	0.7500	0.0000	0.0000	3
342	100	0.0000	0.6	0:0:0:100:0:0	0.0000	0.0554	19.9984	504.2826	0.7500	0.0000	0.0000	3
343	100	0.0000	0.7	0:0:0:100:0:0	0.0000	0.0514	19.9930	475.8876	0.7500	0.0000	0.0000	3
344	100	0.0000	0.8	0:0:0:100:0:0	0.0000	0.0591	19.9640	424.8559	0.7501	0.0000	0.0000	3	4
345	100	0.0000	0.9	0:0:0:100:0:0	0.0000	0.0466	19.8469	356.2930	0.7503	0.0000	0.0000	3	4
346	100	0.0000	1.01	0:0:0:100:0:0	0.0000	0.0455	19.4829	268.4929	0.7511	0.0000	0.0000	4
347	100	0.0000	1.1	0:0:0:100:0:0	0.0000	0.0379	18.9640	215.4793	0.7523	0.0000	0.0000	4
348	100	0.0000	1.2	0:0:0:100:0:0	0.0000	0.0367	18.2324	164.7941	0.7538	0.0000	0.0000	4
349	100	0.0000	1.3	0:0:0:100:0:0	0.0000	0.0337	17.5554	133.2345	0.7552	0.0000	0.0000	4
350	100	0.0000	1.4	0:0:0:100:0:0	0.0000	0.0322	17.0359	117.1637	0.7562	0.0000	0.0000	4
351	100	0.0000	1.5	0:0:0:100:0:0	0.0000	0.0288	16.6687	105.9430	0.7568	0.0000	0.0000	4
352	100	0.0000	0	0:0:0:0:100:0	0.0000	0.0497	15.0000	503.8847	0.6667	0.0000	0.0000	3	4
353	100	0.0000	0.1	0:0:0:0:100:0	0.0000	0.0464	15.0000	472.1145	0.6667	0.0000	0.0000	3	4
354	100	0.0000	0.2	0:0:0:0:100:0	0.0000	0.0462	14.9998	472.1346	0.6667	0.0000	0.0000	3	4
355	100	0.0000	0.3	0:0:0:0:100:0	0.0000	0.0466	14.9997	472.2306	0.6667	0.0000	0.0000	3	4
356	100	0.0000	0.4	0:0:0:0:100:0	0.0000	0.0451	14.9997	448.9224	0.6667	0.0000	0.0000	3	4
357	100	0.0000	0.5	0:0:0:0:100:0	0.0000	0.0480	14.9993	470.7435	0.6667	0.0000	0.0000	3	4
358	100	0.0000	0.6	0:0:0:0:100:0	0.0000	0.0485	14.9988	429.3385	0.6667	0.0000	0.0000	4	3
359	100	0.0000	0.7	0:0:0:0:100:0	0.0000	0.0472	14.9953	399.2883	0.6667	0.0000	0.0000	4	3
360	100	0.0000	0.8	0:0:0:0:100:0	0.0000	0.0452	14.9764	347.1363	0.6668	0.0000	0.0000	4
361	100	0.0000	0.9	0:0:0:0:100:0	0.0000	0.0425	14.9094	288.4067	0.6672	0.0000	0.0000	4
362	100	0.0000	1.01	0:0:0:0:100:0	0.0000	0.0410	14.6753	233.1420	0.6686	0.0000	0.0000	4
363	100	0.0000	1.1	0:0:0:0:100:0	0.0000	0.0335	14.3253	177.9877	0.6705	0.0000	0.0000	4
364	100	0.0000	1.2	0:0:0:0:100:0	0.0000	0.0301	13.8465	139.5593	0.6731	0.0000	0.0000	4
365	100	0.0000	1.3	0:0:0:0:100:0	0.0000	0.0316	13.4017	115.7259	0.6753	0.0000	0.0000	4
366	100	0.0000	1.4	0:0:0:0:100:0	0.0000	0.0282	13.0695	103.1792	0.6769	0.0000	0.0000	4
367	100	0.0000	1.5	0:0:0:0:100:0	0.0000	0.0290	12.8206	96.2873	0.6779	0.0000	0.0000	4
368	100	0.0000	0	0:0:0:0:0:100	0.0000	0.0459	14.9998	503.7759	0.6667	0.0000	0.0000	3	4
369	100	0.0000	0.1	0:0:0:0:0:100	0.0000	0.0489	14.9995	476.1345	0.6667	0.0000	0.0000	3	4
370	100	0.0000	0.2	0:0:0:0:0:100	0.0000	0.0489	14.9999	478.1058	0.6667	0.0000	0.0000	3	4
371	100	0.0000	0.3	0:0:0:0:0:100	0.0000	0.0481	14.9996	470.3550	0.6667	0.0000	0.0000	3	4
372	100	0.0000	0.4	0:0:0:0:0:100	0.0000	0.0463	14.9991	455.5775	0.6667	0.0000	0.0000	3	4
373	100	0.0000	0.5	0:0:0:0:0:100	0.0000	0.0454	14.9994	466.3860	0.6667	0.0000	0.0000	3	4
374	100	0.0000	0.6	0:0:0:0:0:100	0.0000	0.0445	14.9987	420.7777	0.6667	0.0000	0.0000	4	3
375	100	0.0000	0.7	0:0:0:0:0:100	0.0000	0.0495	14.9948	400.5135	0.6667	0.0000	0.0000	4	3
376	100	0.0000	0.8	0:0:0:0:0:100	0.0000	0.0429	14.9774	345.2743	0.6668	0.0000	0.0000	4	3
377	100	0.0000	0.9	0:0:0:0:0:100	0.0000	0.0466	14.9096	290.6179	0.6672	0.0000	0.0000	4
378	100	0.0000	1.01	0:0:0:0:0:100	0.0000	0.0382	14.6727	232.6414	0.6686	0.0000	0.0000	4
379	100	0.0000	1.1	0:0:0:0:0:100	0.0000	0.0356	14.3265	179.7684	0.6705	0.0000	0.0000	4
380	100	0.0000	1.2	0:0:0:0:0:100	0.0000	0.0313	13.8497	140.0641	0.6730	0.0000	0.0000	4
381	100	0.0000	1.3	0:0:0:0:0:100	0.0000	0.0307	13.4218	116.5330	0.6753	0.0000	0.0000	4
382	100	0.0000	1.4	0:0:0:0:0:100	0.0000	0.0267	13.0616	106.1793	0.6770	0.0000	0.0000	4
383	100	0.0000	1.5	0:0:0:0:0:100	0.0000	0.0270	12.8227	95.9804	0.6779	0.0000	0.0000	4
