0	100	0	0	33:0:0:0:67:0	30.3023	0.0000	3.9794	485.4108	0.6667	0.0016	1	2
1	100	0	0.4	33:0:0:0:67:0	30.0548	0.0000	3.9863	452.6241	0.6667	0.0025	2	1
2	100	0	0.8	33:0:0:0:67:0	30.3457	0.0000	3.9948	366.1556	0.6668	1.1129	1	2
3	100	0	1.01	33:0:0:0:67:0	30.5289	0.0000	3.9341	247.6559	0.6792	52.0139	1
4	100	0	1.2	33:0:0:0:67:0	30.7093	0.0000	3.6480	271.8705	0.7353	297.9653	1
5	100	0	1.4	33:0:0:0:67:0	30.3679	0.0000	3.4409	180.6970	0.7739	563.7600	1
6	100	0	1.5	33:0:0:0:67:0	30.3590	0.0000	3.3692	176.2982	0.7851	663.1707	1
7	100	0	0	67:0:0:0:33:0	30.0389	0.0000	5.0130	475.4471	0.6667	0.0020	2	1
8	100	0	0.4	67:0:0:0:33:0	30.0655	0.0000	5.0166	459.7526	0.6667	0.0013	1	2
9	100	0	0.8	67:0:0:0:33:0	30.2002	0.0000	5.0079	374.7548	0.6668	1.2066	1	2
10	100	0	1.01	67:0:0:0:33:0	30.3923	0.0000	4.9368	242.4143	0.6794	50.6095	1
11	100	0	1.2	67:0:0:0:33:0	30.1352	0.0000	4.5123	177.2267	0.7366	273.1418	1
12	100	0	1.4	67:0:0:0:33:0	30.4467	0.0000	4.1810	146.3110	0.7785	517.8803	1
13	100	0	1.5	67:0:0:0:33:0	30.3943	0.0000	4.0785	158.5944	0.7905	612.5289	1
14	100	0	0	0:33:0:0:67:0	30.3949	0.0000	3.9906	466.5599	0.6667	0.0012	1	2
15	100	0	0.4	0:33:0:0:67:0	30.2054	0.0000	3.9868	431.9771	0.6667	0.0004	1	2
16	100	0	0.8	0:33:0:0:67:0	30.2366	0.0000	3.9845	365.7635	0.6669	1.5102	1	2
17	100	0	1.01	0:33:0:0:67:0	30.5228	0.0000	3.8980	224.5919	0.6923	79.2305	1
18	100	0	1.2	0:33:0:0:67:0	30.3068	0.0000	3.5460	351.1163	0.7581	374.5699	1
19	100	0	1.4	0:33:0:0:67:0	30.2175	0.0000	3.2924	200.6182	0.8023	704.7865	1
20	100	0	1.5	0:33:0:0:67:0	30.1629	0.0000	3.2176	194.9578	0.8153	842.5792	1
21	100	0	0	0:67:0:0:33:0	30.2030	0.0000	5.0119	453.7459	0.6667	0.0015	1	2
22	100	0	0.4	0:67:0:0:33:0	30.0567	0.0000	5.0130	430.8228	0.6667	0.0021	1	2
23	100	0	0.8	0:67:0:0:33:0	30.1519	0.0000	5.0106	350.2543	0.6670	1.5017	1	2
24	100	0	1.01	0:67:0:0:33:0	30.4684	0.0000	4.7934	222.6735	0.6980	82.3197	1
25	100	0	1.2	0:67:0:0:33:0	30.3912	0.0000	4.2471	180.7139	0.7697	356.8267	1
26	100	0	1.4	0:67:0:0:33:0	30.3128	0.0000	3.8985	186.4219	0.8154	674.6617	1
27	100	0	1.5	0:67:0:0:33:0	30.1605	0.0000	3.7978	184.8016	0.8289	801.9504	1
28	100	0	0	0:33:0:0:0:67	30.2301	0.0000	3.9909	470.0672	0.6667	0.0012	1	2
29	100	0	0.4	0:33:0:0:0:67	30.1425	0.0000	3.9851	440.9342	0.6667	0.0013	1	2
30	100	0	0.8	0:33:0:0:0:67	30.3062	0.0000	3.9928	360.6433	0.6668	1.1693	1	2
31	100	0	1.01	0:33:0:0:0:67	30.4944	0.0000	3.9848	244.7426	0.6767	49.1924	1
32	100	0	1.2	0:33:0:0:0:67	30.3666	0.0000	3.7239	162.1545	0.7273	286.5198	1
33	100	0	1.4	0:33:0:0:0:67	30.4722	0.0000	3.4843	143.7481	0.7672	549.8133	1
34	100	0	1.5	0:33:0:0:0:67	30.5152	0.0000	3.4147	139.7582	0.7788	645.3198	1
35	100	0	0	0:67:0:0:0:33	30.1520	0.0000	5.0141	472.3576	0.6667	0.0012	1	2
36	100	0	0.4	0:67:0:0:0:33	30.0232	0.0000	5.0151	439.4881	0.6667	0.0004	1	2
37	100	0	0.8	0:67:0:0:0:33	30.1574	0.0000	5.0158	368.4133	0.6669	1.3338	1	2
38	100	0	1.01	0:67:0:0:0:33	30.4090	0.0000	4.9142	234.3978	0.6888	65.9388	1
39	100	0	1.2	0:67:0:0:0:33	30.5919	0.0000	4.4677	174.1983	0.7550	312.5108	1
40	100	0	1.4	0:67:0:0:0:33	30.3664	0.0000	4.1500	171.6008	0.7986	589.2057	1
41	100	0	1.5	0:67:0:0:0:33	30.2835	0.0000	4.0422	168.3197	0.8114	704.1964	1
42	100	0	0	0:33:67:0:0:0	30.0597	0.0000	3.9910	543.9082	0.8345	0.0009	1
43	100	0	0.4	0:33:67:0:0:0	30.1544	0.0000	3.9859	536.2200	0.8351	0.0045	1
44	100	0	0.8	0:33:67:0:0:0	30.2125	0.0000	3.9989	401.1925	0.8335	1.2346	1	2
45	100	0	1.01	0:33:67:0:0:0	29.9811	0.0000	3.9668	284.3100	0.8358	53.1886	1
46	100	0	1.2	0:33:67:0:0:0	30.5120	0.0000	3.6621	174.0900	0.8652	331.6110	1
47	100	0	1.4	0:33:67:0:0:0	30.3959	0.0000	3.4312	170.5098	0.8886	633.3323	1
48	100	0	1.5	0:33:67:0:0:0	30.4217	0.0000	3.3644	161.0995	0.8953	753.2060	1
49	100	0	0	0:67:33:0:0:0	30.0513	0.0000	5.0047	505.0488	0.7330	0.0004	1	2
50	100	0	0.4	0:67:33:0:0:0	29.9728	0.0000	5.0219	455.8274	0.7316	0.0022	1	2
51	100	0	0.8	0:67:33:0:0:0	30.1814	0.0000	5.0007	370.5625	0.7333	1.3897	1	2
52	100	0	1.01	0:67:33:0:0:0	30.2546	0.0000	4.8580	349.1091	0.7478	73.7071	1
53	100	0	1.2	0:67:33:0:0:0	30.3622	0.0000	4.2991	176.8377	0.8073	347.0871	1
54	100	0	1.4	0:67:33:0:0:0	30.3318	0.0000	3.9591	177.0600	0.8461	653.9663	1
55	100	0	1.5	0:67:33:0:0:0	30.2555	0.0000	3.8634	173.9646	0.8570	774.5371	1
56	100	0	0	0:50:0:50:0:0	30.0784	0.0000	4.9980	521.5355	0.7001	0.0008	1	2
57	100	0	0.4	0:50:0:50:0:0	29.9253	0.0000	5.0003	506.9485	0.7000	0.0009	1	2
58	100	0	0.8	0:50:0:50:0:0	30.1154	0.0000	5.0032	399.7669	0.7000	1.2956	1	2
59	100	0	1.01	0:50:0:50:0:0	30.5704	0.0000	4.8126	272.3305	0.7188	67.7526	1
60	100	0	1.2	0:50:0:50:0:0	30.4826	0.0000	4.2110	193.9589	0.7802	332.5008	1
61	100	0	1.4	0:50:0:50:0:0	30.3320	0.0000	3.8649	191.9082	0.8189	633.1645	1
62	100	0	1.5	0:50:0:50:0:0	30.2913	0.0000	3.7465	200.8495	0.8322	748.5277	1
63	100	0	0	33:0:67:0:0:0	30.1866	0.0000	3.9843	568.5987	0.8353	0.0019	1
64	100	0	0.4	33:0:67:0:0:0	30.1288	0.0000	3.9914	526.6737	0.8344	0.0015	1	2
65	100	0	0.8	33:0:67:0:0:0	30.2241	0.0000	3.9900	409.1521	0.8346	1.1145	1	2
66	100	0	1.01	33:0:67:0:0:0	30.4411	0.0000	3.9579	284.4301	0.8375	44.6012	1
67	100	0	1.2	33:0:67:0:0:0	30.6049	0.0000	3.7600	173.5627	0.8554	280.5248	1
68	100	0	1.4	33:0:67:0:0:0	30.6240	0.0000	3.5796	146.2637	0.8722	539.5911	1
69	100	0	1.5	33:0:67:0:0:0	30.5560	0.0000	3.5184	150.6261	0.8777	637.6807	1
70	100	0	0	67:0:33:0:0:0	30.0785	0.0000	5.0120	503.6183	0.7324	0.0013	1	2
71	100	0	0.4	67:0:33:0:0:0	29.9519	0.0000	5.0126	504.3941	0.7323	0.0005	1	2
72	100	0	0.8	67:0:33:0:0:0	30.2090	0.0000	5.0136	388.3033	0.7323	1.1811	1	2
73	100	0	1.01	67:0:33:0:0:0	30.5162	0.0000	4.9248	348.0459	0.7404	50.0255	1
74	100	0	1.2	67:0:33:0:0:0	30.5466	0.0000	4.4937	176.0442	0.7822	278.1677	1
75	100	0	1.4	67:0:33:0:0:0	30.5700	0.0000	4.1914	143.2802	0.8130	524.9000	1
76	100	0	1.5	67:0:33:0:0:0	30.5735	0.0000	4.1024	142.2016	0.8219	623.0847	1
77	100	0	0	50:0:0:50:0:0	30.0618	0.0000	4.9976	565.7339	0.7001	0.0012	1	2
78	100	0	0.4	50:0:0:50:0:0	29.9528	0.0000	5.0067	520.7660	0.6997	0.0000	1	2
79	100	0	0.8	50:0:0:50:0:0	30.1277	0.0000	4.9998	437.3325	0.7001	1.1515	1	2
80	100	0	1.01	50:0:0:50:0:0	30.1482	0.0000	4.8827	298.4829	0.7109	48.1061	1
81	100	0	1.2	50:0:0:50:0:0	30.4790	0.0000	4.3844	177.6425	0.7613	266.8627	1
82	100	0	1.4	50:0:0:50:0:0	30.4515	0.0000	4.0644	169.0521	0.7965	506.5044	1
83	100	0	1.5	50:0:0:50:0:0	30.4584	0.0000	3.9474	158.2645	0.8094	602.3877	1
84	100	0	0	33:0:0:0:0:67	30.2764	0.0000	3.9895	477.8515	0.6667	0.0008	1	2
85	100	0	0.4	33:0:0:0:0:67	30.2166	0.0000	3.9935	438.0354	0.6667	0.0017	1	2
86	100	0	0.8	33:0:0:0:0:67	30.3686	0.0000	3.9959	356.5661	0.6668	1.2047	1	2
87	100	0	1.01	33:0:0:0:0:67	30.2525	0.0000	3.9449	350.1574	0.6782	56.3842	1
88	100	0	1.2	33:0:0:0:0:67	30.4498	0.0000	3.5570	179.6294	0.7343	326.5692	1
89	100	0	1.4	33:0:0:0:0:67	30.2703	0.0000	3.3241	165.0425	0.7730	631.8974	1
90	100	0	1.5	33:0:0:0:0:67	30.2930	0.0000	3.2511	163.7952	0.7851	756.2809	1
91	100	0	0	67:0:0:0:0:33	30.1193	0.0000	5.0105	476.4091	0.6667	0.0020	1	2
92	100	0	0.4	67:0:0:0:0:33	29.9811	0.0000	5.0098	462.1828	0.6667	0.0021	1	2
93	100	0	0.8	67:0:0:0:0:33	30.1364	0.0000	5.0150	365.0004	0.6669	1.1392	2	1
94	100	0	1.01	67:0:0:0:0:33	30.6503	0.0000	4.9250	256.8117	0.6787	51.3528	1
95	100	0	1.2	67:0:0:0:0:33	30.3698	0.0000	4.4207	175.3045	0.7350	289.1255	1
96	100	0	1.4	67:0:0:0:0:33	30.4257	0.0000	4.0866	155.6575	0.7734	557.7762	1
97	100	0	1.5	67:0:0:0:0:33	30.3568	0.0000	3.9823	160.0875	0.7857	667.4513	1
98	100	0	0	100:0:0:0:0:0	29.9719	0.0000	6.0000	473.4386	0.6667	0.0012	1	2
99	100	0	0.4	100:0:0:0:0:0	29.8609	0.0000	6.0000	446.2830	0.6667	0.0013	1	2
100	100	0	0.8	100:0:0:0:0:0	29.9290	0.0000	5.9982	364.3654	0.6668	1.1406	1	2
101	100	0	1.01	100:0:0:0:0:0	30.2845	0.0000	5.8114	247.0331	0.6809	51.5077	1
102	100	0	1.2	100:0:0:0:0:0	30.4677	0.0000	5.1314	162.9091	0.7393	272.9352	1
103	100	0	1.4	100:0:0:0:0:0	30.5205	0.0000	4.7242	146.6146	0.7778	516.5784	1
104	100	0	1.5	100:0:0:0:0:0	30.4675	0.0000	4.6161	142.1521	0.7876	616.1462	1
105	100	0	0	0:100:0:0:0:0	30.0360	0.0000	6.0000	483.8142	0.6667	0.0026	1	2
106	100	0	0.4	0:100:0:0:0:0	29.9372	0.0000	6.0000	416.3265	0.6667	0.0028	1	2
107	100	0	0.8	0:100:0:0:0:0	30.0292	0.0000	5.9950	329.8317	0.6671	1.5990	1
108	100	0	1.01	0:100:0:0:0:0	30.1608	0.0000	5.6036	302.6318	0.6986	84.1672	1
109	100	0	1.2	0:100:0:0:0:0	30.4363	0.0000	4.8131	179.2198	0.7759	351.0564	1
110	100	0	1.4	0:100:0:0:0:0	30.3198	0.0000	4.4049	192.9747	0.8212	652.3689	1
111	100	0	1.5	0:100:0:0:0:0	30.3298	0.0000	4.2839	192.6686	0.8355	777.2508	1
0	100	0	0.1	33:0:0:0:67:0	30.2315	0.0000	3.9873	433.6128	0.6667	0.0004	1	2
1	100	0	0.2	33:0:0:0:67:0	30.2057	0.0000	3.9855	453.6129	0.6667	0.0009	1	2
2	100	0	0.3	33:0:0:0:67:0	30.2257	0.0000	3.9888	441.4698	0.6667	0.0009	1	2
3	100	0	0.5	33:0:0:0:67:0	30.3267	0.0000	3.9905	512.1891	0.6667	0.0038	1
4	100	0	0.6	33:0:0:0:67:0	30.2803	0.0000	3.9911	395.3674	0.6667	0.0192	1	2
5	100	0	0.7	33:0:0:0:67:0	30.2433	0.0000	3.9917	386.3937	0.6667	0.1363	2	1
6	100	0	0.9	33:0:0:0:67:0	30.4492	0.0000	3.9870	312.0785	0.6677	8.2176	1	2
7	100	0	1.1	33:0:0:0:67:0	30.5306	0.0000	3.7959	201.0128	0.7077	157.3738	1
8	100	0	1.3	33:0:0:0:67:0	30.5200	0.0000	3.5100	177.0459	0.7611	438.0104	1
9	100	0	0.1	67:0:0:0:33:0	30.0650	0.0000	5.0085	434.2071	0.6667	0.0016	1	2
10	100	0	0.2	67:0:0:0:33:0	30.0977	0.0000	5.0003	434.5229	0.6667	0.0020	1	2
11	100	0	0.3	67:0:0:0:33:0	30.0006	0.0000	5.0081	438.2503	0.6667	0.0012	1	2
12	100	0	0.5	67:0:0:0:33:0	30.1628	0.0000	5.0018	420.4283	0.6667	0.0045	1	2
13	100	0	0.6	67:0:0:0:33:0	29.2884	0.0000	5.0142	431.0770	0.6667	0.0158	1
14	100	0	0.7	67:0:0:0:33:0	30.1317	0.0000	5.0124	382.7797	0.6667	0.1436	1	2
15	100	0	0.9	67:0:0:0:33:0	30.2201	0.0000	5.0037	300.7151	0.6679	7.8403	1
16	100	0	1.1	67:0:0:0:33:0	30.5187	0.0000	4.7346	198.3026	0.7072	143.1235	1
17	100	0	1.3	67:0:0:0:33:0	30.5373	0.0000	4.3075	159.9370	0.7623	402.7275	1
18	100	0	0.1	0:33:0:0:67:0	30.2591	0.0000	3.9894	446.8280	0.6667	0.0004	1	2
19	100	0	0.2	0:33:0:0:67:0	30.2036	0.0000	3.9856	441.4147	0.6667	0.0004	1	2
20	100	0	0.3	0:33:0:0:67:0	30.0192	0.0000	3.9834	441.6037	0.6667	0.0029	1
21	100	0	0.5	0:33:0:0:67:0	30.3333	0.0000	3.9828	414.5309	0.6667	0.0037	1	2
22	100	0	0.6	0:33:0:0:67:0	30.3180	0.0000	3.9855	393.2039	0.6667	0.0140	2	1
23	100	0	0.7	0:33:0:0:67:0	30.2583	0.0000	3.9903	389.0310	0.6667	0.1694	2	1
24	100	0	0.9	0:33:0:0:67:0	30.4695	0.0000	3.9903	287.0018	0.6690	10.9539	1
25	100	0	1.1	0:33:0:0:67:0	30.4882	0.0000	3.7072	202.7694	0.7282	199.9419	1
26	100	0	1.3	0:33:0:0:67:0	30.3786	0.0000	3.3659	177.5676	0.7901	545.3122	1
27	100	0	0.1	0:67:0:0:33:0	30.0664	0.0000	5.0167	429.3280	0.6667	0.0008	1	2
28	100	0	0.2	0:67:0:0:33:0	30.0686	0.0000	5.0141	438.9982	0.6667	0.0008	2	1
29	100	0	0.3	0:67:0:0:33:0	30.0650	0.0000	5.0113	423.8331	0.6667	0.0012	1	2
30	100	0	0.5	0:67:0:0:33:0	30.1538	0.0000	5.0169	393.4747	0.6667	0.0066	1	2
31	100	0	0.6	0:67:0:0:33:0	30.1607	0.0000	5.0204	379.2566	0.6667	0.0184	1	2
32	100	0	0.7	0:67:0:0:33:0	30.1556	0.0000	5.0153	359.3868	0.6667	0.2013	1	2
33	100	0	0.9	0:67:0:0:33:0	30.2542	0.0000	4.9970	298.2821	0.6702	12.2957	1	2
34	100	0	1.1	0:67:0:0:33:0	30.6364	0.0000	4.5059	260.0819	0.7352	198.4395	1
35	100	0	1.3	0:67:0:0:33:0	30.3927	0.0000	4.0158	171.4671	0.8005	528.4462	1
36	100	0	0.1	0:33:0:0:0:67	30.2136	0.0000	3.9919	433.5948	0.6667	0.0008	1
37	100	0	0.2	0:33:0:0:0:67	30.1953	0.0000	3.9920	420.9993	0.6667	0.0017	1	2
38	100	0	0.3	0:33:0:0:0:67	30.2067	0.0000	3.9875	423.8300	0.6667	0.0004	1	2
39	100	0	0.5	0:33:0:0:0:67	30.3088	0.0000	3.9934	420.4332	0.6667	0.0023	1	2
40	100	0	0.6	0:33:0:0:0:67	30.2066	0.0000	3.9834	404.4212	0.6667	0.0177	1	2
41	100	0	0.7	0:33:0:0:0:67	29.8330	0.0000	3.9940	556.5380	0.6667	0.1518	2
42	100	0	0.9	0:33:0:0:0:67	30.3429	0.0000	3.9918	315.8319	0.6676	7.7911	1	2
43	100	0	1.1	0:33:0:0:0:67	30.5685	0.0000	3.8722	197.6571	0.7003	142.4672	1
44	100	0	1.3	0:33:0:0:0:67	30.5700	0.0000	3.5641	159.8572	0.7523	427.7253	1
45	100	0	0.1	0:67:0:0:0:33	30.0436	0.0000	5.0029	447.7925	0.6667	0.0000	1	2
46	100	0	0.2	0:67:0:0:0:33	29.9674	0.0000	5.0116	454.2639	0.6667	0.0008	1	2
47	100	0	0.3	0:67:0:0:0:33	30.0684	0.0000	5.0039	424.9276	0.6667	0.0024	1	2
48	100	0	0.5	0:67:0:0:0:33	29.8795	0.0000	4.9995	431.5461	0.6667	0.0047	2
49	100	0	0.6	0:67:0:0:0:33	30.1228	0.0000	5.0092	394.4505	0.6667	0.0244	2	1
50	100	0	0.7	0:67:0:0:0:33	30.0594	0.0000	5.0055	376.8089	0.6667	0.1695	1	2
51	100	0	0.9	0:67:0:0:0:33	30.2785	0.0000	5.0069	304.5716	0.6692	10.0416	1	2
52	100	0	1.1	0:67:0:0:0:33	30.3652	0.0000	4.6911	189.6701	0.7228	169.4317	1
53	100	0	1.3	0:67:0:0:0:33	30.4025	0.0000	4.2618	161.8535	0.7832	457.7988	1
54	100	0	0.1	0:33:67:0:0:0	30.1198	0.0000	3.9983	516.9634	0.8335	0.0005	1	2
55	100	0	0.2	0:33:67:0:0:0	29.6518	0.0000	3.9879	695.4111	0.8349	0.0010	2
56	100	0	0.3	0:33:67:0:0:0	30.1188	0.0000	3.9944	497.1618	0.8340	0.0014	1	2
57	100	0	0.5	0:33:67:0:0:0	30.1407	0.0000	3.9869	491.3671	0.8350	0.0049	1	2
58	100	0	0.6	0:33:67:0:0:0	30.1430	0.0000	3.9923	500.8802	0.8343	0.0144	1	2
59	100	0	0.7	0:33:67:0:0:0	30.1865	0.0000	3.9944	440.6550	0.8340	0.1556	1	2
60	100	0	0.9	0:33:67:0:0:0	30.4165	0.0000	3.9808	354.6386	0.8355	8.5374	1	2
61	100	0	1.1	0:33:67:0:0:0	30.5512	0.0000	3.8390	214.2698	0.8480	166.6006	1
62	100	0	1.3	0:33:67:0:0:0	30.1077	0.0000	3.5365	166.0232	0.8779	486.8038	1
63	100	0	0.1	0:67:33:0:0:0	30.0472	0.0000	4.9947	469.6837	0.7338	0.0009	1	2
64	100	0	0.2	0:67:33:0:0:0	29.9781	0.0000	5.0118	469.0184	0.7324	0.0013	1	2
65	100	0	0.3	0:67:33:0:0:0	29.9874	0.0000	5.0054	472.0046	0.7329	0.0022	1	2
66	100	0	0.5	0:67:33:0:0:0	30.0550	0.0000	5.0100	444.1410	0.7325	0.0055	2	1
67	100	0	0.6	0:67:33:0:0:0	30.0003	0.0000	5.0119	436.0141	0.7324	0.0264	1	2
68	100	0	0.7	0:67:33:0:0:0	30.1093	0.0000	5.0087	412.0945	0.7327	0.1801	2	1
69	100	0	0.9	0:67:33:0:0:0	30.1877	0.0000	4.9967	349.4805	0.7340	10.9107	1
70	100	0	1.1	0:67:33:0:0:0	30.4451	0.0000	4.5626	195.8888	0.7785	191.4822	1
71	100	0	1.3	0:67:33:0:0:0	30.3215	0.0000	4.0902	185.9977	0.8313	507.6825	1
72	100	0	0.1	0:50:0:50:0:0	30.0920	0.0000	5.0015	477.8971	0.6999	0.0017	1	2
73	100	0	0.2	0:50:0:50:0:0	30.0744	0.0000	5.0007	474.1371	0.7000	0.0025	1	2
74	100	0	0.3	0:50:0:50:0:0	30.0214	0.0000	4.9996	479.3614	0.7000	0.0000	2	1
75	100	0	0.5	0:50:0:50:0:0	30.0876	0.0000	4.9987	467.4758	0.7001	0.0051	1	2
76	100	0	0.6	0:50:0:50:0:0	29.8410	0.0000	4.9994	445.6462	0.7000	0.0191	2	1
77	100	0	0.7	0:50:0:50:0:0	30.0955	0.0000	4.9961	407.4545	0.7002	0.1703	2	1
78	100	0	0.9	0:50:0:50:0:0	30.1985	0.0000	4.9641	314.5560	0.7037	10.0647	2	1
79	100	0	1.1	0:50:0:50:0:0	30.4369	0.0000	4.4957	208.4158	0.7504	179.4329	1
80	100	0	1.3	0:50:0:50:0:0	30.3519	0.0000	3.9882	197.3136	0.8052	486.9776	1
81	100	0	0.1	33:0:67:0:0:0	30.1081	0.0000	3.9877	525.4143	0.8349	0.0010	1	2
82	100	0	0.2	33:0:67:0:0:0	30.1163	0.0000	3.9883	528.9009	0.8348	0.0020	1	2
83	100	0	0.3	33:0:67:0:0:0	29.7602	0.0000	3.9869	539.0316	0.8350	0.0015	2	1
84	100	0	0.5	33:0:67:0:0:0	30.2016	0.0000	3.9867	514.7011	0.8350	0.0063	1	2
85	100	0	0.6	33:0:67:0:0:0	30.1368	0.0000	3.9833	526.2624	0.8354	0.0194	1	2
86	100	0	0.7	33:0:67:0:0:0	30.1464	0.0000	3.9900	461.7004	0.8346	0.1489	1	2
87	100	0	0.9	33:0:67:0:0:0	30.3053	0.0000	3.9863	364.0341	0.8349	7.4367	1	2
88	100	0	1.1	33:0:67:0:0:0	30.5226	0.0000	3.8850	220.4499	0.8438	134.9942	1
89	100	0	1.3	33:0:67:0:0:0	30.5301	0.0000	3.6589	162.3158	0.8648	422.7529	1
90	100	0	0.1	67:0:33:0:0:0	29.8220	0.0000	5.0085	492.3207	0.7327	0.0009	1	2
91	100	0	0.2	67:0:33:0:0:0	29.9432	0.0000	5.0150	477.6794	0.7321	0.0009	2	1
92	100	0	0.3	67:0:33:0:0:0	30.0281	0.0000	5.0106	463.7599	0.7325	0.0013	1	2
93	100	0	0.5	67:0:33:0:0:0	29.9747	0.0000	5.0160	478.5639	0.7321	0.0037	1	2
94	100	0	0.6	67:0:33:0:0:0	29.9636	0.0000	5.0042	452.1316	0.7330	0.0146	1	2
95	100	0	0.7	67:0:33:0:0:0	30.0523	0.0000	5.0101	412.6443	0.7325	0.1508	1	2
96	100	0	0.9	67:0:33:0:0:0	30.1754	0.0000	5.0038	329.5081	0.7332	8.1261	1	2
97	100	0	1.1	67:0:33:0:0:0	29.9691	0.0000	4.7302	206.8847	0.7589	142.6363	1
98	100	0	1.3	67:0:33:0:0:0	30.4470	0.0000	4.3159	165.1527	0.8002	408.8613	1
99	100	0	0.1	50:0:0:50:0:0	30.0424	0.0000	5.0025	537.4640	0.6999	0.0022	1	2
100	100	0	0.2	50:0:0:50:0:0	30.0529	0.0000	5.0055	497.2007	0.6998	0.0008	2	1
101	100	0	0.3	50:0:0:50:0:0	30.0070	0.0000	4.9969	528.9934	0.7001	0.0009	1	2
102	100	0	0.5	50:0:0:50:0:0	30.1691	0.0000	5.0018	509.3516	0.6999	0.0024	1	2
103	100	0	0.6	50:0:0:50:0:0	29.9111	0.0000	5.0033	485.4912	0.6999	0.0168	1	2
104	100	0	0.7	50:0:0:50:0:0	30.1535	0.0000	4.9974	440.8763	0.7001	0.1475	2	1
105	100	0	0.9	50:0:0:50:0:0	30.2874	0.0000	4.9897	349.4418	0.7011	7.7220	1	2
106	100	0	1.1	50:0:0:50:0:0	30.5734	0.0000	4.6340	227.3304	0.7347	138.8540	1
107	100	0	1.3	50:0:0:50:0:0	30.5431	0.0000	4.1894	161.1031	0.7825	397.2264	1
108	100	0	0.1	33:0:0:0:0:67	30.1997	0.0000	3.9929	447.1981	0.6667	0.0013	1	2
109	100	0	0.2	33:0:0:0:0:67	30.2373	0.0000	3.9895	455.5972	0.6667	0.0000	1	2
110	100	0	0.3	33:0:0:0:0:67	29.9223	0.0000	3.9941	456.0977	0.6667	0.0033	1	2
111	100	0	0.5	33:0:0:0:0:67	30.6294	0.0000	3.9875	438.5899	0.6667	0.0037	1	2
112	100	0	0.6	33:0:0:0:0:67	30.3146	0.0000	3.9826	408.5263	0.6667	0.0177	1	2
113	100	0	0.7	33:0:0:0:0:67	30.2120	0.0000	3.9885	390.2249	0.6667	0.1336	1	2
114	100	0	0.9	33:0:0:0:0:67	30.3355	0.0000	3.9977	321.2880	0.6678	8.5340	1	2
115	100	0	1.1	33:0:0:0:0:67	30.5568	0.0000	3.7466	217.4175	0.7053	165.7780	1
116	100	0	1.3	33:0:0:0:0:67	30.3477	0.0000	3.4255	197.8933	0.7569	486.8985	1
117	100	0	0.1	67:0:0:0:0:33	30.1787	0.0000	5.0033	445.6615	0.6667	0.0004	1	2
118	100	0	0.2	67:0:0:0:0:33	29.5892	0.0000	5.0046	449.2187	0.6667	0.0015	1
119	100	0	0.3	67:0:0:0:0:33	30.1425	0.0000	5.0117	440.4229	0.6667	0.0017	1	2
120	100	0	0.5	67:0:0:0:0:33	30.1006	0.0000	5.0111	429.6798	0.6667	0.0049	1	2
121	100	0	0.6	67:0:0:0:0:33	30.0784	0.0000	5.0086	422.4085	0.6667	0.0181	1	2
122	100	0	0.7	67:0:0:0:0:33	30.1464	0.0000	5.0014	387.9590	0.6667	0.1549	1	2
123	100	0	0.9	67:0:0:0:0:33	30.2294	0.0000	5.0138	317.4379	0.6678	8.1734	1	2
124	100	0	1.1	67:0:0:0:0:33	30.5271	0.0000	4.6901	210.9674	0.7048	149.5284	1
125	100	0	1.3	67:0:0:0:0:33	30.4815	0.0000	4.2178	174.0966	0.7575	433.0716	1
126	100	0	0.1	100:0:0:0:0:0	29.8751	0.0000	6.0000	443.4035	0.6667	0.0008	1	2
127	100	0	0.2	100:0:0:0:0:0	29.9358	0.0000	6.0000	435.7860	0.6667	0.0000	1	2
128	100	0	0.3	100:0:0:0:0:0	29.9880	0.0000	6.0000	425.6949	0.6667	0.0016	1	2
129	100	0	0.5	100:0:0:0:0:0	30.0237	0.0000	6.0000	409.5903	0.6667	0.0039	1	2
130	100	0	0.6	100:0:0:0:0:0	29.9722	0.0000	6.0000	402.9034	0.6667	0.0180	1	2
131	100	0	0.7	100:0:0:0:0:0	29.7232	0.0000	5.9997	402.3169	0.6667	0.1379	1	2
132	100	0	0.9	100:0:0:0:0:0	30.1798	0.0000	5.9810	305.4166	0.6681	8.2089	1	2
133	100	0	1.1	100:0:0:0:0:0	30.4216	0.0000	5.4703	202.9471	0.7092	144.4899	1
134	100	0	1.3	100:0:0:0:0:0	30.4987	0.0000	4.8910	156.3641	0.7618	401.3413	1
135	100	0	0.1	0:100:0:0:0:0	29.8614	0.0000	6.0000	429.3004	0.6667	0.0016	1	2
136	100	0	0.2	0:100:0:0:0:0	29.9827	0.0000	6.0000	416.4601	0.6667	0.0035	1	2
137	100	0	0.3	0:100:0:0:0:0	29.9148	0.0000	6.0000	430.8783	0.6667	0.0028	1	2
138	100	0	0.5	0:100:0:0:0:0	29.7303	0.0000	6.0000	553.8667	0.6667	0.0038	1
139	100	0	0.6	0:100:0:0:0:0	29.9891	0.0000	5.9998	403.0671	0.6667	0.0290	2	1
140	100	0	0.7	0:100:0:0:0:0	29.9982	0.0000	5.9990	364.7447	0.6668	0.1826	2	1
141	100	0	0.9	0:100:0:0:0:0	30.2073	0.0000	5.9431	285.7939	0.6710	13.4168	1
142	100	0	1.1	0:100:0:0:0:0	30.3582	0.0000	5.1503	191.3934	0.7408	194.7735	1
143	100	0	1.3	0:100:0:0:0:0	30.1694	0.0000	4.5378	192.1526	0.8066	509.3678	1
0	100	0	0	0:0:100:0:0:0	30.2370	0.0000	3.0000	611.1355	1.0000	0.0005	1
1	100	0	0.1	0:0:100:0:0:0	30.1420	0.0000	3.0000	634.0599	1.0000	0.0011	1
2	100	0	0.2	0:0:100:0:0:0	30.2200	0.0000	3.0000	605.4712	1.0000	0.0017	1
3	100	0	0.3	0:0:100:0:0:0	30.1529	0.0000	3.0000	588.9209	1.0000	0.0006	1
4	100	0	0.4	0:0:100:0:0:0	30.2099	0.0000	3.0000	580.3918	1.0000	0.0033	1
5	100	0	0.5	0:0:100:0:0:0	30.2125	0.0000	3.0000	577.9922	1.0000	0.0037	1
6	100	0	0.6	0:0:100:0:0:0	30.2842	0.0000	3.0000	536.3703	1.0000	0.0180	1
7	100	0	0.7	0:0:100:0:0:0	29.8382	0.0000	3.0000	564.2127	1.0000	0.1288	1
8	100	0	0.8	0:0:100:0:0:0	30.4212	0.0000	3.0000	459.7103	1.0000	1.0079	1
9	100	0	0.9	0:0:100:0:0:0	30.4527	0.0000	3.0000	386.9755	1.0000	6.6313	1
10	100	0	1.01	0:0:100:0:0:0	30.6310	0.0000	3.0000	292.9336	1.0000	31.1949	1
11	100	0	1.1	0:0:100:0:0:0	30.6564	0.0000	3.0000	240.4872	1.0000	84.2551	1
12	100	0	1.2	0:0:100:0:0:0	30.2744	0.0000	3.0000	260.4582	1.0000	173.6382	1
13	100	0	1.3	0:0:100:0:0:0	30.7186	0.0000	3.0000	161.7678	1.0000	283.2532	1
14	100	0	1.4	0:0:100:0:0:0	30.7821	0.0000	3.0000	150.8494	1.0000	389.3794	1
15	100	0	1.5	0:0:100:0:0:0	30.6374	0.0000	3.0000	140.6339	1.0000	482.1440	1
16	100	0	0	0:0:0:100:0:0	30.2208	0.0000	4.0000	671.3425	0.7500	0.0038	1	2
17	100	0	0.1	0:0:0:100:0:0	30.2073	0.0000	4.0000	645.7890	0.7500	0.0058	1	2
18	100	0	0.2	0:0:0:100:0:0	30.3924	0.0000	4.0000	806.6780	0.7500	0.0004	1	2
19	100	0	0.3	0:0:0:100:0:0	29.9974	0.0000	4.0000	644.4987	0.7500	0.0044	1	2
20	100	0	0.4	0:0:0:100:0:0	30.1927	0.0000	4.0000	618.7696	0.7500	0.0044	1	2
21	100	0	0.5	0:0:0:100:0:0	30.2246	0.0000	4.0000	651.6865	0.7500	0.0109	1	2
22	100	0	0.6	0:0:0:100:0:0	30.1437	0.0000	4.0000	628.7910	0.7500	0.0506	1	2
23	100	0	0.7	0:0:0:100:0:0	30.1533	0.0000	3.9999	575.8569	0.7500	0.3189	1	2
24	100	0	0.8	0:0:0:100:0:0	30.3523	0.0000	3.9991	510.2022	0.7501	1.7211	1	2
25	100	0	0.9	0:0:0:100:0:0	30.0287	0.0000	3.9914	429.0653	0.7505	9.7811	1
26	100	0	1.01	0:0:0:100:0:0	30.4973	0.0000	3.8827	339.2814	0.7576	64.1924	1
27	100	0	1.1	0:0:0:100:0:0	30.4798	0.0000	3.6653	268.9405	0.7728	183.0707	1
28	100	0	1.2	0:0:0:100:0:0	30.4574	0.0000	3.4521	232.9402	0.7897	357.9498	1
29	100	0	1.3	0:0:0:100:0:0	30.4654	0.0000	3.2900	229.1147	0.8040	526.4423	1
30	100	0	1.4	0:0:0:100:0:0	30.3575	0.0000	3.1807	204.2761	0.8144	657.4703	1
31	100	0	1.5	0:0:0:100:0:0	30.2761	0.0000	3.0980	186.7452	0.8228	746.3027	1
32	100	0	0	0:0:0:0:100:0	29.8232	0.0000	3.0000	461.7892	0.6667	0.0013	1
33	100	0	0.1	0:0:0:0:100:0	30.3485	0.0000	3.0000	435.0116	0.6667	0.0009	1
34	100	0	0.2	0:0:0:0:100:0	30.2886	0.0000	3.0000	436.8083	0.6667	0.0005	1	2
35	100	0	0.3	0:0:0:0:100:0	30.3370	0.0000	3.0000	449.3440	0.6667	0.0014	1	2
36	100	0	0.4	0:0:0:0:100:0	30.3537	0.0000	3.0000	421.6505	0.6667	0.0013	1
37	100	0	0.5	0:0:0:0:100:0	30.4503	0.0000	3.0000	411.5095	0.6667	0.0041	1	2
38	100	0	0.6	0:0:0:0:100:0	30.3884	0.0000	3.0000	411.8561	0.6667	0.0177	1	2
39	100	0	0.7	0:0:0:0:100:0	30.2617	0.0000	3.0000	402.6047	0.6667	0.1459	1
40	100	0	0.8	0:0:0:0:100:0	30.3636	0.0000	2.9996	359.2992	0.6668	1.2935	1
41	100	0	0.9	0:0:0:0:100:0	30.5123	0.0000	2.9952	328.5922	0.6677	9.2951	1	2
42	100	0	1.01	0:0:0:0:100:0	30.5990	0.0000	2.9294	254.3552	0.6827	69.8467	1
43	100	0	1.1	0:0:0:0:100:0	30.4960	0.0000	2.8052	218.0350	0.7130	202.3884	1
44	100	0	1.2	0:0:0:0:100:0	30.5290	0.0000	2.6968	213.0445	0.7416	394.3215	1
45	100	0	1.3	0:0:0:0:100:0	30.3750	0.0000	2.6134	205.3533	0.7653	584.7629	1
46	100	0	1.4	0:0:0:0:100:0	30.2949	0.0000	2.5492	190.7004	0.7846	759.5697	1
47	100	0	1.5	0:0:0:0:100:0	30.3016	0.0000	2.5135	180.2326	0.7957	895.8084	1
48	100	0	0	0:0:0:0:0:100	30.4321	0.0000	3.0000	489.2229	0.6667	0.0013	1	2
49	100	0	0.1	0:0:0:0:0:100	30.2900	0.0000	3.0000	463.0628	0.6667	0.0005	1	2
50	100	0	0.2	0:0:0:0:0:100	30.3198	0.0000	3.0000	466.8147	0.6667	0.0023	1	2
51	100	0	0.3	0:0:0:0:0:100	30.3323	0.0000	3.0000	471.1994	0.6667	0.0014	1	2
52	100	0	0.4	0:0:0:0:0:100	30.3961	0.0000	3.0000	460.8286	0.6667	0.0014	2	1
53	100	0	0.5	0:0:0:0:0:100	29.8527	0.0000	3.0000	483.6613	0.6667	0.0054	2
54	100	0	0.6	0:0:0:0:0:100	30.4177	0.0000	3.0000	425.0709	0.6667	0.0153	1	2
55	100	0	0.7	0:0:0:0:0:100	30.4420	0.0000	2.9999	413.0705	0.6667	0.1743	1	2
56	100	0	0.8	0:0:0:0:0:100	30.4272	0.0000	2.9996	375.1669	0.6668	1.2989	1	2
57	100	0	0.9	0:0:0:0:0:100	30.4939	0.0000	2.9950	313.5618	0.6678	9.0006	1	2
58	100	0	1.01	0:0:0:0:0:100	30.5089	0.0000	2.9267	260.2893	0.6834	68.7444	1
59	100	0	1.1	0:0:0:0:0:100	30.5508	0.0000	2.8035	224.0464	0.7134	203.7828	1
60	100	0	1.2	0:0:0:0:0:100	30.4380	0.0000	2.7007	204.7176	0.7406	395.9540	1
61	100	0	1.3	0:0:0:0:0:100	30.5532	0.0000	2.6150	182.2647	0.7648	591.5538	1
62	100	0	1.4	0:0:0:0:0:100	30.3607	0.0000	2.5598	170.5725	0.7813	758.6866	1
63	100	0	1.5	0:0:0:0:0:100	30.3710	0.0000	2.5156	161.0130	0.7950	897.1502	1
