0	0	0.0000	1.5	100:0:0:0:0:0	0.0000	0.0153	120039.8918	168.9939	9164.5762	0.0000	0.0000	0
1	25	0.0000	1.5	100:0:0:0:0:0	0.4704	0.0179	120035.8125	167.3144	9164.7881	14.8087	14.8087	2
2	12	0.0000	1.5	100:0:0:0:0:0	0.2439	0.0125	120037.5249	168.7569	9164.6999	7.7269	7.7269	2	0
3	6	0.0000	1.5	100:0:0:0:0:0	0.1361	0.0133	120038.7820	170.9892	9164.6336	4.1307	4.1307	0
4	9	0.0000	1.5	100:0:0:0:0:0	0.2022	0.0144	120038.0705	174.5838	9164.6714	5.9570	5.9570	2	0
5	7	0.0000	1.5	100:0:0:0:0:0	0.1568	0.0136	120038.4573	170.6557	9164.6515	4.7523	4.7523	0
6	0	0.0000	0	100:0:0:0:0:0	0.0000	0.0126	120040.0936	273.9969	9164.5649	0.0000	0.0000	0
7	25	0.0000	0	100:0:0:0:0:0	0.3541	0.0155	120041.2416	273.2239	9164.4763	0.0009	0.0009	2
8	12	0.0000	0	100:0:0:0:0:0	0.1810	0.0106	120040.7637	275.5466	9164.5158	0.0000	0.0000	2
9	6	0.0000	0	100:0:0:0:0:0	0.0923	0.0136	120040.2117	272.1563	9164.5522	0.0000	0.0000	2	0
10	3	0.0000	0	100:0:0:0:0:0	0.0381	0.0121	120040.2030	277.1012	9164.5560	0.0000	0.0000	0
11	4	0.0000	0	100:0:0:0:0:0	0.0669	0.0104	120040.2006	275.1267	9164.5554	0.0008	0.0008	0
12	0	0.0000	0.4	100:0:0:0:0:0	0.0000	0.0123	120040.0231	264.0959	9164.5689	0.0000	0.0000	0
13	25	0.0000	0.4	100:0:0:0:0:0	0.3497	0.0176	120041.2950	267.8535	9164.4739	0.0018	0.0018	2
14	12	0.0000	0.4	100:0:0:0:0:0	0.1781	0.0137	120040.5029	263.8762	9164.5303	0.0008	0.0008	2
15	6	0.0000	0.4	100:0:0:0:0:0	0.0905	0.0123	120040.2283	262.3438	9164.5518	0.0000	0.0000	0	2
16	9	0.0000	0.4	100:0:0:0:0:0	0.1389	0.0114	120040.3298	267.1354	9164.5428	0.0000	0.0000	2
17	7	0.0000	0.4	100:0:0:0:0:0	0.1051	0.0122	120040.3548	262.1725	9164.5432	0.0009	0.0009	2	0
18	0	0.0000	0.8	100:0:0:0:0:0	0.0000	0.0118	120040.1360	234.4377	9164.5626	0.0000	0.0000	0
19	25	0.0000	0.8	100:0:0:0:0:0	0.3464	0.0140	120041.1303	245.9666	9164.4829	0.1155	0.1155	2
20	12	0.0000	0.8	100:0:0:0:0:0	0.1768	0.0109	120040.5376	249.2856	9164.5285	0.0513	0.0513	2
21	6	0.0000	0.8	100:0:0:0:0:0	0.0883	0.0117	120040.1465	250.8369	9164.5564	0.0337	0.0337	0
22	9	0.0000	0.8	100:0:0:0:0:0	0.1421	0.0109	120040.5611	240.8858	9164.5302	0.0496	0.0496	2	0
23	7	0.0000	0.8	100:0:0:0:0:0	0.1021	0.0106	120040.3380	241.5171	9164.5446	0.0445	0.0445	0	2
24	0	0.0000	1.01	100:0:0:0:0:0	0.0000	0.0113	120040.0060	210.3562	9164.5698	0.0000	0.0000	0
25	25	0.0000	1.01	100:0:0:0:0:0	0.3971	0.0180	120040.3912	211.7573	9164.5250	1.3329	1.3329	2
26	12	0.0000	1.01	100:0:0:0:0:0	0.1970	0.0119	120040.0789	208.2104	9164.5546	0.6708	0.6708	2
27	6	0.0000	1.01	100:0:0:0:0:0	0.1074	0.0137	120040.0746	209.3485	9164.5604	0.3843	0.3843	0	2
28	9	0.0000	1.01	100:0:0:0:0:0	0.1501	0.0163	120039.8400	209.5156	9164.5706	0.5521	0.5521	2
29	7	0.0000	1.01	100:0:0:0:0:0	0.1220	0.0106	120039.9873	206.5183	9164.5641	0.4137	0.4137	0
30	0	0.0000	1.2	100:0:0:0:0:0	0.0000	0.0132	120039.8931	185.4301	9164.5761	0.0000	0.0000	0
31	25	0.0000	1.2	100:0:0:0:0:0	0.4594	0.0178	120038.0663	181.4673	9164.6589	5.2866	5.2866	2
32	12	0.0000	1.2	100:0:0:0:0:0	0.2123	0.0138	120039.0367	181.5645	9164.6146	2.7604	2.7604	2
33	6	0.0000	1.2	100:0:0:0:0:0	0.1241	0.0102	120039.5554	189.5198	9164.5906	1.5560	1.5560	0
34	9	0.0000	1.2	100:0:0:0:0:0	0.1833	0.0126	120039.2425	183.9549	9164.6050	2.1992	2.1992	0	2
35	10	0.0000	1.2	100:0:0:0:0:0	0.1969	0.0134	120039.1126	188.6844	9164.6115	2.4732	2.4732	2	0
36	0	0.0000	1.4	100:0:0:0:0:0	0.0000	0.0133	120040.0177	171.1295	9164.5692	0.0000	0.0000	0
37	25	0.0000	1.4	100:0:0:0:0:0	0.4685	0.0173	120036.2314	170.6375	9164.7637	11.7334	11.7334	2
38	12	0.0000	1.4	100:0:0:0:0:0	0.2409	0.0104	120037.8298	171.8082	9164.6825	6.2309	6.2309	0	2
39	18	0.0000	1.4	100:0:0:0:0:0	0.3563	0.0159	120037.1107	170.7842	9164.7186	8.6092	8.6092	2
40	15	0.0000	1.4	100:0:0:0:0:0	0.3047	0.0117	120037.6598	171.5049	9164.6903	7.5659	7.5659	2
41	13	0.0000	1.4	100:0:0:0:0:0	0.2760	0.0123	120037.7704	169.7881	9164.6853	6.7122	6.7122	2	0
42	0	0.0000	1.5	0:50:50:0:0:0	0.0000	0.0472	220004.0000	176.9556	4999.9545	0.0000	0.0000	0
43	25	0.0000	1.5	0:50:50:0:0:0	0.3672	0.0164	220003.9709	179.6257	4999.9552	15.9350	15.9350	2
44	12	0.0000	1.5	0:50:50:0:0:0	0.1855	0.0156	220003.9820	174.6821	4999.9550	8.2327	8.2327	2	0
45	6	0.0000	1.5	0:50:50:0:0:0	0.0929	0.0168	220003.9923	172.8074	4999.9547	4.3057	4.3057	0
46	9	0.0000	1.5	0:50:50:0:0:0	0.1370	0.0152	220003.9869	171.4835	4999.9548	6.1818	6.1818	0	2
47	10	0.0000	1.5	0:50:50:0:0:0	0.1478	0.0159	220003.9844	171.1457	4999.9549	7.1263	7.1263	0	2
48	0	0.0000	0	0:50:50:0:0:0	0.0000	0.0140	220004.0000	214.4077	4999.9545	0.0000	0.0000	0
49	25	0.0000	0	0:50:50:0:0:0	0.3784	0.0163	220004.0000	224.4669	4999.9545	0.0044	0.0044	2	1
50	12	0.0000	0	0:50:50:0:0:0	0.1740	0.0138	220004.0000	216.6185	4999.9545	0.0022	0.0022	2
51	6	0.0000	0	0:50:50:0:0:0	0.0882	0.0113	220004.0000	215.4089	4999.9545	0.0032	0.0032	0
52	9	0.0000	0	0:50:50:0:0:0	0.1313	0.0128	220004.0000	220.4002	4999.9545	0.0022	0.0022	2	0
53	7	0.0000	0	0:50:50:0:0:0	0.1067	0.0132	220004.0000	215.9585	4999.9545	0.0011	0.0011	0	2
54	0	0.0000	0.4	0:50:50:0:0:0	0.0000	0.0118	220004.0000	223.4568	4999.9545	0.0000	0.0000	0
55	25	0.0000	0.4	0:50:50:0:0:0	0.3622	0.0137	220003.9999	222.0966	4999.9545	0.0117	0.0117	2
56	12	0.0000	0.4	0:50:50:0:0:0	0.1810	0.0111	220004.0000	216.1668	4999.9545	0.0047	0.0047	2
57	6	0.0000	0.4	0:50:50:0:0:0	0.0899	0.0134	220004.0000	211.3269	4999.9545	0.0000	0.0000	0	2
58	9	0.0000	0.4	0:50:50:0:0:0	0.1305	0.0130	220004.0000	220.0965	4999.9545	0.0046	0.0046	2	0
59	7	0.0000	0.4	0:50:50:0:0:0	0.1036	0.0120	220004.0000	216.1584	4999.9545	0.0011	0.0011	0
60	0	0.0000	0.8	0:50:50:0:0:0	0.0000	0.0139	220004.0000	195.2791	4999.9545	0.0000	0.0000	0
61	25	0.0000	0.8	0:50:50:0:0:0	0.3607	0.0137	220003.9998	207.5392	4999.9546	0.1996	0.1996	2
62	12	0.0000	0.8	0:50:50:0:0:0	0.1775	0.0181	220003.9999	199.1798	4999.9545	0.0980	0.0980	2
63	6	0.0000	0.8	0:50:50:0:0:0	0.0905	0.0124	220003.9999	199.8725	4999.9545	0.0427	0.0427	0
64	9	0.0000	0.8	0:50:50:0:0:0	0.1367	0.0120	220003.9999	198.0208	4999.9545	0.0795	0.0795	0	2
65	10	0.0000	0.8	0:50:50:0:0:0	0.1456	0.0129	220003.9998	195.9874	4999.9546	0.0744	0.0744	2	0
66	0	0.0000	1.01	0:50:50:0:0:0	0.0000	0.0148	220004.0000	184.9136	4999.9545	0.0000	0.0000	0
67	25	0.0000	1.01	0:50:50:0:0:0	0.3634	0.0174	220003.9969	194.9772	4999.9546	1.2931	1.2931	2
68	12	0.0000	1.01	0:50:50:0:0:0	0.1784	0.0111	220003.9983	192.0251	4999.9546	0.6730	0.6730	2
69	6	0.0000	1.01	0:50:50:0:0:0	0.0898	0.0124	220003.9992	186.3963	4999.9546	0.3520	0.3520	0
70	9	0.0000	1.01	0:50:50:0:0:0	0.1369	0.0113	220003.9991	188.7662	4999.9546	0.4966	0.4966	0	2
71	10	0.0000	1.01	0:50:50:0:0:0	0.1461	0.0124	220003.9990	197.0748	4999.9546	0.5153	0.5153	2	0
72	0	0.0000	1.2	0:50:50:0:0:0	0.0000	0.0170	220004.0000	178.4385	4999.9545	0.0000	0.0000	0
73	25	0.0000	1.2	0:50:50:0:0:0	0.3660	0.0142	220003.9909	186.6879	4999.9548	4.9131	4.9131	2
74	12	0.0000	1.2	0:50:50:0:0:0	0.1772	0.0114	220003.9946	181.9119	4999.9547	2.5389	2.5389	2
75	6	0.0000	1.2	0:50:50:0:0:0	0.0907	0.0127	220003.9970	177.1061	4999.9546	1.3073	1.3073	0
76	9	0.0000	1.2	0:50:50:0:0:0	0.1386	0.0125	220003.9959	184.6857	4999.9546	1.9505	1.9505	0	2
77	10	0.0000	1.2	0:50:50:0:0:0	0.1511	0.0120	220003.9957	182.7767	4999.9546	2.0278	2.0278	2	0
78	0	0.0000	1.4	0:50:50:0:0:0	0.0000	0.0219	220004.0000	173.6718	4999.9545	0.0000	0.0000	0
79	25	0.0000	1.4	0:50:50:0:0:0	0.3721	0.0198	220003.9754	175.1947	4999.9551	11.9121	11.9121	2
80	12	0.0000	1.4	0:50:50:0:0:0	0.1832	0.0130	220003.9864	176.8035	4999.9549	6.1059	6.1059	2	0
81	6	0.0000	1.4	0:50:50:0:0:0	0.0908	0.0146	220003.9937	176.0330	4999.9547	3.1759	3.1759	0
82	9	0.0000	1.4	0:50:50:0:0:0	0.1357	0.0139	220003.9901	182.4002	4999.9548	4.7792	4.7792	0	2
83	10	0.0000	1.4	0:50:50:0:0:0	0.1501	0.0131	220003.9894	187.2071	4999.9548	5.0019	5.0019	2	0
84	0	0.0000	1.5	67:16:17:0:0:0	0.0000	0.0118	153068.5239	167.1070	7187.1782	0.0000	0.0000	0
85	25	0.0000	1.5	67:16:17:0:0:0	0.4419	0.0168	148680.7832	170.0526	7403.8877	14.4053	14.4053	2
86	12	0.0000	1.5	67:16:17:0:0:0	0.2195	0.0101	150226.0196	174.4233	7324.2934	7.5032	7.5032	2	0
87	6	0.0000	1.5	67:16:17:0:0:0	0.1209	0.0109	151408.5020	173.7606	7266.1856	3.8901	3.8901	0
88	9	0.0000	1.5	67:16:17:0:0:0	0.1758	0.0092	150785.9596	174.3046	7296.5700	5.6261	5.6261	0	2
89	10	0.0000	1.5	67:16:17:0:0:0	0.2043	0.0115	150952.4180	170.3618	7288.7521	6.2767	6.2767	0	2
90	0	0.0000	0	67:16:17:0:0:0	0.0000	0.0114	153145.0505	277.7251	7183.7017	0.0000	0.0000	0
91	25	0.0000	0	67:16:17:0:0:0	0.3537	0.0188	153404.4957	282.2421	7171.7040	0.0000	0.0000	2
92	12	0.0000	0	67:16:17:0:0:0	0.1778	0.0142	153155.4189	272.4801	7183.0677	0.0000	0.0000	2
93	6	0.0000	0	67:16:17:0:0:0	0.0878	0.0117	153020.3947	269.5800	7189.6490	0.0000	0.0000	2	0
94	3	0.0000	0	67:16:17:0:0:0	0.0414	0.0120	152902.7176	281.9315	7195.0491	0.0000	0.0000	0	2
95	4	0.0000	0	67:16:17:0:0:0	0.0579	0.0130	153037.1998	277.1945	7188.4571	0.0000	0.0000	0
96	0	0.0000	0.4	67:16:17:0:0:0	0.0000	0.0183	152987.1632	274.4942	7190.8429	0.0000	0.0000	0
97	25	0.0000	0.4	67:16:17:0:0:0	0.3500	0.0156	152897.6798	272.9562	7195.4028	0.0000	0.0000	2
98	12	0.0000	0.4	67:16:17:0:0:0	0.1771	0.0119	153373.0000	273.0518	7172.6961	0.0009	0.0009	2
99	6	0.0000	0.4	67:16:17:0:0:0	0.0870	0.0137	152509.4474	269.9080	7213.3120	0.0009	0.0009	0	2
100	9	0.0000	0.4	67:16:17:0:0:0	0.1304	0.0117	153175.3319	267.2706	7182.0060	0.0000	0.0000	2
101	7	0.0000	0.4	67:16:17:0:0:0	0.1041	0.0117	152968.7366	263.7690	7191.8257	0.0020	0.0020	2	0
102	0	0.0000	0.8	67:16:17:0:0:0	0.0000	0.0117	153695.4929	235.5294	7157.8541	0.0000	0.0000	0
103	25	0.0000	0.8	67:16:17:0:0:0	0.3606	0.0151	152539.2995	248.2287	7212.0789	0.1300	0.1300	2
104	12	0.0000	0.8	67:16:17:0:0:0	0.1681	0.0141	152624.0994	240.2392	7207.9748	0.0774	0.0774	2
105	6	0.0000	0.8	67:16:17:0:0:0	0.0944	0.0120	153411.1119	239.6603	7170.9930	0.0315	0.0315	2	0
106	3	0.0000	0.8	67:16:17:0:0:0	0.0450	0.0118	153131.1969	238.2841	7184.3561	0.0094	0.0094	0
107	4	0.0000	0.8	67:16:17:0:0:0	0.0625	0.0134	153425.6415	246.0021	7170.4176	0.0279	0.0279	0	2
108	0	0.0000	1.01	67:16:17:0:0:0	0.0000	0.0116	152917.3211	207.8996	7194.0717	0.0000	0.0000	0
109	25	0.0000	1.01	67:16:17:0:0:0	0.3798	0.0135	151730.1164	212.8483	7250.7955	1.2690	1.2690	2
110	12	0.0000	1.01	67:16:17:0:0:0	0.1877	0.0122	152430.3898	220.8654	7217.2425	0.6883	0.6883	2
111	6	0.0000	1.01	67:16:17:0:0:0	0.1042	0.0118	152820.5852	215.5465	7198.6440	0.3339	0.3339	2	0
112	3	0.0000	1.01	67:16:17:0:0:0	0.0509	0.0116	152187.8875	217.3991	7228.6717	0.1986	0.1986	0
113	4	0.0000	1.01	67:16:17:0:0:0	0.0605	0.0173	153231.6279	217.1317	7179.3063	0.2087	0.2087	0	2
114	0	0.0000	1.2	67:16:17:0:0:0	0.0000	0.0134	153075.3323	187.2514	7186.6407	0.0000	0.0000	0
115	25	0.0000	1.2	67:16:17:0:0:0	0.4209	0.0153	149202.1139	194.6632	7375.3762	5.0849	5.0849	2
116	12	0.0000	1.2	67:16:17:0:0:0	0.2208	0.0119	151263.9819	189.0760	7273.0824	2.6477	2.6477	2
117	6	0.0000	1.2	67:16:17:0:0:0	0.1182	0.0133	151672.0759	189.7132	7253.6284	1.2887	1.2887	0
118	9	0.0000	1.2	67:16:17:0:0:0	0.1576	0.0108	151720.8955	190.3386	7251.1331	2.0965	2.0965	2	0
119	7	0.0000	1.2	67:16:17:0:0:0	0.1253	0.0109	151759.4808	188.6246	7249.3991	1.4864	1.4864	0	2
120	0	0.0000	1.4	67:16:17:0:0:0	0.0000	0.0107	152855.9231	176.1586	7196.9862	0.0000	0.0000	0
121	25	0.0000	1.4	67:16:17:0:0:0	0.4319	0.0148	148569.5250	173.8054	7407.5332	10.9551	10.9551	2
122	12	0.0000	1.4	67:16:17:0:0:0	0.2162	0.0112	150676.5882	180.0759	7302.4127	5.8446	5.8446	2
123	6	0.0000	1.4	67:16:17:0:0:0	0.1163	0.0109	151841.1785	177.5005	7245.4718	3.0577	3.0577	0
124	9	0.0000	1.4	67:16:17:0:0:0	0.1794	0.0116	151177.3693	177.0871	7277.3519	4.4078	4.4078	2	0
125	7	0.0000	1.4	67:16:17:0:0:0	0.1412	0.0103	151508.0668	176.3637	7261.4153	3.5346	3.5346	0	2
126	0	0.0000	1.5	33:33:34:0:0:0	0.0000	0.0139	187052.8055	172.2223	5881.0287	0.0000	0.0000	0
127	25	0.0000	1.5	33:33:34:0:0:0	0.4043	0.0149	182722.2224	176.9119	6022.1383	13.6983	13.6983	2
128	12	0.0000	1.5	33:33:34:0:0:0	0.2004	0.0091	184505.4869	177.9900	5962.5908	7.4057	7.4057	2
129	6	0.0000	1.5	33:33:34:0:0:0	0.1016	0.0114	186366.0729	175.8632	5902.7875	3.7680	3.7680	2	0
130	3	0.0000	1.5	33:33:34:0:0:0	0.0500	0.0082	186248.3640	179.5745	5906.4078	1.8834	1.8834	0	2
131	4	0.0000	1.5	33:33:34:0:0:0	0.0680	0.0094	186118.0303	173.9756	5910.6880	2.3844	2.3844	0
132	0	0.0000	0	33:33:34:0:0:0	0.0000	0.0107	186800.0940	264.4654	5888.9491	0.0000	0.0000	0
133	25	0.0000	0	33:33:34:0:0:0	0.3439	0.0183	186692.5518	269.8377	5892.3617	0.0000	0.0000	2
134	12	0.0000	0	33:33:34:0:0:0	0.1765	0.0123	187569.6740	271.2219	5864.8946	0.0000	0.0000	2
135	6	0.0000	0	33:33:34:0:0:0	0.0917	0.0100	186863.6263	273.4760	5886.9698	0.0011	0.0011	2	0
136	3	0.0000	0	33:33:34:0:0:0	0.0496	0.0107	186997.5543	264.2157	5882.8830	0.0000	0.0000	0	2
137	4	0.0000	0	33:33:34:0:0:0	0.0613	0.0127	187025.7479	268.1153	5881.7983	0.0000	0.0000	0
138	0	0.0000	0.4	33:33:34:0:0:0	0.0000	0.0116	186956.7876	252.3554	5884.1277	0.0000	0.0000	0
139	25	0.0000	0.4	33:33:34:0:0:0	0.3808	0.0195	186932.9207	262.1454	5884.8482	0.0016	0.0016	2
140	12	0.0000	0.4	33:33:34:0:0:0	0.1724	0.0096	186844.2394	262.4554	5887.5384	0.0024	0.0024	2
141	6	0.0000	0.4	33:33:34:0:0:0	0.0947	0.0098	186374.7487	269.8641	5902.5172	0.0012	0.0012	2	0
142	3	0.0000	0.4	33:33:34:0:0:0	0.0511	0.0101	187066.4110	261.2578	5880.6108	0.0000	0.0000	0
143	4	0.0000	0.4	33:33:34:0:0:0	0.0578	0.0110	187173.1923	267.8337	5877.1890	0.0000	0.0000	0	2
144	0	0.0000	0.8	33:33:34:0:0:0	0.0000	0.0105	186902.7120	237.7229	5885.6939	0.0000	0.0000	0
145	25	0.0000	0.8	33:33:34:0:0:0	0.3654	0.0145	186736.9556	242.4206	5891.0090	0.1835	0.1835	2
146	12	0.0000	0.8	33:33:34:0:0:0	0.1754	0.0121	186811.3825	239.7881	5888.7743	0.0550	0.0550	2
147	6	0.0000	0.8	33:33:34:0:0:0	0.0891	0.0098	186841.1577	235.3548	5887.8941	0.0364	0.0364	0	2
148	9	0.0000	0.8	33:33:34:0:0:0	0.1304	0.0107	187322.7769	237.9263	5872.5165	0.0523	0.0523	2
149	7	0.0000	0.8	33:33:34:0:0:0	0.1052	0.0121	186512.7624	237.2148	5898.0529	0.0370	0.0370	2	0
150	0	0.0000	1.01	33:33:34:0:0:0	0.0000	0.0105	186561.7291	208.3821	5896.5277	0.0000	0.0000	0
151	25	0.0000	1.01	33:33:34:0:0:0	0.3838	0.0136	186097.6534	209.3323	5911.5097	1.2351	1.2351	2
152	12	0.0000	1.01	33:33:34:0:0:0	0.1776	0.0115	186648.3602	209.5486	5893.7965	0.6358	0.6358	2
153	6	0.0000	1.01	33:33:34:0:0:0	0.0959	0.0117	187078.3446	216.1986	5880.1745	0.3399	0.3399	2	0
154	3	0.0000	1.01	33:33:34:0:0:0	0.0422	0.0113	187092.5223	204.0516	5879.7640	0.1709	0.1709	0
155	4	0.0000	1.01	33:33:34:0:0:0	0.0636	0.0111	186531.6214	209.8342	5897.4587	0.2044	0.2044	0	2
156	0	0.0000	1.2	33:33:34:0:0:0	0.0000	0.0152	186875.3776	190.3866	5886.8541	0.0000	0.0000	0
157	25	0.0000	1.2	33:33:34:0:0:0	0.3783	0.0147	183741.7669	194.0834	5987.7024	4.7261	4.7261	2
158	12	0.0000	1.2	33:33:34:0:0:0	0.1908	0.0144	185094.0524	189.3390	5943.5172	2.5903	2.5903	2
159	6	0.0000	1.2	33:33:34:0:0:0	0.0990	0.0116	186017.2098	194.4252	5913.8429	1.3645	1.3645	0	2
160	9	0.0000	1.2	33:33:34:0:0:0	0.1434	0.0116	185730.4902	196.6256	5922.9476	1.8986	1.8986	2
161	7	0.0000	1.2	33:33:34:0:0:0	0.1071	0.0164	186511.1995	192.0543	5898.1206	1.5331	1.5331	0	2
162	0	0.0000	1.4	33:33:34:0:0:0	0.0000	0.0124	186810.2703	173.7629	5888.6505	0.0000	0.0000	0
163	25	0.0000	1.4	33:33:34:0:0:0	0.4098	0.0129	183200.8559	180.1419	6006.0023	10.6746	10.6746	2
164	12	0.0000	1.4	33:33:34:0:0:0	0.1917	0.0116	184888.7827	177.0395	5950.1151	5.7427	5.7427	2
165	6	0.0000	1.4	33:33:34:0:0:0	0.1003	0.0092	185933.7049	182.0053	5916.4269	3.0190	3.0190	0	2
166	9	0.0000	1.4	33:33:34:0:0:0	0.1486	0.0127	185233.6709	179.1193	5939.0392	4.2452	4.2452	2
167	7	0.0000	1.4	33:33:34:0:0:0	0.1160	0.0096	185486.5771	181.3602	5930.9249	3.5422	3.5422	0	2
168	0	0.0000	1.5	67:0:0:16:17:0	0.0000	0.0143	80766.9262	186.0999	9164.6107	0.0000	0.0000	0
169	25	0.0000	1.5	67:0:0:16:17:0	0.3401	0.0148	86875.4426	183.9544	9164.7924	13.2521	13.2521	2
170	12	0.0000	1.5	67:0:0:16:17:0	0.1740	0.0133	83360.5696	186.7867	9164.7225	6.7125	6.7125	0	2
171	18	0.0000	1.5	67:0:0:16:17:0	0.2460	0.0135	85317.4430	183.8762	9164.7457	9.8043	9.8043	2
172	15	0.0000	1.5	67:0:0:16:17:0	0.2054	0.0134	84135.9262	182.7664	9164.7345	8.4325	8.4325	2	0
173	13	0.0000	1.5	67:0:0:16:17:0	0.1821	0.0110	83981.8144	184.0215	9164.7168	7.4705	7.4705	0
174	0	0.0000	0	67:0:0:16:17:0	0.0000	0.0123	80084.6920	302.0398	9164.6078	0.0000	0.0000	0
175	25	0.0000	0	67:0:0:16:17:0	0.2302	0.0144	80510.2192	309.2219	9164.5227	0.0009	0.0009	2
176	12	0.0000	0	67:0:0:16:17:0	0.1262	0.0119	80244.0232	312.0790	9164.5480	0.0000	0.0000	2
177	6	0.0000	0	67:0:0:16:17:0	0.0627	0.0144	80657.4166	304.8390	9164.6000	0.0009	0.0009	0
178	9	0.0000	0	67:0:0:16:17:0	0.0860	0.0112	80606.3615	308.7688	9164.5852	0.0000	0.0000	2	0
179	7	0.0000	0	67:0:0:16:17:0	0.0783	0.0142	80207.7799	304.3718	9164.5851	0.0000	0.0000	0	2
180	0	0.0000	0.4	67:0:0:16:17:0	0.0000	0.0140	80872.1764	297.0721	9164.6107	0.0000	0.0000	0
181	25	0.0000	0.4	67:0:0:16:17:0	0.2461	0.0133	80457.1086	295.1115	9164.5179	0.0000	0.0000	2
182	12	0.0000	0.4	67:0:0:16:17:0	0.1175	0.0098	80923.3688	301.5958	9164.5676	0.0020	0.0020	2
183	6	0.0000	0.4	67:0:0:16:17:0	0.0685	0.0162	80555.8608	298.8629	9164.5781	0.0000	0.0000	0
184	9	0.0000	0.4	67:0:0:16:17:0	0.0908	0.0112	80354.4410	296.7751	9164.5756	0.0000	0.0000	0	2
185	10	0.0000	0.4	67:0:0:16:17:0	0.1043	0.0109	79896.1835	305.4083	9164.5755	0.0021	0.0021	2	0
186	0	0.0000	0.8	67:0:0:16:17:0	0.0000	0.0122	80627.9833	270.2904	9164.6092	0.0000	0.0000	0
187	25	0.0000	0.8	67:0:0:16:17:0	0.2437	0.0123	80636.7005	272.4901	9164.5253	0.1052	0.1052	2
188	12	0.0000	0.8	67:0:0:16:17:0	0.1175	0.0106	80489.5640	276.3746	9164.5640	0.0592	0.0592	0	2
189	18	0.0000	0.8	67:0:0:16:17:0	0.1787	0.0125	80564.5967	273.7379	9164.5462	0.0834	0.0834	2
190	15	0.0000	0.8	67:0:0:16:17:0	0.1523	0.0142	80695.5085	272.2885	9164.5514	0.0638	0.0638	2
191	13	0.0000	0.8	67:0:0:16:17:0	0.1261	0.0108	81042.7555	277.1864	9164.5665	0.0685	0.0685	2	0
192	0	0.0000	1.01	67:0:0:16:17:0	0.0000	0.0166	80716.3139	239.5918	9164.5985	0.0000	0.0000	0
193	25	0.0000	1.01	67:0:0:16:17:0	0.2709	0.0167	81572.3118	236.7089	9164.5606	1.2480	1.2480	2
194	12	0.0000	1.01	67:0:0:16:17:0	0.1327	0.0127	80889.4929	232.5709	9164.5847	0.6064	0.6064	0	2
195	18	0.0000	1.01	67:0:0:16:17:0	0.1981	0.0112	81200.6050	239.3246	9164.5720	0.8599	0.8599	2
196	15	0.0000	1.01	67:0:0:16:17:0	0.1720	0.0142	81251.2654	237.4972	9164.5854	0.7435	0.7435	2	0
197	13	0.0000	1.01	67:0:0:16:17:0	0.1367	0.0148	81321.7267	232.9084	9164.5780	0.7094	0.7094	2	0
198	0	0.0000	1.2	67:0:0:16:17:0	0.0000	0.0124	80768.3041	206.1641	9164.6039	0.0000	0.0000	0
199	25	0.0000	1.2	67:0:0:16:17:0	0.3074	0.0136	84319.6316	206.7707	9164.6718	4.9208	4.9208	2
200	12	0.0000	1.2	67:0:0:16:17:0	0.1574	0.0125	82264.4572	213.1650	9164.6442	2.4250	2.4250	0
201	18	0.0000	1.2	67:0:0:16:17:0	0.2283	0.0113	83394.3604	205.9681	9164.6534	3.7681	3.7681	2
202	15	0.0000	1.2	67:0:0:16:17:0	0.1858	0.0111	82558.3876	207.2333	9164.6455	2.9991	2.9991	2	0
203	13	0.0000	1.2	67:0:0:16:17:0	0.1639	0.0126	83076.9031	208.1628	9164.6389	2.7068	2.7068	2	0
204	0	0.0000	1.4	67:0:0:16:17:0	0.0000	0.0155	81011.3457	189.1062	9164.6055	0.0000	0.0000	0
205	25	0.0000	1.4	67:0:0:16:17:0	0.3386	0.0190	85702.4722	191.1840	9164.7557	10.4602	10.4602	2
206	12	0.0000	1.4	67:0:0:16:17:0	0.1716	0.0114	83418.5557	194.6561	9164.7030	5.3231	5.3231	0
207	18	0.0000	1.4	67:0:0:16:17:0	0.2493	0.0117	84367.2496	190.7030	9164.7237	7.5777	7.5777	2	0
208	15	0.0000	1.4	67:0:0:16:17:0	0.2119	0.0132	84069.1419	190.4013	9164.7080	6.4777	6.4777	0	2
209	16	0.0000	1.4	67:0:0:16:17:0	0.2188	0.0132	83740.4143	187.0194	9164.7265	7.2953	7.2953	2
210	0	0.0000	1.5	33:0:0:33:34:0	0.0000	0.0257	39685.5259	203.9119	9164.7148	0.0000	0.0000	0
211	25	0.0000	1.5	33:0:0:33:34:0	0.1769	0.0228	44938.0109	201.7265	9164.8509	10.0129	10.0129	2
212	12	0.0000	1.5	33:0:0:33:34:0	0.0808	0.0225	42158.9666	199.4660	9164.7877	5.1428	5.1428	0	2
213	18	0.0000	1.5	33:0:0:33:34:0	0.1272	0.0214	43386.9967	199.0063	9164.8163	7.3783	7.3783	0	2
214	21	0.0000	1.5	33:0:0:33:34:0	0.1436	0.0231	43320.1704	204.4500	9164.8327	8.4100	8.4100	0	2
215	23	0.0000	1.5	33:0:0:33:34:0	0.1650	0.0247	44650.8572	198.5566	9164.8265	9.4342	9.4342	2
216	22	0.0000	1.5	33:0:0:33:34:0	0.1458	0.0186	44150.7501	199.1385	9164.8338	9.0375	9.0375	2	0
217	0	0.0000	0	33:0:0:33:34:0	0.0000	0.0119	39547.0074	356.5081	9164.7198	0.0000	0.0000	0
218	25	0.0000	0	33:0:0:33:34:0	0.1287	0.0130	39633.6433	355.8809	9164.6308	0.0000	0.0000	2
219	12	0.0000	0	33:0:0:33:34:0	0.0597	0.0119	39471.2381	363.5702	9164.6838	0.0013	0.0013	0
220	18	0.0000	0	33:0:0:33:34:0	0.0902	0.0140	39212.4687	358.6384	9164.6711	0.0000	0.0000	0	2
221	21	0.0000	0	33:0:0:33:34:0	0.0946	0.0131	39855.7213	352.6887	9164.6567	0.0012	0.0012	2
222	19	0.0000	0	33:0:0:33:34:0	0.0910	0.0141	39689.0901	357.5648	9164.6582	0.0013	0.0013	2	0
223	0	0.0000	0.4	33:0:0:33:34:0	0.0000	0.0137	39804.3782	356.5908	9164.7212	0.0000	0.0000	0
224	25	0.0000	0.4	33:0:0:33:34:0	0.1243	0.0104	39576.9334	359.1435	9164.6389	0.0000	0.0000	2
225	12	0.0000	0.4	33:0:0:33:34:0	0.0648	0.0117	39614.0622	351.6995	9164.6883	0.0000	0.0000	0
226	18	0.0000	0.4	33:0:0:33:34:0	0.0979	0.0109	39403.3305	353.2658	9164.6463	0.0013	0.0013	2	0
227	15	0.0000	0.4	33:0:0:33:34:0	0.0748	0.0123	39446.9101	366.4905	9164.6621	0.0000	0.0000	0
228	16	0.0000	0.4	33:0:0:33:34:0	0.0817	0.0093	39975.4756	349.6492	9164.6880	0.0000	0.0000	0	2
229	0	0.0000	0.8	33:0:0:33:34:0	0.0000	0.0129	39053.7280	321.5286	9164.7140	0.0000	0.0000	0
230	25	0.0000	0.8	33:0:0:33:34:0	0.1192	0.0130	39994.6079	317.1573	9164.6360	0.0751	0.0751	2	0
231	12	0.0000	0.8	33:0:0:33:34:0	0.0596	0.0125	39565.0140	317.4604	9164.6942	0.0341	0.0341	0
232	18	0.0000	0.8	33:0:0:33:34:0	0.0920	0.0117	40356.2169	319.6338	9164.6597	0.0580	0.0580	0
233	21	0.0000	0.8	33:0:0:33:34:0	0.1041	0.0142	39435.2154	315.0060	9164.6574	0.0699	0.0699	2	0
234	19	0.0000	0.8	33:0:0:33:34:0	0.1011	0.0121	40167.1681	318.1711	9164.6517	0.0606	0.0606	2	0
235	0	0.0000	1.01	33:0:0:33:34:0	0.0000	0.0149	39501.8670	274.9982	9164.7346	0.0000	0.0000	0
236	25	0.0000	1.01	33:0:0:33:34:0	0.1431	0.0137	40625.3385	268.7052	9164.6627	0.8696	0.8696	2
237	12	0.0000	1.01	33:0:0:33:34:0	0.0631	0.0147	40088.9425	273.1827	9164.6824	0.4224	0.4224	0
238	18	0.0000	1.01	33:0:0:33:34:0	0.1004	0.0111	40403.2830	277.7928	9164.6655	0.6487	0.6487	0	2
239	21	0.0000	1.01	33:0:0:33:34:0	0.1144	0.0144	40530.2230	275.5158	9164.6940	0.6796	0.6796	0	2
240	23	0.0000	1.01	33:0:0:33:34:0	0.1271	0.0194	40451.0447	269.4077	9164.6673	0.8087	0.8087	2
241	22	0.0000	1.01	33:0:0:33:34:0	0.1228	0.0115	40395.8157	277.9379	9164.6647	0.7976	0.7976	2	0
242	0	0.0000	1.2	33:0:0:33:34:0	0.0000	0.0142	39941.1995	236.5290	9164.7235	0.0000	0.0000	0
243	25	0.0000	1.2	33:0:0:33:34:0	0.1546	0.0158	43168.2382	241.7320	9164.7214	3.5926	3.5926	2	0
244	12	0.0000	1.2	33:0:0:33:34:0	0.0803	0.0165	41399.4745	233.8411	9164.7395	1.7657	1.7657	0
245	18	0.0000	1.2	33:0:0:33:34:0	0.1123	0.0161	42288.3316	235.3669	9164.7192	2.5704	2.5704	0
246	21	0.0000	1.2	33:0:0:33:34:0	0.1374	0.0146	42449.9011	239.3694	9164.7339	3.0075	3.0075	0	2
247	23	0.0000	1.2	33:0:0:33:34:0	0.1428	0.0143	42136.3860	233.3678	9164.7369	3.1616	3.1616	0	2
248	24	0.0000	1.2	33:0:0:33:34:0	0.1558	0.0141	42672.5521	238.4444	9164.7344	3.4058	3.4058	2	0
249	0	0.0000	1.4	33:0:0:33:34:0	0.0000	0.0225	39542.9304	214.0046	9164.7253	0.0000	0.0000	0
250	25	0.0000	1.4	33:0:0:33:34:0	0.1730	0.0172	44062.8046	208.9587	9164.8140	7.7977	7.7977	2
251	12	0.0000	1.4	33:0:0:33:34:0	0.0843	0.0166	41526.2144	209.3203	9164.7815	3.8879	3.8879	0
252	18	0.0000	1.4	33:0:0:33:34:0	0.1209	0.0168	43060.7834	208.3170	9164.7840	5.8431	5.8431	0
253	21	0.0000	1.4	33:0:0:33:34:0	0.1409	0.0161	44254.3968	211.0003	9164.7908	6.7666	6.7666	0	2
254	23	0.0000	1.4	33:0:0:33:34:0	0.1491	0.0184	43625.0034	209.1028	9164.7984	7.4232	7.4232	2
255	22	0.0000	1.4	33:0:0:33:34:0	0.1485	0.0215	44129.9717	210.1725	9164.7957	6.9901	6.9901	2
256	0	0.0000	1.5	0:33:34:16:17:0	0.0000	0.0242	147454.4717	193.7985	5000.0348	0.0000	0.0000	0
257	25	0.0000	1.5	0:33:34:16:17:0	0.2439	0.0237	146707.8722	195.5884	5000.0356	9.2806	9.2806	2
258	12	0.0000	1.5	0:33:34:16:17:0	0.1191	0.0233	147619.3803	194.7712	5000.0335	4.7437	4.7437	0
259	18	0.0000	1.5	0:33:34:16:17:0	0.1809	0.0223	147379.3888	198.5612	5000.0341	7.0845	7.0845	0
260	21	0.0000	1.5	0:33:34:16:17:0	0.2132	0.0226	147558.4573	197.6382	5000.0343	7.8227	7.8227	2
261	19	0.0000	1.5	0:33:34:16:17:0	0.1963	0.0220	147624.3665	197.8694	5000.0337	7.2680	7.2680	0	2
262	0	0.0000	0	0:33:34:16:17:0	0.0000	0.0098	147475.8085	292.5452	5000.0611	0.0000	0.0000	0
263	25	0.0000	0	0:33:34:16:17:0	0.2450	0.0108	147141.2654	298.8991	5000.0613	0.0036	0.0036	2
264	12	0.0000	0	0:33:34:16:17:0	0.1175	0.0109	147099.4165	293.8657	5000.0618	0.0016	0.0016	0
265	18	0.0000	0	0:33:34:16:17:0	0.1706	0.0119	147433.3840	302.0881	5000.0604	0.0000	0.0000	0
266	21	0.0000	0	0:33:34:16:17:0	0.2058	0.0114	147896.8511	299.3826	5000.0589	0.0053	0.0053	0	2
267	23	0.0000	0	0:33:34:16:17:0	0.2218	0.0115	147130.5974	296.6872	5000.0617	0.0037	0.0037	2	0
268	22	0.0000	0	0:33:34:16:17:0	0.2170	0.0114	147512.2797	300.1546	5000.0613	0.0071	0.0071	0
269	0	0.0000	0.4	0:33:34:16:17:0	0.0000	0.0107	147584.8398	294.8886	5000.0623	0.0000	0.0000	0
270	25	0.0000	0.4	0:33:34:16:17:0	0.2456	0.0104	147168.6024	296.7597	5000.0628	0.0020	0.0020	2	0
271	12	0.0000	0.4	0:33:34:16:17:0	0.1202	0.0164	146996.5419	292.8777	5000.0632	0.0073	0.0073	0
272	18	0.0000	0.4	0:33:34:16:17:0	0.1793	0.0100	146872.8094	293.2453	5000.0627	0.0036	0.0036	0
273	21	0.0000	0.4	0:33:34:16:17:0	0.2071	0.0089	147486.4913	293.4609	5000.0617	0.0080	0.0080	0
274	23	0.0000	0.4	0:33:34:16:17:0	0.2258	0.0121	146501.8939	289.0651	5000.0638	0.0039	0.0039	0	2
275	24	0.0000	0.4	0:33:34:16:17:0	0.2347	0.0127	147350.2727	296.5972	5000.0617	0.0079	0.0079	0	2
276	0	0.0000	0.8	0:33:34:16:17:0	0.0000	0.0121	147793.2147	265.0671	5000.0619	0.0000	0.0000	0
277	25	0.0000	0.8	0:33:34:16:17:0	0.2421	0.0109	147590.9866	271.3563	5000.0624	0.1231	0.1231	2	0
278	12	0.0000	0.8	0:33:34:16:17:0	0.1201	0.0116	147942.0706	270.3707	5000.0614	0.0519	0.0519	0
279	18	0.0000	0.8	0:33:34:16:17:0	0.1737	0.0097	147021.5964	272.2603	5000.0641	0.0779	0.0779	0
280	21	0.0000	0.8	0:33:34:16:17:0	0.2074	0.0143	147364.6244	273.1187	5000.0629	0.1133	0.1133	0	2
281	23	0.0000	0.8	0:33:34:16:17:0	0.2250	0.0110	146832.5350	272.7077	5000.0637	0.1045	0.1045	0	2
282	24	0.0000	0.8	0:33:34:16:17:0	0.2379	0.0117	147938.5863	271.9768	5000.0618	0.1134	0.1134	2	0
283	0	0.0000	1.01	0:33:34:16:17:0	0.0000	0.0146	147649.4046	248.3251	5000.0584	0.0000	0.0000	0
284	25	0.0000	1.01	0:33:34:16:17:0	0.2551	0.0171	147267.9820	247.8203	5000.0585	0.7126	0.7126	2	0
285	12	0.0000	1.01	0:33:34:16:17:0	0.1191	0.0137	147891.6015	248.0820	5000.0578	0.3816	0.3816	0
286	18	0.0000	1.01	0:33:34:16:17:0	0.1756	0.0139	147342.4702	244.0875	5000.0593	0.5902	0.5902	0	2
287	21	0.0000	1.01	0:33:34:16:17:0	0.2066	0.0124	147234.4014	245.2316	5000.0597	0.5773	0.5773	0	2
288	23	0.0000	1.01	0:33:34:16:17:0	0.2312	0.0148	147373.3286	242.0642	5000.0585	0.6747	0.6747	2
289	22	0.0000	1.01	0:33:34:16:17:0	0.2141	0.0122	147259.0935	244.0242	5000.0590	0.6972	0.6972	0	2
290	0	0.0000	1.2	0:33:34:16:17:0	0.0000	0.0158	147470.6354	219.5582	5000.0503	0.0000	0.0000	0
291	25	0.0000	1.2	0:33:34:16:17:0	0.2510	0.0156	147972.7740	221.3565	5000.0491	2.6719	2.6719	2
292	12	0.0000	1.2	0:33:34:16:17:0	0.1201	0.0150	147420.8321	223.9559	5000.0501	1.3161	1.3161	0
293	18	0.0000	1.2	0:33:34:16:17:0	0.1819	0.0199	147274.6163	219.9800	5000.0500	2.0862	2.0862	0
294	21	0.0000	1.2	0:33:34:16:17:0	0.2076	0.0157	147482.0144	224.9312	5000.0501	2.3345	2.3345	2	0
295	19	0.0000	1.2	0:33:34:16:17:0	0.1905	0.0168	148108.9417	218.4829	5000.0495	2.0526	2.0526	2	0
296	0	0.0000	1.4	0:33:34:16:17:0	0.0000	0.0216	147683.7597	201.9502	5000.0391	0.0000	0.0000	0
297	25	0.0000	1.4	0:33:34:16:17:0	0.2486	0.0199	147586.5989	206.7806	5000.0388	6.7624	6.7624	2	0
298	12	0.0000	1.4	0:33:34:16:17:0	0.1229	0.0201	147860.7208	201.2585	5000.0387	3.3364	3.3364	0
299	18	0.0000	1.4	0:33:34:16:17:0	0.1792	0.0198	147076.1703	202.4202	5000.0400	4.9583	4.9583	0
300	21	0.0000	1.4	0:33:34:16:17:0	0.2138	0.0192	147291.7104	205.2812	5000.0393	5.6231	5.6231	2	0
301	19	0.0000	1.4	0:33:34:16:17:0	0.1934	0.0191	147588.8229	199.0118	5000.0386	5.2550	5.2550	2	0
302	0	0.0000	1.5	0:16:17:33:34:0	0.0000	0.0418	72450.4702	208.7461	5000.2814	0.0000	0.0000	0
303	25	0.0000	1.5	0:16:17:33:34:0	0.1238	0.0402	72554.3889	213.4800	5000.2807	3.9430	3.9430	0
304	37	0.0000	1.5	0:16:17:33:34:0	0.1837	0.0398	72146.9483	215.5335	5000.2822	5.5511	5.5511	0
305	43	0.0000	1.5	0:16:17:33:34:0	0.2194	0.0399	73021.7491	216.8267	5000.2766	6.7058	6.7058	2	0
306	40	0.0000	1.5	0:16:17:33:34:0	0.2066	0.0450	73018.5768	209.7997	5000.2765	5.8636	5.8636	0
307	41	0.0000	1.5	0:16:17:33:34:0	0.2058	0.0401	72969.5353	217.3598	5000.2791	6.2796	6.2796	0	2
308	0	0.0000	0	0:16:17:33:34:0	0.0000	0.0150	72639.2512	358.6624	5000.3906	0.0000	0.0000	0
309	25	0.0000	0	0:16:17:33:34:0	0.1281	0.0145	72566.4843	356.6449	5000.3968	0.0000	0.0000	0
310	37	0.0000	0	0:16:17:33:34:0	0.1776	0.0110	72809.9679	373.6728	5000.3923	0.0000	0.0000	0
311	43	0.0000	0	0:16:17:33:34:0	0.2047	0.0141	71625.1707	372.5106	5000.4009	0.0060	0.0060	0
312	46	0.0000	0	0:16:17:33:34:0	0.2275	0.0155	73119.6222	372.7557	5000.3886	0.0056	0.0056	0
313	48	0.0000	0	0:16:17:33:34:0	0.2328	0.0114	72439.0769	365.1787	5000.3937	0.0033	0.0033	0
314	49	0.0000	0	0:16:17:33:34:0	0.2360	0.0109	72490.9968	363.0644	5000.3931	0.0033	0.0033	0
315	0	0.0000	0.4	0:16:17:33:34:0	0.0000	0.0146	72763.4346	354.8578	5000.3981	0.0000	0.0000	0
316	25	0.0000	0.4	0:16:17:33:34:0	0.1178	0.0077	72160.5689	355.3242	5000.4003	0.0000	0.0000	0
317	37	0.0000	0.4	0:16:17:33:34:0	0.1831	0.0082	72787.7313	358.6861	5000.3948	0.0000	0.0000	0
318	43	0.0000	0.4	0:16:17:33:34:0	0.2111	0.0100	72021.9227	359.3968	5000.4022	0.0034	0.0034	0
319	46	0.0000	0.4	0:16:17:33:34:0	0.2278	0.0168	73010.3640	359.4592	5000.3924	0.0101	0.0101	0
320	48	0.0000	0.4	0:16:17:33:34:0	0.2362	0.0079	72850.2681	361.0678	5000.3948	0.0034	0.0034	0
321	49	0.0000	0.4	0:16:17:33:34:0	0.2396	0.0086	72143.2016	364.1284	5000.4000	0.0155	0.0155	0
322	0	0.0000	0.8	0:16:17:33:34:0	0.0000	0.0129	72903.6655	315.5326	5000.3987	0.0000	0.0000	0
323	25	0.0000	0.8	0:16:17:33:34:0	0.1193	0.0094	72538.1620	331.3460	5000.4017	0.0538	0.0538	0
324	37	0.0000	0.8	0:16:17:33:34:0	0.1805	0.0155	72101.6115	327.2444	5000.4083	0.0796	0.0796	0
325	43	0.0000	0.8	0:16:17:33:34:0	0.2116	0.0130	72621.2313	318.4403	5000.4015	0.0735	0.0735	0
326	46	0.0000	0.8	0:16:17:33:34:0	0.2254	0.0145	72162.1690	327.0082	5000.4053	0.0752	0.0752	0
327	48	0.0000	0.8	0:16:17:33:34:0	0.2339	0.0100	73042.9438	321.8531	5000.3990	0.0806	0.0806	0
328	49	0.0000	0.8	0:16:17:33:34:0	0.2307	0.0148	72906.7209	325.8483	5000.3966	0.0782	0.0782	0
329	0	0.0000	1.01	0:16:17:33:34:0	0.0000	0.0154	72985.8934	285.7538	5000.3811	0.0000	0.0000	0
330	25	0.0000	1.01	0:16:17:33:34:0	0.1253	0.0149	72865.8980	283.1588	5000.3851	0.3116	0.3116	0
331	37	0.0000	1.01	0:16:17:33:34:0	0.1797	0.0157	72453.0299	284.3057	5000.3868	0.4213	0.4213	0
332	43	0.0000	1.01	0:16:17:33:34:0	0.2105	0.0169	73061.3763	284.3898	5000.3810	0.5141	0.5141	0
333	46	0.0000	1.01	0:16:17:33:34:0	0.2201	0.0158	72462.0814	284.5340	5000.3865	0.5551	0.5551	0
334	48	0.0000	1.01	0:16:17:33:34:0	0.2371	0.0136	73264.0190	289.4683	5000.3798	0.5246	0.5246	0
335	49	0.0000	1.01	0:16:17:33:34:0	0.2442	0.0141	72656.0504	282.8737	5000.3862	0.5882	0.5882	0
336	0	0.0000	1.2	0:16:17:33:34:0	0.0000	0.0249	72779.7650	250.4690	5000.3476	0.0000	0.0000	0
337	25	0.0000	1.2	0:16:17:33:34:0	0.1196	0.0216	73027.4830	247.3118	5000.3441	1.1742	1.1742	0
338	37	0.0000	1.2	0:16:17:33:34:0	0.1855	0.0222	72454.2767	249.4078	5000.3493	1.5898	1.5898	0
339	43	0.0000	1.2	0:16:17:33:34:0	0.2087	0.0239	72913.4344	246.9942	5000.3463	1.8424	1.8424	0
340	46	0.0000	1.2	0:16:17:33:34:0	0.2287	0.0227	72285.0647	252.1290	5000.3507	1.9137	1.9137	0	2
341	48	0.0000	1.2	0:16:17:33:34:0	0.2369	0.0268	72069.5747	249.2485	5000.3522	1.9581	1.9581	0	2
342	49	0.0000	1.2	0:16:17:33:34:0	0.2395	0.0217	72680.3220	248.8485	5000.3468	2.2502	2.2502	0	2
343	0	0.0000	1.4	0:16:17:33:34:0	0.0000	0.0354	71806.9411	221.1589	5000.3094	0.0000	0.0000	0
344	25	0.0000	1.4	0:16:17:33:34:0	0.1251	0.0340	72575.4129	220.2152	5000.3008	2.9284	2.9284	0
345	37	0.0000	1.4	0:16:17:33:34:0	0.1814	0.0337	73131.8474	225.0595	5000.2983	3.6263	3.6263	0
346	43	0.0000	1.4	0:16:17:33:34:0	0.2075	0.0334	72690.2701	228.3653	5000.2999	4.9386	4.9386	0	2
347	46	0.0000	1.4	0:16:17:33:34:0	0.2282	0.0340	72872.0658	222.3176	5000.3013	5.2443	5.2443	0	2
348	48	0.0000	1.4	0:16:17:33:34:0	0.2398	0.0354	72674.6530	223.6268	5000.3026	5.0325	5.0325	2	0
349	47	0.0000	1.4	0:16:17:33:34:0	0.2284	0.0341	72978.9187	223.2299	5000.2997	5.1463	5.1463	2	0
350	0	0.0000	1.5	0:0:0:50:50:0	0.0000	0.0669	7.0142	220.0280	10000.0000	0.0000	0.0000	0
351	25	0.0000	1.5	0:0:0:50:50:0	0.0000	0.0671	7.0077	216.7477	10000.0000	0.0000	0.0000	0
352	37	0.0000	1.5	0:0:0:50:50:0	0.0000	0.0672	7.0241	218.9524	10000.0000	0.0000	0.0000	0
353	43	0.0000	1.5	0:0:0:50:50:0	0.0000	0.0684	7.0087	222.9774	10000.0000	0.0000	0.0000	0
354	46	0.0000	1.5	0:0:0:50:50:0	0.0000	0.0678	7.0097	214.9391	10000.0000	0.0000	0.0000	0
355	48	0.0000	1.5	0:0:0:50:50:0	0.0000	0.0673	7.0328	220.2325	10000.0000	0.0000	0.0000	0
356	49	0.0000	1.5	0:0:0:50:50:0	0.0000	0.0673	7.0408	217.2322	10000.0000	0.0000	0.0000	0
357	0	0.0000	0	0:0:0:50:50:0	0.0000	0.0148	9.5113	419.8951	10000.0000	0.0000	0.0000	0
358	25	0.0000	0	0:0:0:50:50:0	0.0000	0.0130	9.5332	413.7391	10000.0000	0.0000	0.0000	0
359	37	0.0000	0	0:0:0:50:50:0	0.0000	0.0130	9.5281	422.3803	10000.0000	0.0000	0.0000	0
360	43	0.0000	0	0:0:0:50:50:0	0.0000	0.0159	9.4673	420.1154	10000.0000	0.0000	0.0000	0
361	46	0.0000	0	0:0:0:50:50:0	0.0000	0.0169	9.4903	413.4235	10000.0000	0.0000	0.0000	0
362	48	0.0000	0	0:0:0:50:50:0	0.0000	0.0145	9.4761	422.3888	10000.0000	0.0000	0.0000	0
363	49	0.0000	0	0:0:0:50:50:0	0.0000	0.0208	9.4891	418.2158	10000.0000	0.0000	0.0000	0
364	0	0.0000	0.4	0:0:0:50:50:0	0.0000	0.0105	9.5630	413.0729	10000.0000	0.0000	0.0000	0
365	25	0.0000	0.4	0:0:0:50:50:0	0.0000	0.0171	9.5998	421.8270	10000.0000	0.0000	0.0000	0
366	37	0.0000	0.4	0:0:0:50:50:0	0.0000	0.0154	9.5866	407.7772	10000.0000	0.0000	0.0000	0
367	43	0.0000	0.4	0:0:0:50:50:0	0.0000	0.0117	9.5901	414.0117	10000.0000	0.0000	0.0000	0
368	46	0.0000	0.4	0:0:0:50:50:0	0.0000	0.0096	9.5861	417.3044	10000.0000	0.0000	0.0000	0
369	48	0.0000	0.4	0:0:0:50:50:0	0.0000	0.0105	9.6180	406.8906	10000.0000	0.0000	0.0000	0
370	49	0.0000	0.4	0:0:0:50:50:0	0.0000	0.0191	9.6224	414.7526	10000.0000	0.0000	0.0000	0
371	0	0.0000	0.8	0:0:0:50:50:0	0.0000	0.0128	9.7132	357.5646	10000.0000	0.0000	0.0000	0
372	25	0.0000	0.8	0:0:0:50:50:0	0.0000	0.0183	9.6898	358.1447	10000.0000	0.0000	0.0000	0
373	37	0.0000	0.8	0:0:0:50:50:0	0.0000	0.0206	9.7182	360.7698	10000.0000	0.0000	0.0000	0
374	43	0.0000	0.8	0:0:0:50:50:0	0.0000	0.0146	9.7012	368.2264	10000.0000	0.0000	0.0000	0
375	46	0.0000	0.8	0:0:0:50:50:0	0.0000	0.0120	9.6764	365.1769	10000.0000	0.0000	0.0000	0
376	48	0.0000	0.8	0:0:0:50:50:0	0.0000	0.0184	9.6603	360.5141	10000.0000	0.0000	0.0000	0
377	49	0.0000	0.8	0:0:0:50:50:0	0.0000	0.0137	9.6986	356.7091	10000.0000	0.0000	0.0000	0
378	0	0.0000	1.01	0:0:0:50:50:0	0.0000	0.0181	9.3301	303.5827	10000.0000	0.0000	0.0000	0
379	25	0.0000	1.01	0:0:0:50:50:0	0.0000	0.0191	9.3156	305.1935	10000.0000	0.0000	0.0000	0
380	37	0.0000	1.01	0:0:0:50:50:0	0.0000	0.0200	9.3145	305.6071	10000.0000	0.0000	0.0000	0
381	43	0.0000	1.01	0:0:0:50:50:0	0.0000	0.0177	9.3272	314.4715	10000.0000	0.0000	0.0000	0
382	46	0.0000	1.01	0:0:0:50:50:0	0.0000	0.0204	9.3111	310.7243	10000.0000	0.0000	0.0000	0
383	48	0.0000	1.01	0:0:0:50:50:0	0.0000	0.0190	9.3450	305.2493	10000.0000	0.0000	0.0000	0
384	49	0.0000	1.01	0:0:0:50:50:0	0.0000	0.0172	9.3592	302.2860	10000.0000	0.0000	0.0000	0
385	0	0.0000	1.2	0:0:0:50:50:0	0.0000	0.0321	8.5663	262.6005	10000.0000	0.0000	0.0000	0
386	25	0.0000	1.2	0:0:0:50:50:0	0.0000	0.0333	8.5215	260.2582	10000.0000	0.0000	0.0000	0
387	37	0.0000	1.2	0:0:0:50:50:0	0.0000	0.0335	8.5369	258.5130	10000.0000	0.0000	0.0000	0
388	43	0.0000	1.2	0:0:0:50:50:0	0.0000	0.0337	8.5543	257.0802	10000.0000	0.0000	0.0000	0
389	46	0.0000	1.2	0:0:0:50:50:0	0.0000	0.0358	8.5086	264.0894	10000.0000	0.0000	0.0000	0
390	48	0.0000	1.2	0:0:0:50:50:0	0.0000	0.0322	8.5065	259.2639	10000.0000	0.0000	0.0000	0
391	49	0.0000	1.2	0:0:0:50:50:0	0.0000	0.0332	8.5302	260.6442	10000.0000	0.0000	0.0000	0
392	0	0.0000	1.4	0:0:0:50:50:0	0.0000	0.0562	7.4953	227.9690	10000.0000	0.0000	0.0000	0
393	25	0.0000	1.4	0:0:0:50:50:0	0.0000	0.0554	7.5203	234.8390	10000.0000	0.0000	0.0000	0
394	37	0.0000	1.4	0:0:0:50:50:0	0.0000	0.0546	7.4959	226.6310	10000.0000	0.0000	0.0000	0
395	43	0.0000	1.4	0:0:0:50:50:0	0.0000	0.0553	7.4975	224.8470	10000.0000	0.0000	0.0000	0
396	46	0.0000	1.4	0:0:0:50:50:0	0.0000	0.0555	7.4842	228.0149	10000.0000	0.0000	0.0000	0
397	48	0.0000	1.4	0:0:0:50:50:0	0.0000	0.0564	7.4920	234.7361	10000.0000	0.0000	0.0000	0
398	49	0.0000	1.4	0:0:0:50:50:0	0.0000	0.0590	7.4909	227.7753	10000.0000	0.0000	0.0000	0
