0	100	0.0000	0	50:50:0:0:0:0	1.4419	0.0174	29.9994	689.6203	0.6667	0.0004	0.0004	1	2
1	100	0.0000	0.1	50:50:0:0:0:0	1.4250	0.0123	29.9997	666.6640	0.6667	0.0008	0.0008	2	1
2	100	0.0000	0.2	50:50:0:0:0:0	1.4309	0.0107	29.9997	658.2091	0.6667	0.0000	0.0000	2	1
3	100	0.0000	0.3	50:50:0:0:0:0	1.3943	0.0092	29.9992	651.3427	0.6667	0.0004	0.0004	2	1
4	100	0.0000	0.4	50:50:0:0:0:0	1.4492	0.0168	29.9995	641.9298	0.6667	0.0000	0.0000	2	1
5	100	0.0000	0.5	50:50:0:0:0:0	1.4225	0.0082	29.9980	652.2865	0.6667	0.0012	0.0012	1	2
6	100	0.0000	0.6	50:50:0:0:0:0	1.4193	0.0091	29.9957	608.1649	0.6667	0.0047	0.0047	1	2
7	100	0.0000	0.7	50:50:0:0:0:0	1.4088	0.0110	29.9765	582.3881	0.6667	0.0193	0.0193	2	1
8	100	0.0000	0.8	50:50:0:0:0:0	1.4097	0.0126	29.9018	531.1789	0.6669	0.0950	0.0950	2
9	100	0.0000	0.9	50:50:0:0:0:0	1.4065	0.0117	29.5891	465.7537	0.6678	0.4278	0.4278	2
10	100	0.0000	1.01	50:50:0:0:0:0	1.4250	0.0174	28.5218	395.9774	0.6707	1.6927	1.6927	2
11	100	0.0000	1.1	50:50:0:0:0:0	1.4126	0.0157	27.0141	341.7968	0.6749	3.8285	3.8285	2
12	100	0.0000	1.2	50:50:0:0:0:0	1.4258	0.0171	25.2059	296.3077	0.6804	7.6562	7.6562	2
13	100	0.0000	1.3	50:50:0:0:0:0	1.4124	0.0207	23.5410	272.7732	0.6856	12.5838	12.5838	2
14	100	0.0000	1.4	50:50:0:0:0:0	1.4166	0.0264	22.2974	265.0375	0.6896	18.3639	18.3639	2
15	100	0.0000	1.5	50:50:0:0:0:0	1.4252	0.0273	21.4968	258.3765	0.6921	24.4283	24.4283	2
16	100	0.0000	0	50:0:0:0:50:0	0.7389	0.0196	22.5083	664.2326	0.6667	0.0000	0.0000	1	2
17	100	0.0000	0.1	50:0:0:0:50:0	0.7535	0.0106	22.4522	635.3138	0.6667	0.0000	0.0000	1	2
18	100	0.0000	0.2	50:0:0:0:50:0	0.7561	0.0156	22.5070	629.2637	0.6667	0.0004	0.0004	1	2
19	100	0.0000	0.3	50:0:0:0:50:0	0.7536	0.0124	22.4545	625.5368	0.6667	0.0008	0.0008	1	2
20	100	0.0000	0.4	50:0:0:0:50:0	0.7558	0.0148	22.4886	616.6769	0.6667	0.0008	0.0008	1	2
21	100	0.0000	0.5	50:0:0:0:50:0	0.7437	0.0103	22.4877	614.1947	0.6667	0.0015	0.0015	1	2
22	100	0.0000	0.6	50:0:0:0:50:0	0.7638	0.0158	22.5239	585.6144	0.6667	0.0034	0.0034	2	1
23	100	0.0000	0.7	50:0:0:0:50:0	0.7553	0.0181	22.5126	556.6617	0.6667	0.0105	0.0105	2	1
24	100	0.0000	0.8	50:0:0:0:50:0	0.7671	0.0192	22.4876	499.5394	0.6668	0.0825	0.0825	2
25	100	0.0000	0.9	50:0:0:0:50:0	0.7554	0.0132	22.4814	443.7872	0.6673	0.3198	0.3198	2
26	100	0.0000	1.01	50:0:0:0:50:0	0.7884	0.0244	22.2489	377.2987	0.6690	1.1451	1.1451	2
27	100	0.0000	1.1	50:0:0:0:50:0	0.8202	0.0171	21.8690	328.5141	0.6715	2.8036	2.8036	2
28	100	0.0000	1.2	50:0:0:0:50:0	0.8581	0.0175	21.1820	278.1656	0.6750	5.7426	5.7426	2
29	100	0.0000	1.3	50:0:0:0:50:0	0.8873	0.0199	20.4961	259.3554	0.6781	9.4661	9.4661	2
30	100	0.0000	1.4	50:0:0:0:50:0	0.9040	0.0242	19.8822	250.3140	0.6804	13.7330	13.7330	2
31	100	0.0000	1.5	50:0:0:0:50:0	0.9091	0.0223	19.3991	238.1790	0.6820	18.4281	18.4281	2
32	100	0.0000	0	0:50:0:0:0:50	0.7502	0.0161	22.5357	668.4654	0.6667	0.0008	0.0008	1	2
33	100	0.0000	0.1	0:50:0:0:0:50	0.7471	0.0131	22.5627	630.8747	0.6667	0.0004	0.0004	2	1
34	100	0.0000	0.2	0:50:0:0:0:50	0.7581	0.0177	22.4798	621.9735	0.6667	0.0000	0.0000	2	1
35	100	0.0000	0.3	0:50:0:0:0:50	0.7511	0.0136	22.4820	612.3322	0.6667	0.0000	0.0000	2	1
36	100	0.0000	0.4	0:50:0:0:0:50	0.7705	0.0192	22.5177	612.8196	0.6667	0.0000	0.0000	2	1
37	100	0.0000	0.5	0:50:0:0:0:50	0.7614	0.0089	22.5104	610.3932	0.6667	0.0012	0.0012	2	1
38	100	0.0000	0.6	0:50:0:0:0:50	0.7483	0.0096	22.5169	583.7831	0.6667	0.0043	0.0043	2	1
39	100	0.0000	0.7	0:50:0:0:0:50	0.7472	0.0095	22.5177	556.3680	0.6667	0.0159	0.0159	2
40	100	0.0000	0.8	0:50:0:0:0:50	0.7567	0.0225	22.5369	498.4183	0.6668	0.0750	0.0750	2
41	100	0.0000	0.9	0:50:0:0:0:50	0.7661	0.0129	22.4585	444.2046	0.6674	0.3377	0.3377	2
42	100	0.0000	1.01	0:50:0:0:0:50	0.8188	0.0129	22.3308	379.3260	0.6695	1.2495	1.2495	2
43	100	0.0000	1.1	0:50:0:0:0:50	0.8885	0.0203	21.9622	324.5444	0.6726	3.0536	3.0536	2
44	100	0.0000	1.2	0:50:0:0:0:50	0.9330	0.0151	21.1149	279.2155	0.6770	6.2058	6.2058	2
45	100	0.0000	1.3	0:50:0:0:0:50	0.9442	0.0529	19.1552	264.3308	0.6833	9.5140	9.5140	2
46	100	0.0000	1.4	0:50:0:0:0:50	0.9423	0.0663	17.2481	244.1161	0.6891	12.6218	12.6218	2
47	100	0.0000	1.5	0:50:0:0:0:50	0.9045	0.0743	15.5433	238.2769	0.6943	14.6570	14.6570	2
48	100	0.0000	0	0:33:67:0:0:0	0.5040	0.0142	19.9774	748.7238	0.8339	0.0005	0.0005	1
49	100	0.0000	0.1	0:33:67:0:0:0	0.4952	0.0208	19.9596	715.8270	0.8343	0.0009	0.0009	1
50	100	0.0000	0.2	0:33:67:0:0:0	0.4961	0.0172	19.9414	703.5572	0.8348	0.0000	0.0000	1
51	100	0.0000	0.3	0:33:67:0:0:0	0.4995	0.0172	19.9537	694.9262	0.8345	0.0004	0.0004	1
52	100	0.0000	0.4	0:33:67:0:0:0	0.4960	0.0118	19.9652	693.3576	0.8341	0.0014	0.0014	1
53	100	0.0000	0.5	0:33:67:0:0:0	0.4944	0.0107	19.9483	688.6883	0.8345	0.0004	0.0004	1
54	100	0.0000	0.6	0:33:67:0:0:0	0.4997	0.0209	19.9357	654.5824	0.8345	0.0035	0.0035	1
55	100	0.0000	0.7	0:33:67:0:0:0	0.5008	0.0221	19.8591	613.7037	0.8356	0.0129	0.0129	1
56	100	0.0000	0.8	0:33:67:0:0:0	0.4984	0.0117	19.6583	563.8935	0.8384	0.0549	0.0549	1	2
57	100	0.0000	0.9	0:33:67:0:0:0	0.5043	0.0110	19.4090	488.9675	0.8394	0.2382	0.2382	1	2
58	100	0.0000	1.01	0:33:67:0:0:0	0.5221	0.0209	18.7836	405.9480	0.8431	0.8969	0.8969	2	1
59	100	0.0000	1.1	0:33:67:0:0:0	0.5451	0.0321	17.8842	341.0717	0.8500	1.9847	1.9847	2
60	100	0.0000	1.2	0:33:67:0:0:0	0.5623	0.0398	16.6795	286.2251	0.8622	3.8220	3.8220	2
61	100	0.0000	1.3	0:33:67:0:0:0	0.5622	0.0466	15.6036	262.0028	0.8763	5.9956	5.9956	2	1
62	100	0.0000	1.4	0:33:67:0:0:0	0.5579	0.0524	14.6452	235.1926	0.8928	7.9750	7.9750	2	1
63	100	0.0000	1.5	0:33:67:0:0:0	0.5483	0.0527	13.9676	226.9715	0.9071	9.5044	9.5044	1	2
64	100	0.0000	0	0:67:33:0:0:0	0.9968	0.0199	25.0933	708.2932	0.7318	0.0008	0.0008	1	2
65	100	0.0000	0.1	0:67:33:0:0:0	1.0006	0.0174	25.0617	687.1260	0.7323	0.0009	0.0009	1	2
66	100	0.0000	0.2	0:67:33:0:0:0	0.9875	0.0136	25.0554	673.0818	0.7324	0.0004	0.0004	1	2
67	100	0.0000	0.3	0:67:33:0:0:0	1.0021	0.0174	25.0689	663.4682	0.7322	0.0004	0.0004	1	2
68	100	0.0000	0.4	0:67:33:0:0:0	0.9968	0.0226	25.0367	662.0126	0.7326	0.0013	0.0013	1	2
69	100	0.0000	0.5	0:67:33:0:0:0	0.9921	0.0144	25.0106	663.1978	0.7328	0.0000	0.0000	1	2
70	100	0.0000	0.6	0:67:33:0:0:0	0.9949	0.0218	24.9585	626.4066	0.7329	0.0066	0.0066	1	2
71	100	0.0000	0.7	0:67:33:0:0:0	1.0012	0.0191	24.7919	591.7012	0.7337	0.0233	0.0233	1	2
72	100	0.0000	0.8	0:67:33:0:0:0	1.0153	0.0213	24.3280	544.8316	0.7364	0.1104	0.1104	2	1
73	100	0.0000	0.9	0:67:33:0:0:0	1.0067	0.0200	23.4727	480.5736	0.7398	0.4350	0.4350	2
74	100	0.0000	1.01	0:67:33:0:0:0	1.0504	0.0344	21.7618	393.9549	0.7471	1.5608	1.5608	2
75	100	0.0000	1.1	0:67:33:0:0:0	1.0485	0.0460	19.7809	341.5623	0.7575	3.4046	3.4046	2
76	100	0.0000	1.2	0:67:33:0:0:0	1.0865	0.0627	17.3987	301.9566	0.7743	6.7167	6.7167	2
77	100	0.0000	1.3	0:67:33:0:0:0	1.0951	0.0768	15.2117	281.0015	0.7948	10.7297	10.7297	2
78	100	0.0000	1.4	0:67:33:0:0:0	1.0910	0.0862	13.4648	257.5525	0.8168	14.6301	14.6301	1	2
79	100	0.0000	1.5	0:67:33:0:0:0	1.0944	0.0881	12.1434	255.2532	0.8370	18.3744	18.3744	1
80	100	0.0000	0	0:50:0:50:0:0	0.7415	0.0109	25.0153	684.8043	0.6999	0.0008	0.0008	1	2
81	100	0.0000	0.1	0:50:0:50:0:0	0.7435	0.0190	24.9960	649.1360	0.7000	0.0004	0.0004	1	2
82	100	0.0000	0.2	0:50:0:50:0:0	0.7374	0.0129	25.0009	644.8347	0.7000	0.0013	0.0013	1	2
83	100	0.0000	0.3	0:50:0:50:0:0	0.7502	0.0086	25.0030	635.1823	0.7000	0.0008	0.0008	1	2
84	100	0.0000	0.4	0:50:0:50:0:0	0.7300	0.0101	24.9606	630.8177	0.7002	0.0008	0.0008	1	2
85	100	0.0000	0.5	0:50:0:50:0:0	0.7433	0.0102	24.9449	630.7800	0.7002	0.0004	0.0004	1	2
86	100	0.0000	0.6	0:50:0:50:0:0	0.7365	0.0169	24.8535	600.7478	0.7006	0.0036	0.0036	1	2
87	100	0.0000	0.7	0:50:0:50:0:0	0.7524	0.0139	24.6196	556.6152	0.7015	0.0155	0.0155	2	1
88	100	0.0000	0.8	0:50:0:50:0:0	0.7394	0.0159	24.0705	511.8979	0.7037	0.0601	0.0601	2
89	100	0.0000	0.9	0:50:0:50:0:0	0.7630	0.0164	22.9906	454.9679	0.7081	0.3029	0.3029	2
90	100	0.0000	1.01	0:50:0:50:0:0	0.7789	0.0267	21.1072	383.8922	0.7162	0.9830	0.9830	2
91	100	0.0000	1.1	0:50:0:50:0:0	0.7971	0.0327	19.2992	331.9878	0.7247	2.2231	2.2231	2
92	100	0.0000	1.2	0:50:0:50:0:0	0.7997	0.0425	17.2837	284.3353	0.7356	4.1017	4.1017	2
93	100	0.0000	1.3	0:50:0:50:0:0	0.7924	0.0459	15.6275	259.7548	0.7458	6.1319	6.1319	2
94	100	0.0000	1.4	0:50:0:50:0:0	0.7858	0.0468	14.3853	238.4400	0.7546	7.8415	7.8415	2
95	100	0.0000	1.5	0:50:0:50:0:0	0.7753	0.0426	13.5056	228.7094	0.7615	9.0783	9.0783	2
96	100	0.0000	0	0:50:0:0:50:0	0.7574	0.0124	22.5294	651.4908	0.6667	0.0012	0.0012	1	2
97	100	0.0000	0.1	0:50:0:0:50:0	0.7481	0.0103	22.4821	618.1242	0.6667	0.0004	0.0004	2	1
98	100	0.0000	0.2	0:50:0:0:50:0	0.7387	0.0110	22.4933	604.0801	0.6667	0.0004	0.0004	2	1
99	100	0.0000	0.3	0:50:0:0:50:0	0.7497	0.0193	22.4895	602.4196	0.6667	0.0004	0.0004	2	1
100	100	0.0000	0.4	0:50:0:0:50:0	0.7633	0.0115	22.4469	600.4819	0.6668	0.0016	0.0016	2	1
101	100	0.0000	0.5	0:50:0:0:50:0	0.7518	0.0171	22.4156	603.7205	0.6669	0.0004	0.0004	2	1
102	100	0.0000	0.6	0:50:0:0:50:0	0.7509	0.0163	22.2359	568.8756	0.6674	0.0049	0.0049	2	1
103	100	0.0000	0.7	0:50:0:0:50:0	0.7497	0.0124	21.8488	532.8562	0.6686	0.0197	0.0197	2
104	100	0.0000	0.8	0:50:0:0:50:0	0.7646	0.0205	21.0696	488.7630	0.6712	0.0789	0.0789	2
105	100	0.0000	0.9	0:50:0:0:50:0	0.7699	0.0168	19.6416	425.1563	0.6760	0.3826	0.3826	2
106	100	0.0000	1.01	0:50:0:0:50:0	0.7688	0.0257	17.6246	367.5872	0.6837	1.1969	1.1969	2
107	100	0.0000	1.1	0:50:0:0:50:0	0.7786	0.0326	15.8351	318.8537	0.6910	2.6419	2.6419	2
108	100	0.0000	1.2	0:50:0:0:50:0	0.7833	0.0438	14.1936	279.6847	0.6981	5.1443	5.1443	2
109	100	0.0000	1.3	0:50:0:0:50:0	0.7976	0.0520	13.0971	250.0586	0.7030	8.0436	8.0436	2
110	100	0.0000	1.4	0:50:0:0:50:0	0.8064	0.0578	12.5799	239.8022	0.7054	11.6701	11.6701	2
111	100	0.0000	1.5	0:50:0:0:50:0	0.8922	0.0534	15.2005	229.8259	0.6972	20.7160	20.7160	2
112	100	0.0000	0	50:0:0:50:0:0	0.7467	0.0089	25.0037	687.7327	0.7000	0.0000	0.0000	1	2
113	100	0.0000	0.1	50:0:0:50:0:0	0.7622	0.0109	25.0159	652.6897	0.6999	0.0004	0.0004	1	2
114	100	0.0000	0.2	50:0:0:50:0:0	0.7438	0.0080	24.9848	646.4408	0.7001	0.0000	0.0000	1	2
115	100	0.0000	0.3	50:0:0:50:0:0	0.7528	0.0086	24.9782	641.3997	0.7002	0.0012	0.0012	1	2
116	100	0.0000	0.4	50:0:0:50:0:0	0.7530	0.0230	24.9837	631.6354	0.7001	0.0008	0.0008	1	2
117	100	0.0000	0.5	50:0:0:50:0:0	0.7556	0.0225	24.9888	631.2781	0.7001	0.0004	0.0004	1	2
118	100	0.0000	0.6	50:0:0:50:0:0	0.7392	0.0135	25.0038	596.0125	0.7000	0.0043	0.0043	1	2
119	100	0.0000	0.7	50:0:0:50:0:0	0.7561	0.0186	24.9738	571.9569	0.7002	0.0170	0.0170	1	2
120	100	0.0000	0.8	50:0:0:50:0:0	0.7553	0.0120	24.9739	520.0886	0.7000	0.0616	0.0616	2	1
121	100	0.0000	0.9	50:0:0:50:0:0	0.7524	0.0167	24.8609	457.8073	0.7002	0.2798	0.2798	2
122	100	0.0000	1.01	50:0:0:50:0:0	0.7786	0.0124	24.4408	386.5229	0.7009	1.0569	1.0569	2
123	100	0.0000	1.1	50:0:0:50:0:0	0.8075	0.0133	23.7788	331.6929	0.7020	2.5137	2.5137	2
124	100	0.0000	1.2	50:0:0:50:0:0	0.8361	0.0117	22.7796	281.1451	0.7045	5.1314	5.1314	2
125	100	0.0000	1.3	50:0:0:50:0:0	0.8591	0.0162	21.8203	267.9289	0.7072	8.4598	8.4598	2
126	100	0.0000	1.4	50:0:0:50:0:0	0.8619	0.0152	21.0831	242.2592	0.7093	12.4811	12.4811	2
127	100	0.0000	1.5	50:0:0:50:0:0	0.8754	0.0173	20.5278	237.6177	0.7109	16.4911	16.4911	2
128	100	0.0000	0	33:0:67:0:0:0	0.4955	0.0147	19.9503	752.8427	0.8346	0.0004	0.0004	1
129	100	0.0000	0.1	33:0:67:0:0:0	0.4999	0.0178	19.9310	715.8937	0.8351	0.0009	0.0009	1
130	100	0.0000	0.2	33:0:67:0:0:0	0.4987	0.0130	19.9393	716.6108	0.8349	0.0000	0.0000	1
131	100	0.0000	0.3	33:0:67:0:0:0	0.4988	0.0162	19.9622	700.0323	0.8343	0.0005	0.0005	1
132	100	0.0000	0.4	33:0:67:0:0:0	0.4908	0.0132	19.9315	683.4065	0.8351	0.0005	0.0005	1
133	100	0.0000	0.5	33:0:67:0:0:0	0.4941	0.0135	19.9281	697.9456	0.8351	0.0018	0.0018	1
134	100	0.0000	0.6	33:0:67:0:0:0	0.4959	0.0087	19.9624	654.0889	0.8343	0.0022	0.0022	1
135	100	0.0000	0.7	33:0:67:0:0:0	0.4935	0.0145	19.9197	617.7810	0.8353	0.0139	0.0139	1
136	100	0.0000	0.8	33:0:67:0:0:0	0.4937	0.0098	19.9066	557.4141	0.8351	0.0429	0.0429	1
137	100	0.0000	0.9	33:0:67:0:0:0	0.4966	0.0176	19.8816	487.9988	0.8341	0.2241	0.2241	1	2
138	100	0.0000	1.01	33:0:67:0:0:0	0.5180	0.0100	19.7114	411.0162	0.8318	0.8640	0.8640	2	1
139	100	0.0000	1.1	33:0:67:0:0:0	0.5525	0.0198	19.4006	345.4051	0.8295	2.0843	2.0843	2
140	100	0.0000	1.2	33:0:67:0:0:0	0.5755	0.0168	18.8509	296.2383	0.8282	4.3708	4.3708	2
141	100	0.0000	1.3	33:0:67:0:0:0	0.5864	0.0114	18.3507	258.6502	0.8270	7.2016	7.2016	2
142	100	0.0000	1.4	33:0:67:0:0:0	0.6015	0.0175	17.8266	246.1165	0.8284	10.6324	10.6324	2
143	100	0.0000	1.5	33:0:67:0:0:0	0.6027	0.0160	17.4629	230.9657	0.8298	14.0506	14.0506	2
144	100	0.0000	0	67:0:33:0:0:0	0.9971	0.0158	25.0488	725.9886	0.7325	0.0000	0.0000	1	2
145	100	0.0000	0.1	67:0:33:0:0:0	0.9852	0.0161	25.0704	688.1759	0.7322	0.0009	0.0009	1	2
146	100	0.0000	0.2	67:0:33:0:0:0	0.9878	0.0092	25.0288	684.6402	0.7329	0.0004	0.0004	1
147	100	0.0000	0.3	67:0:33:0:0:0	0.9915	0.0085	25.0333	674.8857	0.7328	0.0000	0.0000	1	2
148	100	0.0000	0.4	67:0:33:0:0:0	0.9783	0.0081	25.0295	662.9356	0.7329	0.0004	0.0004	1
149	100	0.0000	0.5	67:0:33:0:0:0	0.9892	0.0178	25.0507	669.5598	0.7325	0.0008	0.0008	1
150	100	0.0000	0.6	67:0:33:0:0:0	1.0168	0.0147	25.1040	631.0104	0.7316	0.0065	0.0065	1	2
151	100	0.0000	0.7	67:0:33:0:0:0	0.9806	0.0084	25.0315	595.0562	0.7327	0.0251	0.0251	1	2
152	100	0.0000	0.8	67:0:33:0:0:0	0.9931	0.0152	25.0316	545.5960	0.7320	0.0807	0.0807	1	2
153	100	0.0000	0.9	67:0:33:0:0:0	0.9907	0.0103	24.8727	479.4319	0.7322	0.3789	0.3789	2	1
154	100	0.0000	1.01	67:0:33:0:0:0	1.0072	0.0150	24.3204	407.5708	0.7320	1.3404	1.3404	2
155	100	0.0000	1.1	67:0:33:0:0:0	1.0271	0.0159	23.5259	347.2585	0.7318	3.2774	3.2774	2
156	100	0.0000	1.2	67:0:33:0:0:0	1.0656	0.0133	22.3410	302.2570	0.7337	6.7045	6.7045	2
157	100	0.0000	1.3	67:0:33:0:0:0	1.0683	0.0126	21.1775	270.7881	0.7370	11.0250	11.0250	2
158	100	0.0000	1.4	67:0:33:0:0:0	1.0778	0.0154	20.3759	262.3535	0.7390	15.8799	15.8799	2
159	100	0.0000	1.5	67:0:33:0:0:0	1.0826	0.0134	19.6892	247.4339	0.7416	21.0442	21.0442	2
160	100	0.0000	0	50:0:0:0:0:50	0.7560	0.0132	22.5015	664.9036	0.6667	0.0008	0.0008	1	2
161	100	0.0000	0.1	50:0:0:0:0:50	0.7365	0.0129	22.4835	625.3178	0.6667	0.0000	0.0000	1	2
162	100	0.0000	0.2	50:0:0:0:0:50	0.7430	0.0149	22.5455	625.3785	0.6667	0.0012	0.0012	1	2
163	100	0.0000	0.3	50:0:0:0:0:50	0.7498	0.0177	22.5010	620.7016	0.6667	0.0004	0.0004	1	2
164	100	0.0000	0.4	50:0:0:0:0:50	0.7499	0.0171	22.5299	619.4821	0.6667	0.0008	0.0008	1	2
165	100	0.0000	0.5	50:0:0:0:0:50	0.7504	0.0167	22.4622	613.2277	0.6667	0.0015	0.0015	1	2
166	100	0.0000	0.6	50:0:0:0:0:50	0.7521	0.0146	22.5265	584.5105	0.6667	0.0050	0.0050	2	1
167	100	0.0000	0.7	50:0:0:0:0:50	0.7436	0.0181	22.5128	548.2795	0.6667	0.0140	0.0140	2	1
168	100	0.0000	0.8	50:0:0:0:0:50	0.7660	0.0160	22.4671	511.6509	0.6668	0.0737	0.0737	2
169	100	0.0000	0.9	50:0:0:0:0:50	0.7589	0.0129	22.4976	438.3786	0.6673	0.3169	0.3169	2
170	100	0.0000	1.01	50:0:0:0:0:50	0.7875	0.0141	22.2189	379.1795	0.6690	1.2048	1.2048	2
171	100	0.0000	1.1	50:0:0:0:0:50	0.8330	0.0159	21.8192	328.7231	0.6714	2.9017	2.9017	2
172	100	0.0000	1.2	50:0:0:0:0:50	0.8644	0.0198	21.1463	288.0716	0.6747	5.9723	5.9723	2
173	100	0.0000	1.3	50:0:0:0:0:50	0.8831	0.0179	20.4175	263.0089	0.6777	9.8271	9.8271	2
174	100	0.0000	1.4	50:0:0:0:0:50	0.8930	0.0195	19.7848	251.3262	0.6799	14.2710	14.2710	2
175	100	0.0000	1.5	50:0:0:0:0:50	0.9034	0.0194	19.3416	239.8435	0.6812	18.9492	18.9492	2
176	100	0.0000	0	100:0:0:0:0:0	1.4140	0.0150	29.9992	697.3449	0.6667	0.0000	0.0000	1	2
177	100	0.0000	0.1	100:0:0:0:0:0	1.3982	0.0197	29.9993	658.2683	0.6667	0.0008	0.0008	1	2
178	100	0.0000	0.2	100:0:0:0:0:0	1.4192	0.0173	29.9989	655.5524	0.6667	0.0004	0.0004	1	2
179	100	0.0000	0.3	100:0:0:0:0:0	1.3709	0.0118	29.9993	655.4577	0.6667	0.0004	0.0004	1	2
180	100	0.0000	0.4	100:0:0:0:0:0	1.4118	0.0205	29.9996	644.4944	0.6667	0.0008	0.0008	1	2
181	100	0.0000	0.5	100:0:0:0:0:0	1.4299	0.0101	29.9976	645.4746	0.6667	0.0004	0.0004	1	2
182	100	0.0000	0.6	100:0:0:0:0:0	1.4174	0.0168	29.9926	616.0974	0.6667	0.0035	0.0035	1	2
183	100	0.0000	0.7	100:0:0:0:0:0	1.4070	0.0192	29.9762	583.5161	0.6667	0.0249	0.0249	2	1
184	100	0.0000	0.8	100:0:0:0:0:0	1.4323	0.0096	29.8897	530.6887	0.6669	0.0977	0.0977	2	1
185	100	0.0000	0.9	100:0:0:0:0:0	1.4263	0.0164	29.5598	478.8298	0.6678	0.4715	0.4715	2
186	100	0.0000	1.01	100:0:0:0:0:0	1.4072	0.0130	28.4508	397.8238	0.6706	1.7416	1.7416	2
187	100	0.0000	1.1	100:0:0:0:0:0	1.3931	0.0126	26.8642	341.4857	0.6748	4.0472	4.0472	2
188	100	0.0000	1.2	100:0:0:0:0:0	1.3938	0.0210	24.9693	300.6390	0.6801	7.8659	7.8659	2
189	100	0.0000	1.3	100:0:0:0:0:0	1.3969	0.0147	23.3595	272.6304	0.6849	13.0011	13.0011	2
190	100	0.0000	1.4	100:0:0:0:0:0	1.3887	0.0175	22.1651	267.5902	0.6886	18.8762	18.8762	2
191	100	0.0000	1.5	100:0:0:0:0:0	1.4005	0.0169	21.3694	253.0156	0.6909	25.1022	25.1022	2
192	100	0.0000	0	0:100:0:0:0:0	1.3835	0.0092	29.9988	684.7000	0.6667	0.0008	0.0008	1	2
193	100	0.0000	0.1	0:100:0:0:0:0	1.3963	0.0084	29.9982	648.3459	0.6667	0.0008	0.0008	2	1
194	100	0.0000	0.2	0:100:0:0:0:0	1.3841	0.0177	29.9991	642.4885	0.6667	0.0004	0.0004	2	1
195	100	0.0000	0.3	0:100:0:0:0:0	1.4003	0.0166	29.9966	639.4908	0.6667	0.0004	0.0004	2	1
196	100	0.0000	0.4	0:100:0:0:0:0	1.4102	0.0167	29.9944	628.2289	0.6667	0.0012	0.0012	2	1
197	100	0.0000	0.5	0:100:0:0:0:0	1.4069	0.0119	29.9814	636.6255	0.6667	0.0019	0.0019	2	1
198	100	0.0000	0.6	0:100:0:0:0:0	1.4039	0.0168	29.9551	598.0870	0.6668	0.0081	0.0081	2	1
199	100	0.0000	0.7	0:100:0:0:0:0	1.3949	0.0214	29.8762	568.9182	0.6669	0.0331	0.0331	2
200	100	0.0000	0.8	0:100:0:0:0:0	1.4241	0.0195	29.6407	519.6464	0.6675	0.1305	0.1305	2
201	100	0.0000	0.9	0:100:0:0:0:0	1.4316	0.0324	28.9751	454.1714	0.6692	0.6042	0.6042	2
202	100	0.0000	1.01	0:100:0:0:0:0	1.4300	0.0541	27.2176	378.4292	0.6738	2.2182	2.2182	2
203	100	0.0000	1.1	0:100:0:0:0:0	1.4392	0.0722	25.0381	326.7674	0.6802	5.0650	5.0650	2
204	100	0.0000	1.2	0:100:0:0:0:0	1.4604	0.0943	21.8867	293.6300	0.6908	9.8972	9.8972	2
205	100	0.0000	1.3	0:100:0:0:0:0	1.4974	0.1085	18.4949	278.6903	0.7039	15.6602	15.6602	2
206	100	0.0000	1.4	0:100:0:0:0:0	1.5184	0.1105	16.0993	267.0971	0.7153	22.7929	22.7929	2
207	100	0.0000	1.5	0:100:0:0:0:0	1.5676	0.1216	13.5817	267.4109	0.7294	30.2975	30.2975	2
