0	0	0.0000	0	50:50:0:0:0:0	0.0000	0.0174	30.0000	560.7158	0.6667	0.0000	0.0000	0
1	25	0.0000	0	50:50:0:0:0:0	0.3615	0.0209	30.0000	549.3860	0.6667	0.0000	0.0000	1	2
2	12	0.0000	0	50:50:0:0:0:0	0.1912	0.0143	30.0000	549.4723	0.6667	0.0000	0.0000	0
3	18	0.0000	0	50:50:0:0:0:0	0.2493	0.0215	30.0000	546.1636	0.6667	0.0000	0.0000	1	2
4	15	0.0000	0	50:50:0:0:0:0	0.2425	0.0155	30.0000	541.5429	0.6667	0.0000	0.0000	0	1
5	16	0.0000	0	50:50:0:0:0:0	0.2443	0.0163	29.9998	547.6845	0.6667	0.0000	0.0000	1	0
6	0	0.0000	0.4	50:50:0:0:0:0	0.0000	0.0130	30.0000	512.7107	0.6667	0.0000	0.0000	0
7	25	0.0000	0.4	50:50:0:0:0:0	0.3515	0.0184	30.0000	507.2446	0.6667	0.0000	0.0000	2	1
8	12	0.0000	0.4	50:50:0:0:0:0	0.1862	0.0193	30.0000	496.5770	0.6667	0.0000	0.0000	0
9	18	0.0000	0.4	50:50:0:0:0:0	0.2537	0.0184	30.0000	503.5694	0.6667	0.0000	0.0000	1	2
10	15	0.0000	0.4	50:50:0:0:0:0	0.2141	0.0158	30.0000	499.3145	0.6667	0.0000	0.0000	0	2
11	16	0.0000	0.4	50:50:0:0:0:0	0.2512	0.0173	30.0000	509.7095	0.6667	0.0000	0.0000	2	1
12	0	0.0000	0.8	50:50:0:0:0:0	0.0000	0.0136	30.0000	396.2918	0.6667	0.0000	0.0000	0
13	25	0.0000	0.8	50:50:0:0:0:0	0.3837	0.0203	29.9826	404.4332	0.6667	0.0903	0.0903	2
14	12	0.0000	0.8	50:50:0:0:0:0	0.1784	0.0169	29.9908	396.9506	0.6667	0.0346	0.0346	0	2
15	18	0.0000	0.8	50:50:0:0:0:0	0.2742	0.0199	29.9829	416.7545	0.6667	0.0846	0.0846	2
16	15	0.0000	0.8	50:50:0:0:0:0	0.2223	0.0196	29.9892	396.6293	0.6667	0.0638	0.0638	2	1
17	13	0.0000	0.8	50:50:0:0:0:0	0.1859	0.0160	29.9902	408.3704	0.6667	0.0523	0.0523	0	2
18	0	0.0000	1.01	50:50:0:0:0:0	0.0000	0.0150	30.0000	281.9658	0.6667	0.0000	0.0000	0
19	25	0.0000	1.01	50:50:0:0:0:0	0.3904	0.0171	29.6981	300.0991	0.6674	1.2632	1.2632	2
20	12	0.0000	1.01	50:50:0:0:0:0	0.1885	0.0172	29.8414	283.2677	0.6671	0.6647	0.6647	0
21	18	0.0000	1.01	50:50:0:0:0:0	0.2829	0.0164	29.7762	289.7119	0.6672	0.9974	0.9974	2
22	15	0.0000	1.01	50:50:0:0:0:0	0.2317	0.0168	29.8134	290.2751	0.6672	0.7748	0.7748	2	0
23	13	0.0000	1.01	50:50:0:0:0:0	0.2011	0.0146	29.8074	291.4189	0.6671	0.6750	0.6750	2
24	0	0.0000	1.2	50:50:0:0:0:0	0.0000	0.0130	30.0000	200.9706	0.6667	0.0000	0.0000	0
25	25	0.0000	1.2	50:50:0:0:0:0	0.4107	0.0130	28.7945	217.3423	0.6696	6.3075	6.3075	2
26	12	0.0000	1.2	50:50:0:0:0:0	0.2056	0.0114	29.3777	211.8184	0.6681	3.1364	3.1364	0
27	18	0.0000	1.2	50:50:0:0:0:0	0.2918	0.0111	29.0968	210.6407	0.6688	4.7588	4.7588	2
28	15	0.0000	1.2	50:50:0:0:0:0	0.2621	0.0122	29.2422	210.1636	0.6684	3.8084	3.8084	0	2
29	16	0.0000	1.2	50:50:0:0:0:0	0.2830	0.0167	29.1861	207.0628	0.6686	4.2506	4.2506	2	0
30	0	0.0000	1.4	50:50:0:0:0:0	0.0000	0.0120	30.0000	163.8059	0.6667	0.0000	0.0000	0
31	25	0.0000	1.4	50:50:0:0:0:0	0.4379	0.0123	28.1226	169.9772	0.6709	15.6998	15.6998	2	0
32	12	0.0000	1.4	50:50:0:0:0:0	0.2260	0.0101	28.9700	169.4803	0.6689	7.6918	7.6918	0
33	18	0.0000	1.4	50:50:0:0:0:0	0.3307	0.0099	28.5350	170.0821	0.6699	11.3446	11.3446	0
34	21	0.0000	1.4	50:50:0:0:0:0	0.3819	0.0119	28.3213	169.0689	0.6704	12.8094	12.8094	2	0
35	19	0.0000	1.4	50:50:0:0:0:0	0.3447	0.0115	28.4465	170.3664	0.6701	11.7036	11.7036	0
36	0	0.0000	1.5	50:50:0:0:0:0	0.0000	0.0126	30.0000	158.7495	0.6667	0.0000	0.0000	0
37	25	0.0000	1.5	50:50:0:0:0:0	0.4238	0.0134	27.8505	162.5691	0.6714	19.9348	19.9348	2	0
38	12	0.0000	1.5	50:50:0:0:0:0	0.2218	0.0082	28.8765	160.7814	0.6690	9.6681	9.6681	0
39	18	0.0000	1.5	50:50:0:0:0:0	0.3388	0.0106	28.3441	163.5815	0.6702	14.5263	14.5263	0	2
40	21	0.0000	1.5	50:50:0:0:0:0	0.3754	0.0130	28.1319	160.8464	0.6707	16.8177	16.8177	0
41	23	0.0000	1.5	50:50:0:0:0:0	0.4132	0.0117	28.0043	163.7408	0.6710	18.1059	18.1059	2	0
42	22	0.0000	1.5	50:50:0:0:0:0	0.3816	0.0106	28.0590	166.9729	0.6709	17.8628	17.8628	0	2
43	0	0.0000	0	50:0:0:0:50:0	0.0000	0.0221	22.4877	564.0333	0.6667	0.0000	0.0000	0
44	25	0.0000	0	50:0:0:0:50:0	0.1792	0.0230	22.4768	549.2741	0.6667	0.0000	0.0000	1	2
45	12	0.0000	0	50:0:0:0:50:0	0.0850	0.0177	22.4454	562.4416	0.6667	0.0000	0.0000	0
46	18	0.0000	0	50:0:0:0:50:0	0.1283	0.0177	22.5553	565.7033	0.6667	0.0000	0.0000	0	1
47	21	0.0000	0	50:0:0:0:50:0	0.1639	0.0151	22.4426	554.4993	0.6667	0.0000	0.0000	0	1
48	23	0.0000	0	50:0:0:0:50:0	0.1600	0.0164	22.5301	564.7927	0.6667	0.0000	0.0000	1	0
49	22	0.0000	0	50:0:0:0:50:0	0.1689	0.0180	22.4696	546.6875	0.6667	0.0000	0.0000	0	1
50	0	0.0000	0.4	50:0:0:0:50:0	0.0000	0.0156	22.5078	521.5838	0.6667	0.0000	0.0000	0
51	25	0.0000	0.4	50:0:0:0:50:0	0.1813	0.0148	22.5476	512.5506	0.6667	0.0000	0.0000	1	0
52	12	0.0000	0.4	50:0:0:0:50:0	0.0882	0.0130	22.4693	507.8705	0.6667	0.0000	0.0000	0
53	18	0.0000	0.4	50:0:0:0:50:0	0.1423	0.0157	22.5193	509.4600	0.6667	0.0030	0.0030	0	1
54	21	0.0000	0.4	50:0:0:0:50:0	0.1563	0.0171	22.5105	503.3483	0.6667	0.0000	0.0000	0	1
55	23	0.0000	0.4	50:0:0:0:50:0	0.1854	0.0188	22.4720	504.5197	0.6667	0.0000	0.0000	2	0
56	22	0.0000	0.4	50:0:0:0:50:0	0.1606	0.0159	22.4899	500.8715	0.6667	0.0000	0.0000	1	0
57	0	0.0000	0.8	50:0:0:0:50:0	0.0000	0.0130	22.5065	395.2052	0.6667	0.0000	0.0000	0
58	25	0.0000	0.8	50:0:0:0:50:0	0.1831	0.0189	22.5596	414.1552	0.6667	0.0696	0.0696	2
59	12	0.0000	0.8	50:0:0:0:50:0	0.0939	0.0152	22.6115	412.5930	0.6667	0.0252	0.0252	0
60	18	0.0000	0.8	50:0:0:0:50:0	0.1350	0.0127	22.5366	406.8925	0.6667	0.0550	0.0550	0	2
61	21	0.0000	0.8	50:0:0:0:50:0	0.1549	0.0179	22.5377	409.0355	0.6667	0.0401	0.0401	0	2
62	23	0.0000	0.8	50:0:0:0:50:0	0.1752	0.0117	22.5641	407.9098	0.6667	0.0402	0.0402	2
63	22	0.0000	0.8	50:0:0:0:50:0	0.1609	0.0182	22.5016	405.1048	0.6667	0.0592	0.0592	2	0
64	0	0.0000	1.01	50:0:0:0:50:0	0.0000	0.0153	22.5429	291.3491	0.6667	0.0000	0.0000	0
65	25	0.0000	1.01	50:0:0:0:50:0	0.2003	0.0117	22.4968	289.6845	0.6670	0.9944	0.9944	2
66	12	0.0000	1.01	50:0:0:0:50:0	0.0954	0.0122	22.4609	281.0629	0.6668	0.4558	0.4558	0
67	18	0.0000	1.01	50:0:0:0:50:0	0.1395	0.0123	22.5081	288.5780	0.6669	0.6765	0.6765	2	0
68	15	0.0000	1.01	50:0:0:0:50:0	0.1128	0.0153	22.4485	287.3838	0.6669	0.6003	0.6003	0	2
69	16	0.0000	1.01	50:0:0:0:50:0	0.1303	0.0165	22.4247	285.1494	0.6669	0.6042	0.6042	0	2
70	0	0.0000	1.2	50:0:0:0:50:0	0.0000	0.0142	22.4384	204.1838	0.6667	0.0000	0.0000	0
71	25	0.0000	1.2	50:0:0:0:50:0	0.2172	0.0080	22.2914	215.3630	0.6681	4.4252	4.4252	2
72	12	0.0000	1.2	50:0:0:0:50:0	0.1080	0.0114	22.3983	208.5535	0.6674	2.2353	2.2353	0
73	18	0.0000	1.2	50:0:0:0:50:0	0.1585	0.0134	22.3112	205.6705	0.6677	3.2118	3.2118	0	2
74	21	0.0000	1.2	50:0:0:0:50:0	0.1814	0.0102	22.3343	206.7461	0.6679	3.8586	3.8586	2	0
75	19	0.0000	1.2	50:0:0:0:50:0	0.1608	0.0136	22.3348	205.1616	0.6678	3.6254	3.6254	2	0
76	0	0.0000	1.4	50:0:0:0:50:0	0.0000	0.0095	22.4794	168.6616	0.6667	0.0000	0.0000	0
77	25	0.0000	1.4	50:0:0:0:50:0	0.2302	0.0109	22.0523	168.7687	0.6690	11.3426	11.3426	2	0
78	12	0.0000	1.4	50:0:0:0:50:0	0.1139	0.0103	22.3202	170.5948	0.6678	5.7165	5.7165	0
79	18	0.0000	1.4	50:0:0:0:50:0	0.1712	0.0089	22.0718	170.7807	0.6685	8.1671	8.1671	0
80	21	0.0000	1.4	50:0:0:0:50:0	0.1923	0.0104	22.0994	170.3241	0.6688	9.6599	9.6599	0
81	23	0.0000	1.4	50:0:0:0:50:0	0.2109	0.0104	22.0530	170.0614	0.6689	10.5780	10.5780	0	2
82	24	0.0000	1.4	50:0:0:0:50:0	0.2181	0.0096	22.0739	168.0550	0.6690	10.8432	10.8432	0
83	0	0.0000	1.5	50:0:0:0:50:0	0.0000	0.0131	22.4725	156.2725	0.6667	0.0000	0.0000	0
84	25	0.0000	1.5	50:0:0:0:50:0	0.2315	0.0105	21.9621	160.2680	0.6692	14.8127	14.8127	0
85	37	0.0000	1.5	50:0:0:0:50:0	0.3349	0.0127	21.7373	162.8672	0.6704	21.8250	21.8250	2
86	31	0.0000	1.5	50:0:0:0:50:0	0.2884	0.0110	21.7880	160.6497	0.6699	18.2354	18.2354	0	2
87	34	0.0000	1.5	50:0:0:0:50:0	0.3126	0.0110	21.7023	161.3155	0.6703	19.8467	19.8467	2	0
88	32	0.0000	1.5	50:0:0:0:50:0	0.2936	0.0144	21.7852	164.6131	0.6700	19.4046	19.4046	2	0
89	0	0.0000	0	0:50:0:0:0:50	0.0000	0.0211	22.4812	543.2539	0.6667	0.0000	0.0000	0
90	25	0.0000	0	0:50:0:0:0:50	0.1907	0.0205	22.4428	545.2649	0.6667	0.0000	0.0000	0	1
91	37	0.0000	0	0:50:0:0:0:50	0.2694	0.0218	22.3802	556.6698	0.6667	0.0000	0.0000	1
92	31	0.0000	0	0:50:0:0:0:50	0.2282	0.0163	22.4495	565.1870	0.6667	0.0000	0.0000	2	1
93	28	0.0000	0	0:50:0:0:0:50	0.2150	0.0155	22.4735	541.2520	0.6667	0.0000	0.0000	1
94	26	0.0000	0	0:50:0:0:0:50	0.1936	0.0179	22.3510	551.6468	0.6667	0.0000	0.0000	1	0
95	0	0.0000	0.4	0:50:0:0:0:50	0.0000	0.0159	22.4839	501.2614	0.6667	0.0000	0.0000	0
96	25	0.0000	0.4	0:50:0:0:0:50	0.1882	0.0134	22.4968	505.2418	0.6667	0.0000	0.0000	1	2
97	12	0.0000	0.4	0:50:0:0:0:50	0.0799	0.0162	22.5319	503.2396	0.6667	0.0000	0.0000	0
98	18	0.0000	0.4	0:50:0:0:0:50	0.1395	0.0173	22.3805	511.5842	0.6667	0.0000	0.0000	0
99	21	0.0000	0.4	0:50:0:0:0:50	0.1467	0.0161	22.4339	503.0370	0.6667	0.0023	0.0023	0	1
100	23	0.0000	0.4	0:50:0:0:0:50	0.1649	0.0182	22.5684	495.0353	0.6667	0.0000	0.0000	1	0
101	22	0.0000	0.4	0:50:0:0:0:50	0.1622	0.0202	22.5124	499.1953	0.6667	0.0000	0.0000	0	1
102	0	0.0000	0.8	0:50:0:0:0:50	0.0000	0.0172	22.5116	391.9562	0.6667	0.0000	0.0000	0
103	25	0.0000	0.8	0:50:0:0:0:50	0.1804	0.0188	22.4407	400.8680	0.6667	0.0486	0.0486	2
104	12	0.0000	0.8	0:50:0:0:0:50	0.0858	0.0144	22.5266	402.0041	0.6667	0.0338	0.0338	0
105	18	0.0000	0.8	0:50:0:0:0:50	0.1341	0.0168	22.4899	415.9944	0.6667	0.0514	0.0514	0	2
106	21	0.0000	0.8	0:50:0:0:0:50	0.1524	0.0148	22.5655	402.0214	0.6667	0.0448	0.0448	0	2
107	23	0.0000	0.8	0:50:0:0:0:50	0.1767	0.0124	22.5190	408.5047	0.6667	0.0296	0.0296	2	0
108	22	0.0000	0.8	0:50:0:0:0:50	0.1599	0.0118	22.4972	407.5797	0.6667	0.0582	0.0582	2	0
109	0	0.0000	1.01	0:50:0:0:0:50	0.0000	0.0143	22.4359	290.0662	0.6667	0.0000	0.0000	0
110	25	0.0000	1.01	0:50:0:0:0:50	0.1986	0.0182	22.4461	288.8827	0.6672	0.8989	0.8989	2
111	12	0.0000	1.01	0:50:0:0:0:50	0.1015	0.0146	22.5205	283.0080	0.6669	0.4328	0.4328	0
112	18	0.0000	1.01	0:50:0:0:0:50	0.1453	0.0127	22.5171	284.3075	0.6670	0.6562	0.6562	0
113	21	0.0000	1.01	0:50:0:0:0:50	0.1722	0.0157	22.4162	287.5113	0.6671	0.7678	0.7678	0	2
114	23	0.0000	1.01	0:50:0:0:0:50	0.1845	0.0158	22.4702	291.6664	0.6671	0.8141	0.8141	2	0
115	22	0.0000	1.01	0:50:0:0:0:50	0.1710	0.0167	22.4243	282.5826	0.6671	0.8744	0.8744	2
116	0	0.0000	1.2	0:50:0:0:0:50	0.0000	0.0121	22.4990	203.6244	0.6667	0.0000	0.0000	0
117	25	0.0000	1.2	0:50:0:0:0:50	0.2246	0.0127	22.2395	206.6924	0.6686	4.2347	4.2347	2	0
118	12	0.0000	1.2	0:50:0:0:0:50	0.1108	0.0088	22.4086	204.6284	0.6675	2.1506	2.1506	0
119	18	0.0000	1.2	0:50:0:0:0:50	0.1640	0.0115	22.3398	204.1665	0.6680	3.1149	3.1149	0
120	21	0.0000	1.2	0:50:0:0:0:50	0.1879	0.0101	22.3641	208.7781	0.6682	3.6333	3.6333	0	2
121	23	0.0000	1.2	0:50:0:0:0:50	0.2084	0.0120	22.3047	212.1413	0.6684	3.8791	3.8791	0	2
122	24	0.0000	1.2	0:50:0:0:0:50	0.2153	0.0146	22.2367	209.7352	0.6686	4.0379	4.0379	2	0
123	0	0.0000	1.4	0:50:0:0:0:50	0.0000	0.0140	22.4095	168.6183	0.6669	0.0000	0.0000	0
124	25	0.0000	1.4	0:50:0:0:0:50	0.2365	0.0325	21.3566	173.7046	0.6709	10.0247	10.0247	0	2
125	37	0.0000	1.4	0:50:0:0:0:50	0.3345	0.0430	20.5028	172.3892	0.6739	13.7858	13.7858	2
126	31	0.0000	1.4	0:50:0:0:0:50	0.2862	0.0384	20.5336	175.7289	0.6734	11.1719	11.1719	0	2
127	34	0.0000	1.4	0:50:0:0:0:50	0.3112	0.0406	20.2694	169.7022	0.6742	12.2318	12.2318	2	0
128	32	0.0000	1.4	0:50:0:0:0:50	0.2926	0.0374	20.3525	171.2317	0.6741	11.4037	11.4037	0	2
129	0	0.0000	1.5	0:50:0:0:0:50	0.0000	0.0190	21.8556	153.8038	0.6683	0.0000	0.0000	0
130	25	0.0000	1.5	0:50:0:0:0:50	0.2247	0.0359	20.2974	161.4928	0.6737	11.8941	11.8941	0
131	37	0.0000	1.5	0:50:0:0:0:50	0.3307	0.0424	19.5209	164.0009	0.6765	17.0266	17.0266	2
132	31	0.0000	1.5	0:50:0:0:0:50	0.2747	0.0443	19.6583	163.5101	0.6757	14.2335	14.2335	0
133	34	0.0000	1.5	0:50:0:0:0:50	0.2993	0.0493	19.3635	166.3550	0.6766	14.8444	14.8444	0	2
134	35	0.0000	1.5	0:50:0:0:0:50	0.2981	0.0524	19.1498	161.4220	0.6773	15.4784	15.4784	2
135	0	0.0000	0	0:33:67:0:0:0	0.0000	0.0228	20.0110	640.4584	0.8331	0.0000	0.0000	0
136	25	0.0000	0	0:33:67:0:0:0	0.1216	0.0179	19.9269	653.6087	0.8352	0.0000	0.0000	0
137	37	0.0000	0	0:33:67:0:0:0	0.1942	0.0189	19.9288	645.6227	0.8351	0.0000	0.0000	1	0
138	31	0.0000	0	0:33:67:0:0:0	0.1402	0.0171	19.9314	644.8997	0.8351	0.0000	0.0000	0	1
139	34	0.0000	0	0:33:67:0:0:0	0.1824	0.0183	19.9452	650.4804	0.8347	0.0000	0.0000	1	0
140	32	0.0000	0	0:33:67:0:0:0	0.1568	0.0186	20.0255	644.4469	0.8327	0.0000	0.0000	0	1
141	0	0.0000	0.4	0:33:67:0:0:0	0.0000	0.0201	19.9191	617.7996	0.8354	0.0000	0.0000	0
142	25	0.0000	0.4	0:33:67:0:0:0	0.1249	0.0132	20.0681	591.6473	0.8316	0.0000	0.0000	0
143	37	0.0000	0.4	0:33:67:0:0:0	0.1787	0.0188	19.9832	592.3185	0.8337	0.0000	0.0000	1
144	31	0.0000	0.4	0:33:67:0:0:0	0.1531	0.0181	19.9417	598.6402	0.8348	0.0000	0.0000	0	1
145	34	0.0000	0.4	0:33:67:0:0:0	0.1641	0.0174	19.9076	581.3778	0.8357	0.0000	0.0000	1	0
146	32	0.0000	0.4	0:33:67:0:0:0	0.1579	0.0151	19.9970	579.2428	0.8334	0.0000	0.0000	1	0
147	0	0.0000	0.8	0:33:67:0:0:0	0.0000	0.0192	20.0023	458.9944	0.8332	0.0000	0.0000	0
148	25	0.0000	0.8	0:33:67:0:0:0	0.1236	0.0190	19.8690	469.9380	0.8355	0.0494	0.0494	0
149	37	0.0000	0.8	0:33:67:0:0:0	0.1827	0.0186	19.8761	470.4391	0.8350	0.0568	0.0568	1	0
150	31	0.0000	0.8	0:33:67:0:0:0	0.1497	0.0139	19.8080	476.4218	0.8366	0.0499	0.0499	0	1
151	34	0.0000	0.8	0:33:67:0:0:0	0.1661	0.0146	19.9080	466.1781	0.8343	0.0501	0.0501	1	0
152	32	0.0000	0.8	0:33:67:0:0:0	0.1585	0.0132	19.8914	463.0958	0.8344	0.0580	0.0580	0	1
153	0	0.0000	1.01	0:33:67:0:0:0	0.0000	0.0136	19.9292	315.6294	0.8347	0.0000	0.0000	0
154	25	0.0000	1.01	0:33:67:0:0:0	0.1371	0.0214	19.6477	329.1563	0.8364	0.6531	0.6531	0
155	37	0.0000	1.01	0:33:67:0:0:0	0.1875	0.0181	19.4020	327.2229	0.8388	0.8833	0.8833	0	2
156	43	0.0000	1.01	0:33:67:0:0:0	0.2234	0.0210	19.3566	332.6462	0.8398	0.9632	0.9632	2	1
157	40	0.0000	1.01	0:33:67:0:0:0	0.2009	0.0182	19.3880	333.4068	0.8390	0.9414	0.9414	2	1
158	38	0.0000	1.01	0:33:67:0:0:0	0.2037	0.0182	19.4568	343.0126	0.8384	0.7843	0.7843	2
159	0	0.0000	1.2	0:33:67:0:0:0	0.0000	0.0125	19.8336	218.8081	0.8359	0.0000	0.0000	0
160	25	0.0000	1.2	0:33:67:0:0:0	0.1426	0.0276	18.9761	220.6017	0.8419	2.8848	2.8848	0
161	37	0.0000	1.2	0:33:67:0:0:0	0.2043	0.0305	18.5436	225.9493	0.8468	3.9141	3.9141	0	2
162	43	0.0000	1.2	0:33:67:0:0:0	0.2453	0.0327	18.2911	224.3812	0.8491	4.6760	4.6760	0	2
163	46	0.0000	1.2	0:33:67:0:0:0	0.2519	0.0355	18.2359	224.8355	0.8490	4.6420	4.6420	2
164	44	0.0000	1.2	0:33:67:0:0:0	0.2423	0.0343	18.2826	222.0242	0.8486	4.4848	4.4848	2	0
165	0	0.0000	1.4	0:33:67:0:0:0	0.0000	0.0149	19.5629	170.4556	0.8393	0.0000	0.0000	0
166	25	0.0000	1.4	0:33:67:0:0:0	0.1520	0.0309	18.3435	172.5785	0.8478	6.3081	6.3081	0
167	37	0.0000	1.4	0:33:67:0:0:0	0.2172	0.0408	17.5903	175.9186	0.8562	9.0031	9.0031	0
168	43	0.0000	1.4	0:33:67:0:0:0	0.2400	0.0426	17.2984	177.1390	0.8598	9.8269	9.8269	0
169	46	0.0000	1.4	0:33:67:0:0:0	0.2666	0.0455	17.0357	176.7684	0.8632	10.7252	10.7252	0
170	48	0.0000	1.4	0:33:67:0:0:0	0.2693	0.0484	17.0135	182.1011	0.8624	10.9513	10.9513	0	2
171	49	0.0000	1.4	0:33:67:0:0:0	0.2772	0.0489	16.8967	176.7719	0.8653	11.0599	11.0599	0	2
172	0	0.0000	1.5	0:33:67:0:0:0	0.0000	0.0163	19.3729	158.5721	0.8417	0.0000	0.0000	0
173	25	0.0000	1.5	0:33:67:0:0:0	0.1500	0.0299	18.0036	166.4771	0.8524	8.3796	8.3796	0
174	37	0.0000	1.5	0:33:67:0:0:0	0.2133	0.0472	17.1531	164.4250	0.8624	11.2161	11.2161	0
175	43	0.0000	1.5	0:33:67:0:0:0	0.2491	0.0491	16.7907	169.0023	0.8664	12.7391	12.7391	0
176	46	0.0000	1.5	0:33:67:0:0:0	0.2618	0.0510	16.5907	165.8084	0.8689	13.1335	13.1335	0	2
177	48	0.0000	1.5	0:33:67:0:0:0	0.2716	0.0514	16.4255	168.0582	0.8717	13.9939	13.9939	0
178	49	0.0000	1.5	0:33:67:0:0:0	0.2678	0.0531	16.3336	168.6320	0.8744	13.7029	13.7029	0	2
179	0	0.0000	0	0:67:33:0:0:0	0.0000	0.0179	25.0025	588.0664	0.7333	0.0000	0.0000	0
180	25	0.0000	0	0:67:33:0:0:0	0.2537	0.0151	25.0434	586.0746	0.7327	0.0000	0.0000	1	2
181	12	0.0000	0	0:67:33:0:0:0	0.1178	0.0199	25.1414	591.4707	0.7311	0.0000	0.0000	0
182	18	0.0000	0	0:67:33:0:0:0	0.1832	0.0173	25.0815	579.3362	0.7320	0.0000	0.0000	0	1
183	21	0.0000	0	0:67:33:0:0:0	0.2112	0.0209	25.0368	588.2045	0.7328	0.0017	0.0017	1	0
184	19	0.0000	0	0:67:33:0:0:0	0.1825	0.0164	25.0971	591.2471	0.7318	0.0000	0.0000	0	1
185	0	0.0000	0.4	0:67:33:0:0:0	0.0000	0.0243	25.0398	543.6840	0.7327	0.0000	0.0000	0
186	25	0.0000	0.4	0:67:33:0:0:0	0.2435	0.0144	25.0675	550.5530	0.7322	0.0000	0.0000	1	2
187	12	0.0000	0.4	0:67:33:0:0:0	0.1166	0.0169	25.1114	542.4295	0.7316	0.0000	0.0000	0
188	18	0.0000	0.4	0:67:33:0:0:0	0.1940	0.0238	25.1592	534.8890	0.7308	0.0000	0.0000	0	1
189	21	0.0000	0.4	0:67:33:0:0:0	0.2109	0.0167	24.9988	530.9353	0.7333	0.0000	0.0000	1	0
190	19	0.0000	0.4	0:67:33:0:0:0	0.1871	0.0218	25.1947	532.0218	0.7303	0.0033	0.0033	0	1
191	0	0.0000	0.8	0:67:33:0:0:0	0.0000	0.0162	25.0562	405.1452	0.7323	0.0000	0.0000	0
192	25	0.0000	0.8	0:67:33:0:0:0	0.2495	0.0208	24.7317	425.1503	0.7354	0.0577	0.0577	1	2
193	12	0.0000	0.8	0:67:33:0:0:0	0.1180	0.0198	24.9722	413.2967	0.7325	0.0258	0.0258	0
194	18	0.0000	0.8	0:67:33:0:0:0	0.1781	0.0164	24.9140	421.9376	0.7328	0.0443	0.0443	0	2
195	21	0.0000	0.8	0:67:33:0:0:0	0.2149	0.0159	24.8271	419.0855	0.7337	0.0512	0.0512	2	0
196	19	0.0000	0.8	0:67:33:0:0:0	0.1818	0.0159	24.9230	417.0688	0.7329	0.0348	0.0348	1	0
197	0	0.0000	1.01	0:67:33:0:0:0	0.0000	0.0277	24.9937	289.4126	0.7330	0.0000	0.0000	0
198	25	0.0000	1.01	0:67:33:0:0:0	0.2551	0.0277	23.9733	305.7216	0.7376	1.0035	1.0035	2
199	12	0.0000	1.01	0:67:33:0:0:0	0.1319	0.0208	24.4879	293.9730	0.7354	0.5025	0.5025	0
200	18	0.0000	1.01	0:67:33:0:0:0	0.1962	0.0255	24.2433	297.3521	0.7359	0.7327	0.7327	2	0
201	15	0.0000	1.01	0:67:33:0:0:0	0.1660	0.0220	24.3393	298.8856	0.7358	0.6385	0.6385	0	2
202	16	0.0000	1.01	0:67:33:0:0:0	0.1741	0.0221	24.3752	306.4016	0.7348	0.6508	0.6508	0	2
203	0	0.0000	1.2	0:67:33:0:0:0	0.0000	0.0131	24.8271	202.7340	0.7336	0.0000	0.0000	0
204	25	0.0000	1.2	0:67:33:0:0:0	0.2927	0.0442	22.5068	216.2220	0.7425	4.5865	4.5865	0	2
205	37	0.0000	1.2	0:67:33:0:0:0	0.4213	0.0553	21.4780	212.9051	0.7482	6.4220	6.4220	2
206	31	0.0000	1.2	0:67:33:0:0:0	0.3647	0.0494	21.9065	212.5768	0.7459	5.5791	5.5791	2
207	28	0.0000	1.2	0:67:33:0:0:0	0.3205	0.0480	22.1599	208.6219	0.7446	5.0911	5.0911	2	0
208	26	0.0000	1.2	0:67:33:0:0:0	0.2868	0.0482	22.2851	215.9510	0.7438	4.8253	4.8253	2
209	0	0.0000	1.4	0:67:33:0:0:0	0.0000	0.0197	24.2619	168.4224	0.7363	0.0000	0.0000	0
210	25	0.0000	1.4	0:67:33:0:0:0	0.2976	0.0488	21.2541	168.9598	0.7489	10.9013	10.9013	0
211	37	0.0000	1.4	0:67:33:0:0:0	0.4339	0.0709	19.3731	176.1692	0.7613	14.6000	14.6000	2	0
212	31	0.0000	1.4	0:67:33:0:0:0	0.3766	0.0694	20.0733	178.0924	0.7564	12.6796	12.6796	0	2
213	34	0.0000	1.4	0:67:33:0:0:0	0.3913	0.0718	19.6025	174.5969	0.7591	13.5005	13.5005	2	0
214	32	0.0000	1.4	0:67:33:0:0:0	0.3785	0.0719	19.8522	173.5351	0.7582	12.8724	12.8724	2	0
215	0	0.0000	1.5	0:67:33:0:0:0	0.0000	0.0225	23.8276	157.0822	0.7390	0.0000	0.0000	0
216	25	0.0000	1.5	0:67:33:0:0:0	0.3031	0.0442	20.9876	165.5231	0.7497	14.0888	14.0888	0
217	37	0.0000	1.5	0:67:33:0:0:0	0.4313	0.0783	18.6803	163.6973	0.7654	18.6600	18.6600	2	0
218	31	0.0000	1.5	0:67:33:0:0:0	0.3698	0.0744	19.2569	163.7964	0.7623	15.9836	15.9836	0
219	34	0.0000	1.5	0:67:33:0:0:0	0.4040	0.0774	18.8114	165.6217	0.7656	17.2839	17.2839	2	0
220	32	0.0000	1.5	0:67:33:0:0:0	0.3729	0.0752	19.0686	165.9672	0.7633	16.2379	16.2379	0	2
221	0	0.0000	0	0:50:0:50:0:0	0.0000	0.0246	25.0177	565.7724	0.6999	0.0000	0.0000	0
222	25	0.0000	0	0:50:0:50:0:0	0.1738	0.0175	25.0387	564.6489	0.6997	0.0030	0.0030	0	1
223	37	0.0000	0	0:50:0:50:0:0	0.2866	0.0247	25.0589	569.4136	0.6995	0.0000	0.0000	1	2
224	31	0.0000	0	0:50:0:50:0:0	0.2270	0.0192	24.9396	571.7654	0.7005	0.0000	0.0000	1	2
225	28	0.0000	0	0:50:0:50:0:0	0.1975	0.0180	24.9776	562.6543	0.7002	0.0000	0.0000	1	0
226	26	0.0000	0	0:50:0:50:0:0	0.1927	0.0241	24.9730	561.3839	0.7002	0.0019	0.0019	0	1
227	0	0.0000	0.4	0:50:0:50:0:0	0.0000	0.0198	24.8602	523.1317	0.7011	0.0000	0.0000	0
228	25	0.0000	0.4	0:50:0:50:0:0	0.1876	0.0228	25.0718	525.9957	0.6993	0.0000	0.0000	1	0
229	12	0.0000	0.4	0:50:0:50:0:0	0.0883	0.0213	24.9965	519.8045	0.7000	0.0000	0.0000	0
230	18	0.0000	0.4	0:50:0:50:0:0	0.1303	0.0211	24.9803	517.4527	0.7001	0.0000	0.0000	0
231	21	0.0000	0.4	0:50:0:50:0:0	0.1553	0.0215	24.9615	512.1693	0.7003	0.0000	0.0000	0
232	23	0.0000	0.4	0:50:0:50:0:0	0.1711	0.0148	24.9331	526.0432	0.7005	0.0000	0.0000	0	1
233	24	0.0000	0.4	0:50:0:50:0:0	0.1799	0.0177	24.9052	527.9534	0.7007	0.0000	0.0000	0	1
234	0	0.0000	0.8	0:50:0:50:0:0	0.0000	0.0227	24.2675	407.9964	0.7030	0.0000	0.0000	0
235	25	0.0000	0.8	0:50:0:50:0:0	0.1864	0.0207	24.1896	424.8130	0.7031	0.0314	0.0314	2	0
236	12	0.0000	0.8	0:50:0:50:0:0	0.0893	0.0257	24.2816	414.3204	0.7028	0.0250	0.0250	0
237	18	0.0000	0.8	0:50:0:50:0:0	0.1332	0.0244	24.2449	413.5725	0.7029	0.0405	0.0405	0
238	21	0.0000	0.8	0:50:0:50:0:0	0.1542	0.0230	24.2244	411.2643	0.7030	0.0293	0.0293	0	2
239	23	0.0000	0.8	0:50:0:50:0:0	0.1674	0.0216	24.1875	422.6765	0.7032	0.0286	0.0286	0	2
240	24	0.0000	0.8	0:50:0:50:0:0	0.1923	0.0191	24.1458	429.1822	0.7034	0.0411	0.0411	0	2
241	0	0.0000	1.01	0:50:0:50:0:0	0.0000	0.0693	22.1877	290.9417	0.7117	0.0000	0.0000	0
242	25	0.0000	1.01	0:50:0:50:0:0	0.1986	0.0573	21.8072	304.2435	0.7136	0.6485	0.6485	2
243	12	0.0000	1.01	0:50:0:50:0:0	0.0895	0.0630	21.8868	288.1426	0.7132	0.2945	0.2945	0
244	18	0.0000	1.01	0:50:0:50:0:0	0.1391	0.0634	21.8028	296.3347	0.7134	0.4671	0.4671	0	2
245	21	0.0000	1.01	0:50:0:50:0:0	0.1696	0.0623	21.6975	304.9033	0.7140	0.5351	0.5351	2	0
246	19	0.0000	1.01	0:50:0:50:0:0	0.1508	0.0630	21.7587	309.7535	0.7137	0.4125	0.4125	0	2
247	0	0.0000	1.2	0:50:0:50:0:0	0.0000	0.1187	19.1695	206.1029	0.7258	0.0000	0.0000	0
248	25	0.0000	1.2	0:50:0:50:0:0	0.2078	0.0977	18.4103	212.3489	0.7296	2.4835	2.4835	0	2
249	37	0.0000	1.2	0:50:0:50:0:0	0.3030	0.0884	18.1165	218.9844	0.7315	3.3790	3.3790	2	0
250	31	0.0000	1.2	0:50:0:50:0:0	0.2479	0.0972	18.0742	216.1229	0.7314	2.9065	2.9065	2
251	28	0.0000	1.2	0:50:0:50:0:0	0.2288	0.0963	17.9867	213.1839	0.7323	2.4919	2.4919	0	2
252	29	0.0000	1.2	0:50:0:50:0:0	0.2362	0.0941	17.8502	213.9462	0.7332	2.5837	2.5837	2	0
253	0	0.0000	1.4	0:50:0:50:0:0	0.0000	0.1259	16.3867	170.2808	0.7411	0.0000	0.0000	0
254	25	0.0000	1.4	0:50:0:50:0:0	0.2055	0.1034	15.5622	175.3397	0.7464	4.3485	4.3485	0
255	37	0.0000	1.4	0:50:0:50:0:0	0.2863	0.0905	15.1612	177.3160	0.7498	6.2909	6.2909	0	2
256	43	0.0000	1.4	0:50:0:50:0:0	0.3346	0.0829	14.8432	179.4154	0.7518	6.8777	6.8777	2	0
257	40	0.0000	1.4	0:50:0:50:0:0	0.3186	0.0799	14.7114	175.6109	0.7530	6.5172	6.5172	0	2
258	41	0.0000	1.4	0:50:0:50:0:0	0.3289	0.0760	14.5422	176.6495	0.7546	6.5026	6.5026	2	0
259	0	0.0000	1.5	0:50:0:50:0:0	0.0000	0.0968	14.5243	159.6063	0.7546	0.0000	0.0000	0
260	25	0.0000	1.5	0:50:0:50:0:0	0.1949	0.0723	13.9121	162.9009	0.7597	4.7192	4.7192	0
261	37	0.0000	1.5	0:50:0:50:0:0	0.2822	0.0577	13.5143	168.0104	0.7630	6.7618	6.7618	0
262	43	0.0000	1.5	0:50:0:50:0:0	0.3219	0.0490	13.3080	168.0300	0.7652	8.2886	8.2886	2	0
263	40	0.0000	1.5	0:50:0:50:0:0	0.3060	0.0414	13.2033	169.3762	0.7662	7.3729	7.3729	0	2
264	41	0.0000	1.5	0:50:0:50:0:0	0.3129	0.0279	13.0084	168.8225	0.7684	7.5066	7.5066	0	2
265	0	0.0000	0	0:50:0:0:50:0	0.0000	0.0198	22.5177	532.0148	0.6667	0.0000	0.0000	0
266	25	0.0000	0	0:50:0:0:50:0	0.1764	0.0143	22.4479	538.3542	0.6667	0.0000	0.0000	1	0
267	12	0.0000	0	0:50:0:0:50:0	0.0895	0.0149	22.4279	532.2618	0.6667	0.0030	0.0030	0
268	18	0.0000	0	0:50:0:0:50:0	0.1419	0.0208	22.6333	526.9011	0.6667	0.0000	0.0000	0
269	21	0.0000	0	0:50:0:0:50:0	0.1593	0.0131	22.5568	530.6018	0.6667	0.0000	0.0000	0	1
270	23	0.0000	0	0:50:0:0:50:0	0.1741	0.0173	22.5469	530.7105	0.6667	0.0015	0.0015	0	1
271	24	0.0000	0	0:50:0:0:50:0	0.1711	0.0159	22.4844	524.0907	0.6667	0.0000	0.0000	0	1
272	0	0.0000	0.4	0:50:0:0:50:0	0.0000	0.0184	22.4387	481.0979	0.6668	0.0000	0.0000	0
273	25	0.0000	0.4	0:50:0:0:50:0	0.1876	0.0177	22.5188	486.3908	0.6668	0.0000	0.0000	1	2
274	12	0.0000	0.4	0:50:0:0:50:0	0.0828	0.0200	22.4649	481.4719	0.6668	0.0000	0.0000	0
275	18	0.0000	0.4	0:50:0:0:50:0	0.1375	0.0158	22.4749	488.1742	0.6668	0.0000	0.0000	0
276	21	0.0000	0.4	0:50:0:0:50:0	0.1479	0.0151	22.5085	478.0291	0.6668	0.0000	0.0000	0	1
277	23	0.0000	0.4	0:50:0:0:50:0	0.1745	0.0127	22.4188	506.3737	0.6668	0.0000	0.0000	1	2
278	22	0.0000	0.4	0:50:0:0:50:0	0.1562	0.0129	22.4274	489.0134	0.6668	0.0000	0.0000	0	2
279	0	0.0000	0.8	0:50:0:0:50:0	0.0000	0.0273	20.7748	372.6414	0.6718	0.0000	0.0000	0
280	25	0.0000	0.8	0:50:0:0:50:0	0.1874	0.0229	20.7815	379.0256	0.6720	0.0434	0.0434	2	1
281	12	0.0000	0.8	0:50:0:0:50:0	0.0890	0.0214	20.7910	382.4087	0.6719	0.0225	0.0225	0
282	18	0.0000	0.8	0:50:0:0:50:0	0.1399	0.0213	20.9142	388.7977	0.6719	0.0386	0.0386	0	2
283	21	0.0000	0.8	0:50:0:0:50:0	0.1690	0.0196	20.8299	376.1155	0.6719	0.0476	0.0476	0	2
284	23	0.0000	0.8	0:50:0:0:50:0	0.1661	0.0259	20.7551	382.5332	0.6721	0.0321	0.0321	2	0
285	22	0.0000	0.8	0:50:0:0:50:0	0.1628	0.0255	20.6527	378.9088	0.6721	0.0393	0.0393	2	1
286	0	0.0000	1.01	0:50:0:0:50:0	0.0000	0.0570	17.1103	269.8409	0.6846	0.0000	0.0000	0
287	25	0.0000	1.01	0:50:0:0:50:0	0.1901	0.0456	16.9517	283.5866	0.6855	0.5766	0.5766	2	0
288	12	0.0000	1.01	0:50:0:0:50:0	0.0953	0.0523	17.1184	274.8342	0.6849	0.3205	0.3205	0
289	18	0.0000	1.01	0:50:0:0:50:0	0.1377	0.0496	17.1130	284.3788	0.6847	0.4870	0.4870	0
290	21	0.0000	1.01	0:50:0:0:50:0	0.1609	0.0515	17.1780	275.9862	0.6844	0.5269	0.5269	0	2
291	23	0.0000	1.01	0:50:0:0:50:0	0.1776	0.0508	17.1849	273.4119	0.6844	0.5882	0.5882	2	0
292	22	0.0000	1.01	0:50:0:0:50:0	0.1685	0.0524	17.1335	272.0795	0.6846	0.5351	0.5351	2	0
293	0	0.0000	1.2	0:50:0:0:50:0	0.0000	0.0793	13.7465	196.1133	0.6981	0.0000	0.0000	0
294	25	0.0000	1.2	0:50:0:0:50:0	0.1939	0.0749	13.7395	204.7184	0.6979	2.4202	2.4202	2	0
295	12	0.0000	1.2	0:50:0:0:50:0	0.0979	0.0826	13.9387	199.9132	0.6971	1.1275	1.1275	0
296	18	0.0000	1.2	0:50:0:0:50:0	0.1465	0.0831	14.0029	198.9754	0.6967	1.5777	1.5777	0	2
297	21	0.0000	1.2	0:50:0:0:50:0	0.1679	0.0860	14.1382	198.3275	0.6962	2.2408	2.2408	0	2
298	23	0.0000	1.2	0:50:0:0:50:0	0.1820	0.0823	14.1836	203.5697	0.6959	2.2200	2.2200	0	2
299	24	0.0000	1.2	0:50:0:0:50:0	0.1967	0.0887	14.3537	204.3014	0.6953	2.3241	2.3241	0	2
300	0	0.0000	1.4	0:50:0:0:50:0	0.0000	0.1096	12.8098	161.7562	0.7003	0.0000	0.0000	0
301	25	0.0000	1.4	0:50:0:0:50:0	0.2038	0.0970	12.6568	167.8392	0.7014	4.9324	4.9324	0
302	37	0.0000	1.4	0:50:0:0:50:0	0.2906	0.0937	12.6894	166.9472	0.7015	7.7388	7.7388	2
303	31	0.0000	1.4	0:50:0:0:50:0	0.2494	0.1030	13.0453	173.3053	0.6994	6.5923	6.5923	0
304	34	0.0000	1.4	0:50:0:0:50:0	0.2740	0.1053	13.1784	169.8957	0.6987	7.3079	7.3079	2	0
305	32	0.0000	1.4	0:50:0:0:50:0	0.2618	0.1091	13.4898	167.9606	0.6973	7.2808	7.2808	0	2
306	0	0.0000	1.5	0:50:0:0:50:0	0.0000	0.1405	14.0332	154.3709	0.6934	0.0000	0.0000	0
307	25	0.0000	1.5	0:50:0:0:50:0	0.2236	0.1278	15.8971	160.1648	0.6866	9.4629	9.4629	0
308	37	0.0000	1.5	0:50:0:0:50:0	0.3623	0.0338	20.2884	156.9105	0.6750	19.9415	19.9415	0	2
309	43	0.0000	1.5	0:50:0:0:50:0	0.4228	0.0110	20.8801	158.1737	0.6740	23.8788	23.8788	0	2
310	46	0.0000	1.5	0:50:0:0:50:0	0.4520	0.0113	20.7859	156.1497	0.6743	25.1941	25.1941	2	0
311	44	0.0000	1.5	0:50:0:0:50:0	0.4282	0.0125	20.8381	158.2528	0.6740	24.5917	24.5917	0	2
312	0	0.0000	0	0:0:50:50:0:0	0.0000	0.0276	17.5106	658.0937	0.8566	0.0000	0.0000	0
313	0	0.0000	0.4	0:0:50:50:0:0	0.0000	0.0166	17.5189	608.9837	0.8562	0.0000	0.0000	0
314	0	0.0000	0.8	0:0:50:50:0:0	0.0000	0.0140	17.4592	479.4175	0.8591	0.0000	0.0000	0
315	0	0.0000	1.01	0:0:50:50:0:0	0.0000	0.0152	17.4873	325.6112	0.8578	0.0000	0.0000	0
316	0	0.0000	1.2	0:0:50:50:0:0	0.0000	0.0130	17.4935	220.2892	0.8575	0.0000	0.0000	0
317	0	0.0000	1.4	0:0:50:50:0:0	0.0000	0.0140	17.4912	171.5877	0.8576	0.0000	0.0000	0
318	0	0.0000	1.5	0:0:50:50:0:0	0.0000	0.0126	17.5039	161.2829	0.8570	0.0000	0.0000	0
319	0	0.0000	0	50:0:0:50:0:0	0.0000	0.0243	25.0075	583.1248	0.6999	0.0000	0.0000	0
320	25	0.0000	0	50:0:0:50:0:0	0.1868	0.0185	25.0144	577.2976	0.6999	0.0000	0.0000	0	1
321	37	0.0000	0	50:0:0:50:0:0	0.2786	0.0181	25.0455	588.8873	0.6996	0.0000	0.0000	1
322	31	0.0000	0	50:0:0:50:0:0	0.2291	0.0188	25.0355	578.6150	0.6997	0.0000	0.0000	1
323	28	0.0000	0	50:0:0:50:0:0	0.2115	0.0218	24.9706	574.9045	0.7002	0.0000	0.0000	1	0
324	26	0.0000	0	50:0:0:50:0:0	0.1981	0.0165	25.0104	576.4423	0.6999	0.0000	0.0000	1	0
325	0	0.0000	0.4	50:0:0:50:0:0	0.0000	0.0209	25.0093	529.0470	0.6999	0.0000	0.0000	0
326	25	0.0000	0.4	50:0:0:50:0:0	0.1767	0.0227	24.9861	527.1222	0.7001	0.0000	0.0000	1	0
327	12	0.0000	0.4	50:0:0:50:0:0	0.0859	0.0168	25.0127	527.5908	0.6999	0.0000	0.0000	0
328	18	0.0000	0.4	50:0:0:50:0:0	0.1367	0.0139	25.0819	519.2308	0.6994	0.0000	0.0000	0
329	21	0.0000	0.4	50:0:0:50:0:0	0.1569	0.0168	25.0165	533.1537	0.6999	0.0000	0.0000	0	1
330	23	0.0000	0.4	50:0:0:50:0:0	0.1828	0.0160	24.9492	540.7159	0.7004	0.0000	0.0000	0	1
331	24	0.0000	0.4	50:0:0:50:0:0	0.1834	0.0161	25.0108	521.1226	0.6999	0.0000	0.0000	0	1
332	0	0.0000	0.8	50:0:0:50:0:0	0.0000	0.0197	24.9975	417.7731	0.7000	0.0000	0.0000	0
333	25	0.0000	0.8	50:0:0:50:0:0	0.1832	0.0174	24.9597	428.5309	0.7003	0.0560	0.0560	0	2
334	37	0.0000	0.8	50:0:0:50:0:0	0.2712	0.0223	24.9796	430.2235	0.7001	0.0868	0.0868	1	2
335	31	0.0000	0.8	50:0:0:50:0:0	0.2370	0.0171	25.0264	423.8316	0.6997	0.0287	0.0287	2	1
336	28	0.0000	0.8	50:0:0:50:0:0	0.2148	0.0184	24.9611	417.5169	0.7003	0.0464	0.0464	2	1
337	26	0.0000	0.8	50:0:0:50:0:0	0.1895	0.0163	24.9548	413.3255	0.7003	0.0408	0.0408	2	1
338	0	0.0000	1.01	50:0:0:50:0:0	0.0000	0.0160	24.9984	288.6056	0.7000	0.0000	0.0000	0
339	25	0.0000	1.01	50:0:0:50:0:0	0.1952	0.0156	24.8353	299.3774	0.7007	0.8517	0.8517	2
340	12	0.0000	1.01	50:0:0:50:0:0	0.0915	0.0162	25.0043	301.7455	0.6997	0.3622	0.3622	0
341	18	0.0000	1.01	50:0:0:50:0:0	0.1418	0.0125	24.9629	300.6997	0.7000	0.6395	0.6395	2	0
342	15	0.0000	1.01	50:0:0:50:0:0	0.1208	0.0188	24.9481	295.7611	0.7000	0.5080	0.5080	0	2
343	16	0.0000	1.01	50:0:0:50:0:0	0.1235	0.0150	24.8895	296.8809	0.7004	0.5056	0.5056	0	2
344	0	0.0000	1.2	50:0:0:50:0:0	0.0000	0.0201	24.9973	208.8792	0.7000	0.0000	0.0000	0
345	25	0.0000	1.2	50:0:0:50:0:0	0.2165	0.0114	24.5918	214.2744	0.7007	4.0176	4.0176	0	2
346	37	0.0000	1.2	50:0:0:50:0:0	0.3119	0.0144	24.3944	212.4789	0.7010	5.7650	5.7650	2
347	31	0.0000	1.2	50:0:0:50:0:0	0.2672	0.0118	24.5115	212.1875	0.7006	5.1484	5.1484	2
348	28	0.0000	1.2	50:0:0:50:0:0	0.2398	0.0092	24.5899	212.9007	0.7003	4.5759	4.5759	2	0
349	26	0.0000	1.2	50:0:0:50:0:0	0.2211	0.0139	24.5209	210.9341	0.7009	4.0887	4.0887	0	2
350	0	0.0000	1.4	50:0:0:50:0:0	0.0000	0.0148	25.0298	165.4378	0.6998	0.0000	0.0000	0
351	25	0.0000	1.4	50:0:0:50:0:0	0.2283	0.0128	24.1636	172.8879	0.7015	10.0344	10.0344	0
352	37	0.0000	1.4	50:0:0:50:0:0	0.3239	0.0159	23.8391	171.3661	0.7022	14.6227	14.6227	2	0
353	31	0.0000	1.4	50:0:0:50:0:0	0.2830	0.0129	23.9439	172.4877	0.7022	12.1966	12.1966	0
354	34	0.0000	1.4	50:0:0:50:0:0	0.3024	0.0116	23.8984	175.7864	0.7019	13.5916	13.5916	0	2
355	35	0.0000	1.4	50:0:0:50:0:0	0.3225	0.0131	23.8301	174.6703	0.7021	13.9719	13.9719	0	2
356	0	0.0000	1.5	50:0:0:50:0:0	0.0000	0.0133	25.0070	157.9425	0.6999	0.0000	0.0000	0
357	25	0.0000	1.5	50:0:0:50:0:0	0.2346	0.0101	24.0844	162.2109	0.7013	13.4902	13.4902	0
358	37	0.0000	1.5	50:0:0:50:0:0	0.3341	0.0125	23.6628	166.2581	0.7024	19.5673	19.5673	0	2
359	43	0.0000	1.5	50:0:0:50:0:0	0.3855	0.0142	23.4358	163.9747	0.7031	22.6966	22.6966	2	0
360	40	0.0000	1.5	50:0:0:50:0:0	0.3634	0.0121	23.5413	164.9141	0.7027	20.8302	20.8302	0	2
361	41	0.0000	1.5	50:0:0:50:0:0	0.3676	0.0137	23.5480	165.2539	0.7027	21.3516	21.3516	2	0
362	0	0.0000	0	33:0:67:0:0:0	0.0000	0.0171	19.9669	665.2273	0.8342	0.0000	0.0000	0
363	25	0.0000	0	33:0:67:0:0:0	0.1299	0.0212	19.9023	660.7471	0.8358	0.0000	0.0000	0
364	37	0.0000	0	33:0:67:0:0:0	0.1956	0.0180	19.9364	645.5553	0.8350	0.0000	0.0000	1	0
365	31	0.0000	0	33:0:67:0:0:0	0.1534	0.0209	19.9411	651.9768	0.8348	0.0000	0.0000	0	1
366	34	0.0000	0	33:0:67:0:0:0	0.1666	0.0295	19.9981	665.5180	0.8334	0.0000	0.0000	1	0
367	32	0.0000	0	33:0:67:0:0:0	0.1559	0.0223	19.8656	647.3581	0.8367	0.0000	0.0000	1	0
368	0	0.0000	0.4	33:0:67:0:0:0	0.0000	0.0251	19.9709	592.9821	0.8341	0.0000	0.0000	0
369	25	0.0000	0.4	33:0:67:0:0:0	0.1257	0.0183	19.9462	603.1762	0.8347	0.0000	0.0000	0	1
370	37	0.0000	0.4	33:0:67:0:0:0	0.1729	0.0238	19.9099	595.7178	0.8356	0.0000	0.0000	1
371	31	0.0000	0.4	33:0:67:0:0:0	0.1529	0.0192	19.9148	594.8514	0.8355	0.0000	0.0000	1	0
372	28	0.0000	0.4	33:0:67:0:0:0	0.1349	0.0180	20.0175	599.9204	0.8329	0.0000	0.0000	0	1
373	29	0.0000	0.4	33:0:67:0:0:0	0.1470	0.0157	19.9974	588.6403	0.8334	0.0000	0.0000	1	0
374	0	0.0000	0.8	33:0:67:0:0:0	0.0000	0.0181	19.9540	464.1979	0.8345	0.0000	0.0000	0
375	25	0.0000	0.8	33:0:67:0:0:0	0.1228	0.0142	19.9385	470.4609	0.8348	0.0420	0.0420	0	1
376	37	0.0000	0.8	33:0:67:0:0:0	0.1880	0.0175	20.0060	477.4477	0.8330	0.0434	0.0434	1
377	31	0.0000	0.8	33:0:67:0:0:0	0.1596	0.0256	19.9009	469.8435	0.8357	0.0570	0.0570	1	0
378	28	0.0000	0.8	33:0:67:0:0:0	0.1345	0.0169	19.9575	464.2077	0.8343	0.0624	0.0624	0	1
379	29	0.0000	0.8	33:0:67:0:0:0	0.1453	0.0160	19.9573	475.4500	0.8343	0.0284	0.0284	0	1
380	0	0.0000	1.01	33:0:67:0:0:0	0.0000	0.0213	19.8613	313.0474	0.8368	0.0000	0.0000	0
381	25	0.0000	1.01	33:0:67:0:0:0	0.1326	0.0188	19.9341	327.4300	0.8335	0.7161	0.7161	0	2
382	37	0.0000	1.01	33:0:67:0:0:0	0.1890	0.0150	19.8520	330.0021	0.8349	0.9903	0.9903	2	1
383	31	0.0000	1.01	33:0:67:0:0:0	0.1595	0.0161	19.8758	328.7826	0.8346	0.8042	0.8042	0	2
384	34	0.0000	1.01	33:0:67:0:0:0	0.1741	0.0125	19.9334	327.8517	0.8330	0.9167	0.9167	2
385	32	0.0000	1.01	33:0:67:0:0:0	0.1615	0.0151	19.8842	326.5128	0.8345	0.9202	0.9202	1	2
386	0	0.0000	1.2	33:0:67:0:0:0	0.0000	0.0164	19.9984	217.2876	0.8334	0.0000	0.0000	0
387	25	0.0000	1.2	33:0:67:0:0:0	0.1397	0.0112	19.7791	221.2959	0.8324	3.2519	3.2519	0
388	37	0.0000	1.2	33:0:67:0:0:0	0.2079	0.0139	19.7014	227.7172	0.8315	4.8201	4.8201	0
389	43	0.0000	1.2	33:0:67:0:0:0	0.2331	0.0156	19.5644	219.3735	0.8334	5.5550	5.5550	2
390	40	0.0000	1.2	33:0:67:0:0:0	0.2178	0.0107	19.6088	223.8276	0.8332	5.1969	5.1969	2
391	38	0.0000	1.2	33:0:67:0:0:0	0.2106	0.0182	19.6705	223.6833	0.8321	4.9997	4.9997	0	2
392	0	0.0000	1.4	33:0:67:0:0:0	0.0000	0.0153	19.9013	176.1597	0.8358	0.0000	0.0000	0
393	25	0.0000	1.4	33:0:67:0:0:0	0.1434	0.0123	19.5446	172.6446	0.8328	8.0280	8.0280	0
394	37	0.0000	1.4	33:0:67:0:0:0	0.2229	0.0111	19.2918	177.5050	0.8339	11.9327	11.9327	0
395	43	0.0000	1.4	33:0:67:0:0:0	0.2550	0.0136	19.2754	178.8564	0.8322	13.5434	13.5434	0
396	46	0.0000	1.4	33:0:67:0:0:0	0.2640	0.0138	19.2026	176.5822	0.8328	14.7014	14.7014	0	2
397	48	0.0000	1.4	33:0:67:0:0:0	0.2709	0.0132	19.2006	179.6909	0.8315	14.9788	14.9788	0	2
398	49	0.0000	1.4	33:0:67:0:0:0	0.2821	0.0127	19.1105	176.4864	0.8340	15.7308	15.7308	0	2
399	0	0.0000	1.5	33:0:67:0:0:0	0.0000	0.0136	19.9711	162.1957	0.8341	0.0000	0.0000	0
400	25	0.0000	1.5	33:0:67:0:0:0	0.1486	0.0125	19.5001	160.9639	0.8323	10.4487	10.4487	0
401	37	0.0000	1.5	33:0:67:0:0:0	0.2221	0.0118	19.2816	165.2726	0.8318	15.5022	15.5022	0
402	43	0.0000	1.5	33:0:67:0:0:0	0.2441	0.0137	19.1294	168.2121	0.8331	17.7907	17.7907	0
403	46	0.0000	1.5	33:0:67:0:0:0	0.2675	0.0129	19.0836	166.1115	0.8324	19.2316	19.2316	0	2
404	48	0.0000	1.5	33:0:67:0:0:0	0.2803	0.0146	19.0845	173.0466	0.8313	19.4725	19.4725	0
405	49	0.0000	1.5	33:0:67:0:0:0	0.2852	0.0140	19.0383	167.5005	0.8325	20.9689	20.9689	0	2
406	0	0.0000	0	67:0:33:0:0:0	0.0000	0.0245	25.0395	621.5485	0.7327	0.0000	0.0000	0
407	25	0.0000	0	67:0:33:0:0:0	0.2499	0.0216	25.0099	594.9182	0.7332	0.0000	0.0000	1
408	12	0.0000	0	67:0:33:0:0:0	0.1214	0.0215	25.1112	594.2950	0.7316	0.0000	0.0000	0
409	18	0.0000	0	67:0:33:0:0:0	0.1729	0.0242	25.0388	590.5350	0.7327	0.0000	0.0000	0	1
410	21	0.0000	0	67:0:33:0:0:0	0.2164	0.0176	25.0771	586.0505	0.7321	0.0000	0.0000	1	0
411	19	0.0000	0	67:0:33:0:0:0	0.1888	0.0173	25.1265	591.7520	0.7313	0.0000	0.0000	0	1
412	0	0.0000	0.4	67:0:33:0:0:0	0.0000	0.0216	24.9753	543.1068	0.7337	0.0000	0.0000	0
413	25	0.0000	0.4	67:0:33:0:0:0	0.2544	0.0228	25.1052	542.5562	0.7317	0.0000	0.0000	1	2
414	12	0.0000	0.4	67:0:33:0:0:0	0.1211	0.0231	24.9929	537.4811	0.7335	0.0000	0.0000	0
415	18	0.0000	0.4	67:0:33:0:0:0	0.1730	0.0189	24.9088	548.1686	0.7348	0.0000	0.0000	1	0
416	15	0.0000	0.4	67:0:33:0:0:0	0.1576	0.0284	24.9921	536.6672	0.7335	0.0000	0.0000	0	1
417	16	0.0000	0.4	67:0:33:0:0:0	0.1531	0.0200	24.9800	552.8509	0.7337	0.0000	0.0000	0	1
418	0	0.0000	0.8	67:0:33:0:0:0	0.0000	0.0185	25.0529	423.7456	0.7325	0.0000	0.0000	0
419	25	0.0000	0.8	67:0:33:0:0:0	0.2493	0.0218	25.0452	443.1899	0.7325	0.0642	0.0642	1	2
420	12	0.0000	0.8	67:0:33:0:0:0	0.1154	0.0184	25.0183	438.7940	0.7329	0.0338	0.0338	0
421	18	0.0000	0.8	67:0:33:0:0:0	0.1748	0.0172	25.1519	427.3695	0.7309	0.0734	0.0734	0	2
422	21	0.0000	0.8	67:0:33:0:0:0	0.2229	0.0154	24.9777	432.6611	0.7336	0.0551	0.0551	1	2
423	19	0.0000	0.8	67:0:33:0:0:0	0.1986	0.0174	25.1048	437.3389	0.7316	0.0579	0.0579	2	0
424	0	0.0000	1.01	67:0:33:0:0:0	0.0000	0.0209	25.0147	301.1479	0.7331	0.0000	0.0000	0
425	25	0.0000	1.01	67:0:33:0:0:0	0.2529	0.0148	24.9478	307.9388	0.7324	1.1075	1.1075	2
426	12	0.0000	1.01	67:0:33:0:0:0	0.1314	0.0174	25.0260	305.9351	0.7318	0.4865	0.4865	0
427	18	0.0000	1.01	67:0:33:0:0:0	0.1916	0.0158	24.9874	306.1185	0.7321	0.7498	0.7498	2
428	15	0.0000	1.01	67:0:33:0:0:0	0.1565	0.0209	25.0914	302.2764	0.7306	0.6384	0.6384	0	2
429	16	0.0000	1.01	67:0:33:0:0:0	0.1581	0.0176	24.9671	306.5706	0.7327	0.7164	0.7164	2	0
430	0	0.0000	1.2	67:0:33:0:0:0	0.0000	0.0116	25.0378	207.1096	0.7327	0.0000	0.0000	0
431	25	0.0000	1.2	67:0:33:0:0:0	0.2827	0.0153	24.4242	210.3991	0.7338	5.4594	5.4594	2
432	12	0.0000	1.2	67:0:33:0:0:0	0.1398	0.0091	24.7297	209.6469	0.7330	2.5672	2.5672	0
433	18	0.0000	1.2	67:0:33:0:0:0	0.2092	0.0128	24.6284	214.0646	0.7325	3.7536	3.7536	0
434	21	0.0000	1.2	67:0:33:0:0:0	0.2411	0.0160	24.5570	211.0977	0.7329	4.4662	4.4662	2	0
435	19	0.0000	1.2	67:0:33:0:0:0	0.2149	0.0093	24.5638	216.4386	0.7335	3.9765	3.9765	2	0
436	0	0.0000	1.4	67:0:33:0:0:0	0.0000	0.0140	25.0187	166.4047	0.7330	0.0000	0.0000	0
437	25	0.0000	1.4	67:0:33:0:0:0	0.3037	0.0123	24.0345	173.1163	0.7330	12.5665	12.5665	0	2
438	37	0.0000	1.4	67:0:33:0:0:0	0.4302	0.0134	23.6339	173.5767	0.7330	18.1019	18.1019	2
439	31	0.0000	1.4	67:0:33:0:0:0	0.3619	0.0140	23.8316	172.9325	0.7326	15.7342	15.7342	2	0
440	28	0.0000	1.4	67:0:33:0:0:0	0.3277	0.0117	23.9446	172.4855	0.7322	14.3991	14.3991	2	0
441	26	0.0000	1.4	67:0:33:0:0:0	0.3130	0.0146	23.9493	171.9457	0.7336	13.2007	13.2007	0	2
442	0	0.0000	1.5	67:0:33:0:0:0	0.0000	0.0127	25.0545	160.9628	0.7325	0.0000	0.0000	0
443	25	0.0000	1.5	67:0:33:0:0:0	0.3004	0.0127	23.8356	163.1611	0.7339	16.9050	16.9050	0	2
444	37	0.0000	1.5	67:0:33:0:0:0	0.4253	0.0165	23.3512	163.4690	0.7342	24.8805	24.8805	2	0
445	31	0.0000	1.5	67:0:33:0:0:0	0.3670	0.0135	23.6374	164.0392	0.7334	20.6694	20.6694	2	0
446	28	0.0000	1.5	67:0:33:0:0:0	0.3297	0.0113	23.7395	164.7819	0.7332	18.9902	18.9902	0
447	29	0.0000	1.5	67:0:33:0:0:0	0.3371	0.0106	23.7427	165.3807	0.7327	19.2011	19.2011	0	2
448	0	0.0000	0	50:0:0:0:0:50	0.0000	0.0215	22.4406	564.5807	0.6667	0.0000	0.0000	0
449	25	0.0000	0	50:0:0:0:0:50	0.1927	0.0219	22.5060	551.2202	0.6667	0.0000	0.0000	1	0
450	12	0.0000	0	50:0:0:0:0:50	0.0929	0.0203	22.4893	552.2102	0.6667	0.0000	0.0000	0
451	18	0.0000	0	50:0:0:0:0:50	0.1354	0.0137	22.4965	565.7393	0.6667	0.0000	0.0000	0
452	21	0.0000	0	50:0:0:0:0:50	0.1525	0.0146	22.4083	557.5624	0.6667	0.0000	0.0000	0	1
453	23	0.0000	0	50:0:0:0:0:50	0.1694	0.0199	22.4365	561.3741	0.6667	0.0000	0.0000	0	1
454	24	0.0000	0	50:0:0:0:0:50	0.1759	0.0220	22.4172	541.5319	0.6667	0.0000	0.0000	1	0
455	0	0.0000	0.4	50:0:0:0:0:50	0.0000	0.0230	22.4676	507.2017	0.6667	0.0000	0.0000	0
456	25	0.0000	0.4	50:0:0:0:0:50	0.1764	0.0153	22.5322	502.8740	0.6667	0.0000	0.0000	1	2
457	12	0.0000	0.4	50:0:0:0:0:50	0.0883	0.0183	22.4902	505.4251	0.6667	0.0000	0.0000	0
458	18	0.0000	0.4	50:0:0:0:0:50	0.1352	0.0261	22.4710	507.4096	0.6667	0.0000	0.0000	0
459	21	0.0000	0.4	50:0:0:0:0:50	0.1571	0.0136	22.5195	503.5098	0.6667	0.0045	0.0045	0	1
460	23	0.0000	0.4	50:0:0:0:0:50	0.1700	0.0197	22.5012	496.5241	0.6667	0.0000	0.0000	1	0
461	22	0.0000	0.4	50:0:0:0:0:50	0.1662	0.0157	22.4737	497.4513	0.6667	0.0000	0.0000	1	0
462	0	0.0000	0.8	50:0:0:0:0:50	0.0000	0.0174	22.4148	406.0801	0.6667	0.0000	0.0000	0
463	25	0.0000	0.8	50:0:0:0:0:50	0.1830	0.0146	22.4855	409.2219	0.6667	0.0525	0.0525	2
464	12	0.0000	0.8	50:0:0:0:0:50	0.0848	0.0174	22.5102	401.7259	0.6667	0.0319	0.0319	0
465	18	0.0000	0.8	50:0:0:0:0:50	0.1301	0.0119	22.4680	400.8504	0.6667	0.0507	0.0507	0	2
466	21	0.0000	0.8	50:0:0:0:0:50	0.1600	0.0233	22.4227	413.3196	0.6667	0.0329	0.0329	0	2
467	23	0.0000	0.8	50:0:0:0:0:50	0.1636	0.0138	22.4989	403.7601	0.6667	0.0510	0.0510	2
468	22	0.0000	0.8	50:0:0:0:0:50	0.1627	0.0245	22.4649	412.4756	0.6667	0.0412	0.0412	2	1
469	0	0.0000	1.01	50:0:0:0:0:50	0.0000	0.0181	22.5434	279.6917	0.6667	0.0000	0.0000	0
470	25	0.0000	1.01	50:0:0:0:0:50	0.1973	0.0162	22.5291	296.0595	0.6670	0.8322	0.8322	2
471	12	0.0000	1.01	50:0:0:0:0:50	0.0949	0.0124	22.5262	283.6771	0.6668	0.4611	0.4611	0
472	18	0.0000	1.01	50:0:0:0:0:50	0.1439	0.0132	22.4703	287.4080	0.6669	0.6678	0.6678	0	2
473	21	0.0000	1.01	50:0:0:0:0:50	0.1570	0.0127	22.4582	288.8166	0.6669	0.7559	0.7559	0	2
474	23	0.0000	1.01	50:0:0:0:0:50	0.1883	0.0174	22.4839	291.8678	0.6670	0.8544	0.8544	2
475	22	0.0000	1.01	50:0:0:0:0:50	0.1734	0.0158	22.4278	289.7154	0.6670	0.7776	0.7776	2
476	0	0.0000	1.2	50:0:0:0:0:50	0.0000	0.0120	22.4934	199.7338	0.6667	0.0000	0.0000	0
477	25	0.0000	1.2	50:0:0:0:0:50	0.2120	0.0107	22.2715	209.0775	0.6680	4.4284	4.4284	2	0
478	12	0.0000	1.2	50:0:0:0:0:50	0.1030	0.0148	22.3343	204.5856	0.6674	2.0563	2.0563	0
479	18	0.0000	1.2	50:0:0:0:0:50	0.1589	0.0116	22.3070	206.6204	0.6677	3.1148	3.1148	2	0
480	15	0.0000	1.2	50:0:0:0:0:50	0.1289	0.0104	22.3597	206.7837	0.6675	2.7373	2.7373	0
481	16	0.0000	1.2	50:0:0:0:0:50	0.1433	0.0117	22.3179	205.2912	0.6676	2.8973	2.8973	0	2
482	0	0.0000	1.4	50:0:0:0:0:50	0.0000	0.0139	22.4833	165.9227	0.6667	0.0000	0.0000	0
483	25	0.0000	1.4	50:0:0:0:0:50	0.2314	0.0134	21.9542	166.6270	0.6690	10.9838	10.9838	0	2
484	37	0.0000	1.4	50:0:0:0:0:50	0.3280	0.0146	21.7546	175.9294	0.6700	15.6890	15.6890	2
485	31	0.0000	1.4	50:0:0:0:0:50	0.2824	0.0155	21.9330	169.0607	0.6695	13.0878	13.0878	2	0
486	28	0.0000	1.4	50:0:0:0:0:50	0.2511	0.0135	22.0096	169.9156	0.6693	11.9234	11.9234	2	0
487	26	0.0000	1.4	50:0:0:0:0:50	0.2347	0.0129	21.9846	171.9431	0.6690	11.5719	11.5719	0	2
488	0	0.0000	1.5	50:0:0:0:0:50	0.0000	0.0141	22.5025	158.4730	0.6667	0.0000	0.0000	0
489	25	0.0000	1.5	50:0:0:0:0:50	0.2355	0.0134	21.8878	160.1287	0.6692	14.2740	14.2740	0
490	37	0.0000	1.5	50:0:0:0:0:50	0.3397	0.0148	21.6587	160.6661	0.6703	21.2542	21.2542	2	0
491	31	0.0000	1.5	50:0:0:0:0:50	0.2845	0.0123	21.7708	161.2760	0.6698	17.4276	17.4276	0	2
492	34	0.0000	1.5	50:0:0:0:0:50	0.3144	0.0134	21.7252	163.9067	0.6701	19.4867	19.4867	2	0
493	32	0.0000	1.5	50:0:0:0:0:50	0.2955	0.0136	21.7348	161.3382	0.6700	18.2922	18.2922	2	0
494	0	0.0000	0	0:0:33:0:67:0	0.0000	0.0241	15.0000	627.1954	0.7753	0.0000	0.0000	0
495	0	0.0000	0.4	0:0:33:0:67:0	0.0000	0.0165	15.0000	565.9378	0.7757	0.0000	0.0000	0
496	0	0.0000	0.8	0:0:33:0:67:0	0.0000	0.0156	15.0000	439.1890	0.7776	0.0000	0.0000	0
497	0	0.0000	1.01	0:0:33:0:67:0	0.0000	0.0145	15.0000	303.9372	0.7772	0.0000	0.0000	0
498	0	0.0000	1.2	0:0:33:0:67:0	0.0000	0.0148	15.0000	208.4943	0.7762	0.0000	0.0000	0
499	0	0.0000	1.4	0:0:33:0:67:0	0.0000	0.0109	15.0000	168.4488	0.7762	0.0000	0.0000	0
500	0	0.0000	1.5	0:0:33:0:67:0	0.0000	0.0111	15.0000	157.9091	0.7770	0.0000	0.0000	0
501	0	0.0000	0	0:0:67:0:33:0	0.0000	0.0215	15.0000	689.1570	0.8904	0.0000	0.0000	0
502	0	0.0000	0.4	0:0:67:0:33:0	0.0000	0.0247	15.0000	620.5732	0.8925	0.0000	0.0000	0
503	0	0.0000	0.8	0:0:67:0:33:0	0.0000	0.0199	15.0000	489.0131	0.8915	0.0000	0.0000	0
504	0	0.0000	1.01	0:0:67:0:33:0	0.0000	0.0160	15.0000	330.7979	0.8895	0.0000	0.0000	0
505	0	0.0000	1.2	0:0:67:0:33:0	0.0000	0.0161	15.0000	220.0159	0.8915	0.0000	0.0000	0
506	0	0.0000	1.4	0:0:67:0:33:0	0.0000	0.0121	15.0000	173.7700	0.8898	0.0000	0.0000	0
507	0	0.0000	1.5	0:0:67:0:33:0	0.0000	0.0114	15.0000	162.3355	0.8899	0.0000	0.0000	0
508	0	0.0000	0	0:0:33:0:0:67	0.0000	0.0282	15.0000	609.6762	0.7760	0.0000	0.0000	0
509	0	0.0000	0.4	0:0:33:0:0:67	0.0000	0.0201	15.0000	563.9297	0.7766	0.0000	0.0000	0
510	0	0.0000	0.8	0:0:33:0:0:67	0.0000	0.0173	15.0000	439.3684	0.7769	0.0000	0.0000	0
511	0	0.0000	1.01	0:0:33:0:0:67	0.0000	0.0187	15.0000	302.4487	0.7770	0.0000	0.0000	0
512	0	0.0000	1.2	0:0:33:0:0:67	0.0000	0.0129	15.0000	210.5262	0.7771	0.0000	0.0000	0
513	0	0.0000	1.4	0:0:33:0:0:67	0.0000	0.0123	15.0000	167.9344	0.7765	0.0000	0.0000	0
514	0	0.0000	1.5	0:0:33:0:0:67	0.0000	0.0123	15.0000	158.6874	0.7762	0.0000	0.0000	0
515	0	0.0000	0	0:0:67:0:0:33	0.0000	0.0222	15.0000	689.7866	0.8901	0.0000	0.0000	0
516	0	0.0000	0.4	0:0:67:0:0:33	0.0000	0.0192	15.0000	628.3236	0.8894	0.0000	0.0000	0
517	0	0.0000	0.8	0:0:67:0:0:33	0.0000	0.0134	15.0000	478.8349	0.8896	0.0000	0.0000	0
518	0	0.0000	1.01	0:0:67:0:0:33	0.0000	0.0127	15.0000	325.3292	0.8899	0.0000	0.0000	0
519	0	0.0000	1.2	0:0:67:0:0:33	0.0000	0.0112	15.0000	217.7027	0.8910	0.0000	0.0000	0
520	0	0.0000	1.4	0:0:67:0:0:33	0.0000	0.0107	15.0000	171.4455	0.8903	0.0000	0.0000	0
521	0	0.0000	1.5	0:0:67:0:0:33	0.0000	0.0125	15.0000	164.4052	0.8907	0.0000	0.0000	0
522	0	0.0000	0	0:0:0:33:0:67	0.0000	0.0194	16.6501	573.0929	0.6997	0.0000	0.0000	0
523	0	0.0000	0.4	0:0:0:33:0:67	0.0000	0.0186	16.6449	511.8105	0.6996	0.0000	0.0000	0
524	0	0.0000	0.8	0:0:0:33:0:67	0.0000	0.0183	16.6490	413.0575	0.6997	0.0000	0.0000	0
525	0	0.0000	1.01	0:0:0:33:0:67	0.0000	0.0120	16.6681	286.4741	0.7000	0.0000	0.0000	0
526	0	0.0000	1.2	0:0:0:33:0:67	0.0000	0.0110	16.6515	202.9836	0.6997	0.0000	0.0000	0
527	0	0.0000	1.4	0:0:0:33:0:67	0.0000	0.0104	16.6471	167.7124	0.6996	0.0000	0.0000	0
528	0	0.0000	1.5	0:0:0:33:0:67	0.0000	0.0102	16.6528	159.9975	0.6997	0.0000	0.0000	0
529	0	0.0000	0	0:0:0:67:0:33	0.0000	0.0182	18.3512	602.1206	0.7275	0.0000	0.0000	0
530	0	0.0000	0.4	0:0:0:67:0:33	0.0000	0.0182	18.3531	546.4933	0.7276	0.0000	0.0000	0
531	0	0.0000	0.8	0:0:0:67:0:33	0.0000	0.0122	18.3397	418.0632	0.7274	0.0000	0.0000	0
532	0	0.0000	1.01	0:0:0:67:0:33	0.0000	0.0133	18.3553	292.7428	0.7276	0.0000	0.0000	0
533	0	0.0000	1.2	0:0:0:67:0:33	0.0000	0.0118	18.3473	213.1429	0.7275	0.0000	0.0000	0
534	0	0.0000	1.4	0:0:0:67:0:33	0.0000	0.0109	18.3397	167.1815	0.7274	0.0000	0.0000	0
535	0	0.0000	1.5	0:0:0:67:0:33	0.0000	0.0096	18.3574	159.9490	0.7276	0.0000	0.0000	0
536	0	0.0000	0	100:0:0:0:0:0	0.0000	0.0170	30.0000	568.7703	0.6667	0.0000	0.0000	0
537	25	0.0000	0	100:0:0:0:0:0	0.3540	0.0289	30.0000	571.8371	0.6667	0.0000	0.0000	1	2
538	12	0.0000	0	100:0:0:0:0:0	0.1748	0.0187	30.0000	564.9906	0.6667	0.0000	0.0000	0
539	18	0.0000	0	100:0:0:0:0:0	0.2634	0.0150	30.0000	563.8904	0.6667	0.0000	0.0000	1	2
540	15	0.0000	0	100:0:0:0:0:0	0.2071	0.0213	30.0000	566.9951	0.6667	0.0000	0.0000	0	1
541	16	0.0000	0	100:0:0:0:0:0	0.2354	0.0156	30.0000	554.7199	0.6667	0.0000	0.0000	1	0
542	0	0.0000	0.4	100:0:0:0:0:0	0.0000	0.0193	30.0000	502.9239	0.6667	0.0000	0.0000	0
543	25	0.0000	0.4	100:0:0:0:0:0	0.3722	0.0220	29.9993	523.0279	0.6667	0.0029	0.0029	1	2
544	12	0.0000	0.4	100:0:0:0:0:0	0.1741	0.0157	30.0000	517.7885	0.6667	0.0000	0.0000	0
545	18	0.0000	0.4	100:0:0:0:0:0	0.2672	0.0209	30.0000	506.2209	0.6667	0.0062	0.0062	1	2
546	15	0.0000	0.4	100:0:0:0:0:0	0.2183	0.0202	30.0000	517.6318	0.6667	0.0000	0.0000	0	1
547	16	0.0000	0.4	100:0:0:0:0:0	0.2319	0.0218	30.0000	527.6303	0.6667	0.0000	0.0000	1	2
548	0	0.0000	0.8	100:0:0:0:0:0	0.0000	0.0229	30.0000	411.0526	0.6667	0.0000	0.0000	0
549	25	0.0000	0.8	100:0:0:0:0:0	0.3652	0.0188	29.9793	417.9738	0.6667	0.1112	0.1112	2
550	12	0.0000	0.8	100:0:0:0:0:0	0.1745	0.0128	29.9952	411.5482	0.6667	0.0366	0.0366	0	1
551	18	0.0000	0.8	100:0:0:0:0:0	0.2513	0.0165	29.9882	406.9879	0.6667	0.0494	0.0494	2	1
552	15	0.0000	0.8	100:0:0:0:0:0	0.2260	0.0162	29.9925	406.1308	0.6667	0.0616	0.0616	2
553	13	0.0000	0.8	100:0:0:0:0:0	0.1934	0.0162	29.9891	414.4154	0.6667	0.0319	0.0319	0	2
554	0	0.0000	1.01	100:0:0:0:0:0	0.0000	0.0155	30.0000	286.8113	0.6667	0.0000	0.0000	0
555	25	0.0000	1.01	100:0:0:0:0:0	0.3714	0.0157	29.7380	295.9806	0.6673	1.2024	1.2024	2
556	12	0.0000	1.01	100:0:0:0:0:0	0.1874	0.0139	29.8639	292.6718	0.6670	0.6472	0.6472	2	0
557	6	0.0000	1.01	100:0:0:0:0:0	0.0936	0.0133	29.9432	291.1793	0.6668	0.3399	0.3399	0
558	9	0.0000	1.01	100:0:0:0:0:0	0.1389	0.0149	29.8961	291.3176	0.6669	0.4882	0.4882	0	2
559	10	0.0000	1.01	100:0:0:0:0:0	0.1557	0.0153	29.8790	287.1311	0.6669	0.5655	0.5655	0	2
560	0	0.0000	1.2	100:0:0:0:0:0	0.0000	0.0137	30.0000	201.6845	0.6667	0.0000	0.0000	0
561	25	0.0000	1.2	100:0:0:0:0:0	0.4081	0.0119	28.9124	213.3901	0.6692	6.4851	6.4851	2
562	12	0.0000	1.2	100:0:0:0:0:0	0.2072	0.0093	29.4347	204.8164	0.6679	3.2710	3.2710	2	0
563	6	0.0000	1.2	100:0:0:0:0:0	0.1060	0.0095	29.7084	202.6396	0.6673	1.5733	1.5733	0
564	9	0.0000	1.2	100:0:0:0:0:0	0.1591	0.0094	29.5565	207.9977	0.6676	2.5561	2.5561	0
565	10	0.0000	1.2	100:0:0:0:0:0	0.1798	0.0125	29.5287	208.5991	0.6677	2.7018	2.7018	0
566	0	0.0000	1.4	100:0:0:0:0:0	0.0000	0.0111	30.0000	167.2779	0.6667	0.0000	0.0000	0
567	25	0.0000	1.4	100:0:0:0:0:0	0.4346	0.0132	28.0819	169.4699	0.6708	16.0099	16.0099	2	0
568	12	0.0000	1.4	100:0:0:0:0:0	0.2275	0.0098	28.9410	169.5301	0.6688	7.9532	7.9532	0
569	18	0.0000	1.4	100:0:0:0:0:0	0.3195	0.0100	28.5506	170.6694	0.6697	11.7024	11.7024	0
570	21	0.0000	1.4	100:0:0:0:0:0	0.3718	0.0111	28.3367	171.2214	0.6702	13.5817	13.5817	2	0
571	19	0.0000	1.4	100:0:0:0:0:0	0.3489	0.0106	28.4652	175.0697	0.6699	12.0137	12.0137	0
572	0	0.0000	1.5	100:0:0:0:0:0	0.0000	0.0101	30.0000	155.0545	0.6667	0.0000	0.0000	0
573	25	0.0000	1.5	100:0:0:0:0:0	0.4263	0.0104	27.7747	169.5197	0.6713	21.0586	21.0586	0	2
574	37	0.0000	1.5	100:0:0:0:0:0	0.6150	0.0170	27.0791	165.9897	0.6732	30.6218	30.6218	2
575	31	0.0000	1.5	100:0:0:0:0:0	0.5278	0.0134	27.4628	165.2946	0.6722	25.0201	25.0201	2
576	28	0.0000	1.5	100:0:0:0:0:0	0.4827	0.0108	27.6103	165.4084	0.6717	23.1572	23.1572	2
577	26	0.0000	1.5	100:0:0:0:0:0	0.4429	0.0122	27.7543	164.6719	0.6714	21.4763	21.4763	2	0
578	0	0.0000	0	0:100:0:0:0:0	0.0000	0.0223	30.0000	537.8476	0.6667	0.0000	0.0000	0
579	25	0.0000	0	0:100:0:0:0:0	0.3632	0.0249	29.9984	529.1940	0.6667	0.0000	0.0000	1	2
580	12	0.0000	0	0:100:0:0:0:0	0.1690	0.0156	30.0000	529.7540	0.6667	0.0000	0.0000	0
581	18	0.0000	0	0:100:0:0:0:0	0.2536	0.0148	30.0000	533.2315	0.6667	0.0000	0.0000	1	2
582	15	0.0000	0	0:100:0:0:0:0	0.2216	0.0228	30.0000	551.3504	0.6667	0.0000	0.0000	0	1
583	16	0.0000	0	0:100:0:0:0:0	0.2418	0.0139	30.0000	547.1911	0.6667	0.0029	0.0029	0	1
584	0	0.0000	0.4	0:100:0:0:0:0	0.0000	0.0219	30.0000	482.8834	0.6667	0.0000	0.0000	0
585	25	0.0000	0.4	0:100:0:0:0:0	0.3755	0.0291	29.9983	493.0148	0.6667	0.0015	0.0015	2	1
586	12	0.0000	0.4	0:100:0:0:0:0	0.1802	0.0142	30.0000	482.2698	0.6667	0.0000	0.0000	0
587	18	0.0000	0.4	0:100:0:0:0:0	0.2515	0.0179	30.0000	485.0481	0.6667	0.0030	0.0030	2	1
588	15	0.0000	0.4	0:100:0:0:0:0	0.2244	0.0180	30.0000	492.1688	0.6667	0.0000	0.0000	0	1
589	16	0.0000	0.4	0:100:0:0:0:0	0.2340	0.0200	29.9990	493.0322	0.6667	0.0000	0.0000	2	0
590	0	0.0000	0.8	0:100:0:0:0:0	0.0000	0.0136	30.0000	387.1947	0.6667	0.0000	0.0000	0
591	25	0.0000	0.8	0:100:0:0:0:0	0.3612	0.0178	29.9698	384.7436	0.6667	0.0900	0.0900	2
592	12	0.0000	0.8	0:100:0:0:0:0	0.1756	0.0172	29.9837	378.9459	0.6667	0.0405	0.0405	0	2
593	18	0.0000	0.8	0:100:0:0:0:0	0.2660	0.0157	29.9686	388.6691	0.6667	0.0699	0.0699	2
594	15	0.0000	0.8	0:100:0:0:0:0	0.2284	0.0153	29.9802	393.8815	0.6667	0.0291	0.0291	2	0
595	13	0.0000	0.8	0:100:0:0:0:0	0.1887	0.0212	29.9800	378.9963	0.6667	0.0405	0.0405	0	2
596	0	0.0000	1.01	0:100:0:0:0:0	0.0000	0.0150	30.0000	263.6043	0.6667	0.0000	0.0000	0
597	25	0.0000	1.01	0:100:0:0:0:0	0.3975	0.0164	29.4858	270.2156	0.6679	1.2512	1.2512	2
598	12	0.0000	1.01	0:100:0:0:0:0	0.1966	0.0146	29.7465	270.3429	0.6673	0.6129	0.6129	0	2
599	18	0.0000	1.01	0:100:0:0:0:0	0.2898	0.0128	29.6275	279.5176	0.6676	0.8974	0.8974	2
600	15	0.0000	1.01	0:100:0:0:0:0	0.2457	0.0127	29.6614	271.9827	0.6675	0.8675	0.8675	2
601	13	0.0000	1.01	0:100:0:0:0:0	0.2060	0.0151	29.7158	270.2244	0.6673	0.7305	0.7305	2	0
602	0	0.0000	1.2	0:100:0:0:0:0	0.0000	0.0147	30.0000	188.6542	0.6667	0.0000	0.0000	0
603	25	0.0000	1.2	0:100:0:0:0:0	0.4404	0.0127	28.1537	197.3119	0.6710	6.3838	6.3838	2
604	12	0.0000	1.2	0:100:0:0:0:0	0.2214	0.0091	28.9420	198.7872	0.6690	3.2314	3.2314	0
605	18	0.0000	1.2	0:100:0:0:0:0	0.3371	0.0116	28.5871	201.0549	0.6698	4.9293	4.9293	0	2
606	21	0.0000	1.2	0:100:0:0:0:0	0.3708	0.0121	28.3972	196.7936	0.6703	5.5639	5.5639	2	0
607	19	0.0000	1.2	0:100:0:0:0:0	0.3480	0.0220	28.2739	195.1443	0.6705	4.9312	4.9312	0	2
608	0	0.0000	1.4	0:100:0:0:0:0	0.0000	0.0176	29.7203	157.5258	0.6672	0.0000	0.0000	0
609	25	0.0000	1.4	0:100:0:0:0:0	0.4499	0.0402	25.7968	168.3172	0.6762	14.3143	14.3143	0
610	37	0.0000	1.4	0:100:0:0:0:0	0.6251	0.0436	24.0043	167.9984	0.6812	19.9795	19.9795	2
611	31	0.0000	1.4	0:100:0:0:0:0	0.5481	0.0417	24.4755	165.0917	0.6797	17.3409	17.3409	2	0
612	28	0.0000	1.4	0:100:0:0:0:0	0.5024	0.0394	24.7243	167.9862	0.6790	15.8966	15.8966	0	2
613	29	0.0000	1.4	0:100:0:0:0:0	0.5085	0.0443	24.4612	169.8443	0.6796	16.0681	16.0681	2	0
614	0	0.0000	1.5	0:100:0:0:0:0	0.0000	0.0290	28.6148	149.7940	0.6693	0.0000	0.0000	0
615	25	0.0000	1.5	0:100:0:0:0:0	0.4544	0.0448	24.1853	158.4080	0.6800	17.7254	17.7254	0	2
616	37	0.0000	1.5	0:100:0:0:0:0	0.6241	0.0589	22.1677	161.1377	0.6861	25.5511	25.5511	2
617	31	0.0000	1.5	0:100:0:0:0:0	0.5465	0.0606	22.8671	160.1761	0.6838	21.6396	21.6396	2
618	28	0.0000	1.5	0:100:0:0:0:0	0.4988	0.0598	23.1643	163.4263	0.6828	19.9617	19.9617	0	2
619	29	0.0000	1.5	0:100:0:0:0:0	0.5278	0.0600	22.8979	162.1438	0.6837	20.8527	20.8527	2	0
620	0	0.0000	0	0:0:100:0:0:0	0.0000	0.0178	15.0000	759.6264	1.0000	0.0000	0.0000	0
621	0	0.0000	0.4	0:0:100:0:0:0	0.0000	0.0141	15.0000	661.7310	1.0000	0.0000	0.0000	0
622	0	0.0000	0.8	0:0:100:0:0:0	0.0000	0.0164	15.0000	523.1925	1.0000	0.0000	0.0000	0
623	0	0.0000	1.01	0:0:100:0:0:0	0.0000	0.0139	15.0000	356.8552	1.0000	0.0000	0.0000	0
624	0	0.0000	1.2	0:0:100:0:0:0	0.0000	0.0160	15.0000	226.3815	1.0000	0.0000	0.0000	0
625	0	0.0000	1.4	0:0:100:0:0:0	0.0000	0.0121	15.0000	178.4295	1.0000	0.0000	0.0000	0
626	0	0.0000	1.5	0:0:100:0:0:0	0.0000	0.0097	15.0000	161.4611	1.0000	0.0000	0.0000	0
627	0	0.0000	0	0:0:0:100:0:0	0.0000	0.0204	20.0000	614.8812	0.7500	0.0000	0.0000	0
628	0	0.0000	0.4	0:0:0:100:0:0	0.0000	0.0200	20.0000	545.9049	0.7500	0.0000	0.0000	0
629	0	0.0000	0.8	0:0:0:100:0:0	0.0000	0.0152	20.0000	437.7044	0.7500	0.0000	0.0000	0
630	0	0.0000	1.01	0:0:0:100:0:0	0.0000	0.0155	20.0000	301.3948	0.7500	0.0000	0.0000	0
631	0	0.0000	1.2	0:0:0:100:0:0	0.0000	0.0133	20.0000	207.7706	0.7500	0.0000	0.0000	0
632	0	0.0000	1.4	0:0:0:100:0:0	0.0000	0.0108	20.0000	171.7690	0.7500	0.0000	0.0000	0
633	0	0.0000	1.5	0:0:0:100:0:0	0.0000	0.0098	20.0000	160.8565	0.7500	0.0000	0.0000	0
634	0	0.0000	0	0:0:0:0:100:0	0.0000	0.0165	15.0000	546.5769	0.6667	0.0000	0.0000	0
635	0	0.0000	0.4	0:0:0:0:100:0	0.0000	0.0168	15.0000	481.4053	0.6667	0.0000	0.0000	0
636	0	0.0000	0.8	0:0:0:0:100:0	0.0000	0.0181	15.0000	373.1248	0.6667	0.0000	0.0000	0
637	0	0.0000	1.01	0:0:0:0:100:0	0.0000	0.0168	15.0000	261.4059	0.6667	0.0000	0.0000	0
638	0	0.0000	1.2	0:0:0:0:100:0	0.0000	0.0122	15.0000	192.8544	0.6667	0.0000	0.0000	0
639	0	0.0000	1.4	0:0:0:0:100:0	0.0000	0.0107	15.0000	158.8605	0.6667	0.0000	0.0000	0
640	0	0.0000	1.5	0:0:0:0:100:0	0.0000	0.0119	15.0000	150.2615	0.6667	0.0000	0.0000	0
641	0	0.0000	0	0:0:0:0:0:100	0.0000	0.0190	15.0000	531.2456	0.6667	0.0000	0.0000	0
642	0	0.0000	0.4	0:0:0:0:0:100	0.0000	0.0171	15.0000	480.0052	0.6667	0.0000	0.0000	0
643	0	0.0000	0.8	0:0:0:0:0:100	0.0000	0.0204	15.0000	374.0841	0.6667	0.0000	0.0000	0
644	0	0.0000	1.01	0:0:0:0:0:100	0.0000	0.0133	15.0000	270.6219	0.6667	0.0000	0.0000	0
645	0	0.0000	1.2	0:0:0:0:0:100	0.0000	0.0100	14.9999	197.1818	0.6667	0.0000	0.0000	0
646	0	0.0000	1.4	0:0:0:0:0:100	0.0000	0.0122	15.0000	159.5397	0.6667	0.0000	0.0000	0
647	0	0.0000	1.5	0:0:0:0:0:100	0.0000	0.0113	15.0000	154.9665	0.6667	0.0000	0.0000	0
