0	100	0	0	33:0:0:0:67:0	0.4856	0.0006	3.9874	460.6387	0.6667	0.0008	1	2
1	100	0.5	0	33:0:0:0:67:0	0.5280	0.0219	3.9906	456.1220	0.6667	0.0012	1	2
2	100	1.01	0	33:0:0:0:67:0	1.2013	0.1389	3.9872	451.5177	0.6667	0.0012	1	2
3	100	0	0.4	33:0:0:0:67:0	0.4853	0.0008	3.9970	445.0808	0.6667	0.0009	1	2
4	100	0.5	0.4	33:0:0:0:67:0	0.5728	0.0214	3.9867	513.9832	0.6667	0.0000	2	1
5	100	1.01	0.4	33:0:0:0:67:0	1.1913	0.1392	3.9911	439.1851	0.6667	0.0004	1	2
6	100	0	0.8	33:0:0:0:67:0	0.4899	0.0007	3.9898	346.3026	0.6667	0.0717	1	2
7	100	0.5	0.8	33:0:0:0:67:0	0.5326	0.0215	3.9876	362.1159	0.6667	0.0763	1	2
8	100	1.01	0.8	33:0:0:0:67:0	1.1767	0.1410	3.9957	358.6954	0.6667	0.0961	1
9	100	0	1.01	33:0:0:0:67:0	0.5587	0.0009	3.9933	327.2967	0.6668	0.8256	1
10	100	0.5	1.01	33:0:0:0:67:0	0.5420	0.0226	3.9900	278.0533	0.6668	0.8702	1	2
11	100	1.01	1.01	33:0:0:0:67:0	1.1454	0.1406	3.9908	276.6027	0.6669	1.2922	2	1
12	100	0	1.2	33:0:0:0:67:0	0.4989	0.0015	3.9918	203.8866	0.6679	3.5468	2	1
13	100	0.5	1.2	33:0:0:0:67:0	0.5406	0.0234	3.9924	196.1952	0.6677	3.9731	2
14	100	1.01	1.2	33:0:0:0:67:0	1.2709	0.1627	4.0045	201.5004	0.6679	5.7985	1	2
15	100	0	1.4	33:0:0:0:67:0	0.5072	0.0016	3.9900	165.0876	0.6702	8.8294	2	1
16	100	0.5	1.4	33:0:0:0:67:0	0.6838	0.0267	4.0024	172.6905	0.6704	9.8891	2
17	100	1.01	1.4	33:0:0:0:67:0	1.5633	0.2045	4.0083	168.4034	0.6708	16.0287	1
18	100	0	1.5	33:0:0:0:67:0	0.5122	0.0029	3.9971	147.0487	0.6694	11.6537	1
19	100	0.5	1.5	33:0:0:0:67:0	0.5980	0.0389	4.0045	146.2254	0.6695	13.3318	1
20	100	1.01	1.5	33:0:0:0:67:0	1.6956	0.2217	4.0036	145.4919	0.6728	23.8450	1
21	100	0	0	67:0:0:0:33:0	0.9842	0.0006	5.0103	467.4483	0.6667	0.0012	1	2
22	100	0.5	0	67:0:0:0:33:0	1.1703	0.0568	5.0107	466.9563	0.6667	0.0008	1	2
23	100	1.01	0	67:0:0:0:33:0	2.8331	0.3492	5.0151	609.6146	0.6667	0.0000	2	1
24	100	0	0.4	67:0:0:0:33:0	0.9776	0.0006	5.0176	446.1931	0.6667	0.0009	1	2
25	100	0.5	0.4	67:0:0:0:33:0	1.1875	0.0558	5.0061	468.5435	0.6667	0.0023	1	2
26	100	1.01	0.4	67:0:0:0:33:0	2.7285	0.3534	5.0097	446.5872	0.6667	0.0014	1	2
27	100	0	0.8	67:0:0:0:33:0	0.9950	0.0006	5.0170	362.9148	0.6667	0.1000	1	2
28	100	0.5	0.8	67:0:0:0:33:0	1.1836	0.0541	5.0126	370.6310	0.6667	0.1254	1	2
29	100	1.01	0.8	67:0:0:0:33:0	2.8153	0.3561	5.0112	376.1807	0.6667	0.2024	2	1
30	100	0	1.01	67:0:0:0:33:0	1.0702	0.0006	5.0055	285.4898	0.6669	1.2825	1
31	100	0.5	1.01	67:0:0:0:33:0	1.1933	0.0581	5.0087	287.7131	0.6670	1.4573	2	1
32	100	1.01	1.01	67:0:0:0:33:0	2.8444	0.3642	5.0029	276.7120	0.6672	2.4811	1	2
33	100	0	1.2	67:0:0:0:33:0	0.9940	0.0008	5.0114	212.4247	0.6690	5.6390	2	1
34	100	0.5	1.2	67:0:0:0:33:0	1.2559	0.0583	5.0086	210.2243	0.6689	6.7021	2	1
35	100	1.01	1.2	67:0:0:0:33:0	3.1502	0.4160	4.9965	203.7072	0.6703	13.2402	1
36	100	0	1.4	67:0:0:0:33:0	1.0112	0.0013	5.0031	163.1900	0.6706	13.9419	1
37	100	0.5	1.4	67:0:0:0:33:0	1.3268	0.0722	4.9964	225.4653	0.6714	17.0097	1
38	100	1.01	1.4	67:0:0:0:33:0	3.6747	0.5302	4.9447	160.8128	0.6784	37.3408	1
39	100	0	1.5	67:0:0:0:33:0	1.0052	0.0006	4.9717	151.3687	0.6760	18.8069	2	1
40	100	0.5	1.5	67:0:0:0:33:0	1.3653	0.0808	4.9876	165.8241	0.6735	23.6179	1
41	100	1.01	1.5	67:0:0:0:33:0	3.9362	0.5896	4.9105	157.4561	0.6829	52.6565	1
42	100	0	0	0:33:0:0:67:0	0.4802	0.0005	3.9832	449.5202	0.6667	0.0016	1	2
43	100	0.5	0	0:33:0:0:67:0	0.5368	0.0209	3.9900	482.1841	0.6667	0.0008	1	2
44	100	1.01	0	0:33:0:0:67:0	1.1511	0.1359	3.9891	760.8892	0.6667	0.0004	2
45	100	0	0.4	0:33:0:0:67:0	0.4846	0.0006	3.9955	421.1227	0.6667	0.0008	1	2
46	100	0.5	0.4	0:33:0:0:67:0	0.5265	0.0216	3.9857	409.7446	0.6667	0.0013	1
47	100	1.01	0.4	0:33:0:0:67:0	1.1712	0.1402	3.9938	420.9678	0.6667	0.0013	1
48	100	0	0.8	0:33:0:0:67:0	0.4941	0.0009	3.9916	355.4064	0.6667	0.0705	2	1
49	100	0.5	0.8	0:33:0:0:67:0	0.5416	0.0221	4.0009	346.3462	0.6667	0.0894	1
50	100	1.01	0.8	0:33:0:0:67:0	1.1927	0.1443	3.9904	347.2879	0.6667	0.1084	2	1
51	100	0	1.01	0:33:0:0:67:0	0.5473	0.0011	3.9887	281.8859	0.6671	0.9719	2	1
52	100	0.5	1.01	0:33:0:0:67:0	0.5425	0.0229	3.9872	273.1455	0.6671	1.1063	2
53	100	1.01	1.01	0:33:0:0:67:0	1.1722	0.1419	3.9900	263.5276	0.6675	1.4466	2
54	100	0	1.2	0:33:0:0:67:0	0.5006	0.0014	3.9903	194.4975	0.6688	4.3200	2
55	100	0.5	1.2	0:33:0:0:67:0	0.5471	0.0246	3.9872	205.4862	0.6693	4.7412	2	1
56	100	1.01	1.2	0:33:0:0:67:0	1.2798	0.1561	3.9979	193.2491	0.6695	6.9810	1	2
57	100	0	1.4	0:33:0:0:67:0	0.5427	0.0017	3.9787	215.2408	0.6728	10.6793	2	1
58	100	0.5	1.4	0:33:0:0:67:0	0.5990	0.0315	3.9743	170.2398	0.6741	11.7460	2	1
59	100	1.01	1.4	0:33:0:0:67:0	1.6238	0.2001	3.9846	158.6712	0.6750	19.1008	1
60	100	0	1.5	0:33:0:0:67:0	0.5204	0.0019	4.0112	146.9748	0.6718	14.3335	1	2
61	100	0.5	1.5	0:33:0:0:67:0	0.6000	0.0333	3.9654	157.0401	0.6769	16.0894	2	1
62	100	1.01	1.5	0:33:0:0:67:0	1.7935	0.2211	3.9791	152.8656	0.6785	27.6072	1
63	100	0	0	0:67:0:0:33:0	0.9823	0.0005	5.0100	462.8941	0.6667	0.0004	1	2
64	100	0.5	0	0:67:0:0:33:0	1.1696	0.0549	5.0114	460.4140	0.6667	0.0004	1	2
65	100	1.01	0	0:67:0:0:33:0	2.8562	0.3586	5.0121	450.8596	0.6667	0.0012	2	1
66	100	0	0.4	0:67:0:0:33:0	0.9826	0.0004	5.0138	420.0900	0.6667	0.0016	2	1
67	100	0.5	0.4	0:67:0:0:33:0	1.1748	0.0537	5.0125	424.4933	0.6667	0.0029	1	2
68	100	1.01	0.4	0:67:0:0:33:0	2.7674	0.3550	5.0102	435.6347	0.6667	0.0013	2	1
69	100	0	0.8	0:67:0:0:33:0	0.9832	0.0004	5.0052	362.7628	0.6669	0.1272	2	1
70	100	0.5	0.8	0:67:0:0:33:0	1.2134	0.0562	5.0023	352.5140	0.6671	0.1252	2	1
71	100	1.01	0.8	0:67:0:0:33:0	2.8108	0.3530	5.0003	575.2944	0.6674	0.1958	2	1
72	100	0	1.01	0:67:0:0:33:0	0.9958	0.0006	4.9878	272.4679	0.6684	1.4833	2	1
73	100	0.5	1.01	0:67:0:0:33:0	1.2033	0.0547	4.9695	273.8332	0.6697	1.5902	2	1
74	100	1.01	1.01	0:67:0:0:33:0	2.8610	0.3639	4.9080	271.4814	0.6742	2.5495	2	1
75	100	0	1.2	0:67:0:0:33:0	0.9963	0.0009	4.9174	201.7683	0.6756	6.6226	2
76	100	0.5	1.2	0:67:0:0:33:0	1.2159	0.0561	4.8093	209.0026	0.6820	7.1974	1	2
77	100	1.01	1.2	0:67:0:0:33:0	2.7777	0.3544	4.6058	201.9236	0.6974	9.7009	1
78	100	0	1.4	0:67:0:0:33:0	1.1503	0.0008	4.7389	165.8248	0.6920	16.5571	2
79	100	0.5	1.4	0:67:0:0:33:0	1.2046	0.0592	4.6051	171.7191	0.6997	18.0578	1	2
80	100	1.01	1.4	0:67:0:0:33:0	2.8353	0.3629	4.3096	167.5299	0.7240	26.8704	1
81	100	0	1.5	0:67:0:0:33:0	1.0193	0.0012	4.6929	154.5950	0.6950	22.5324	1	2
82	100	0.5	1.5	0:67:0:0:33:0	1.2435	0.0621	4.4722	154.9177	0.7116	24.8709	1
83	100	1.01	1.5	0:67:0:0:33:0	2.8717	0.3773	4.1538	157.2072	0.7390	38.1717	1
84	100	0	0	0:33:0:0:0:67	0.4897	0.0004	3.9912	494.5605	0.6667	0.0000	1	2
85	100	0.5	0	0:33:0:0:0:67	0.5768	0.0208	3.9826	493.7064	0.6667	0.0000	1
86	100	1.01	0	0:33:0:0:0:67	1.1242	0.1379	3.9829	493.5177	0.6667	0.0004	1	2
87	100	0	0.4	0:33:0:0:0:67	0.4764	0.0005	3.9858	441.1985	0.6668	0.0009	1	2
88	100	0.5	0.4	0:33:0:0:0:67	0.5432	0.0223	3.9938	464.9811	0.6668	0.0009	2	1
89	100	1.01	0.4	0:33:0:0:0:67	1.2186	0.1411	3.9844	444.3308	0.6668	0.0009	2	1
90	100	0	0.8	0:33:0:0:0:67	0.4876	0.0005	3.9687	372.8651	0.6684	0.0707	1	2
91	100	0.5	0.8	0:33:0:0:0:67	0.5485	0.0238	3.9603	385.0723	0.6694	0.0716	1	2
92	100	1.01	0.8	0:33:0:0:0:67	1.1718	0.1355	3.9396	373.6336	0.6708	0.0890	1	2
93	100	0	1.01	0:33:0:0:0:67	0.4997	0.0010	3.9259	273.8517	0.6730	0.8051	1	2
94	100	0.5	1.01	0:33:0:0:0:67	0.5430	0.0241	3.8788	289.7257	0.6763	0.7967	2	1
95	100	1.01	1.01	0:33:0:0:0:67	1.1595	0.1412	3.8247	291.5480	0.6809	1.0453	2	1
96	100	0	1.2	0:33:0:0:0:67	0.4994	0.0014	3.8460	207.6372	0.6804	3.4205	1	2
97	100	0.5	1.2	0:33:0:0:0:67	0.5530	0.0258	3.7662	216.2421	0.6876	3.6599	2	1
98	100	1.01	1.2	0:33:0:0:0:67	1.1602	0.1409	3.6547	206.4149	0.6974	4.6605	2
99	100	0	1.4	0:33:0:0:0:67	0.6728	0.0026	3.7406	177.8475	0.6922	8.7945	2	1
100	100	0.5	1.4	0:33:0:0:0:67	0.5623	0.0313	3.6324	178.3219	0.7016	9.1905	2	1
101	100	1.01	1.4	0:33:0:0:0:67	1.2102	0.1629	3.4927	171.7238	0.7150	12.5108	1	2
102	100	0	1.5	0:33:0:0:0:67	0.5238	0.0044	3.6882	162.5978	0.6971	11.7687	1	2
103	100	0.5	1.5	0:33:0:0:0:67	0.5715	0.0372	3.5608	162.9608	0.7086	12.7315	1	2
104	100	1.01	1.5	0:33:0:0:0:67	1.2152	0.1676	3.4131	148.8337	0.7244	17.6965	1
105	100	0	0	0:67:0:0:0:33	0.9875	0.0004	5.0104	453.1310	0.6667	0.0004	1	2
106	100	0.5	0	0:67:0:0:0:33	1.2867	0.0555	5.0059	644.6802	0.6667	0.0008	1	2
107	100	1.01	0	0:67:0:0:0:33	2.8347	0.3532	5.0103	463.5712	0.6667	0.0028	1	2
108	100	0	0.4	0:67:0:0:0:33	0.9707	0.0004	5.0091	435.7427	0.6668	0.0017	1	2
109	100	0.5	0.4	0:67:0:0:0:33	1.1963	0.0565	5.0141	446.6657	0.6669	0.0009	1	2
110	100	1.01	0.4	0:67:0:0:0:33	2.7277	0.3509	5.0015	439.1755	0.6670	0.0043	1	2
111	100	0	0.8	0:67:0:0:0:33	0.9981	0.0009	4.9473	375.1878	0.6709	0.1003	2	1
112	100	0.5	0.8	0:67:0:0:0:33	1.1821	0.0562	4.9283	367.2104	0.6728	0.1237	2	1
113	100	1.01	0.8	0:67:0:0:0:33	2.9038	0.3642	4.8870	360.8285	0.6751	0.1533	2	1
114	100	0	1.01	0:67:0:0:0:33	0.9853	0.0009	4.8048	280.5290	0.6813	1.3059	2	1
115	100	0.5	1.01	0:67:0:0:0:33	1.2410	0.0584	4.7279	281.5680	0.6871	1.4242	2	1
116	100	1.01	1.01	0:67:0:0:0:33	2.8244	0.3525	4.6158	279.2295	0.6955	2.0451	2	1
117	100	0	1.2	0:67:0:0:0:33	1.0067	0.0012	4.5841	210.6220	0.6991	6.0232	1	2
118	100	0.5	1.2	0:67:0:0:0:33	1.2258	0.0625	4.4170	211.1490	0.7121	6.5169	1	2
119	100	1.01	1.2	0:67:0:0:0:33	2.9208	0.3600	4.2277	215.1557	0.7288	9.4530	1	2
120	100	0	1.4	0:67:0:0:0:33	1.1859	0.0020	4.3346	178.3881	0.7223	15.3977	1	2
121	100	0.5	1.4	0:67:0:0:0:33	1.2271	0.0669	4.1198	180.4314	0.7407	17.0311	1
122	100	1.01	1.4	0:67:0:0:0:33	2.8810	0.3718	3.8577	181.1719	0.7677	25.9036	1
123	100	0	1.5	0:67:0:0:0:33	1.0483	0.0026	4.1851	164.9635	0.7361	20.8681	1	2
124	100	0.5	1.5	0:67:0:0:0:33	1.2755	0.0687	3.9643	168.5405	0.7571	23.5859	1
125	100	1.01	1.5	0:67:0:0:0:33	2.8522	0.3738	3.7008	177.2066	0.7859	37.1732	1
126	100	0	0	0:33:67:0:0:0	0.4920	0.0007	3.9866	568.7512	0.8350	0.0000	1
127	100	0.5	0	0:33:67:0:0:0	0.5855	0.0212	3.9954	557.7090	0.8339	0.0005	2
128	100	1.01	0	0:33:67:0:0:0	1.1517	0.1395	3.9940	537.4374	0.8341	0.0010	1	2
129	100	0	0.4	0:33:67:0:0:0	0.4853	0.0007	3.9888	508.2881	0.8347	0.0010	1	2
130	100	0.5	0.4	0:33:67:0:0:0	0.5472	0.0220	3.9888	509.1561	0.8347	0.0015	1
131	100	1.01	0.4	0:33:67:0:0:0	1.1512	0.1337	3.9843	531.7179	0.8353	0.0021	1	2
132	100	0	0.8	0:33:67:0:0:0	0.4860	0.0007	3.9494	430.9522	0.8397	0.0607	1	2
133	100	0.5	0.8	0:33:67:0:0:0	0.5500	0.0240	3.9361	411.9911	0.8414	0.0616	1	2
134	100	1.01	0.8	0:33:67:0:0:0	1.2635	0.1444	3.9168	603.5058	0.8440	0.1061	2
135	100	0	1.01	0:33:67:0:0:0	0.4961	0.0012	3.8616	297.8581	0.8512	0.8546	1	2
136	100	0.5	1.01	0:33:67:0:0:0	0.5402	0.0236	3.8260	324.3990	0.8561	0.9110	2
137	100	1.01	1.01	0:33:67:0:0:0	1.1852	0.1457	3.7734	327.8404	0.8634	1.0863	1	2
138	100	0	1.2	0:33:67:0:0:0	0.4978	0.0017	3.7307	224.7186	0.8695	3.7660	2
139	100	0.5	1.2	0:33:67:0:0:0	0.5597	0.0308	3.6515	222.8538	0.8810	3.9927	1	2
140	100	1.01	1.2	0:33:67:0:0:0	1.1739	0.1382	3.5688	230.9315	0.8937	5.1505	2	1
141	100	0	1.4	0:33:67:0:0:0	0.6207	0.0056	3.5873	196.2378	0.8907	9.1402	1	2
142	100	0.5	1.4	0:33:67:0:0:0	0.5779	0.0428	3.4871	184.5758	0.9067	10.0817	1	2
143	100	1.01	1.4	0:33:67:0:0:0	1.2264	0.1762	3.3801	182.5662	0.9249	13.7803	1
144	100	0	1.5	0:33:67:0:0:0	0.5157	0.0075	3.5335	174.8378	0.8992	12.6401	1	2
145	100	0.5	1.5	0:33:67:0:0:0	0.5742	0.0435	3.4268	174.4090	0.9167	14.1057	1
146	100	1.01	1.5	0:33:67:0:0:0	1.1832	0.1768	3.3082	171.1290	0.9377	19.2659	1
147	100	0	0	0:67:33:0:0:0	0.9643	0.0004	5.0002	498.4760	0.7333	0.0017	1	2
148	100	0.5	0	0:67:33:0:0:0	1.2806	0.0547	5.0182	515.1149	0.7319	0.0004	1	2
149	100	1.01	0	0:67:33:0:0:0	2.8741	0.3529	5.0048	497.7622	0.7330	0.0000	1	2
150	100	0	0.4	0:67:33:0:0:0	0.9695	0.0004	5.0022	513.8621	0.7332	0.0014	1	2
151	100	0.5	0.4	0:67:33:0:0:0	1.1905	0.0548	5.0041	495.7242	0.7330	0.0014	1	2
152	100	1.01	0.4	0:67:33:0:0:0	2.7743	0.3471	5.0018	467.6635	0.7332	0.0019	1	2
153	100	0	0.8	0:67:33:0:0:0	0.9810	0.0004	4.9109	384.2769	0.7406	0.0939	1	2
154	100	0.5	0.8	0:67:33:0:0:0	1.3351	0.0563	4.8950	388.7052	0.7419	0.1105	2	1
155	100	1.01	0.8	0:67:33:0:0:0	2.9207	0.3571	4.8582	380.8628	0.7450	0.1678	2	1
156	100	0	1.01	0:67:33:0:0:0	0.9923	0.0007	4.7064	282.5447	0.7583	1.4067	1	2
157	100	0.5	1.01	0:67:33:0:0:0	1.1958	0.0590	4.6372	295.2644	0.7647	1.4064	1	2
158	100	1.01	1.01	0:67:33:0:0:0	2.8646	0.3611	4.5421	293.0543	0.7737	2.0725	2
159	100	0	1.2	0:67:33:0:0:0	1.0283	0.0016	4.4108	215.1357	0.7870	6.3574	1
160	100	0.5	1.2	0:67:33:0:0:0	1.2353	0.0641	4.2737	225.7478	0.8014	6.9429	1	2
161	100	1.01	1.2	0:67:33:0:0:0	2.9353	0.3628	4.1075	303.4569	0.8203	10.2436	1
162	100	0	1.4	0:67:33:0:0:0	1.0519	0.0034	4.1138	184.1104	0.8199	15.9970	1
163	100	0.5	1.4	0:67:33:0:0:0	1.2731	0.0734	3.9296	192.3301	0.8425	17.9128	1
164	100	1.01	1.4	0:67:33:0:0:0	2.9239	0.3882	3.7187	183.4268	0.8712	28.0919	1
165	100	0	1.5	0:67:33:0:0:0	1.0488	0.0042	3.9971	176.6898	0.8342	21.8031	1
166	100	0.5	1.5	0:67:33:0:0:0	1.2679	0.0758	3.7807	171.0460	0.8625	24.9907	1
167	100	1.01	1.5	0:67:33:0:0:0	2.8941	0.3923	3.5746	171.8223	0.8928	39.1695	1
168	100	0	0	0:50:0:50:0:0	0.7850	0.0006	4.9938	534.4746	0.7003	0.0000	1
169	100	0.5	0	0:50:0:50:0:0	0.8534	0.0372	4.9972	519.6898	0.7001	0.0008	1	2
170	100	1.01	0	0:50:0:50:0:0	2.0897	0.2417	5.0018	517.5577	0.6999	0.0004	1	2
171	100	0	0.4	0:50:0:50:0:0	0.7411	0.0005	4.9990	472.2192	0.7002	0.0004	1	2
172	100	0.5	0.4	0:50:0:50:0:0	0.8442	0.0389	4.9958	499.6300	0.7004	0.0013	1	2
173	100	1.01	0.4	0:50:0:50:0:0	2.0454	0.2471	4.9979	494.5207	0.7004	0.0004	1	2
174	100	0	0.8	0:50:0:50:0:0	0.7306	0.0007	4.9048	395.5321	0.7071	0.0880	1	2
175	100	0.5	0.8	0:50:0:50:0:0	0.9162	0.0378	4.8795	409.4064	0.7092	0.0887	2	1
176	100	1.01	0.8	0:50:0:50:0:0	2.0471	0.2459	4.8457	392.1230	0.7119	0.1203	1	2
177	100	0	1.01	0:50:0:50:0:0	0.7498	0.0007	4.7105	299.4759	0.7226	1.0619	1	2
178	100	0.5	1.01	0:50:0:50:0:0	0.8657	0.0402	4.6352	302.9298	0.7289	1.1099	2	1
179	100	1.01	1.01	0:50:0:50:0:0	2.0920	0.2490	4.5529	299.2379	0.7361	1.4574	2
180	100	0	1.2	0:50:0:50:0:0	0.7501	0.0012	4.4541	222.5176	0.7452	4.6932	1	2
181	100	0.5	1.2	0:50:0:50:0:0	0.8658	0.0414	4.3310	225.6109	0.7570	5.0359	2
182	100	1.01	1.2	0:50:0:50:0:0	2.0534	0.2437	4.1869	237.7836	0.7712	6.9483	2	1
183	100	0	1.4	0:50:0:50:0:0	0.7749	0.0030	4.2255	182.5089	0.7679	11.7251	1	2
184	100	0.5	1.4	0:50:0:50:0:0	0.8876	0.0524	4.0690	187.7005	0.7843	13.0147	1	2
185	100	1.01	1.4	0:50:0:50:0:0	2.1292	0.2620	3.9135	191.5607	0.8022	19.1530	1
186	100	0	1.5	0:50:0:50:0:0	0.7853	0.0036	4.1214	169.6078	0.7789	15.9977	1
187	100	0.5	1.5	0:50:0:50:0:0	0.9143	0.0551	3.9615	174.3370	0.7966	17.9911	1	2
188	100	1.01	1.5	0:50:0:50:0:0	2.1736	0.2699	3.8133	181.8917	0.8145	27.4392	1
189	100	0	0	33:0:67:0:0:0	0.5412	0.0009	3.9828	583.9935	0.8355	0.0005	1
190	100	0.5	0	33:0:67:0:0:0	0.5544	0.0243	3.9941	577.0568	0.8341	0.0005	1
191	100	1.01	0	33:0:67:0:0:0	1.1521	0.1397	3.9855	571.5843	0.8352	0.0005	1
192	100	0	0.4	33:0:67:0:0:0	0.4904	0.0007	3.9880	522.7202	0.8348	0.0005	1
193	100	0.5	0.4	33:0:67:0:0:0	0.5347	0.0228	3.9899	517.6723	0.8346	0.0015	1	2
194	100	1.01	0.4	33:0:67:0:0:0	1.1138	0.1361	3.9834	542.9974	0.8354	0.0021	1
195	100	0	0.8	33:0:67:0:0:0	0.4898	0.0009	3.9839	443.9042	0.8354	0.0713	1	2
196	100	0.5	0.8	33:0:67:0:0:0	0.5763	0.0233	3.9897	447.0844	0.8346	0.0793	1
197	100	1.01	0.8	33:0:67:0:0:0	1.1236	0.1404	3.9925	424.7605	0.8343	0.0910	1	2
198	100	0	1.01	33:0:67:0:0:0	0.4935	0.0013	3.9929	300.1857	0.8342	0.8161	1
199	100	0.5	1.01	33:0:67:0:0:0	0.5411	0.0231	3.9835	314.5013	0.8354	0.9245	1	2
200	100	1.01	1.01	33:0:67:0:0:0	1.1552	0.1415	3.9892	301.6303	0.8347	1.3441	1	2
201	100	0	1.2	33:0:67:0:0:0	0.4987	0.0016	3.9919	214.7839	0.8343	3.5976	1	2
202	100	0.5	1.2	33:0:67:0:0:0	0.5506	0.0228	3.9972	223.4107	0.8337	4.0331	2	1
203	100	1.01	1.2	33:0:67:0:0:0	1.3425	0.1500	4.0044	236.3565	0.8328	6.3781	2	1
204	100	0	1.4	33:0:67:0:0:0	0.5076	0.0014	3.9949	178.9880	0.8343	8.7938	2	1
205	100	0.5	1.4	33:0:67:0:0:0	0.5591	0.0256	3.9990	171.3565	0.8336	10.1521	2
206	100	1.01	1.4	33:0:67:0:0:0	1.5383	0.2002	4.0016	164.2210	0.8331	17.0982	1
207	100	0	1.5	33:0:67:0:0:0	0.5194	0.0030	3.9949	167.0345	0.8339	11.7156	1	2
208	100	0.5	1.5	33:0:67:0:0:0	0.5970	0.0370	3.9957	156.5852	0.8339	13.7905	1	2
209	100	1.01	1.5	33:0:67:0:0:0	1.6905	0.2250	3.9985	153.6207	0.8335	24.6866	1
210	100	0	0	67:0:33:0:0:0	1.0743	0.0006	5.0074	562.2064	0.7327	0.0009	2
211	100	0.5	0	67:0:33:0:0:0	1.2013	0.0539	5.0081	522.6216	0.7327	0.0004	1	2
212	100	1.01	0	67:0:33:0:0:0	2.8461	0.3517	5.0129	517.7283	0.7323	0.0018	1	2
213	100	0	0.4	67:0:33:0:0:0	0.9909	0.0006	5.0115	483.9367	0.7324	0.0014	1	2
214	100	0.5	0.4	67:0:33:0:0:0	1.2134	0.0550	5.0170	489.0372	0.7320	0.0005	1	2
215	100	1.01	0.4	67:0:33:0:0:0	2.7939	0.3535	5.0048	483.6921	0.7329	0.0023	1
216	100	0	0.8	67:0:33:0:0:0	0.9991	0.0006	5.0108	394.9867	0.7325	0.0907	2	1
217	100	0.5	0.8	67:0:33:0:0:0	1.2398	0.0551	5.0073	408.2518	0.7328	0.1233	1	2
218	100	1.01	0.8	67:0:33:0:0:0	2.9133	0.3572	5.0126	382.4419	0.7323	0.1929	1	2
219	100	0	1.01	67:0:33:0:0:0	0.9797	0.0007	5.0113	289.9687	0.7325	1.2823	2
220	100	0.5	1.01	67:0:33:0:0:0	1.2490	0.0582	5.0079	280.6561	0.7327	1.5121	1
221	100	1.01	1.01	67:0:33:0:0:0	2.8391	0.3678	5.0178	290.1312	0.7320	2.5408	2	1
222	100	0	1.2	67:0:33:0:0:0	0.9946	0.0006	4.9971	216.5053	0.7342	5.6074	2
223	100	0.5	1.2	67:0:33:0:0:0	1.2171	0.0610	5.0055	213.6570	0.7331	6.6737	1	2
224	100	1.01	1.2	67:0:33:0:0:0	3.1990	0.4176	4.9966	217.0528	0.7337	13.0364	1	2
225	100	0	1.4	67:0:33:0:0:0	1.0173	0.0010	4.9981	176.7301	0.7342	13.7526	1	2
226	100	0.5	1.4	67:0:33:0:0:0	1.2631	0.0652	4.9822	159.0544	0.7359	17.7758	2	1
227	100	1.01	1.4	67:0:33:0:0:0	3.6496	0.5289	4.9338	167.0475	0.7390	38.0534	1
228	100	0	1.5	67:0:33:0:0:0	1.0044	0.0014	4.9872	162.4117	0.7354	18.6071	1	2
229	100	0.5	1.5	67:0:33:0:0:0	1.3509	0.0797	4.9727	166.0609	0.7362	23.8354	1
230	100	1.01	1.5	67:0:33:0:0:0	3.9604	0.5818	4.8984	159.1124	0.7420	53.0062	1
231	100	0	0	50:0:0:50:0:0	0.7513	0.0008	4.9981	538.6034	0.7001	0.0013	1	2
232	100	0.5	0	50:0:0:50:0:0	0.8810	0.0396	5.0030	553.3365	0.6999	0.0004	1	2
233	100	1.01	0	50:0:0:50:0:0	2.1083	0.2453	4.9983	564.8068	0.7001	0.0009	1	2
234	100	0	0.4	50:0:0:50:0:0	0.7422	0.0008	5.0013	495.3672	0.6999	0.0018	1
235	100	0.5	0.4	50:0:0:50:0:0	0.8531	0.0389	4.9943	514.7597	0.7002	0.0009	1	2
236	100	1.01	0.4	50:0:0:50:0:0	2.0656	0.2445	4.9952	523.7212	0.7002	0.0027	1	2
237	100	0	0.8	50:0:0:50:0:0	0.7785	0.0006	5.0051	433.2922	0.6998	0.0977	1	2
238	100	0.5	0.8	50:0:0:50:0:0	0.8632	0.0398	4.9970	412.9576	0.7001	0.1028	1	2
239	100	1.01	0.8	50:0:0:50:0:0	1.9615	0.2436	4.9980	401.5312	0.7001	0.1594	2	1
240	100	0	1.01	50:0:0:50:0:0	0.7415	0.0009	4.9988	309.6782	0.7002	0.9601	2	1
241	100	0.5	1.01	50:0:0:50:0:0	0.8345	0.0374	4.9978	307.9057	0.7002	1.1108	2	1
242	100	1.01	1.01	50:0:0:50:0:0	2.1675	0.2596	4.9960	294.8535	0.7003	1.7841	1	2
243	100	0	1.2	50:0:0:50:0:0	0.7485	0.0008	4.9899	234.9981	0.7015	4.2623	2	1
244	100	0.5	1.2	50:0:0:50:0:0	0.8873	0.0391	4.9947	222.6328	0.7013	5.0376	2	1
245	100	1.01	1.2	50:0:0:50:0:0	2.3479	0.2813	4.9948	238.6961	0.7016	8.6999	2	1
246	100	0	1.4	50:0:0:50:0:0	0.7653	0.0008	4.9714	170.3062	0.7045	10.5462	2
247	100	0.5	1.4	50:0:0:50:0:0	0.9130	0.0438	4.9735	170.6466	0.7040	12.5334	2
248	100	1.01	1.4	50:0:0:50:0:0	2.6848	0.3586	4.9572	182.5437	0.7055	23.9158	1
249	100	0	1.5	50:0:0:50:0:0	0.7631	0.0017	4.9817	176.9575	0.7032	13.9542	1	2
250	100	0.5	1.5	50:0:0:50:0:0	0.9457	0.0564	4.9749	165.7515	0.7037	16.8849	1	2
251	100	1.01	1.5	50:0:0:50:0:0	2.9272	0.3938	4.9343	167.9233	0.7080	33.4592	1
252	100	0	0	33:0:0:0:0:67	0.4909	0.0007	3.9833	507.2034	0.6667	0.0004	1	2
253	100	0.5	0	33:0:0:0:0:67	0.5331	0.0212	3.9881	509.2036	0.6667	0.0009	1	2
254	100	1.01	0	33:0:0:0:0:67	1.1896	0.1402	3.9908	506.8511	0.6667	0.0009	1	2
255	100	0	0.4	33:0:0:0:0:67	0.4938	0.0006	3.9868	473.9266	0.6667	0.0009	1	2
256	100	0.5	0.4	33:0:0:0:0:67	0.5529	0.0233	3.9836	476.2902	0.6667	0.0014	1	2
257	100	1.01	0.4	33:0:0:0:0:67	1.1477	0.1402	3.9982	466.3771	0.6667	0.0005	1	2
258	100	0	0.8	33:0:0:0:0:67	0.5133	0.0009	3.9859	388.8575	0.6667	0.0680	2
259	100	0.5	0.8	33:0:0:0:0:67	0.5383	0.0232	3.9889	361.1122	0.6667	0.0699	1	2
260	100	1.01	0.8	33:0:0:0:0:67	1.2175	0.1406	3.9931	353.4227	0.6667	0.1086	1	2
261	100	0	1.01	33:0:0:0:0:67	0.4918	0.0008	3.9862	276.9250	0.6668	0.8581	1	2
262	100	0.5	1.01	33:0:0:0:0:67	0.5518	0.0243	3.9909	282.7004	0.6668	0.9538	1	2
263	100	1.01	1.01	33:0:0:0:0:67	1.1659	0.1417	3.9934	274.9245	0.6669	1.3584	2
264	100	0	1.2	33:0:0:0:0:67	0.4871	0.0014	3.9830	207.4290	0.6677	3.7112	2	1
265	100	0.5	1.2	33:0:0:0:0:67	0.5859	0.0242	3.9967	212.2179	0.6678	4.2331	2	1
266	100	1.01	1.2	33:0:0:0:0:67	1.3377	0.1579	4.0044	205.7853	0.6685	6.8973	2	1
267	100	0	1.4	33:0:0:0:0:67	0.5023	0.0014	3.9888	157.3794	0.6695	8.8588	2
268	100	0.5	1.4	33:0:0:0:0:67	0.5659	0.0300	3.9911	156.8265	0.6699	10.7001	2
269	100	1.01	1.4	33:0:0:0:0:67	1.6186	0.1970	4.0114	161.2617	0.6729	19.5638	2	1
270	100	0	1.5	33:0:0:0:0:67	0.5162	0.0026	4.0063	149.1070	0.6693	12.0632	1	2
271	100	0.5	1.5	33:0:0:0:0:67	0.5978	0.0395	3.9958	145.4005	0.6703	14.7966	1
272	100	1.01	1.5	33:0:0:0:0:67	1.7300	0.2297	4.0020	150.6067	0.6744	27.1810	1
273	100	0	0	67:0:0:0:0:33	0.9933	0.0006	5.0115	497.2557	0.6667	0.0004	1	2
274	100	0.5	0	67:0:0:0:0:33	1.2314	0.0549	5.0058	486.1438	0.6667	0.0000	1	2
275	100	1.01	0	67:0:0:0:0:33	2.8605	0.3542	5.0114	512.5744	0.6667	0.0021	1	2
276	100	0	0.4	67:0:0:0:0:33	1.0006	0.0005	5.0169	448.6023	0.6667	0.0013	1	2
277	100	0.5	0.4	67:0:0:0:0:33	1.2263	0.0550	5.0138	465.5893	0.6667	0.0009	1	2
278	100	1.01	0.4	67:0:0:0:0:33	2.7256	0.3530	5.0154	456.0746	0.6667	0.0009	1	2
279	100	0	0.8	67:0:0:0:0:33	1.0386	0.0007	5.0045	615.5267	0.6667	0.1013	2	1
280	100	0.5	0.8	67:0:0:0:0:33	1.1621	0.0561	5.0085	359.9615	0.6667	0.1135	1	2
281	100	1.01	0.8	67:0:0:0:0:33	2.7818	0.3599	5.0112	373.8370	0.6667	0.1997	1	2
282	100	0	1.01	67:0:0:0:0:33	0.9910	0.0008	5.0141	275.3763	0.6669	1.2752	1
283	100	0.5	1.01	67:0:0:0:0:33	1.2190	0.0590	5.0116	279.5535	0.6669	1.5522	1	2
284	100	1.01	1.01	67:0:0:0:0:33	2.8996	0.3651	5.0076	283.9480	0.6673	2.7853	2	1
285	100	0	1.2	67:0:0:0:0:33	1.0150	0.0007	5.0013	211.4476	0.6690	5.7470	2	1
286	100	0.5	1.2	67:0:0:0:0:33	1.3518	0.0611	5.0069	220.9187	0.6682	6.9302	1	2
287	100	1.01	1.2	67:0:0:0:0:33	3.1344	0.4271	4.9978	206.3004	0.6705	13.6677	1	2
288	100	0	1.4	67:0:0:0:0:33	1.0132	0.0013	4.9999	170.7446	0.6705	14.0845	1	2
289	100	0.5	1.4	67:0:0:0:0:33	1.3614	0.0771	4.9930	171.7564	0.6716	17.9424	1	2
290	100	1.01	1.4	67:0:0:0:0:33	3.7158	0.5410	4.9316	170.0328	0.6790	38.6920	1
291	100	0	1.5	67:0:0:0:0:33	1.0193	0.0013	4.9962	154.3131	0.6719	19.0378	1
292	100	0.5	1.5	67:0:0:0:0:33	1.4030	0.0823	4.9827	155.8920	0.6737	24.7275	1
293	100	1.01	1.5	67:0:0:0:0:33	3.8876	0.5879	4.8975	152.8232	0.6833	53.9718	1
294	100	0	0	100:0:0:0:0:0	1.3808	0.0005	6.0000	502.1313	0.6667	0.0000	1	2
295	100	0.5	0	100:0:0:0:0:0	1.7718	0.0859	6.0000	515.3466	0.6667	0.0012	1	2
296	100	1.01	0	100:0:0:0:0:0	3.8711	0.5420	6.0000	488.6936	0.6667	0.0033	1	2
297	100	0	0.4	100:0:0:0:0:0	1.4521	0.0004	6.0000	481.6485	0.6667	0.0013	1	2
298	100	0.5	0.4	100:0:0:0:0:0	1.7975	0.0843	6.0000	478.5913	0.6667	0.0013	1	2
299	100	1.01	0.4	100:0:0:0:0:0	3.8693	0.5415	6.0000	473.4621	0.6667	0.0053	1	2
300	100	0	0.8	100:0:0:0:0:0	1.3944	0.0005	5.9997	381.4531	0.6667	0.1321	2	1
301	100	0.5	0.8	100:0:0:0:0:0	1.7506	0.0829	5.9997	357.8668	0.6667	0.1828	1	2
302	100	1.01	0.8	100:0:0:0:0:0	3.9896	0.5563	5.9995	359.8749	0.6667	0.3201	1	2
303	100	0	1.01	100:0:0:0:0:0	1.4364	0.0006	5.9960	282.8965	0.6670	1.4966	1	2
304	100	0.5	1.01	100:0:0:0:0:0	1.8189	0.0878	5.9949	287.6371	0.6670	1.9441	1	2
305	100	1.01	1.01	100:0:0:0:0:0	3.9879	0.5722	5.9874	265.6529	0.6674	3.6459	1
306	100	0	1.2	100:0:0:0:0:0	1.4965	0.0006	5.9756	225.2159	0.6686	6.7702	1	2
307	100	0.5	1.2	100:0:0:0:0:0	1.8867	0.0930	5.9639	216.2188	0.6691	8.8199	1
308	100	1.01	1.2	100:0:0:0:0:0	4.3663	0.6651	5.8951	199.3662	0.6728	20.0414	1
309	100	0	1.4	100:0:0:0:0:0	1.4178	0.0008	5.9302	166.7738	0.6721	17.0897	1
310	100	0.5	1.4	100:0:0:0:0:0	1.9685	0.1141	5.8895	166.4291	0.6739	22.9801	1
311	100	1.01	1.4	100:0:0:0:0:0	4.9746	0.8182	5.7076	160.3458	0.6842	55.8683	1
312	100	0	1.5	100:0:0:0:0:0	1.4229	0.0007	5.9026	153.8451	0.6743	23.0099	1
313	100	0.5	1.5	100:0:0:0:0:0	2.2480	0.1208	5.8542	167.2271	0.6763	31.0989	1
314	100	1.01	1.5	100:0:0:0:0:0	5.3423	0.8876	5.6106	155.1122	0.6905	76.5852	1
315	100	0	0	0:100:0:0:0:0	1.3899	0.0004	5.9999	441.0694	0.6667	0.0011	1	2
316	100	0.5	0	0:100:0:0:0:0	1.8202	0.0826	5.9998	448.9203	0.6667	0.0012	1	2
317	100	1.01	0	0:100:0:0:0:0	4.0812	0.5483	5.9997	436.8339	0.6667	0.0027	1	2
318	100	0	0.4	0:100:0:0:0:0	1.4068	0.0005	5.9977	450.9948	0.6668	0.0008	1	2
319	100	0.5	0.4	0:100:0:0:0:0	1.8179	0.0847	5.9953	431.4958	0.6669	0.0017	1	2
320	100	1.01	0.4	0:100:0:0:0:0	4.0084	0.5505	5.9896	440.0597	0.6672	0.0017	2	1
321	100	0	0.8	0:100:0:0:0:0	1.4124	0.0005	5.9697	348.4063	0.6684	0.1530	2	1
322	100	0.5	0.8	0:100:0:0:0:0	1.7847	0.0874	5.9351	339.4405	0.6703	0.1694	1	2
323	100	1.01	0.8	0:100:0:0:0:0	3.8867	0.5435	5.8679	354.5813	0.6742	0.2361	2	1
324	100	0	1.01	0:100:0:0:0:0	1.4085	0.0005	5.9077	271.5253	0.6720	1.7560	1
325	100	0.5	1.01	0:100:0:0:0:0	1.8062	0.0849	5.7696	266.2369	0.6801	1.9043	1	2
326	100	1.01	1.01	0:100:0:0:0:0	4.0797	0.5526	5.5288	275.7162	0.6951	2.8069	1	2
327	100	0	1.2	0:100:0:0:0:0	1.5026	0.0008	5.5442	218.6216	0.6948	8.0899	1	2
328	100	0.5	1.2	0:100:0:0:0:0	1.8107	0.0895	5.2471	220.2821	0.7149	8.6714	1
329	100	1.01	1.2	0:100:0:0:0:0	3.9220	0.5464	4.9087	213.4715	0.7410	13.7378	1
330	100	0	1.4	0:100:0:0:0:0	1.4429	0.0013	4.9235	173.1690	0.7413	20.2193	1
331	100	0.5	1.4	0:100:0:0:0:0	1.8293	0.0928	4.5978	170.6816	0.7693	23.1008	1
332	100	1.01	1.4	0:100:0:0:0:0	3.9359	0.5576	4.2541	167.3581	0.8039	38.0371	1
333	100	0	1.5	0:100:0:0:0:0	1.4949	0.0018	4.5178	160.5286	0.7779	28.0266	1
334	100	0.5	1.5	0:100:0:0:0:0	2.0813	0.0942	4.2527	170.8576	0.8046	32.6087	1
335	100	1.01	1.5	0:100:0:0:0:0	3.9197	0.5611	3.9545	169.3687	0.8395	55.7457	1
