0	100	2	0.0000	0	10	50	1.6124	0.1078	9.9998	641.4906	0.5002	0.0000	0.0000	3
1	100	2	0.0000	0.1	10	50	1.4894	0.1133	10.0000	564.1551	0.4993	0.0028	0.0000	3	4
2	100	2	0.0000	0.2	10	50	1.5300	0.1304	10.0000	602.3560	0.5012	0.0028	0.0000	3	4
3	100	2	0.0000	0.3	10	50	1.4188	0.1140	9.9998	556.3365	0.5012	0.0000	0.0000	3	4
4	100	2	0.0000	0.4	10	50	1.5137	0.1099	9.9999	547.7510	0.5041	0.0000	0.0027	3	4
5	100	2	0.0000	0.5	10	50	1.6071	0.1126	9.9990	564.2239	0.4999	0.0025	0.0050	3	4
6	100	2	0.0000	0.6	10	50	1.5505	0.1223	9.9969	516.5360	0.4976	0.0259	0.0102	3	4
7	100	2	0.0000	0.7	10	50	1.5117	0.1113	9.9932	484.1947	0.5000	0.0399	0.0916	3	4
8	100	2	0.0000	0.8	10	50	1.5183	0.1097	9.9664	450.9693	0.4989	0.2770	0.3618	4	3
9	100	2	0.0000	0.9	10	50	1.5469	0.1061	9.8549	337.8931	0.5004	1.1361	1.6080	4
10	100	2	0.0000	1.01	10	50	1.5620	0.0910	9.4766	272.2313	0.5004	4.1615	5.3593	4
11	100	2	0.0000	1.1	10	50	1.6319	0.0887	9.0058	200.7830	0.4993	9.3241	12.6947	4
12	100	2	0.0000	1.2	10	50	1.6250	0.0800	8.4519	158.2649	0.4991	18.9513	25.0250	4
13	100	2	0.0000	1.3	10	50	1.6041	0.0719	7.9496	122.6815	0.5000	30.3792	41.8138	4
14	100	2	0.0000	1.4	10	50	1.7241	0.0673	7.5689	111.5807	0.5006	43.5542	59.0835	4
15	100	2	0.0000	1.5	10	50	1.6193	0.0680	7.2116	107.6314	0.4993	56.8442	79.4697	4
16	100	2	0.0000	0	15	50	1.4690	0.1395	14.9980	655.0086	0.4997	0.0000	0.0024	3	4
17	100	2	0.0000	0.1	15	50	1.5164	0.1465	14.9993	584.3899	0.5005	0.0028	0.0000	3	4
18	100	2	0.0000	0.2	15	50	1.4381	0.1389	15.0000	579.0382	0.4966	0.0000	0.0027	3	4
19	100	2	0.0000	0.3	15	50	1.5450	0.1309	15.0000	562.2589	0.5007	0.0000	0.0000	3	4
20	100	2	0.0000	0.4	15	50	1.3968	0.1363	14.9982	579.7401	0.4990	0.0000	0.0027	3	4
21	100	2	0.0000	0.5	15	50	1.4815	0.1390	14.9970	595.9403	0.4978	0.0074	0.0050	3	4
22	100	2	0.0000	0.6	15	50	1.6481	0.1405	14.9914	537.9078	0.5000	0.0128	0.0026	3	4
23	100	2	0.0000	0.7	15	50	1.5140	0.1330	14.9699	489.4325	0.5003	0.0609	0.0779	4	3
24	100	2	0.0000	0.8	15	50	1.4808	0.1297	14.8679	423.9995	0.4982	0.2383	0.3389	4	3
25	100	2	0.0000	0.9	15	50	1.5163	0.1271	14.5029	332.7504	0.5010	1.2289	1.5846	4
26	100	2	0.0000	1.01	15	50	1.5747	0.0925	13.4525	249.8364	0.5016	4.0584	5.4671	4
27	100	2	0.0000	1.1	15	50	1.5548	0.0993	12.3312	190.5478	0.5007	9.3768	12.3168	4
28	100	2	0.0000	1.2	15	50	1.6062	0.0933	11.2044	148.9942	0.5001	17.7538	24.2036	4
29	100	2	0.0000	1.3	15	50	1.5827	0.0774	10.4009	123.7760	0.5011	29.3796	39.2008	4
30	100	2	0.0000	1.4	15	50	1.5897	0.0706	9.8213	106.6090	0.4990	42.2131	56.7621	4
31	100	2	0.0000	1.5	15	50	1.6536	0.0729	9.4160	104.5776	0.4988	55.4652	75.5261	4
32	100	2	0.0000	0	20	50	1.4133	0.1521	19.9986	624.8687	0.5008	0.0024	0.0000	3	4
33	100	2	0.0000	0.1	20	50	1.4333	0.1590	20.0000	594.0631	0.5004	0.0027	0.0000	3	4
34	100	2	0.0000	0.2	20	50	1.5368	0.1635	20.0000	570.5411	0.5003	0.0027	0.0055	3	4
35	100	2	0.0000	0.3	20	50	1.4083	0.1676	19.9965	561.2474	0.5012	0.0000	0.0000	3	4
36	100	2	0.0000	0.4	20	50	1.5719	0.1706	19.9951	579.4208	0.5020	0.0027	0.0053	3	4
37	100	2	0.0000	0.5	20	50	1.4999	0.1548	19.9908	599.0929	0.5018	0.0049	0.0074	3	4
38	100	2	0.0000	0.6	20	50	1.4171	0.1644	19.9894	533.4592	0.4995	0.0077	0.0332	4	3
39	100	2	0.0000	0.7	20	50	1.3613	0.1573	19.9326	506.4049	0.4993	0.0560	0.0774	4	3
40	100	2	0.0000	0.8	20	50	1.4665	0.1478	19.7052	444.5094	0.4985	0.2664	0.3651	4	3
41	100	2	0.0000	0.9	20	50	1.5817	0.1399	18.8283	330.8617	0.5006	1.1950	1.5376	4
42	100	2	0.0000	1.01	20	50	1.5633	0.1122	16.8581	241.8870	0.5010	4.0945	5.3769	4
43	100	2	0.0000	1.1	20	50	1.6580	0.1019	15.1711	187.3447	0.4998	8.8525	11.8755	4
44	100	2	0.0000	1.2	20	50	1.6230	0.0980	13.5216	137.1088	0.5015	17.6603	24.1166	4
45	100	2	0.0000	1.3	20	50	1.7554	0.0807	12.4429	124.4936	0.5013	29.2322	39.1610	4
46	100	2	0.0000	1.4	20	50	1.6522	0.0770	11.7998	112.9049	0.5007	41.7295	56.2191	4
47	100	2	0.0000	1.5	20	50	1.6341	0.0731	11.3846	96.8290	0.4994	55.2235	73.7745	4
48	100	2	0.0000	0	25	50	1.5268	0.1681	24.9997	644.5983	0.4998	0.0000	0.0025	3	4
49	100	2	0.0000	0.1	25	50	1.3924	0.2041	25.0000	585.0106	0.4986	0.0000	0.0000	3	4
50	100	2	0.0000	0.2	25	50	1.3837	0.1873	24.9967	585.7695	0.4987	0.0000	0.0054	3	4
51	100	2	0.0000	0.3	25	50	1.4204	0.1772	24.9919	562.8607	0.4976	0.0027	0.0000	3	4
52	100	2	0.0000	0.4	25	50	1.4617	0.1854	24.9917	549.6450	0.4987	0.0000	0.0000	3	4
53	100	2	0.0000	0.5	25	50	1.4054	0.1716	24.9968	597.3207	0.5012	0.0049	0.0000	3	4
54	100	2	0.0000	0.6	25	50	1.3588	0.1829	24.9708	522.0120	0.4982	0.0101	0.0229	4	3
55	100	2	0.0000	0.7	25	50	1.5045	0.1821	24.8150	476.3165	0.5021	0.0512	0.0819	4	3
56	100	2	0.0000	0.8	25	50	1.4922	0.1611	24.3770	401.3658	0.5003	0.2563	0.3962	4	3
57	100	2	0.0000	0.9	25	50	1.5539	0.1291	22.8829	323.6951	0.4994	1.2024	1.6352	4
58	100	2	0.0000	1.01	25	50	1.5622	0.1222	19.8935	219.1258	0.4989	3.6964	5.3632	4
59	100	2	0.0000	1.1	25	50	1.5648	0.1142	17.5077	174.4921	0.5016	8.8220	11.8480	4
60	100	2	0.0000	1.2	25	50	1.6716	0.0988	15.5008	133.7142	0.4990	17.7768	23.6608	4
61	100	2	0.0000	1.3	25	50	1.6830	0.0844	14.4010	113.0486	0.5000	28.7188	38.6512	4
62	100	2	0.0000	1.4	25	50	1.6151	0.0866	13.6955	103.9499	0.4994	41.1540	55.7214	4
63	100	2	0.0000	1.5	25	50	1.6783	0.0843	13.2656	94.2503	0.4991	55.2314	73.0758	4
64	100	2	0.0000	0	10	70	1.5060	0.1143	9.9995	641.9111	0.7001	0.0000	0.0000	3
65	100	2	0.0000	0.1	10	70	1.4976	0.1219	10.0000	587.5096	0.7012	0.0000	0.0000	3
66	100	2	0.0000	0.2	10	70	1.4923	0.1155	10.0000	585.0993	0.6998	0.0000	0.0000	3
67	100	2	0.0000	0.3	10	70	1.6394	0.1103	9.9997	546.5129	0.7001	0.0026	0.0000	3	4
68	100	2	0.0000	0.4	10	70	1.5145	0.1105	9.9995	534.6936	0.7004	0.0000	0.0027	3
69	100	2	0.0000	0.5	10	70	1.5069	0.1098	9.9999	588.8027	0.6992	0.0073	0.0048	3
70	100	2	0.0000	0.6	10	70	1.5334	0.1218	9.9982	520.4872	0.7003	0.0226	0.0100	3
71	100	2	0.0000	0.7	10	70	1.5456	0.1106	9.9926	488.3867	0.6986	0.0696	0.0528	3	4
72	100	2	0.0000	0.8	10	70	1.5430	0.1098	9.9760	461.1634	0.7005	0.2505	0.3865	3	4
73	100	2	0.0000	0.9	10	70	1.5220	0.1030	9.8963	351.9338	0.6989	1.1695	1.4310	4	3
74	100	2	0.0000	1.01	10	70	1.5044	0.0906	9.6466	274.3279	0.7002	4.0074	5.1152	4	3
75	100	2	0.0000	1.1	10	70	1.5878	0.0817	9.2810	206.7966	0.6984	9.5178	12.2350	4
76	100	2	0.0000	1.2	10	70	1.6041	0.0749	8.8120	167.6798	0.7003	18.7661	25.1609	4
77	100	2	0.0000	1.3	10	70	1.6144	0.0701	8.3826	126.3346	0.7001	30.2687	41.6135	4
78	100	2	0.0000	1.4	10	70	1.6776	0.0628	8.0070	110.8574	0.7001	43.5003	59.2667	4
79	100	2	0.0000	1.5	10	70	1.6440	0.0689	7.6754	97.7782	0.7005	57.0272	76.3175	4
80	100	2	0.0000	0	15	70	1.4765	0.1484	14.9987	632.1745	0.6993	0.0000	0.0047	3
81	100	2	0.0000	0.1	15	70	1.4456	0.1490	15.0000	592.6449	0.6989	0.0000	0.0026	3
82	100	2	0.0000	0.2	15	70	1.4649	0.1475	15.0000	578.1142	0.7004	0.0000	0.0000	3	4
83	100	2	0.0000	0.3	15	70	1.5609	0.1468	14.9984	538.8582	0.6998	0.0000	0.0026	3
84	100	2	0.0000	0.4	15	70	1.4791	0.1375	15.0000	546.1840	0.6998	0.0026	0.0000	3
85	100	2	0.0000	0.5	15	70	1.4804	0.1273	14.9982	592.3444	0.6982	0.0000	0.0024	3
86	100	2	0.0000	0.6	15	70	1.4360	0.1460	14.9964	511.1404	0.7004	0.0173	0.0221	3	4
87	100	2	0.0000	0.7	15	70	1.4365	0.1439	14.9808	497.8580	0.7012	0.0522	0.0661	3	4
88	100	2	0.0000	0.8	15	70	1.4847	0.1384	14.8966	451.9105	0.6999	0.2311	0.3989	3	4
89	100	2	0.0000	0.9	15	70	1.4982	0.1241	14.6617	362.1047	0.6994	1.1040	1.3660	4	3
90	100	2	0.0000	1.01	15	70	1.5290	0.1057	13.8795	256.9383	0.7004	3.9067	5.2622	4
91	100	2	0.0000	1.1	15	70	1.5733	0.0797	12.9693	187.4796	0.7002	9.1395	12.4580	4
92	100	2	0.0000	1.2	15	70	1.5834	0.0804	11.8919	146.8950	0.6990	18.3128	24.3306	4
93	100	2	0.0000	1.3	15	70	1.6535	0.0744	11.0973	120.6782	0.7002	29.4409	40.0030	4
94	100	2	0.0000	1.4	15	70	1.6069	0.0742	10.4585	120.8823	0.7008	42.0444	57.6177	4
95	100	2	0.0000	1.5	15	70	1.6510	0.0706	9.9424	114.5799	0.6999	55.7842	74.7437	4
96	100	2	0.0000	0	20	70	1.5453	0.1719	19.9958	614.1599	0.7002	0.0000	0.0025	3
97	100	2	0.0000	0.1	20	70	1.4080	0.1809	19.9999	606.3236	0.7004	0.0000	0.0000	3	4
98	100	2	0.0000	0.2	20	70	1.4026	0.1692	19.9949	569.9033	0.6995	0.0000	0.0026	3
99	100	2	0.0000	0.3	20	70	1.4907	0.1472	19.9987	564.9259	0.6998	0.0000	0.0000	3
100	100	2	0.0000	0.4	20	70	1.4342	0.1450	19.9988	558.0586	0.6993	0.0077	0.0026	3	4
101	100	2	0.0000	0.5	20	70	1.4551	0.1458	19.9947	586.5766	0.7000	0.0072	0.0023	3
102	100	2	0.0000	0.6	20	70	1.3771	0.1586	19.9861	513.1877	0.7016	0.0123	0.0074	3	4
103	100	2	0.0000	0.7	20	70	1.4269	0.1536	19.9655	503.0241	0.7006	0.0681	0.0704	3	4
104	100	2	0.0000	0.8	20	70	1.4507	0.1513	19.7689	422.6409	0.7024	0.2412	0.3280	4	3
105	100	2	0.0000	0.9	20	70	1.5409	0.1407	19.2216	326.9520	0.7004	1.3000	1.4879	4	3
106	100	2	0.0000	1.01	20	70	1.5596	0.1113	17.6632	239.4698	0.7014	3.9539	5.3418	4
107	100	2	0.0000	1.1	20	70	1.5930	0.0949	16.0489	178.3794	0.7001	8.9603	11.8553	4
108	100	2	0.0000	1.2	20	70	1.6220	0.0882	14.4886	140.5058	0.7004	18.0134	23.7073	4
109	100	2	0.0000	1.3	20	70	1.5872	0.0858	13.3023	115.3958	0.7009	28.9511	38.9289	4
110	100	2	0.0000	1.4	20	70	1.6483	0.0864	12.4330	99.0922	0.7009	41.6924	56.3464	4
111	100	2	0.0000	1.5	20	70	1.6530	0.0724	11.8363	94.4712	0.7003	55.0376	75.2501	4
112	100	2	0.0000	0	25	70	1.4515	0.1738	25.0000	627.5261	0.7027	0.0000	0.0047	3
113	100	2	0.0000	0.1	25	70	1.3936	0.1892	24.9987	561.9581	0.7000	0.0000	0.0000	3	4
114	100	2	0.0000	0.2	25	70	1.4282	0.1817	24.9950	584.0214	0.7001	0.0000	0.0026	3
115	100	2	0.0000	0.3	25	70	1.4181	0.1752	25.0000	548.0599	0.6994	0.0000	0.0052	3	4
116	100	2	0.0000	0.4	25	70	1.3571	0.1829	24.9974	534.7039	0.7010	0.0050	0.0025	3
117	100	2	0.0000	0.5	25	70	1.4625	0.1818	24.9877	573.6958	0.7016	0.0048	0.0166	3	4
118	100	2	0.0000	0.6	25	70	1.3840	0.1872	24.9605	515.2102	0.7007	0.0220	0.0073	3	4
119	100	2	0.0000	0.7	25	70	1.3474	0.1737	24.9149	487.3479	0.6984	0.0375	0.0700	3	4
120	100	2	0.0000	0.8	25	70	1.3537	0.1594	24.5892	443.6512	0.7000	0.2653	0.3800	4	3
121	100	2	0.0000	0.9	25	70	1.5323	0.1608	23.5163	313.9929	0.6998	1.2146	1.5797	4
122	100	2	0.0000	1.01	25	70	1.5931	0.1213	20.9438	236.2608	0.6990	4.1099	5.4329	4
123	100	2	0.0000	1.1	25	70	1.6376	0.1053	18.6432	182.1722	0.6981	9.0550	11.8187	4
124	100	2	0.0000	1.2	25	70	1.5871	0.0867	16.6521	133.6281	0.6998	17.3230	23.4297	4
125	100	2	0.0000	1.3	25	70	1.6045	0.0969	15.1799	114.4185	0.6983	28.6402	38.1782	4
126	100	2	0.0000	1.4	25	70	1.6723	0.0832	14.2386	105.1387	0.7003	41.6362	56.3204	4
127	100	2	0.0000	1.5	25	70	1.6305	0.0765	13.6356	97.6758	0.7002	55.0508	73.2538	4
128	100	2	0.0000	0	10	90	1.5350	0.1156	10.0000	620.7414	0.8991	0.0024	0.0023	3
129	100	2	0.0000	0.1	10	90	1.4782	0.1001	9.9991	551.6051	0.9005	0.0051	0.0000	3
130	100	2	0.0000	0.2	10	90	1.5909	0.1178	10.0000	553.3017	0.8998	0.0000	0.0000	3
131	100	2	0.0000	0.3	10	90	1.6094	0.1019	10.0000	538.4479	0.8989	0.0025	0.0026	3
132	100	2	0.0000	0.4	10	90	1.5371	0.1200	9.9995	568.7043	0.8992	0.0052	0.0000	3
133	100	2	0.0000	0.5	10	90	1.5299	0.1155	10.0000	546.7262	0.9001	0.0000	0.0070	3
134	100	2	0.0000	0.6	10	90	1.5490	0.1160	9.9993	508.4318	0.9010	0.0122	0.0120	3
135	100	2	0.0000	0.7	10	90	1.5572	0.1100	9.9979	480.3615	0.9009	0.0672	0.0712	3	4
136	100	2	0.0000	0.8	10	90	1.5191	0.0947	9.9922	414.8417	0.9001	0.3028	0.3476	3	4
137	100	2	0.0000	0.9	10	90	1.6018	0.1013	9.9637	346.6811	0.9005	1.0649	1.4012	3	4
138	100	2	0.0000	1.01	10	90	1.5567	0.0920	9.8722	265.9326	0.9004	3.7481	5.0488	3	4
139	100	2	0.0000	1.1	10	90	1.5671	0.0852	9.7293	223.9813	0.9004	8.8289	11.7614	3	4
140	100	2	0.0000	1.2	10	90	1.6304	0.0764	9.5284	160.6146	0.8987	18.3312	23.7683	3	4
141	100	2	0.0000	1.3	10	90	1.5804	0.0705	9.3143	134.9435	0.9002	29.8858	39.8922	3	4
142	100	2	0.0000	1.4	10	90	1.6077	0.0739	9.0945	117.4988	0.8999	43.5977	58.9945	4	3
143	100	2	0.0000	1.5	10	90	1.5761	0.0692	8.9236	110.2923	0.9003	57.0078	77.3280	4	3
144	100	2	0.0000	0	15	90	1.4874	0.1349	14.9991	623.1878	0.9006	0.0023	0.0000	3
145	100	2	0.0000	0.1	15	90	1.4365	0.1374	15.0000	565.8828	0.9010	0.0000	0.0000	3
146	100	2	0.0000	0.2	15	90	1.4583	0.1426	14.9987	563.1571	0.8992	0.0000	0.0000	3
147	100	2	0.0000	0.3	15	90	1.4508	0.1353	15.0000	539.9345	0.8999	0.0000	0.0025	3
148	100	2	0.0000	0.4	15	90	1.5135	0.1400	14.9987	539.2644	0.8999	0.0026	0.0025	3
149	100	2	0.0000	0.5	15	90	1.6401	0.1148	15.0000	607.8721	0.8988	0.0047	0.0000	3
150	100	2	0.0000	0.6	15	90	1.4778	0.1228	14.9977	521.9332	0.9011	0.0142	0.0095	3
151	100	2	0.0000	0.7	15	90	1.5877	0.1271	14.9883	490.6781	0.9011	0.0594	0.0842	3
152	100	2	0.0000	0.8	15	90	1.4547	0.1280	14.9653	437.7528	0.9008	0.2984	0.2979	3
153	100	2	0.0000	0.9	15	90	1.5464	0.1198	14.8624	338.6419	0.8996	1.0932	1.4799	3	4
154	100	2	0.0000	1.01	15	90	1.4937	0.1090	14.5542	261.4098	0.9001	3.9720	4.9409	3	4
155	100	2	0.0000	1.1	15	90	1.5228	0.1019	14.1441	214.2030	0.8995	9.3040	11.6842	3	4
156	100	2	0.0000	1.2	15	90	1.5432	0.0923	13.6142	156.9290	0.9003	17.8419	23.7095	4	3
157	100	2	0.0000	1.3	15	90	1.5840	0.0810	13.1212	129.5330	0.8999	29.2694	39.2363	4
158	100	2	0.0000	1.4	15	90	1.5759	0.0777	12.6726	112.1224	0.8998	42.3220	57.3216	4
159	100	2	0.0000	1.5	15	90	1.6185	0.0761	12.2769	94.9567	0.8997	56.0950	75.2275	4
160	100	2	0.0000	0	20	90	1.5134	0.1574	19.9996	605.8674	0.8987	0.0071	0.0022	3
161	100	2	0.0000	0.1	20	90	1.4282	0.1625	20.0000	571.5540	0.8989	0.0000	0.0000	3
162	100	2	0.0000	0.2	20	90	1.5187	0.1613	20.0000	576.4185	0.9000	0.0000	0.0000	3
163	100	2	0.0000	0.3	20	90	1.3845	0.1695	19.9982	541.4810	0.9016	0.0025	0.0000	3
164	100	2	0.0000	0.4	20	90	1.3715	0.1533	19.9994	551.1773	0.9004	0.0025	0.0000	3
165	100	2	0.0000	0.5	20	90	1.4457	0.1449	20.0000	570.6214	0.8996	0.0068	0.0022	3
166	100	2	0.0000	0.6	20	90	1.4084	0.1646	19.9946	508.1008	0.9015	0.0143	0.0164	3
167	100	2	0.0000	0.7	20	90	1.4957	0.1461	19.9809	465.3563	0.8986	0.0472	0.0988	3	4
168	100	2	0.0000	0.8	20	90	1.4986	0.1478	19.9303	421.8370	0.9007	0.2674	0.3206	3
169	100	2	0.0000	0.9	20	90	1.4859	0.1175	19.7037	333.9514	0.9004	1.0468	1.5654	3	4
170	100	2	0.0000	1.01	20	90	1.5329	0.1184	19.0803	256.3603	0.9006	3.7003	5.0084	3	4
171	100	2	0.0000	1.1	20	90	1.5110	0.1153	18.2791	200.8057	0.8995	8.8317	11.7004	4	3
172	100	2	0.0000	1.2	20	90	1.5674	0.1007	17.2881	149.7622	0.9004	17.6126	23.5538	4
173	100	2	0.0000	1.3	20	90	1.5558	0.0905	16.3887	117.7661	0.8994	29.2279	39.3922	4
174	100	2	0.0000	1.4	20	90	1.5997	0.0765	15.5929	101.5857	0.8998	41.8527	55.9958	4
175	100	2	0.0000	1.5	20	90	1.6549	0.0822	15.0926	95.4434	0.9000	55.0520	73.7664	4
176	100	2	0.0000	0	25	90	1.5046	0.1693	25.0000	613.4687	0.8989	0.0000	0.0000	3
177	100	2	0.0000	0.1	25	90	1.4449	0.1919	24.9982	584.9992	0.9005	0.0000	0.0000	3
178	100	2	0.0000	0.2	25	90	1.4284	0.1880	24.9956	569.8133	0.8980	0.0000	0.0026	3
179	100	2	0.0000	0.3	25	90	1.3873	0.1654	25.0000	557.5414	0.8999	0.0025	0.0051	3
180	100	2	0.0000	0.4	25	90	1.5007	0.1799	24.9972	558.2152	0.8994	0.0049	0.0025	3
181	100	2	0.0000	0.5	25	90	1.4273	0.1545	24.9965	566.5748	0.8998	0.0068	0.0093	3
182	100	2	0.0000	0.6	25	90	1.5832	0.1759	24.9848	527.1516	0.9001	0.0213	0.0236	3
183	100	2	0.0000	0.7	25	90	1.5899	0.1742	24.9671	468.0128	0.8991	0.0778	0.0634	3
184	100	2	0.0000	0.8	25	90	1.4286	0.1658	24.8172	411.5051	0.8985	0.2399	0.3235	3	4
185	100	2	0.0000	0.9	25	90	1.4632	0.1513	24.4857	318.6488	0.9004	1.1860	1.3668	3	4
186	100	2	0.0000	1.01	25	90	1.5492	0.1313	23.2879	244.3339	0.8989	3.8917	5.1437	3	4
187	100	2	0.0000	1.1	25	90	1.6260	0.1115	21.9614	192.1858	0.9001	8.9285	11.5332	4
188	100	2	0.0000	1.2	25	90	1.5788	0.1075	20.5093	142.2117	0.9003	17.4101	23.6066	4
189	100	2	0.0000	1.3	25	90	1.6703	0.0923	19.2314	119.3552	0.9002	28.9779	38.5146	4
190	100	2	0.0000	1.4	25	90	1.5835	0.0821	18.1890	102.7068	0.9002	41.7942	56.0114	4
191	100	2	0.0000	1.5	25	90	1.5901	0.0827	17.4236	89.0874	0.9001	54.2451	73.8989	4
192	100	2	0.0000	0	10	95	1.5201	0.1038	10.0000	593.9129	0.9496	0.0000	0.0000	3
193	100	2	0.0000	0.1	10	95	1.4880	0.1160	9.9997	551.2544	0.9501	0.0025	0.0026	3
194	100	2	0.0000	0.2	10	95	1.5178	0.1143	10.0000	558.5279	0.9496	0.0052	0.0026	3
195	100	2	0.0000	0.3	10	95	1.6327	0.1035	10.0000	549.4992	0.9499	0.0000	0.0000	3
196	100	2	0.0000	0.4	10	95	1.6076	0.1170	10.0000	546.5953	0.9493	0.0000	0.0101	3
197	100	2	0.0000	0.5	10	95	1.5934	0.1086	9.9998	547.5609	0.9502	0.0046	0.0091	3
198	100	2	0.0000	0.6	10	95	1.6551	0.1163	10.0000	509.6734	0.9512	0.0143	0.0166	3
199	100	2	0.0000	0.7	10	95	1.5356	0.1055	9.9989	474.8944	0.9493	0.0600	0.0640	3
200	100	2	0.0000	0.8	10	95	1.6201	0.1083	9.9948	423.4153	0.9494	0.2728	0.3756	3
201	100	2	0.0000	0.9	10	95	1.5592	0.1063	9.9808	342.4177	0.9503	1.0430	1.4277	3	4
202	100	2	0.0000	1.01	10	95	1.5591	0.0805	9.9356	277.5101	0.9511	3.7774	5.0364	3
203	100	2	0.0000	1.1	10	95	1.5486	0.0828	9.8612	227.2968	0.9500	8.9444	11.2612	3
204	100	2	0.0000	1.2	10	95	1.5890	0.0871	9.7472	165.7714	0.9499	17.7779	23.4900	3
205	100	2	0.0000	1.3	10	95	1.5548	0.0745	9.6299	134.3862	0.9498	30.0531	38.6688	3
206	100	2	0.0000	1.4	10	95	1.5392	0.0731	9.5171	123.8073	0.9499	42.4712	57.4038	3
207	100	2	0.0000	1.5	10	95	1.5632	0.0689	9.3987	104.8768	0.9497	56.5654	76.1010	3
208	100	2	0.0000	0	15	95	1.5295	0.1339	15.0000	610.3313	0.9495	0.0000	0.0000	3
209	100	2	0.0000	0.1	15	95	1.4735	0.1362	15.0000	564.7282	0.9506	0.0000	0.0000	3
210	100	2	0.0000	0.2	15	95	1.3869	0.1537	15.0000	550.5657	0.9504	0.0026	0.0025	3
211	100	2	0.0000	0.3	15	95	1.5540	0.1309	15.0000	559.8724	0.9497	0.0000	0.0024	3
212	100	2	0.0000	0.4	15	95	1.4422	0.1370	15.0000	543.6234	0.9494	0.0049	0.0049	3
213	100	2	0.0000	0.5	15	95	1.6260	0.1380	14.9988	562.7360	0.9501	0.0024	0.0000	3
214	100	2	0.0000	0.6	15	95	1.5132	0.1201	14.9977	524.0894	0.9496	0.0093	0.0145	3
215	100	2	0.0000	0.7	15	95	1.4678	0.1347	14.9978	460.4436	0.9508	0.0475	0.0651	3
216	100	2	0.0000	0.8	15	95	1.5018	0.1403	14.9821	446.8324	0.9497	0.2269	0.3401	3
217	100	2	0.0000	0.9	15	95	1.5230	0.1260	14.9385	335.2073	0.9503	1.0612	1.6128	3	4
218	100	2	0.0000	1.01	15	95	1.5666	0.1032	14.7714	271.4455	0.9499	3.7399	5.0097	3
219	100	2	0.0000	1.1	15	95	1.5292	0.0968	14.5787	207.4705	0.9501	8.7321	11.6620	3	4
220	100	2	0.0000	1.2	15	95	1.5527	0.0891	14.2321	163.9497	0.9490	17.7435	23.7274	3	4
221	100	2	0.0000	1.3	15	95	1.6095	0.0862	13.9395	128.6597	0.9503	29.1264	39.0367	3	4
222	100	2	0.0000	1.4	15	95	1.6069	0.0824	13.7017	110.9523	0.9502	42.6370	56.6341	3
223	100	2	0.0000	1.5	15	95	1.6583	0.0793	13.4695	95.3046	0.9500	55.8368	74.5146	3	4
224	100	2	0.0000	0	20	95	1.4568	0.1545	20.0000	614.0063	0.9498	0.0046	0.0000	3
225	100	2	0.0000	0.1	20	95	1.4109	0.1618	19.9999	594.6952	0.9502	0.0025	0.0000	3
226	100	2	0.0000	0.2	20	95	1.4274	0.1603	20.0000	564.0928	0.9496	0.0026	0.0000	3
227	100	2	0.0000	0.3	20	95	1.4128	0.1553	20.0000	538.9879	0.9506	0.0000	0.0024	3
228	100	2	0.0000	0.4	20	95	1.4361	0.1595	19.9979	517.5823	0.9496	0.0051	0.0000	3
229	100	2	0.0000	0.5	20	95	1.5126	0.1581	19.9978	580.8419	0.9502	0.0024	0.0067	3
230	100	2	0.0000	0.6	20	95	1.4961	0.1419	19.9954	506.3895	0.9506	0.0118	0.0164	3
231	100	2	0.0000	0.7	20	95	1.4560	0.1488	19.9829	484.6805	0.9497	0.0609	0.0895	3
232	100	2	0.0000	0.8	20	95	1.4530	0.1400	19.9604	417.8275	0.9502	0.2851	0.3511	3
233	100	2	0.0000	0.9	20	95	1.4466	0.1375	19.8435	340.8248	0.9498	1.1089	1.3993	3
234	100	2	0.0000	1.01	20	95	1.4730	0.1087	19.5043	258.2654	0.9502	3.8221	4.9588	3
235	100	2	0.0000	1.1	20	95	1.5592	0.1147	19.0805	211.4758	0.9497	8.7409	11.4952	3
236	100	2	0.0000	1.2	20	95	1.6076	0.0920	18.5124	162.8934	0.9508	17.5848	23.3541	3	4
237	100	2	0.0000	1.3	20	95	1.5681	0.0880	17.9450	123.0100	0.9503	28.9476	38.4735	3	4
238	100	2	0.0000	1.4	20	95	1.6069	0.0853	17.4466	104.0492	0.9501	42.0029	55.5484	4	3
239	100	2	0.0000	1.5	20	95	1.6131	0.0902	17.1056	91.4074	0.9506	55.5801	73.2120	4	3
240	100	2	0.0000	0	25	95	1.4788	0.1786	25.0000	631.1973	0.9508	0.0022	0.0000	3
241	100	2	0.0000	0.1	25	95	1.4271	0.1781	25.0000	568.0640	0.9496	0.0000	0.0025	3
242	100	2	0.0000	0.2	25	95	1.3906	0.2004	24.9987	599.3449	0.9507	0.0000	0.0000	3
243	100	2	0.0000	0.3	25	95	1.4310	0.1727	25.0000	553.9929	0.9497	0.0024	0.0000	3
244	100	2	0.0000	0.4	25	95	1.3388	0.1801	25.0000	544.7272	0.9500	0.0026	0.0025	3
245	100	2	0.0000	0.5	25	95	1.4263	0.1792	24.9963	575.8704	0.9501	0.0137	0.0022	3
246	100	2	0.0000	0.6	25	95	1.3519	0.1650	24.9931	507.8177	0.9501	0.0281	0.0120	3
247	100	2	0.0000	0.7	25	95	1.4564	0.1684	24.9808	479.2623	0.9502	0.0661	0.0883	3
248	100	2	0.0000	0.8	25	95	1.4295	0.1602	24.9425	415.8929	0.9495	0.2762	0.3122	3
249	100	2	0.0000	0.9	25	95	1.5026	0.1621	24.6721	334.0243	0.9499	1.1013	1.4221	3
250	100	2	0.0000	1.01	25	95	1.4857	0.1222	24.1320	254.1729	0.9496	3.8459	5.0970	3	4
251	100	2	0.0000	1.1	25	95	1.5279	0.1334	23.3826	206.9360	0.9499	8.7491	11.4032	3	4
252	100	2	0.0000	1.2	25	95	1.5826	0.1063	22.3885	151.9724	0.9498	17.3599	23.3084	4	3
253	100	2	0.0000	1.3	25	95	1.6333	0.0981	21.5298	125.2459	0.9500	28.6508	38.5014	4	3
254	100	2	0.0000	1.4	25	95	1.5727	0.0973	20.9020	101.6611	0.9498	41.9260	56.3440	4	3
255	100	2	0.0000	1.5	25	95	1.5555	0.0842	20.3202	94.8828	0.9500	53.9623	72.1085	4
256	100	2	0.0000	0	10	100	1.5032	0.1086	10.0000	607.5181	1.0000	0.0000	0.0044	3
257	100	2	0.0000	0.1	10	100	1.5390	0.1152	10.0000	548.8299	1.0000	0.0050	0.0050	3
258	100	2	0.0000	0.2	10	100	1.5006	0.1095	10.0000	577.3105	1.0000	0.0000	0.0000	3
259	100	2	0.0000	0.3	10	100	1.5458	0.1238	10.0000	538.9072	1.0000	0.0000	0.0000	3
260	100	2	0.0000	0.4	10	100	1.4806	0.1137	10.0000	538.5290	1.0000	0.0000	0.0000	3
261	100	2	0.0000	0.5	10	100	1.5112	0.1016	10.0000	579.8371	1.0000	0.0068	0.0046	3
262	100	2	0.0000	0.6	10	100	1.4854	0.1084	10.0000	516.0427	1.0000	0.0189	0.0141	3
263	100	2	0.0000	0.7	10	100	1.4779	0.1049	10.0000	465.7759	1.0000	0.0474	0.0697	3
264	100	2	0.0000	0.8	10	100	1.4797	0.1049	10.0000	430.3852	1.0000	0.2514	0.2914	3
265	100	2	0.0000	0.9	10	100	1.4880	0.0995	10.0000	347.4684	1.0000	1.1857	1.5158	3
266	100	2	0.0000	1.01	10	100	1.5188	0.0796	10.0000	265.2240	1.0000	3.7157	4.8218	3
267	100	2	0.0000	1.1	10	100	1.6091	0.0782	10.0000	207.7442	1.0000	8.6068	11.4182	3
268	100	2	0.0000	1.2	10	100	1.5340	0.0838	10.0000	170.1798	1.0000	17.8285	23.1259	3
269	100	2	0.0000	1.3	10	100	1.5978	0.0786	10.0000	146.9286	1.0000	29.3223	38.8152	3
270	100	2	0.0000	1.4	10	100	1.5586	0.0753	10.0000	113.6537	1.0000	43.5731	56.1969	3
271	100	2	0.0000	1.5	10	100	1.6374	0.0694	10.0000	111.0711	1.0000	57.3113	75.0915	3
272	100	2	0.0000	0	15	100	1.4880	0.1391	15.0000	619.7325	1.0000	0.0000	0.0024	3
273	100	2	0.0000	0.1	15	100	1.5281	0.1347	15.0000	573.7074	1.0000	0.0000	0.0026	3
274	100	2	0.0000	0.2	15	100	1.5609	0.1441	15.0000	567.2021	1.0000	0.0025	0.0000	3
275	100	2	0.0000	0.3	15	100	1.5211	0.1417	15.0000	550.0929	1.0000	0.0000	0.0000	3
276	100	2	0.0000	0.4	15	100	1.4743	0.1425	15.0000	552.8023	1.0000	0.0000	0.0049	3
277	100	2	0.0000	0.5	15	100	1.4881	0.1304	15.0000	559.8734	1.0000	0.0024	0.0022	3
278	100	2	0.0000	0.6	15	100	1.4751	0.1249	15.0000	504.8741	1.0000	0.0116	0.0212	3
279	100	2	0.0000	0.7	15	100	1.5656	0.1385	15.0000	457.2949	1.0000	0.0447	0.0670	3
280	100	2	0.0000	0.8	15	100	1.5256	0.1250	15.0000	410.5077	1.0000	0.2602	0.2983	3
281	100	2	0.0000	0.9	15	100	1.4062	0.1100	15.0000	336.3819	1.0000	1.0898	1.3773	3
282	100	2	0.0000	1.01	15	100	1.5353	0.1058	15.0000	273.0286	1.0000	3.7071	4.8859	3
283	100	2	0.0000	1.1	15	100	1.5146	0.1062	15.0000	219.1633	1.0000	8.6244	11.6105	3
284	100	2	0.0000	1.2	15	100	1.6003	0.0991	15.0000	164.1557	1.0000	17.1542	22.8692	3
285	100	2	0.0000	1.3	15	100	1.5073	0.0828	15.0000	139.1783	1.0000	29.4523	38.2346	3
286	100	2	0.0000	1.4	15	100	1.5800	0.0914	15.0000	114.7118	1.0000	42.3369	56.1131	3
287	100	2	0.0000	1.5	15	100	1.5982	0.0789	15.0000	99.4505	1.0000	55.5578	73.5095	3
288	100	2	0.0000	0	20	100	1.4807	0.1482	20.0000	614.4692	1.0000	0.0043	0.0000	3
289	100	2	0.0000	0.1	20	100	1.5657	0.1549	20.0000	577.6193	1.0000	0.0000	0.0024	3
290	100	2	0.0000	0.2	20	100	1.4173	0.1618	20.0000	573.0895	1.0000	0.0000	0.0000	3
291	100	2	0.0000	0.3	20	100	1.5357	0.1679	20.0000	526.3436	1.0000	0.0000	0.0000	3
292	100	2	0.0000	0.4	20	100	1.4180	0.1588	20.0000	537.2701	1.0000	0.0000	0.0074	3
293	100	2	0.0000	0.5	20	100	1.4245	0.1595	20.0000	570.5252	1.0000	0.0024	0.0024	3
294	100	2	0.0000	0.6	20	100	1.4543	0.1654	20.0000	510.5491	1.0000	0.0163	0.0255	3
295	100	2	0.0000	0.7	20	100	1.5285	0.1516	20.0000	471.6415	1.0000	0.0460	0.0795	3
296	100	2	0.0000	0.8	20	100	1.4575	0.1563	20.0000	408.6031	1.0000	0.3091	0.3671	3
297	100	2	0.0000	0.9	20	100	1.4755	0.1404	20.0000	332.1980	1.0000	1.0634	1.4226	3
298	100	2	0.0000	1.01	20	100	1.6195	0.1257	20.0000	265.5254	1.0000	3.6553	5.0079	3
299	100	2	0.0000	1.1	20	100	1.5391	0.1150	20.0000	215.3712	1.0000	8.6475	11.3145	3
300	100	2	0.0000	1.2	20	100	1.5007	0.1089	20.0000	160.5266	1.0000	17.4096	22.9175	3
301	100	2	0.0000	1.3	20	100	1.5489	0.0918	20.0000	133.0681	1.0000	28.9764	38.4432	3
302	100	2	0.0000	1.4	20	100	1.5509	0.0947	20.0000	107.5392	1.0000	41.5849	54.8149	3
303	100	2	0.0000	1.5	20	100	1.6452	0.0894	20.0000	96.3084	1.0000	55.3206	73.2613	3
304	100	2	0.0000	0	25	100	1.4317	0.1782	25.0000	617.2629	1.0000	0.0022	0.0047	3
305	100	2	0.0000	0.1	25	100	1.2991	0.1779	25.0000	557.8438	1.0000	0.0051	0.0000	3
306	100	2	0.0000	0.2	25	100	1.4361	0.1764	25.0000	555.8888	1.0000	0.0024	0.0000	3
307	100	2	0.0000	0.3	25	100	1.4354	0.1759	25.0000	543.7812	1.0000	0.0024	0.0025	3
308	100	2	0.0000	0.4	25	100	1.3998	0.1745	25.0000	539.9400	1.0000	0.0070	0.0000	3
309	100	2	0.0000	0.5	25	100	1.4204	0.1598	25.0000	570.1285	1.0000	0.0000	0.0068	3
310	100	2	0.0000	0.6	25	100	1.4824	0.1617	25.0000	514.7236	1.0000	0.0046	0.0229	3
311	100	2	0.0000	0.7	25	100	1.4618	0.1714	25.0000	465.9549	1.0000	0.0445	0.0619	3
312	100	2	0.0000	0.8	25	100	1.5471	0.1731	25.0000	406.3309	1.0000	0.2169	0.3013	3
313	100	2	0.0000	0.9	25	100	1.4719	0.1627	25.0000	336.8518	1.0000	1.0727	1.3966	3
314	100	2	0.0000	1.01	25	100	1.4709	0.1600	25.0000	266.5038	1.0000	3.8883	4.6531	3
315	100	2	0.0000	1.1	25	100	1.5514	0.1222	25.0000	206.6326	1.0000	8.5885	11.5494	3
316	100	2	0.0000	1.2	25	100	1.6091	0.1192	25.0000	163.2882	1.0000	17.2145	22.6894	3
317	100	2	0.0000	1.3	25	100	1.4911	0.1178	25.0000	127.4872	1.0000	28.7537	37.7163	3
318	100	2	0.0000	1.4	25	100	1.4602	0.1029	25.0000	103.9712	1.0000	42.0743	54.5723	3
319	100	2	0.0000	1.5	25	100	1.4783	0.0945	25.0000	94.0899	1.0000	54.4529	71.8958	3
