0	0	0.0000	0	50:50:0:0:0:0	0.0000	0.0393	29.9995	544.7251	0.6667	0.0000	0.0000	0
1	0	0.1500	0	50:50:0:0:0:0	0.0000	0.1549	30.0000	533.1465	0.6667	0.0000	0.0000	3	4
2	0	0.0750	0	50:50:0:0:0:0	0.0000	0.0887	29.9998	541.7760	0.6667	0.0000	0.0000	3	0
3	0	0.0375	0	50:50:0:0:0:0	0.0000	0.0537	29.9997	536.0061	0.6667	0.0000	0.0000	0
4	0	0.0562	0	50:50:0:0:0:0	0.0000	0.0700	29.9996	536.3989	0.6667	0.0000	0.0000	0
5	0	0.0656	0	50:50:0:0:0:0	0.0000	0.0801	29.9999	538.1269	0.6667	0.0000	0.0000	0	4
6	10	0.0000	0	50:50:0:0:0:0	0.1695	0.0367	29.9995	537.3655	0.6667	0.0000	0.0000	0
7	10	0.1500	0	50:50:0:0:0:0	0.1829	0.1625	29.9998	528.0386	0.6667	0.0000	0.0000	3	4
8	10	0.0750	0	50:50:0:0:0:0	0.1706	0.0897	29.9998	529.7296	0.6667	0.0000	0.0000	3	4
9	10	0.0375	0	50:50:0:0:0:0	0.1698	0.0571	29.9999	534.8890	0.6667	0.0000	0.0000	3	0
10	10	0.0187	0	50:50:0:0:0:0	0.1697	0.0458	29.9988	533.8688	0.6667	0.0000	0.0000	0	4
11	10	0.0281	0	50:50:0:0:0:0	0.1692	0.0529	29.9998	537.3456	0.6667	0.0000	0.0000	0	3
12	20	0.0000	0	50:50:0:0:0:0	0.3338	0.0380	29.9994	543.1364	0.6667	0.0000	0.0000	1	3
13	20	0.1500	0	50:50:0:0:0:0	0.3540	0.1544	30.0000	532.1533	0.6667	0.0000	0.0000	3	4
14	20	0.0750	0	50:50:0:0:0:0	0.3363	0.0868	29.9994	531.3168	0.6667	0.0000	0.0000	3	4
15	20	0.0375	0	50:50:0:0:0:0	0.3326	0.0599	29.9995	537.0812	0.6667	0.0000	0.0000	3	4
16	20	0.0187	0	50:50:0:0:0:0	0.3231	0.0437	29.9994	536.6261	0.6667	0.0000	0.0000	3	4
17	20	0.0094	0	50:50:0:0:0:0	0.3369	0.0399	29.9998	539.1808	0.6667	0.0000	0.0000	3	1
18	30	0.0000	0	50:50:0:0:0:0	0.4913	0.0415	29.9998	547.5386	0.6667	0.0000	0.0000	1	4
19	30	0.1500	0	50:50:0:0:0:0	0.5405	0.1591	29.9998	529.2596	0.6667	0.0000	0.0000	3	4
20	30	0.0750	0	50:50:0:0:0:0	0.5111	0.0843	29.9998	538.7796	0.6667	0.0000	0.0000	3	4
21	30	0.0375	0	50:50:0:0:0:0	0.4989	0.0552	29.9997	535.5566	0.6667	0.0000	0.0000	4	3
22	30	0.0187	0	50:50:0:0:0:0	0.5126	0.0444	30.0000	542.4649	0.6667	0.0000	0.0000	3	4
23	30	0.0094	0	50:50:0:0:0:0	0.4939	0.0434	29.9998	539.4811	0.6667	0.0000	0.0000	4	1
24	40	0.0000	0	50:50:0:0:0:0	0.6623	0.0425	30.0000	548.1957	0.6667	0.0000	0.0000	1	3
25	40	0.1500	0	50:50:0:0:0:0	0.7277	0.1602	29.9992	536.1828	0.6667	0.0000	0.0000	3	4
26	40	0.0750	0	50:50:0:0:0:0	0.6955	0.0838	29.9996	539.3067	0.6667	0.0000	0.0000	3	4
27	40	0.0375	0	50:50:0:0:0:0	0.6589	0.0549	29.9995	541.5296	0.6667	0.0000	0.0000	3	4
28	40	0.0187	0	50:50:0:0:0:0	0.6709	0.0454	29.9998	540.1631	0.6667	0.0000	0.0000	3	4
29	40	0.0094	0	50:50:0:0:0:0	0.6769	0.0433	29.9995	538.2508	0.6667	0.0000	0.0000	3	4
30	50	0.0000	0	50:50:0:0:0:0	0.8268	0.0430	29.9997	553.3730	0.6667	0.0000	0.0000	1
31	50	0.1500	0	50:50:0:0:0:0	0.8873	0.1623	29.9998	536.9995	0.6667	0.0000	0.0000	3	4
32	50	0.0750	0	50:50:0:0:0:0	0.8663	0.0851	29.9996	546.8646	0.6667	0.0000	0.0000	3	4
33	50	0.0375	0	50:50:0:0:0:0	0.8362	0.0548	29.9997	547.9085	0.6667	0.0000	0.0000	3	4
34	50	0.0187	0	50:50:0:0:0:0	0.8386	0.0458	29.9992	548.2333	0.6667	0.0000	0.0000	3	4
35	50	0.0094	0	50:50:0:0:0:0	0.8255	0.0447	29.9995	545.0043	0.6667	0.0000	0.0000	3
36	60	0.0000	0	50:50:0:0:0:0	0.9985	0.0482	29.9997	554.4953	0.6667	0.0000	0.0000	2	4
37	60	0.1500	0	50:50:0:0:0:0	1.0621	0.1663	29.9994	547.2688	0.6667	0.0000	0.0000	3	4
38	60	0.0750	0	50:50:0:0:0:0	1.0396	0.0866	29.9995	548.7418	0.6667	0.0000	0.0000	3	4
39	60	0.0375	0	50:50:0:0:0:0	1.0051	0.0546	29.9996	552.8654	0.6667	0.0000	0.0000	3	4
40	60	0.0187	0	50:50:0:0:0:0	0.9894	0.0528	29.9996	559.8328	0.6667	0.0000	0.0000	3	4
41	60	0.0094	0	50:50:0:0:0:0	0.9827	0.0484	29.9999	557.7804	0.6667	0.0000	0.0000	4	1
42	70	0.0000	0	50:50:0:0:0:0	1.1475	0.0517	29.9999	564.6287	0.6667	0.0000	0.0000	1	3
43	70	0.1500	0	50:50:0:0:0:0	1.2526	0.1720	29.9998	550.8004	0.6667	0.0000	0.0000	3	4
44	70	0.0750	0	50:50:0:0:0:0	1.1771	0.0902	29.9997	557.1566	0.6667	0.0000	0.0000	4	3
45	70	0.0375	0	50:50:0:0:0:0	1.1532	0.0570	29.9998	556.6732	0.6667	0.0000	0.0000	3	4
46	70	0.0187	0	50:50:0:0:0:0	1.1506	0.0521	30.0000	563.2608	0.6667	0.0000	0.0000	3	4
47	70	0.0094	0	50:50:0:0:0:0	1.1659	0.0517	29.9992	555.9614	0.6667	0.0000	0.0000	3	1
48	80	0.0000	0	50:50:0:0:0:0	1.2706	0.0506	29.9999	567.7192	0.6667	0.0000	0.0000	2	3
49	80	0.1500	0	50:50:0:0:0:0	1.3917	0.1767	30.0000	551.2449	0.6667	0.0000	0.0000	3	4
50	80	0.0750	0	50:50:0:0:0:0	1.3449	0.0885	29.9998	558.5948	0.6667	0.0000	0.0000	4	3
51	80	0.0375	0	50:50:0:0:0:0	1.2888	0.0546	29.9998	561.4593	0.6667	0.0000	0.0000	3	4
52	80	0.0187	0	50:50:0:0:0:0	1.2482	0.0516	29.9998	562.2331	0.6667	0.0000	0.0000	4	3
53	80	0.0094	0	50:50:0:0:0:0	1.2638	0.0557	29.9994	559.5631	0.6667	0.0000	0.0000	3	1
54	90	0.0000	0	50:50:0:0:0:0	1.4122	0.0540	29.9998	569.5937	0.6667	0.0000	0.0000	2	3
55	90	0.1500	0	50:50:0:0:0:0	1.5620	0.1755	30.0000	556.4883	0.6667	0.0000	0.0000	3	4
56	90	0.0750	0	50:50:0:0:0:0	1.4535	0.0887	29.9997	559.4142	0.6667	0.0000	0.0000	3	4
57	90	0.0375	0	50:50:0:0:0:0	1.4170	0.0524	29.9997	571.4131	0.6667	0.0000	0.0000	3	4
58	90	0.0187	0	50:50:0:0:0:0	1.4097	0.0528	29.9996	566.9786	0.6667	0.0000	0.0000	3	4
59	90	0.0094	0	50:50:0:0:0:0	1.4662	0.0532	29.9995	570.0913	0.6667	0.0000	0.0000	4	3
60	100	0.0000	0	50:50:0:0:0:0	1.5262	0.0601	29.9998	578.4726	0.6667	0.0000	0.0000	1	3
61	100	0.1500	0	50:50:0:0:0:0	1.7116	0.1832	29.9997	557.3197	0.6667	0.0000	0.0000	3	4
62	100	0.0750	0	50:50:0:0:0:0	1.6014	0.0899	29.9998	562.6561	0.6667	0.0000	0.0000	3	4
63	100	0.0375	0	50:50:0:0:0:0	1.5426	0.0546	29.9993	573.4845	0.6667	0.0000	0.0000	3	4
64	100	0.0187	0	50:50:0:0:0:0	1.5480	0.0518	29.9995	565.9729	0.6667	0.0000	0.0000	3	4
65	100	0.0094	0	50:50:0:0:0:0	1.5294	0.0526	29.9988	572.3576	0.6667	0.0000	0.0000	4	3
66	0	0.0000	0.4	50:50:0:0:0:0	0.0000	0.0401	29.9999	493.7132	0.6667	0.0000	0.0000	0
67	0	0.1500	0.4	50:50:0:0:0:0	0.0000	0.1511	30.0000	483.5461	0.6667	0.0000	0.0000	4	3
68	0	0.0750	0.4	50:50:0:0:0:0	0.0000	0.0826	29.9997	488.3637	0.6667	0.0000	0.0000	4	0
69	0	0.0375	0.4	50:50:0:0:0:0	0.0000	0.0552	29.9994	491.7425	0.6667	0.0000	0.0000	0
70	0	0.0562	0.4	50:50:0:0:0:0	0.0000	0.0700	29.9995	487.4321	0.6667	0.0000	0.0000	0
71	0	0.0656	0.4	50:50:0:0:0:0	0.0000	0.0759	29.9996	488.8452	0.6667	0.0000	0.0000	4	0
72	10	0.0000	0.4	50:50:0:0:0:0	0.1683	0.0395	29.9998	495.0076	0.6667	0.0000	0.0000	0
73	10	0.1500	0.4	50:50:0:0:0:0	0.1750	0.1519	29.9997	488.2684	0.6667	0.0000	0.0000	4	3
74	10	0.0750	0.4	50:50:0:0:0:0	0.1780	0.0827	29.9998	486.9425	0.6667	0.0000	0.0000	3	4
75	10	0.0375	0.4	50:50:0:0:0:0	0.1760	0.0570	30.0000	493.0400	0.6667	0.0000	0.0000	3	0
76	10	0.0187	0.4	50:50:0:0:0:0	0.1711	0.0451	29.9996	489.8185	0.6667	0.0000	0.0000	0	3
77	10	0.0281	0.4	50:50:0:0:0:0	0.1699	0.0521	29.9993	488.6502	0.6667	0.0000	0.0000	0	3
78	20	0.0000	0.4	50:50:0:0:0:0	0.3282	0.0398	29.9998	492.4567	0.6667	0.0000	0.0000	1	4
79	20	0.1500	0.4	50:50:0:0:0:0	0.3589	0.1556	29.9997	490.7417	0.6667	0.0000	0.0000	4	3
80	20	0.0750	0.4	50:50:0:0:0:0	0.3455	0.0820	29.9997	486.2829	0.6667	0.0000	0.0000	4	3
81	20	0.0375	0.4	50:50:0:0:0:0	0.3417	0.0570	29.9995	490.4346	0.6667	0.0000	0.0000	3	4
82	20	0.0187	0.4	50:50:0:0:0:0	0.3276	0.0414	29.9998	492.3639	0.6667	0.0000	0.0000	4	3
83	20	0.0094	0.4	50:50:0:0:0:0	0.3330	0.0350	29.9995	487.0075	0.6667	0.0000	0.0000	4	1
84	30	0.0000	0.4	50:50:0:0:0:0	0.4997	0.0378	29.9996	501.8205	0.6667	0.0000	0.0000	2	3
85	30	0.1500	0.4	50:50:0:0:0:0	0.5517	0.1574	29.9994	491.5854	0.6667	0.0000	0.0000	4	3
86	30	0.0750	0.4	50:50:0:0:0:0	0.5125	0.0871	29.9992	493.7078	0.6667	0.0000	0.0000	4	3
87	30	0.0375	0.4	50:50:0:0:0:0	0.5126	0.0500	29.9985	489.8828	0.6667	0.0000	0.0000	4	3
88	30	0.0187	0.4	50:50:0:0:0:0	0.4942	0.0409	29.9990	494.7538	0.6667	0.0000	0.0000	4	3
89	30	0.0094	0.4	50:50:0:0:0:0	0.5027	0.0415	29.9993	501.2645	0.6667	0.0000	0.0000	4	2
90	40	0.0000	0.4	50:50:0:0:0:0	0.6607	0.0386	29.9992	502.5098	0.6667	0.0000	0.0000	1	3
91	40	0.1500	0.4	50:50:0:0:0:0	0.7235	0.1607	29.9998	493.3911	0.6667	0.0000	0.0000	4	3
92	40	0.0750	0.4	50:50:0:0:0:0	0.7040	0.0829	29.9991	504.2380	0.6667	0.0000	0.0000	4	3
93	40	0.0375	0.4	50:50:0:0:0:0	0.6683	0.0527	30.0000	496.1277	0.6667	0.0000	0.0000	4	3
94	40	0.0187	0.4	50:50:0:0:0:0	0.6759	0.0423	29.9992	502.5560	0.6667	0.0000	0.0000	4	3
95	40	0.0094	0.4	50:50:0:0:0:0	0.6567	0.0446	29.9994	498.6234	0.6667	0.0000	0.0000	4	2
96	50	0.0000	0.4	50:50:0:0:0:0	0.8166	0.0446	29.9993	509.1253	0.6667	0.0000	0.0000	2	4
97	50	0.1500	0.4	50:50:0:0:0:0	0.8969	0.1548	29.9995	499.1781	0.6667	0.0000	0.0000	4	3
98	50	0.0750	0.4	50:50:0:0:0:0	0.8399	0.0827	29.9996	501.5679	0.6667	0.0000	0.0000	4	3
99	50	0.0375	0.4	50:50:0:0:0:0	0.8522	0.0534	29.9995	513.0800	0.6667	0.0000	0.0000	4	3
100	50	0.0187	0.4	50:50:0:0:0:0	0.8240	0.0442	29.9997	504.0115	0.6667	0.0000	0.0000	4	3
101	50	0.0094	0.4	50:50:0:0:0:0	0.8349	0.0452	29.9994	509.7888	0.6667	0.0000	0.0000	3	1
102	60	0.0000	0.4	50:50:0:0:0:0	0.9658	0.0465	29.9990	511.3167	0.6667	0.0000	0.0000	2	4
103	60	0.1500	0.4	50:50:0:0:0:0	1.0496	0.1609	29.9995	502.3561	0.6667	0.0000	0.0000	3	4
104	60	0.0750	0.4	50:50:0:0:0:0	1.0218	0.0837	29.9992	507.8954	0.6667	0.0000	0.0000	4	3
105	60	0.0375	0.4	50:50:0:0:0:0	0.9910	0.0534	29.9997	511.4982	0.6667	0.0000	0.0000	4	3
106	60	0.0187	0.4	50:50:0:0:0:0	0.9784	0.0431	29.9993	508.4048	0.6667	0.0000	0.0000	3	4
107	60	0.0094	0.4	50:50:0:0:0:0	0.9743	0.0469	29.9989	507.9693	0.6667	0.0000	0.0000	3	2
108	70	0.0000	0.4	50:50:0:0:0:0	1.1460	0.0461	29.9993	523.4651	0.6667	0.0000	0.0000	1	4
109	70	0.1500	0.4	50:50:0:0:0:0	1.2500	0.1668	29.9997	501.8232	0.6667	0.0000	0.0000	4	3
110	70	0.0750	0.4	50:50:0:0:0:0	1.1497	0.0792	29.9989	510.3411	0.6667	0.0000	0.0000	4	3
111	70	0.0375	0.4	50:50:0:0:0:0	1.1194	0.0573	29.9991	514.2501	0.6667	0.0000	0.0000	4	3
112	70	0.0187	0.4	50:50:0:0:0:0	1.1546	0.0469	29.9999	514.5194	0.6667	0.0000	0.0000	4	3
113	70	0.0094	0.4	50:50:0:0:0:0	1.1203	0.0470	29.9989	518.8613	0.6667	0.0000	0.0000	4	2
114	80	0.0000	0.4	50:50:0:0:0:0	1.2399	0.0522	29.9995	524.2760	0.6667	0.0000	0.0000	2	4
115	80	0.1500	0.4	50:50:0:0:0:0	1.3670	0.1654	29.9992	515.2307	0.6667	0.0000	0.0000	4	3
116	80	0.0750	0.4	50:50:0:0:0:0	1.2823	0.0883	29.9996	516.5139	0.6667	0.0000	0.0000	4	3
117	80	0.0375	0.4	50:50:0:0:0:0	1.2831	0.0531	29.9990	516.7765	0.6667	0.0000	0.0000	3	4
118	80	0.0187	0.4	50:50:0:0:0:0	1.2808	0.0523	29.9995	518.3025	0.6667	0.0000	0.0000	4	3
119	80	0.0094	0.4	50:50:0:0:0:0	1.2739	0.0473	29.9995	520.4418	0.6667	0.0000	0.0000	4	2
120	90	0.0000	0.4	50:50:0:0:0:0	1.4011	0.0540	29.9994	529.8666	0.6667	0.0000	0.0000	1	4
121	90	0.1500	0.4	50:50:0:0:0:0	1.5123	0.1698	29.9989	512.1118	0.6667	0.0000	0.0000	4	3
122	90	0.0750	0.4	50:50:0:0:0:0	1.4578	0.0870	29.9988	519.9256	0.6667	0.0000	0.0000	4	3
123	90	0.0375	0.4	50:50:0:0:0:0	1.4370	0.0543	29.9988	521.4317	0.6667	0.0000	0.0000	4	3
124	90	0.0187	0.4	50:50:0:0:0:0	1.3889	0.0499	29.9996	525.1499	0.6667	0.0000	0.0000	4	3
125	90	0.0094	0.4	50:50:0:0:0:0	1.4182	0.0497	29.9986	520.1047	0.6667	0.0000	0.0000	4	3
126	100	0.0000	0.4	50:50:0:0:0:0	1.5330	0.0536	29.9997	529.5133	0.6667	0.0000	0.0000	2	4
127	100	0.1500	0.4	50:50:0:0:0:0	1.6540	0.1738	29.9987	516.2791	0.6667	0.0000	0.0000	4	3
128	100	0.0750	0.4	50:50:0:0:0:0	1.6186	0.0831	29.9992	519.1509	0.6667	0.0000	0.0000	4	3
129	100	0.0375	0.4	50:50:0:0:0:0	1.5584	0.0555	29.9991	529.7305	0.6667	0.0000	0.0000	4	3
130	100	0.0187	0.4	50:50:0:0:0:0	1.5333	0.0511	29.9997	525.7000	0.6667	0.0000	0.0000	4	3
131	100	0.0094	0.4	50:50:0:0:0:0	1.5271	0.0476	29.9988	527.4751	0.6667	0.0000	0.0000	4	3
132	0	0.0000	0.8	50:50:0:0:0:0	0.0000	0.0357	29.9515	388.5080	0.6668	0.0000	0.0000	0
133	0	0.1500	0.8	50:50:0:0:0:0	0.0000	0.1465	29.9561	385.6052	0.6668	0.0000	0.0000	4
134	0	0.0750	0.8	50:50:0:0:0:0	0.0000	0.0776	29.9522	385.7181	0.6668	0.0000	0.0000	0	4
135	0	0.1125	0.8	50:50:0:0:0:0	0.0000	0.1093	29.9519	388.3582	0.6668	0.0000	0.0000	4
136	0	0.0938	0.8	50:50:0:0:0:0	0.0000	0.0953	29.9525	379.8153	0.6668	0.0000	0.0000	4
137	0	0.0844	0.8	50:50:0:0:0:0	0.0000	0.0861	29.9555	383.8291	0.6668	0.0000	0.0000	4	0
138	10	0.0000	0.8	50:50:0:0:0:0	0.1691	0.0333	29.9466	390.4092	0.6668	0.0000	0.0000	0
139	10	0.1500	0.8	50:50:0:0:0:0	0.1800	0.1478	29.9450	382.6961	0.6668	0.0000	0.0000	4
140	10	0.0750	0.8	50:50:0:0:0:0	0.1738	0.0829	29.9458	388.2770	0.6668	0.0000	0.0000	4
141	10	0.0375	0.8	50:50:0:0:0:0	0.1731	0.0499	29.9496	391.1391	0.6668	0.0000	0.0000	4	0
142	10	0.0187	0.8	50:50:0:0:0:0	0.1666	0.0429	29.9489	389.8772	0.6668	0.0000	0.0000	0
143	10	0.0281	0.8	50:50:0:0:0:0	0.1716	0.0455	29.9453	386.7151	0.6668	0.0000	0.0000	0	4
144	20	0.0000	0.8	50:50:0:0:0:0	0.3292	0.0352	29.9394	391.5941	0.6668	0.0000	0.0000	2	1
145	20	0.1500	0.8	50:50:0:0:0:0	0.3678	0.1481	29.9378	389.5124	0.6668	0.0000	0.0000	4
146	20	0.0750	0.8	50:50:0:0:0:0	0.3412	0.0828	29.9408	394.7777	0.6668	0.0000	0.0000	4
147	20	0.0375	0.8	50:50:0:0:0:0	0.3418	0.0506	29.9383	391.7449	0.6668	0.0000	0.0000	4
148	20	0.0187	0.8	50:50:0:0:0:0	0.3380	0.0392	29.9434	388.7222	0.6668	0.0000	0.0000	4	2
149	20	0.0094	0.8	50:50:0:0:0:0	0.3426	0.0365	29.9395	391.4382	0.6668	0.0000	0.0000	2	4
150	30	0.0000	0.8	50:50:0:0:0:0	0.4951	0.0364	29.9336	397.2014	0.6668	0.0000	0.0000	2	1
151	30	0.1500	0.8	50:50:0:0:0:0	0.5290	0.1492	29.9371	390.2898	0.6668	0.0000	0.0000	4
152	30	0.0750	0.8	50:50:0:0:0:0	0.5160	0.0767	29.9372	388.5447	0.6668	0.0000	0.0000	4
153	30	0.0375	0.8	50:50:0:0:0:0	0.5088	0.0491	29.9360	396.0642	0.6668	0.0000	0.0000	4
154	30	0.0187	0.8	50:50:0:0:0:0	0.5006	0.0394	29.9374	392.2475	0.6668	0.0000	0.0000	4	2
155	30	0.0094	0.8	50:50:0:0:0:0	0.5145	0.0340	29.9351	395.2379	0.6668	0.0000	0.0000	2	4
156	40	0.0000	0.8	50:50:0:0:0:0	0.6518	0.0404	29.9332	400.3069	0.6668	0.0000	0.0000	2
157	40	0.1500	0.8	50:50:0:0:0:0	0.7240	0.1488	29.9422	396.5326	0.6668	0.0000	0.0000	4
158	40	0.0750	0.8	50:50:0:0:0:0	0.6782	0.0814	29.9331	394.2268	0.6668	0.0000	0.0000	4	3
159	40	0.0375	0.8	50:50:0:0:0:0	0.6666	0.0488	29.9381	395.1095	0.6668	0.0000	0.0000	4	3
160	40	0.0187	0.8	50:50:0:0:0:0	0.6759	0.0393	29.9350	395.2669	0.6668	0.0000	0.0000	4	2
161	40	0.0094	0.8	50:50:0:0:0:0	0.6529	0.0400	29.9344	395.8305	0.6668	0.0000	0.0000	2	4
162	50	0.0000	0.8	50:50:0:0:0:0	0.8407	0.0435	29.9265	408.5658	0.6669	0.0000	0.0000	2
163	50	0.1500	0.8	50:50:0:0:0:0	0.8940	0.1506	29.9279	401.9645	0.6669	0.0000	0.0000	4	3
164	50	0.0750	0.8	50:50:0:0:0:0	0.8593	0.0776	29.9279	403.9780	0.6669	0.0000	0.0000	4
165	50	0.0375	0.8	50:50:0:0:0:0	0.8361	0.0469	29.9331	401.4385	0.6668	0.0000	0.0000	4
166	50	0.0187	0.8	50:50:0:0:0:0	0.8388	0.0393	29.9355	401.1404	0.6668	0.0000	0.0000	4	2
167	50	0.0094	0.8	50:50:0:0:0:0	0.8352	0.0410	29.9293	402.9343	0.6668	0.0000	0.0000	4	2
168	60	0.0000	0.8	50:50:0:0:0:0	0.9827	0.0463	29.9217	412.4395	0.6669	0.0000	0.0000	2	1
169	60	0.1500	0.8	50:50:0:0:0:0	1.0781	0.1536	29.9239	404.9559	0.6669	0.0000	0.0000	4
170	60	0.0750	0.8	50:50:0:0:0:0	1.0139	0.0799	29.9284	408.1557	0.6669	0.0000	0.0000	4
171	60	0.0375	0.8	50:50:0:0:0:0	1.0071	0.0506	29.9265	412.6259	0.6669	0.0000	0.0000	4
172	60	0.0187	0.8	50:50:0:0:0:0	0.9979	0.0448	29.9266	409.6709	0.6669	0.0000	0.0000	4	2
173	60	0.0094	0.8	50:50:0:0:0:0	1.0017	0.0423	29.9208	408.0059	0.6669	0.0000	0.0000	2	4
174	70	0.0000	0.8	50:50:0:0:0:0	1.1426	0.0434	29.9250	416.2086	0.6669	0.0000	0.0000	2	4
175	70	0.1500	0.8	50:50:0:0:0:0	1.2133	0.1589	29.9255	410.2383	0.6669	0.0000	0.0000	4
176	70	0.0750	0.8	50:50:0:0:0:0	1.1757	0.0845	29.9217	412.3215	0.6669	0.0000	0.0000	4	3
177	70	0.0375	0.8	50:50:0:0:0:0	1.1289	0.0488	29.9180	407.5206	0.6669	0.0000	0.0000	4
178	70	0.0187	0.8	50:50:0:0:0:0	1.1522	0.0444	29.9147	413.7099	0.6669	0.0000	0.0000	4
179	70	0.0094	0.8	50:50:0:0:0:0	1.1161	0.0422	29.9185	415.1335	0.6669	0.0000	0.0000	4	2
180	80	0.0000	0.8	50:50:0:0:0:0	1.2646	0.0464	29.9175	419.2248	0.6669	0.0000	0.0000	2	4
181	80	0.1500	0.8	50:50:0:0:0:0	1.3679	0.1618	29.9132	411.2920	0.6669	0.0000	0.0000	4
182	80	0.0750	0.8	50:50:0:0:0:0	1.3454	0.0809	29.9198	416.6335	0.6669	0.0000	0.0000	4
183	80	0.0375	0.8	50:50:0:0:0:0	1.2868	0.0495	29.9141	414.9669	0.6669	0.0000	0.0000	4
184	80	0.0187	0.8	50:50:0:0:0:0	1.2618	0.0459	29.9150	415.9164	0.6669	0.0000	0.0000	4
185	80	0.0094	0.8	50:50:0:0:0:0	1.2660	0.0458	29.9074	417.7203	0.6669	0.0000	0.0000	4	2
186	90	0.0000	0.8	50:50:0:0:0:0	1.4302	0.0481	29.9091	423.0135	0.6669	0.0000	0.0000	2	4
187	90	0.1500	0.8	50:50:0:0:0:0	1.5201	0.1653	29.9164	416.7925	0.6669	0.0000	0.0000	4
188	90	0.0750	0.8	50:50:0:0:0:0	1.4680	0.0853	29.9146	416.9815	0.6669	0.0000	0.0000	4
189	90	0.0375	0.8	50:50:0:0:0:0	1.4299	0.0505	29.9152	419.0713	0.6669	0.0000	0.0000	4
190	90	0.0187	0.8	50:50:0:0:0:0	1.4163	0.0464	29.9078	421.6070	0.6669	0.0000	0.0000	4
191	90	0.0094	0.8	50:50:0:0:0:0	1.4084	0.0482	29.9136	423.1752	0.6669	0.0000	0.0000	4	2
192	100	0.0000	0.8	50:50:0:0:0:0	1.5335	0.0524	29.9052	426.4024	0.6669	0.0000	0.0000	2	4
193	100	0.1500	0.8	50:50:0:0:0:0	1.6585	0.1684	29.9073	421.8904	0.6669	0.0000	0.0000	4
194	100	0.0750	0.8	50:50:0:0:0:0	1.5590	0.0807	29.9116	420.0494	0.6669	0.0000	0.0000	4
195	100	0.0375	0.8	50:50:0:0:0:0	1.5389	0.0472	29.9003	426.8966	0.6669	0.0000	0.0000	4
196	100	0.0187	0.8	50:50:0:0:0:0	1.5623	0.0466	29.9044	425.8901	0.6669	0.0000	0.0000	4
197	100	0.0094	0.8	50:50:0:0:0:0	1.5515	0.0448	29.9105	427.0524	0.6669	0.0000	0.0000	4
198	0	0.0000	1.01	50:50:0:0:0:0	0.0000	0.0317	29.4204	268.9438	0.6682	0.0000	0.0000	0
199	0	0.1500	1.01	50:50:0:0:0:0	0.0000	0.1491	29.4187	266.6343	0.6682	0.0000	0.0000	4
200	0	0.0750	1.01	50:50:0:0:0:0	0.0000	0.0796	29.4354	268.6754	0.6681	0.0000	0.0000	0
201	0	0.1125	1.01	50:50:0:0:0:0	0.0000	0.1120	29.4318	263.3619	0.6681	0.0000	0.0000	0	4
202	0	0.1312	1.01	50:50:0:0:0:0	0.0000	0.1272	29.4314	266.1788	0.6681	0.0000	0.0000	4
203	0	0.1219	1.01	50:50:0:0:0:0	0.0000	0.1198	29.4272	266.6500	0.6681	0.0000	0.0000	4	0
204	10	0.0000	1.01	50:50:0:0:0:0	0.1775	0.0293	29.3279	272.1823	0.6684	0.0000	0.0000	0	2
205	10	0.1500	1.01	50:50:0:0:0:0	0.1943	0.1485	29.3254	266.9692	0.6684	0.0000	0.0000	4
206	10	0.0750	1.01	50:50:0:0:0:0	0.1847	0.0743	29.3416	271.0759	0.6684	0.0000	0.0000	4
207	10	0.0375	1.01	50:50:0:0:0:0	0.1832	0.0458	29.3493	267.1946	0.6683	0.0000	0.0000	0
208	10	0.0562	1.01	50:50:0:0:0:0	0.1803	0.0622	29.3456	268.6593	0.6683	0.0000	0.0000	0	4
209	10	0.0656	1.01	50:50:0:0:0:0	0.1792	0.0684	29.3430	268.2927	0.6683	0.0000	0.0000	0	4
210	20	0.0000	1.01	50:50:0:0:0:0	0.3566	0.0304	29.2459	273.3427	0.6686	0.0000	0.0000	2
211	20	0.1500	1.01	50:50:0:0:0:0	0.3866	0.1486	29.2592	272.3966	0.6686	0.0000	0.0000	4
212	20	0.0750	1.01	50:50:0:0:0:0	0.3617	0.0747	29.2220	272.2627	0.6687	0.0000	0.0000	4
213	20	0.0375	1.01	50:50:0:0:0:0	0.3588	0.0459	29.2661	272.4215	0.6686	0.0000	0.0000	2
214	20	0.0562	1.01	50:50:0:0:0:0	0.3648	0.0605	29.2577	275.1178	0.6686	0.0000	0.0000	2	4
215	20	0.0656	1.01	50:50:0:0:0:0	0.3676	0.0663	29.2806	272.0636	0.6685	0.0000	0.0000	4
216	30	0.0000	1.01	50:50:0:0:0:0	0.5274	0.0296	29.1461	276.3788	0.6689	0.0000	0.0000	2
217	30	0.1500	1.01	50:50:0:0:0:0	0.5775	0.1472	29.1765	275.5391	0.6688	0.0000	0.0000	4
218	30	0.0750	1.01	50:50:0:0:0:0	0.5407	0.0765	29.1777	274.8730	0.6688	0.0000	0.0000	4
219	30	0.0375	1.01	50:50:0:0:0:0	0.5411	0.0435	29.1863	273.7566	0.6688	0.0000	0.0000	2	4
220	30	0.0562	1.01	50:50:0:0:0:0	0.5361	0.0610	29.1838	274.9658	0.6688	0.0000	0.0000	4
221	30	0.0469	1.01	50:50:0:0:0:0	0.5332	0.0526	29.1777	274.2204	0.6688	0.0000	0.0000	4	2
222	40	0.0000	1.01	50:50:0:0:0:0	0.6968	0.0349	29.0778	278.4116	0.6691	0.0000	0.0000	2
223	40	0.1500	1.01	50:50:0:0:0:0	0.7578	0.1479	29.1147	275.4991	0.6690	0.0000	0.0000	4
224	40	0.0750	1.01	50:50:0:0:0:0	0.7294	0.0706	29.0997	276.7469	0.6690	0.0000	0.0000	4
225	40	0.0375	1.01	50:50:0:0:0:0	0.7118	0.0435	29.1103	277.7774	0.6690	0.0000	0.0000	2	4
226	40	0.0562	1.01	50:50:0:0:0:0	0.7148	0.0540	29.1193	275.6382	0.6690	0.0000	0.0000	4
227	40	0.0469	1.01	50:50:0:0:0:0	0.7119	0.0498	29.0922	278.0476	0.6690	0.0000	0.0000	4	2
228	50	0.0000	1.01	50:50:0:0:0:0	0.8642	0.0384	29.0033	279.5648	0.6693	0.0000	0.0000	2
229	50	0.1500	1.01	50:50:0:0:0:0	0.9406	0.1544	29.0404	280.9478	0.6692	0.0000	0.0000	4
230	50	0.0750	1.01	50:50:0:0:0:0	0.8814	0.0713	29.0494	281.5470	0.6692	0.0000	0.0000	4
231	50	0.0375	1.01	50:50:0:0:0:0	0.8691	0.0397	29.0254	278.9854	0.6692	0.0000	0.0000	4	2
232	50	0.0187	1.01	50:50:0:0:0:0	0.8846	0.0367	29.0145	283.4989	0.6692	0.0000	0.0000	2
233	50	0.0281	1.01	50:50:0:0:0:0	0.8774	0.0375	29.0211	280.5328	0.6692	0.0000	0.0000	2	4
234	60	0.0000	1.01	50:50:0:0:0:0	1.0234	0.0411	28.9362	284.4323	0.6695	0.0000	0.0000	2
235	60	0.1500	1.01	50:50:0:0:0:0	1.1134	0.1487	28.9781	282.7676	0.6693	0.0000	0.0000	4
236	60	0.0750	1.01	50:50:0:0:0:0	1.0713	0.0725	28.9640	285.4340	0.6694	0.0000	0.0000	4
237	60	0.0375	1.01	50:50:0:0:0:0	1.0715	0.0427	28.9583	286.9578	0.6694	0.0000	0.0000	4
238	60	0.0187	1.01	50:50:0:0:0:0	1.0368	0.0400	28.9655	281.5545	0.6694	0.0000	0.0000	2	4
239	60	0.0281	1.01	50:50:0:0:0:0	1.0311	0.0368	28.9585	283.0293	0.6694	0.0000	0.0000	4	2
240	70	0.0000	1.01	50:50:0:0:0:0	1.1775	0.0393	28.8603	289.5523	0.6697	0.0000	0.0000	2
241	70	0.1500	1.01	50:50:0:0:0:0	1.2846	0.1517	28.9155	286.1402	0.6696	0.0000	0.0000	4
242	70	0.0750	1.01	50:50:0:0:0:0	1.2234	0.0708	28.9003	286.0854	0.6696	0.0000	0.0000	4
243	70	0.0375	1.01	50:50:0:0:0:0	1.1922	0.0434	28.8933	286.6746	0.6696	0.0000	0.0000	4
244	70	0.0187	1.01	50:50:0:0:0:0	1.1646	0.0370	28.8951	287.3637	0.6696	0.0000	0.0000	2	4
245	70	0.0281	1.01	50:50:0:0:0:0	1.1727	0.0384	28.9102	285.1440	0.6696	0.0000	0.0000	4	2
246	80	0.0000	1.01	50:50:0:0:0:0	1.3158	0.0421	28.7827	290.3014	0.6699	0.0000	0.0000	2
247	80	0.1500	1.01	50:50:0:0:0:0	1.4480	0.1539	28.8595	287.9282	0.6697	0.0000	0.0000	4
248	80	0.0750	1.01	50:50:0:0:0:0	1.3831	0.0727	28.8269	286.3065	0.6698	0.0000	0.0000	4
249	80	0.0375	1.01	50:50:0:0:0:0	1.3511	0.0416	28.8236	287.8771	0.6698	0.0000	0.0000	4
250	80	0.0187	1.01	50:50:0:0:0:0	1.3401	0.0387	28.7997	290.8314	0.6699	0.0000	0.0000	4	2
251	80	0.0094	1.01	50:50:0:0:0:0	1.3217	0.0407	28.8293	289.0369	0.6698	0.0000	0.0000	2
252	90	0.0000	1.01	50:50:0:0:0:0	1.4509	0.0463	28.7073	293.9359	0.6702	0.0000	0.0000	2
253	90	0.1500	1.01	50:50:0:0:0:0	1.5920	0.1580	28.8001	291.6170	0.6699	0.0000	0.0000	4
254	90	0.0750	1.01	50:50:0:0:0:0	1.5184	0.0726	28.8021	294.1968	0.6699	0.0000	0.0000	4
255	90	0.0375	1.01	50:50:0:0:0:0	1.4593	0.0442	28.7744	294.7524	0.6699	0.0000	0.0000	4
256	90	0.0187	1.01	50:50:0:0:0:0	1.4594	0.0390	28.7570	289.3679	0.6700	0.0000	0.0000	4
257	90	0.0094	1.01	50:50:0:0:0:0	1.4639	0.0432	28.7562	293.7028	0.6700	0.0000	0.0000	2
258	100	0.0000	1.01	50:50:0:0:0:0	1.5555	0.0451	28.6580	295.7733	0.6703	0.0000	0.0000	2
259	100	0.1500	1.01	50:50:0:0:0:0	1.7090	0.1591	28.7393	291.0163	0.6700	0.0000	0.0000	4
260	100	0.0750	1.01	50:50:0:0:0:0	1.6068	0.0757	28.7112	293.7918	0.6701	0.0000	0.0000	4
261	100	0.0375	1.01	50:50:0:0:0:0	1.5980	0.0424	28.6968	293.8360	0.6702	0.0000	0.0000	4
262	100	0.0187	1.01	50:50:0:0:0:0	1.5988	0.0387	28.6971	292.9799	0.6702	0.0000	0.0000	4	2
263	100	0.0094	1.01	50:50:0:0:0:0	1.5848	0.0429	28.6555	292.5342	0.6703	0.0000	0.0000	2	4
264	0	0.0000	1.2	50:50:0:0:0:0	0.0000	0.0254	28.4289	182.2272	0.6706	0.0000	0.0000	0
265	0	0.1500	1.2	50:50:0:0:0:0	0.0000	0.1503	28.4374	179.9078	0.6706	0.0000	0.0000	0
266	0	0.2250	1.2	50:50:0:0:0:0	0.0000	0.2302	28.3940	179.7947	0.6707	0.0000	0.0000	4
267	0	0.1875	1.2	50:50:0:0:0:0	0.0000	0.1868	28.4085	181.9900	0.6706	0.0000	0.0000	4
268	0	0.1688	1.2	50:50:0:0:0:0	0.0000	0.1690	28.4472	183.1304	0.6705	0.0000	0.0000	0	4
269	0	0.1781	1.2	50:50:0:0:0:0	0.0000	0.1767	28.4150	183.1060	0.6706	0.0000	0.0000	4	0
270	10	0.0000	1.2	50:50:0:0:0:0	0.2039	0.0217	28.0620	184.4003	0.6715	0.0000	0.0000	0
271	10	0.1500	1.2	50:50:0:0:0:0	0.2238	0.1477	28.0847	183.9725	0.6714	0.0000	0.0000	4
272	10	0.0750	1.2	50:50:0:0:0:0	0.2104	0.0733	28.1246	183.5204	0.6713	0.0000	0.0000	0
273	10	0.1125	1.2	50:50:0:0:0:0	0.2139	0.1067	28.0907	184.0626	0.6714	0.0000	0.0000	0
274	10	0.1312	1.2	50:50:0:0:0:0	0.2203	0.1281	28.0734	185.6667	0.6714	0.0000	0.0000	4	0
275	10	0.1219	1.2	50:50:0:0:0:0	0.2188	0.1193	28.1210	184.9008	0.6713	0.0000	0.0000	0	4
276	20	0.0000	1.2	50:50:0:0:0:0	0.4029	0.0231	27.7089	186.4419	0.6725	0.0000	0.0000	2
277	20	0.1500	1.2	50:50:0:0:0:0	0.4397	0.1447	27.8022	184.7353	0.6722	0.0000	0.0000	4
278	20	0.0750	1.2	50:50:0:0:0:0	0.4094	0.0720	27.7613	186.8391	0.6723	0.0000	0.0000	2
279	20	0.1125	1.2	50:50:0:0:0:0	0.4250	0.1073	27.8041	186.0556	0.6721	0.0000	0.0000	4
280	20	0.0938	1.2	50:50:0:0:0:0	0.4107	0.0873	27.7789	186.5374	0.6723	0.0000	0.0000	4	2
281	20	0.0844	1.2	50:50:0:0:0:0	0.4093	0.0778	27.7523	186.1008	0.6723	0.0000	0.0000	2	4
282	30	0.0000	1.2	50:50:0:0:0:0	0.5830	0.0257	27.3992	189.5435	0.6733	0.0000	0.0000	2
283	30	0.1500	1.2	50:50:0:0:0:0	0.6389	0.1430	27.5008	187.9299	0.6730	0.0000	0.0000	4
284	30	0.0750	1.2	50:50:0:0:0:0	0.6028	0.0706	27.4889	187.7391	0.6731	0.0000	0.0000	2	4
285	30	0.1125	1.2	50:50:0:0:0:0	0.6200	0.1058	27.5106	185.7994	0.6730	0.0000	0.0000	4
286	30	0.0938	1.2	50:50:0:0:0:0	0.6172	0.0851	27.4933	186.8552	0.6730	0.0000	0.0000	4	2
287	30	0.0844	1.2	50:50:0:0:0:0	0.6151	0.0773	27.4686	187.0674	0.6731	0.0000	0.0000	4	2
288	40	0.0000	1.2	50:50:0:0:0:0	0.7564	0.0268	27.1124	189.4672	0.6742	0.0000	0.0000	2
289	40	0.1500	1.2	50:50:0:0:0:0	0.8359	0.1393	27.2156	190.6596	0.6738	0.0000	0.0000	4
290	40	0.0750	1.2	50:50:0:0:0:0	0.7868	0.0684	27.2218	191.5076	0.6739	0.0000	0.0000	2	4
291	40	0.1125	1.2	50:50:0:0:0:0	0.8065	0.1010	27.2270	188.8951	0.6738	0.0000	0.0000	4
292	40	0.0938	1.2	50:50:0:0:0:0	0.7864	0.0842	27.2439	185.8826	0.6737	0.0000	0.0000	4
293	40	0.0844	1.2	50:50:0:0:0:0	0.7908	0.0742	27.2197	189.4597	0.6739	0.0000	0.0000	4
294	50	0.0000	1.2	50:50:0:0:0:0	0.9522	0.0328	26.8968	189.5344	0.6749	0.0000	0.0000	2
295	50	0.1500	1.2	50:50:0:0:0:0	1.0515	0.1388	27.0064	191.0395	0.6745	0.0000	0.0000	4
296	50	0.0750	1.2	50:50:0:0:0:0	0.9636	0.0621	26.9705	190.1103	0.6746	0.0000	0.0000	4	2
297	50	0.0375	1.2	50:50:0:0:0:0	0.9646	0.0338	26.9579	189.6502	0.6747	0.0000	0.0000	2
298	50	0.0562	1.2	50:50:0:0:0:0	0.9546	0.0496	26.9690	190.7468	0.6746	0.0000	0.0000	2	4
299	50	0.0656	1.2	50:50:0:0:0:0	0.9684	0.0579	26.9569	190.2708	0.6747	0.0000	0.0000	2	4
300	60	0.0000	1.2	50:50:0:0:0:0	1.0856	0.0351	26.6188	191.7431	0.6758	0.0000	0.0000	2
301	60	0.1500	1.2	50:50:0:0:0:0	1.2130	0.1400	26.7870	192.2945	0.6752	0.0000	0.0000	4
302	60	0.0750	1.2	50:50:0:0:0:0	1.1492	0.0641	26.7587	192.5319	0.6753	0.0000	0.0000	4
303	60	0.0375	1.2	50:50:0:0:0:0	1.1121	0.0346	26.7142	191.3835	0.6754	0.0000	0.0000	2
304	60	0.0562	1.2	50:50:0:0:0:0	1.1331	0.0493	26.7399	191.9444	0.6754	0.0000	0.0000	4	2
305	60	0.0469	1.2	50:50:0:0:0:0	1.1019	0.0394	26.7373	190.8551	0.6754	0.0000	0.0000	2	4
306	70	0.0000	1.2	50:50:0:0:0:0	1.2499	0.0381	26.3653	192.4780	0.6767	0.0000	0.0000	2
307	70	0.1500	1.2	50:50:0:0:0:0	1.3851	0.1429	26.5950	192.6512	0.6759	0.0000	0.0000	4
308	70	0.0750	1.2	50:50:0:0:0:0	1.3039	0.0624	26.5175	193.2129	0.6761	0.0000	0.0000	4
309	70	0.0375	1.2	50:50:0:0:0:0	1.2676	0.0329	26.4964	192.0733	0.6762	0.0000	0.0000	2	4
310	70	0.0562	1.2	50:50:0:0:0:0	1.2692	0.0473	26.5010	193.5209	0.6762	0.0000	0.0000	4	2
311	70	0.0469	1.2	50:50:0:0:0:0	1.2526	0.0391	26.4858	193.3261	0.6762	0.0000	0.0000	2	4
312	80	0.0000	1.2	50:50:0:0:0:0	1.3978	0.0388	26.1524	196.3771	0.6774	0.0000	0.0000	2
313	80	0.1500	1.2	50:50:0:0:0:0	1.5229	0.1429	26.3638	194.2355	0.6766	0.0000	0.0000	4
314	80	0.0750	1.2	50:50:0:0:0:0	1.4320	0.0615	26.3168	194.6278	0.6769	0.0000	0.0000	4
315	80	0.0375	1.2	50:50:0:0:0:0	1.4091	0.0362	26.2727	193.3546	0.6770	0.0000	0.0000	2	4
316	80	0.0562	1.2	50:50:0:0:0:0	1.4284	0.0475	26.2626	194.6320	0.6770	0.0000	0.0000	4
317	80	0.0469	1.2	50:50:0:0:0:0	1.4355	0.0379	26.2788	194.7375	0.6770	0.0000	0.0000	4
318	90	0.0000	1.2	50:50:0:0:0:0	1.5036	0.0402	25.9627	195.6198	0.6781	0.0000	0.0000	2
319	90	0.1500	1.2	50:50:0:0:0:0	1.6366	0.1443	26.1758	195.1140	0.6773	0.0000	0.0000	4
320	90	0.0750	1.2	50:50:0:0:0:0	1.5585	0.0659	26.1081	193.8220	0.6776	0.0000	0.0000	4
321	90	0.0375	1.2	50:50:0:0:0:0	1.5305	0.0359	26.0647	195.9322	0.6777	0.0000	0.0000	4	2
322	90	0.0187	1.2	50:50:0:0:0:0	1.5122	0.0345	26.0582	197.4491	0.6778	0.0000	0.0000	2
323	90	0.0281	1.2	50:50:0:0:0:0	1.5248	0.0310	26.0725	197.2014	0.6777	0.0000	0.0000	2
324	100	0.0000	1.2	50:50:0:0:0:0	1.6153	0.0401	25.7690	195.6157	0.6789	0.0000	0.0000	2
325	100	0.1500	1.2	50:50:0:0:0:0	1.8000	0.1454	25.9793	195.8220	0.6780	0.0000	0.0000	4
326	100	0.0750	1.2	50:50:0:0:0:0	1.7059	0.0736	25.6991	199.0468	0.6788	0.0000	0.0000	4
327	100	0.0375	1.2	50:50:0:0:0:0	1.6832	0.0425	25.6717	197.8738	0.6789	0.0000	0.0000	4
328	100	0.0187	1.2	50:50:0:0:0:0	1.6451	0.0385	25.6736	198.0316	0.6790	0.0000	0.0000	2
329	100	0.0281	1.2	50:50:0:0:0:0	1.6668	0.0389	25.6591	196.5963	0.6790	0.0000	0.0000	4	2
330	0	0.0000	1.4	50:50:0:0:0:0	0.0000	0.0215	27.8189	144.3998	0.6719	0.0000	0.0000	0
331	0	0.1500	1.4	50:50:0:0:0:0	0.0000	0.1494	27.8274	144.6780	0.6718	0.0000	0.0000	0
332	0	0.2250	1.4	50:50:0:0:0:0	0.0000	0.2336	27.7669	143.0454	0.6720	0.0000	0.0000	4
333	0	0.1875	1.4	50:50:0:0:0:0	0.0000	0.1868	27.7883	141.5970	0.6720	0.0000	0.0000	0
334	0	0.2062	1.4	50:50:0:0:0:0	0.0000	0.2111	27.7732	144.7550	0.6720	0.0000	0.0000	4	0
335	0	0.1969	1.4	50:50:0:0:0:0	0.0000	0.1980	27.7814	144.0356	0.6720	0.0000	0.0000	0	4
336	10	0.0000	1.4	50:50:0:0:0:0	0.2130	0.0225	27.1452	146.2750	0.6735	0.0000	0.0000	0
337	10	0.1500	1.4	50:50:0:0:0:0	0.2375	0.1457	27.2246	146.7742	0.6733	0.0000	0.0000	0
338	10	0.2250	1.4	50:50:0:0:0:0	0.2589	0.2279	27.1378	146.4386	0.6735	0.0000	0.0000	4
339	10	0.1875	1.4	50:50:0:0:0:0	0.2422	0.1822	27.1897	146.8205	0.6734	0.0000	0.0000	4
340	10	0.1688	1.4	50:50:0:0:0:0	0.2459	0.1658	27.1991	144.2636	0.6733	0.0000	0.0000	4	0
341	10	0.1594	1.4	50:50:0:0:0:0	0.2412	0.1552	27.2295	147.5169	0.6732	0.0000	0.0000	0	4
342	20	0.0000	1.4	50:50:0:0:0:0	0.4162	0.0235	26.5502	147.8020	0.6751	0.0000	0.0000	0	2
343	20	0.1500	1.4	50:50:0:0:0:0	0.4622	0.1430	26.6816	148.3556	0.6747	0.0000	0.0000	4
344	20	0.0750	1.4	50:50:0:0:0:0	0.4338	0.0699	26.6983	148.0611	0.6746	0.0000	0.0000	0	2
345	20	0.1125	1.4	50:50:0:0:0:0	0.4480	0.1066	26.6751	147.6679	0.6747	0.0000	0.0000	0
346	20	0.1312	1.4	50:50:0:0:0:0	0.4539	0.1249	26.6628	147.5675	0.6747	0.0000	0.0000	4	0
347	20	0.1219	1.4	50:50:0:0:0:0	0.4496	0.1141	26.6611	148.6175	0.6747	0.0000	0.0000	0	4
348	30	0.0000	1.4	50:50:0:0:0:0	0.6150	0.0223	26.0656	148.0342	0.6765	0.0000	0.0000	2
349	30	0.1500	1.4	50:50:0:0:0:0	0.6835	0.1412	26.2290	149.9163	0.6760	0.0000	0.0000	4
350	30	0.0750	1.4	50:50:0:0:0:0	0.6362	0.0688	26.1949	149.2234	0.6761	0.0000	0.0000	2
351	30	0.1125	1.4	50:50:0:0:0:0	0.6487	0.1022	26.2303	149.5375	0.6760	0.0000	0.0000	4
352	30	0.0938	1.4	50:50:0:0:0:0	0.6466	0.0840	26.1855	151.4488	0.6761	0.0000	0.0000	2
353	30	0.1031	1.4	50:50:0:0:0:0	0.6520	0.0926	26.2029	147.5176	0.6760	0.0000	0.0000	2	4
354	40	0.0000	1.4	50:50:0:0:0:0	0.7999	0.0278	25.6057	149.8228	0.6780	0.0000	0.0000	2
355	40	0.1500	1.4	50:50:0:0:0:0	0.8817	0.1393	25.7826	150.1080	0.6774	0.0000	0.0000	4
356	40	0.0750	1.4	50:50:0:0:0:0	0.8217	0.0647	25.7606	151.9264	0.6775	0.0000	0.0000	2
357	40	0.1125	1.4	50:50:0:0:0:0	0.8587	0.0994	25.7944	150.1115	0.6773	0.0000	0.0000	4
358	40	0.0938	1.4	50:50:0:0:0:0	0.8364	0.0804	25.7583	149.2167	0.6774	0.0000	0.0000	4	2
359	40	0.0844	1.4	50:50:0:0:0:0	0.8402	0.0696	25.7828	149.8267	0.6774	0.0000	0.0000	2	4
360	50	0.0000	1.4	50:50:0:0:0:0	0.9693	0.0285	25.1900	151.6284	0.6794	0.0000	0.0000	2
361	50	0.1500	1.4	50:50:0:0:0:0	1.0724	0.1396	25.4018	151.2273	0.6786	0.0000	0.0000	4
362	50	0.0750	1.4	50:50:0:0:0:0	1.0026	0.0636	25.3277	151.1259	0.6788	0.0000	0.0000	2	4
363	50	0.1125	1.4	50:50:0:0:0:0	1.0255	0.0971	25.3612	151.4290	0.6788	0.0000	0.0000	4
364	50	0.0938	1.4	50:50:0:0:0:0	1.0264	0.0838	25.3678	150.6816	0.6787	0.0000	0.0000	4
365	50	0.0844	1.4	50:50:0:0:0:0	1.0152	0.0710	25.3705	150.2313	0.6787	0.0000	0.0000	4	2
366	60	0.0000	1.4	50:50:0:0:0:0	1.1199	0.0293	24.8187	151.8306	0.6808	0.0000	0.0000	2
367	60	0.1500	1.4	50:50:0:0:0:0	1.2607	0.1346	25.0474	151.6275	0.6798	0.0000	0.0000	4
368	60	0.0750	1.4	50:50:0:0:0:0	1.1651	0.0624	24.9667	151.6676	0.6801	0.0000	0.0000	4	2
369	60	0.0375	1.4	50:50:0:0:0:0	1.1603	0.0320	24.9320	150.9250	0.6803	0.0000	0.0000	2
370	60	0.0562	1.4	50:50:0:0:0:0	1.1553	0.0454	24.9722	151.1203	0.6801	0.0000	0.0000	2
371	60	0.0656	1.4	50:50:0:0:0:0	1.1592	0.0546	24.9783	152.4049	0.6801	0.0000	0.0000	4	2
372	70	0.0000	1.4	50:50:0:0:0:0	1.2609	0.0330	24.4521	152.6949	0.6822	0.0000	0.0000	2
373	70	0.1500	1.4	50:50:0:0:0:0	1.4088	0.1394	24.6954	152.2089	0.6811	0.0000	0.0000	4
374	70	0.0750	1.4	50:50:0:0:0:0	1.3139	0.0610	24.6275	152.1217	0.6814	0.0000	0.0000	4	2
375	70	0.0375	1.4	50:50:0:0:0:0	1.3111	0.0315	24.5818	152.4350	0.6816	0.0000	0.0000	2
376	70	0.0562	1.4	50:50:0:0:0:0	1.3118	0.0457	24.6471	154.9341	0.6814	0.0000	0.0000	2	4
377	70	0.0656	1.4	50:50:0:0:0:0	1.3217	0.0546	24.6326	151.7847	0.6814	0.0000	0.0000	4	2
378	80	0.0000	1.4	50:50:0:0:0:0	1.4346	0.0357	24.1014	153.0107	0.6836	0.0000	0.0000	2
379	80	0.1500	1.4	50:50:0:0:0:0	1.5701	0.1370	24.3491	154.2853	0.6824	0.0000	0.0000	4
380	80	0.0750	1.4	50:50:0:0:0:0	1.4683	0.0597	24.3041	154.2728	0.6827	0.0000	0.0000	4
381	80	0.0375	1.4	50:50:0:0:0:0	1.4268	0.0322	24.2625	153.2016	0.6829	0.0000	0.0000	2
382	80	0.0562	1.4	50:50:0:0:0:0	1.4437	0.0446	24.2488	154.0261	0.6829	0.0000	0.0000	4	2
383	80	0.0469	1.4	50:50:0:0:0:0	1.4376	0.0365	24.2772	153.9351	0.6828	0.0000	0.0000	2	4
384	90	0.0000	1.4	50:50:0:0:0:0	1.5348	0.0360	23.8084	153.7949	0.6848	0.0000	0.0000	2
385	90	0.1500	1.4	50:50:0:0:0:0	1.6915	0.1395	24.0680	154.0698	0.6836	0.0000	0.0000	4
386	90	0.0750	1.4	50:50:0:0:0:0	1.5900	0.0589	23.9894	156.6498	0.6840	0.0000	0.0000	4
387	90	0.0375	1.4	50:50:0:0:0:0	1.5678	0.0319	23.9463	156.1119	0.6842	0.0000	0.0000	2	4
388	90	0.0562	1.4	50:50:0:0:0:0	1.5875	0.0455	23.9494	155.6977	0.6842	0.0000	0.0000	4
389	90	0.0469	1.4	50:50:0:0:0:0	1.5896	0.0389	23.9574	154.0189	0.6841	0.0000	0.0000	4	2
390	100	0.0000	1.4	50:50:0:0:0:0	1.6672	0.0372	23.4928	155.2244	0.6862	0.0000	0.0000	2
391	100	0.1500	1.4	50:50:0:0:0:0	1.8099	0.1541	23.4825	156.8599	0.6856	0.0000	0.0000	4
392	100	0.0750	1.4	50:50:0:0:0:0	1.6916	0.0745	23.3648	154.5764	0.6861	0.0000	0.0000	4
393	100	0.0375	1.4	50:50:0:0:0:0	1.6941	0.0422	23.3663	155.9978	0.6862	0.0000	0.0000	4	2
394	100	0.0187	1.4	50:50:0:0:0:0	1.6548	0.0374	23.3409	155.7700	0.6864	0.0000	0.0000	2
395	100	0.0281	1.4	50:50:0:0:0:0	1.6586	0.0377	23.3746	155.9819	0.6862	0.0000	0.0000	2	4
396	0	0.0000	1.5	50:50:0:0:0:0	0.0000	0.0229	27.6638	134.5766	0.6721	0.0000	0.0000	0
397	0	0.1500	1.5	50:50:0:0:0:0	0.0000	0.1496	27.6918	135.5952	0.6720	0.0000	0.0000	0
398	0	0.2250	1.5	50:50:0:0:0:0	0.0000	0.2282	27.6105	135.4107	0.6723	0.0000	0.0000	4
399	0	0.1875	1.5	50:50:0:0:0:0	0.0000	0.1855	27.6786	133.0534	0.6721	0.0000	0.0000	0
400	0	0.2062	1.5	50:50:0:0:0:0	0.0000	0.2083	27.6260	133.9265	0.6722	0.0000	0.0000	4	0
401	0	0.1969	1.5	50:50:0:0:0:0	0.0000	0.1980	27.6292	135.0012	0.6722	0.0000	0.0000	0	4
402	10	0.0000	1.5	50:50:0:0:0:0	0.2200	0.0221	26.8975	135.3793	0.6739	0.0000	0.0000	0
403	10	0.1500	1.5	50:50:0:0:0:0	0.2434	0.1474	27.0069	136.6824	0.6736	0.0000	0.0000	0
404	10	0.2250	1.5	50:50:0:0:0:0	0.2597	0.2266	26.9552	137.2667	0.6738	0.0000	0.0000	4
405	10	0.1875	1.5	50:50:0:0:0:0	0.2499	0.1823	26.9909	135.9248	0.6737	0.0000	0.0000	4
406	10	0.1688	1.5	50:50:0:0:0:0	0.2468	0.1648	27.0090	137.0467	0.6736	0.0000	0.0000	0	4
407	10	0.1781	1.5	50:50:0:0:0:0	0.2486	0.1784	26.9925	135.1669	0.6737	0.0000	0.0000	4
408	20	0.0000	1.5	50:50:0:0:0:0	0.4265	0.0207	26.2621	138.8437	0.6756	0.0000	0.0000	0	2
409	20	0.1500	1.5	50:50:0:0:0:0	0.4682	0.1429	26.4012	139.7397	0.6752	0.0000	0.0000	4
410	20	0.0750	1.5	50:50:0:0:0:0	0.4414	0.0683	26.3693	138.1984	0.6753	0.0000	0.0000	0
411	20	0.1125	1.5	50:50:0:0:0:0	0.4558	0.1040	26.4367	138.8545	0.6751	0.0000	0.0000	0
412	20	0.1312	1.5	50:50:0:0:0:0	0.4582	0.1236	26.3780	137.9897	0.6752	0.0000	0.0000	0	4
413	20	0.1406	1.5	50:50:0:0:0:0	0.4661	0.1319	26.4129	136.8707	0.6751	0.0000	0.0000	4	0
414	30	0.0000	1.5	50:50:0:0:0:0	0.6168	0.0234	25.7043	139.5770	0.6772	0.0000	0.0000	2
415	30	0.1500	1.5	50:50:0:0:0:0	0.6904	0.1400	25.8555	137.8649	0.6767	0.0000	0.0000	4
416	30	0.0750	1.5	50:50:0:0:0:0	0.6421	0.0660	25.8413	139.0247	0.6768	0.0000	0.0000	2	0
417	30	0.1125	1.5	50:50:0:0:0:0	0.6602	0.1010	25.8665	137.7717	0.6767	0.0000	0.0000	4	2
418	30	0.0938	1.5	50:50:0:0:0:0	0.6596	0.0814	25.8699	137.8115	0.6767	0.0000	0.0000	2	4
419	30	0.1031	1.5	50:50:0:0:0:0	0.6602	0.0930	25.8509	139.5863	0.6767	0.0000	0.0000	4	2
420	40	0.0000	1.5	50:50:0:0:0:0	0.8095	0.0262	25.2040	139.3195	0.6788	0.0000	0.0000	2
421	40	0.1500	1.5	50:50:0:0:0:0	0.8941	0.1402	25.4017	140.1227	0.6781	0.0000	0.0000	4
422	40	0.0750	1.5	50:50:0:0:0:0	0.8417	0.0643	25.3550	140.8205	0.6783	0.0000	0.0000	2
423	40	0.1125	1.5	50:50:0:0:0:0	0.8612	0.0988	25.3696	139.2822	0.6782	0.0000	0.0000	4
424	40	0.0938	1.5	50:50:0:0:0:0	0.8569	0.0810	25.4036	140.4616	0.6781	0.0000	0.0000	4	2
425	40	0.0844	1.5	50:50:0:0:0:0	0.8483	0.0723	25.3638	140.1792	0.6783	0.0000	0.0000	2
426	50	0.0000	1.5	50:50:0:0:0:0	0.9778	0.0267	24.7391	141.3685	0.6804	0.0000	0.0000	2
427	50	0.1500	1.5	50:50:0:0:0:0	1.0668	0.1365	24.9581	142.0712	0.6796	0.0000	0.0000	4
428	50	0.0750	1.5	50:50:0:0:0:0	1.0169	0.0644	24.9094	141.0759	0.6798	0.0000	0.0000	2	4
429	50	0.1125	1.5	50:50:0:0:0:0	1.0514	0.0980	24.9227	141.5708	0.6797	0.0000	0.0000	4
430	50	0.0938	1.5	50:50:0:0:0:0	1.0242	0.0790	24.9176	141.2413	0.6797	0.0000	0.0000	4	2
431	50	0.0844	1.5	50:50:0:0:0:0	1.0343	0.0700	24.9128	141.0040	0.6798	0.0000	0.0000	4	2
432	60	0.0000	1.5	50:50:0:0:0:0	1.1300	0.0300	24.2947	142.4290	0.6821	0.0000	0.0000	2
433	60	0.1500	1.5	50:50:0:0:0:0	1.2708	0.1354	24.5235	142.8494	0.6811	0.0000	0.0000	4
434	60	0.0750	1.5	50:50:0:0:0:0	1.1775	0.0622	24.4685	143.3839	0.6813	0.0000	0.0000	4	2
435	60	0.0375	1.5	50:50:0:0:0:0	1.1522	0.0315	24.4730	143.7624	0.6814	0.0000	0.0000	2
436	60	0.0562	1.5	50:50:0:0:0:0	1.1529	0.0446	24.4404	143.0962	0.6815	0.0000	0.0000	2
437	60	0.0656	1.5	50:50:0:0:0:0	1.1651	0.0523	24.4907	144.1172	0.6813	0.0000	0.0000	2	4
438	70	0.0000	1.5	50:50:0:0:0:0	1.2965	0.0321	23.8724	144.4521	0.6837	0.0000	0.0000	2
439	70	0.1500	1.5	50:50:0:0:0:0	1.4174	0.1376	24.1458	144.5152	0.6825	0.0000	0.0000	4
440	70	0.0750	1.5	50:50:0:0:0:0	1.3559	0.0615	24.0781	144.8905	0.6828	0.0000	0.0000	4
441	70	0.0375	1.5	50:50:0:0:0:0	1.3161	0.0303	24.0465	144.9672	0.6830	0.0000	0.0000	2
442	70	0.0562	1.5	50:50:0:0:0:0	1.3250	0.0454	24.0676	144.3449	0.6829	0.0000	0.0000	2	4
443	70	0.0656	1.5	50:50:0:0:0:0	1.3244	0.0534	24.1059	144.1746	0.6828	0.0000	0.0000	4	2
444	80	0.0000	1.5	50:50:0:0:0:0	1.4165	0.0335	23.4868	144.1204	0.6853	0.0000	0.0000	2
445	80	0.1500	1.5	50:50:0:0:0:0	1.5632	0.1358	23.8169	143.9126	0.6839	0.0000	0.0000	4
446	80	0.0750	1.5	50:50:0:0:0:0	1.4790	0.0591	23.6947	145.6228	0.6844	0.0000	0.0000	4
447	80	0.0375	1.5	50:50:0:0:0:0	1.4354	0.0322	23.6893	145.0986	0.6845	0.0000	0.0000	2
448	80	0.0562	1.5	50:50:0:0:0:0	1.4634	0.0441	23.7009	145.2637	0.6843	0.0000	0.0000	4	2
449	80	0.0469	1.5	50:50:0:0:0:0	1.4507	0.0361	23.7030	145.1607	0.6844	0.0000	0.0000	2
450	90	0.0000	1.5	50:50:0:0:0:0	1.5260	0.0375	23.1250	145.6292	0.6869	0.0000	0.0000	2
451	90	0.1500	1.5	50:50:0:0:0:0	1.6943	0.1375	23.4546	145.7873	0.6854	0.0000	0.0000	4
452	90	0.0750	1.5	50:50:0:0:0:0	1.6042	0.0578	23.4037	145.5961	0.6857	0.0000	0.0000	4
453	90	0.0375	1.5	50:50:0:0:0:0	1.5791	0.0302	23.3114	144.6924	0.6860	0.0000	0.0000	2	4
454	90	0.0562	1.5	50:50:0:0:0:0	1.6038	0.0443	23.3701	146.1377	0.6858	0.0000	0.0000	4
455	90	0.0469	1.5	50:50:0:0:0:0	1.6003	0.0345	23.3234	146.7866	0.6860	0.0000	0.0000	4	2
456	100	0.0000	1.5	50:50:0:0:0:0	1.6678	0.0378	22.8009	146.3233	0.6885	0.0000	0.0000	2
457	100	0.1500	1.5	50:50:0:0:0:0	1.8441	0.1576	22.7203	146.9448	0.6879	0.0000	0.0000	4
458	100	0.0750	1.5	50:50:0:0:0:0	1.7249	0.0737	22.6996	147.2887	0.6881	0.0000	0.0000	4
459	100	0.0375	1.5	50:50:0:0:0:0	1.6752	0.0419	22.6498	147.6289	0.6884	0.0000	0.0000	4	2
460	100	0.0187	1.5	50:50:0:0:0:0	1.6617	0.0376	22.6807	147.3283	0.6884	0.0000	0.0000	2
461	100	0.0281	1.5	50:50:0:0:0:0	1.6684	0.0395	22.6526	147.3608	0.6884	0.0000	0.0000	2
