0	100	2	0.3000	-10050	20	100	1.6580	0.3087	20.0000	0.0000	1.0000	27.9068	39.2770	1
1	100	2	0.3000	-10050	20	95	2.0809	0.3454	21.0440	0.0000	0.9504	29.1067	39.7764	1	2
2	100	2	0.3000	-10050	20	90	1.8012	0.3357	21.5886	0.0000	0.9264	29.5197	39.4461	2	1
3	100	2	0.3000	-10050	20	85	1.9580	0.3562	22.6053	0.0000	0.8847	29.8325	41.4444	2
4	100	2	0.3000	-10050	20	80	1.7769	0.3533	23.5269	0.0000	0.8501	28.7613	39.4024	2
5	100	2	0.3000	-10050	20	75	1.9198	0.3539	24.5830	0.0000	0.8136	28.4545	40.1860	2
6	100	2	0.3000	-10050	20	70	2.0082	0.3457	25.6273	0.0000	0.7804	28.1053	38.6026	2
7	100	2	0.3000	-10050	20	65	2.0033	0.3476	26.7207	0.0000	0.7485	27.3915	38.1299	2
8	100	2	0.3000	-10050	20	60	1.8272	0.3532	27.6964	0.0000	0.7221	28.1174	37.3621	2
9	100	2	0.3000	-10050	20	55	1.9544	0.3473	28.5623	0.0000	0.7002	27.7640	40.1276	2
10	100	2	0.3000	-10050	20	50	2.0284	0.3421	29.7997	0.0000	0.6711	28.0767	38.7347	2
0	100	2	0.3000	1.3	20	100	1.5895	0.2999	20.0000	0.0000	1.0000	29.6834	43.7060	1
1	100	2	0.3000	1.3	20	95	1.8431	0.3807	20.9928	0.0000	0.9527	31.2312	43.9808	1	2
2	100	2	0.3000	1.3	20	90	1.6860	0.3587	21.6784	0.0000	0.9226	31.7294	43.2541	2
3	100	2	0.3000	1.3	20	85	1.9320	0.3769	22.6118	0.0000	0.8845	32.4083	43.9710	2
4	100	2	0.3000	1.3	20	80	1.9744	0.3612	23.6517	0.0000	0.8456	30.0234	41.3355	2
5	100	2	0.3000	1.3	20	75	2.0624	0.3733	24.6793	0.0000	0.8104	32.4370	41.6374	2
6	100	2	0.3000	1.3	20	70	1.9482	0.3644	25.6423	0.0000	0.7800	30.4314	43.8227	2
7	100	2	0.3000	1.3	20	65	1.7881	0.3548	26.7391	0.0000	0.7480	32.0071	44.8256	2
8	100	2	0.3000	1.3	20	60	2.0483	0.3584	27.8142	0.0000	0.7191	30.1501	43.8938	2
9	100	2	0.3000	1.3	20	55	1.9373	0.3499	28.7722	0.0000	0.6951	29.2800	43.3310	2
10	100	2	0.3000	1.3	20	50	1.8501	0.3534	29.7926	0.0000	0.6713	30.6595	40.9954	2
