0	0	2	0.0000	0.9	11	50	0.0000	0.0256	10.9275	421.5749	0.4999	0.0000	0.5587	0
1	0	2	0.1500	0.9	11	50	0.0000	0.1366	10.9277	420.0701	0.4998	0.0000	0.5821	4
2	0	2	0.0750	0.9	11	50	0.0000	0.0694	10.9292	421.0751	0.4998	0.0000	0.5694	0
3	0	2	0.1125	0.9	11	50	0.0000	0.1038	10.9298	421.9677	0.4999	0.0000	0.5902	4	0
4	0	2	0.0938	0.9	11	50	0.0000	0.0852	10.9282	424.5772	0.5000	0.0000	0.5711	0
5	0	2	0.1031	0.9	11	50	0.0000	0.0944	10.9273	417.0197	0.5000	0.0000	0.5531	0	4
6	10	2	0.0000	0.9	11	50	0.1702	0.0232	10.9208	435.0344	0.4999	0.1412	0.6493	0
7	10	2	0.1500	0.9	11	50	0.1859	0.1374	10.9199	430.3489	0.4998	0.1336	0.6725	4
8	10	2	0.0750	0.9	11	50	0.1739	0.0693	10.9213	432.9886	0.4998	0.1435	0.6333	0	4
9	10	2	0.1125	0.9	11	50	0.1815	0.1045	10.9200	426.8092	0.5004	0.1468	0.6702	4
10	10	2	0.0938	0.9	11	50	0.1772	0.0855	10.9196	432.1965	0.5004	0.1470	0.6845	4
11	10	2	0.0844	0.9	11	50	0.1787	0.0780	10.9173	436.2440	0.4997	0.1538	0.6570	4	0
12	20	2	0.0000	0.9	11	50	0.3377	0.0232	10.9099	442.4751	0.5000	0.2882	0.7454	0	2
13	20	2	0.1500	0.9	11	50	0.3750	0.1406	10.9122	442.7243	0.5000	0.2795	0.7719	4
14	20	2	0.0750	0.9	11	50	0.3507	0.0716	10.9109	437.4863	0.5003	0.2762	0.7701	4
15	20	2	0.0375	0.9	11	50	0.3433	0.0417	10.9116	444.6263	0.5002	0.2939	0.7652	0	4
16	20	2	0.0562	0.9	11	50	0.3429	0.0544	10.9133	442.7629	0.4998	0.2883	0.7603	4
17	20	2	0.0469	0.9	11	50	0.3450	0.0461	10.9115	438.4251	0.5000	0.3044	0.7527	4	0
18	30	2	0.0000	0.9	11	50	0.5132	0.0257	10.9007	451.0359	0.5004	0.4299	0.8266	2
19	30	2	0.1500	0.9	11	50	0.5618	0.1405	10.9046	443.4252	0.4996	0.4129	0.8411	4
20	30	2	0.0750	0.9	11	50	0.5270	0.0709	10.9054	444.7099	0.5000	0.3971	0.8486	4
21	30	2	0.0375	0.9	11	50	0.5160	0.0386	10.9057	453.9216	0.4999	0.3947	0.8221	4	2
22	30	2	0.0187	0.9	11	50	0.5165	0.0294	10.9049	448.4432	0.5000	0.4153	0.8134	2
23	30	2	0.0281	0.9	11	50	0.5095	0.0352	10.9036	449.6381	0.4999	0.4133	0.8306	2	4
24	40	2	0.0000	0.9	11	50	0.6743	0.0262	10.8961	463.2880	0.5002	0.5085	0.8928	2
25	40	2	0.1500	0.9	11	50	0.7477	0.1427	10.8998	457.5168	0.4998	0.5333	0.9122	4
26	40	2	0.0750	0.9	11	50	0.6974	0.0679	10.8961	452.2655	0.5001	0.5098	0.9126	4
27	40	2	0.0375	0.9	11	50	0.6951	0.0397	10.8969	464.5728	0.5000	0.5437	0.9286	4
28	40	2	0.0187	0.9	11	50	0.6832	0.0257	10.8958	448.0384	0.5001	0.5176	0.9179	2	4
29	40	2	0.0281	0.9	11	50	0.6823	0.0356	10.8962	456.1623	0.5002	0.5460	0.9074	2	4
30	50	2	0.0000	0.9	11	50	0.8366	0.0270	10.8873	470.4748	0.4999	0.6572	0.9806	2
31	50	2	0.1500	0.9	11	50	0.9368	0.1433	10.8907	464.6996	0.4997	0.6601	0.9785	4
32	50	2	0.0750	0.9	11	50	0.8948	0.0675	10.8883	462.5792	0.5002	0.6601	0.9933	4
33	50	2	0.0375	0.9	11	50	0.8574	0.0383	10.8898	472.2687	0.5000	0.6601	0.9896	4
34	50	2	0.0187	0.9	11	50	0.8500	0.0276	10.8886	463.5702	0.5001	0.6412	0.9779	2	4
35	50	2	0.0281	0.9	11	50	0.8464	0.0312	10.8901	471.8496	0.5000	0.6428	0.9686	4	2
36	60	2	0.0000	0.9	11	50	1.0013	0.0274	10.8813	468.2382	0.5001	0.7524	1.0289	2
37	60	2	0.1500	0.9	11	50	1.1211	0.1448	10.8823	474.3607	0.4999	0.7560	1.0597	4
38	60	2	0.0750	0.9	11	50	1.0591	0.0679	10.8854	476.6345	0.4995	0.7676	1.0477	4
39	60	2	0.0375	0.9	11	50	1.0257	0.0398	10.8859	468.2903	0.4998	0.7631	1.0475	4
40	60	2	0.0187	0.9	11	50	1.0044	0.0300	10.8818	471.4107	0.5001	0.7546	1.0148	2	4
41	60	2	0.0281	0.9	11	50	1.0212	0.0309	10.8841	478.1481	0.4999	0.7659	1.0514	4	2
42	70	2	0.0000	0.9	11	50	1.1583	0.0315	10.8753	477.6557	0.5000	0.8328	1.0725	2
43	70	2	0.1500	0.9	11	50	1.2754	0.1463	10.8788	481.6667	0.4998	0.8698	1.1409	4
44	70	2	0.0750	0.9	11	50	1.2080	0.0701	10.8790	485.5722	0.4999	0.8801	1.1312	4
45	70	2	0.0375	0.9	11	50	1.1757	0.0361	10.8764	477.9333	0.4998	0.8284	1.0852	4
46	70	2	0.0187	0.9	11	50	1.1710	0.0315	10.8788	488.4438	0.5002	0.8695	1.0958	4	2
47	70	2	0.0094	0.9	11	50	1.1681	0.0304	10.8773	483.3337	0.4997	0.8441	1.1101	2
48	80	2	0.0000	0.9	11	50	1.3198	0.0382	10.8679	497.3924	0.4999	0.9738	1.1640	2
49	80	2	0.1500	0.9	11	50	1.4777	0.1502	10.8695	488.5196	0.4998	0.9937	1.2135	4
50	80	2	0.0750	0.9	11	50	1.3613	0.0691	10.8720	502.8206	0.4998	0.9511	1.1681	4
51	80	2	0.0375	0.9	11	50	1.3411	0.0360	10.8704	486.0529	0.4999	0.9814	1.1608	4
52	80	2	0.0187	0.9	11	50	1.3232	0.0318	10.8701	484.1781	0.5000	0.9567	1.1366	4	2
53	80	2	0.0094	0.9	11	50	1.3201	0.0301	10.8704	485.0937	0.5001	0.9606	1.1746	2	4
54	90	2	0.0000	0.9	11	50	1.4650	0.0347	10.8605	493.8681	0.5001	1.0249	1.2135	2
55	90	2	0.1500	0.9	11	50	1.6143	0.1509	10.8688	494.1318	0.5003	1.0890	1.2444	4
56	90	2	0.0750	0.9	11	50	1.5213	0.0715	10.8655	495.7347	0.5001	1.0376	1.1739	4
57	90	2	0.0375	0.9	11	50	1.4870	0.0388	10.8674	504.6906	0.5000	1.0393	1.2042	4
58	90	2	0.0187	0.9	11	50	1.4610	0.0329	10.8658	506.7778	0.4999	1.0329	1.2190	4
59	90	2	0.0094	0.9	11	50	1.4557	0.0345	10.8643	502.3639	0.4996	1.0308	1.1870	4	2
60	100	2	0.0000	0.9	11	50	1.5755	0.0385	10.8582	515.5404	0.5002	1.0828	1.2472	2
61	100	2	0.1500	0.9	11	50	1.7538	0.1537	10.8610	500.8003	0.5000	1.1434	1.2872	4
62	100	2	0.0750	0.9	11	50	1.6404	0.0689	10.8600	510.1314	0.5002	1.1220	1.3114	4
63	100	2	0.0375	0.9	11	50	1.5920	0.0376	10.8609	507.7667	0.5002	1.1330	1.2981	4
64	100	2	0.0187	0.9	11	50	1.6109	0.0333	10.8607	496.4105	0.5001	1.1307	1.2805	4
65	100	2	0.0094	0.9	11	50	1.5814	0.0347	10.8602	500.3056	0.4994	1.1126	1.2783	4	2
66	0	2	0.0000	1.1	11	50	0.0000	0.0205	10.6179	284.7858	0.5001	0.0000	4.3973	0
67	0	2	0.1500	1.1	11	50	0.0000	0.1404	10.6175	286.3329	0.4999	0.0000	4.5323	0
68	0	2	0.2250	1.1	11	50	0.0000	0.2173	10.6066	288.3326	0.5002	0.0000	4.6985	4
69	0	2	0.1875	1.1	11	50	0.0000	0.1754	10.6123	285.0695	0.5000	0.0000	4.6298	4
70	0	2	0.1688	1.1	11	50	0.0000	0.1602	10.6156	283.0564	0.5000	0.0000	4.5255	0	4
71	0	2	0.1781	1.1	11	50	0.0000	0.1690	10.6131	288.9142	0.5000	0.0000	4.5418	4	0
72	10	2	0.0000	1.1	11	50	0.1846	0.0181	10.5378	294.1844	0.4999	1.1923	5.1884	0
73	10	2	0.1500	1.1	11	50	0.2105	0.1422	10.5421	297.4472	0.4999	1.2295	5.2961	4
74	10	2	0.0750	1.1	11	50	0.1926	0.0693	10.5467	293.8311	0.4998	1.2081	5.2549	0
75	10	2	0.1125	1.1	11	50	0.2014	0.1061	10.5434	296.7009	0.5002	1.2126	5.2947	0
76	10	2	0.1312	1.1	11	50	0.2064	0.1241	10.5431	297.8689	0.4999	1.2025	5.2745	4
77	10	2	0.1219	1.1	11	50	0.2043	0.1155	10.5437	294.2897	0.5004	1.1952	5.2016	0
78	20	2	0.0000	1.1	11	50	0.3704	0.0197	10.4615	301.1456	0.5000	2.3268	6.0059	0	2
79	20	2	0.1500	1.1	11	50	0.4135	0.1424	10.4706	303.7929	0.5001	2.4001	6.0622	4
80	20	2	0.0750	1.1	11	50	0.3855	0.0689	10.4761	305.2235	0.4998	2.3760	6.0179	0	2
81	20	2	0.1125	1.1	11	50	0.3963	0.1072	10.4779	305.1021	0.5003	2.3234	5.9804	4
82	20	2	0.0938	1.1	11	50	0.3914	0.0882	10.4759	306.5681	0.4998	2.3053	5.9625	4	0
83	20	2	0.0844	1.1	11	50	0.3895	0.0780	10.4783	303.5207	0.4996	2.3326	6.0233	0	4
84	30	2	0.0000	1.1	11	50	0.5456	0.0177	10.3978	312.8661	0.5001	3.3250	6.5866	2
85	30	2	0.1500	1.1	11	50	0.6254	0.1426	10.4141	309.4437	0.4997	3.4079	6.7446	4
86	30	2	0.0750	1.1	11	50	0.5735	0.0707	10.4142	310.3631	0.5000	3.4397	6.7131	4	2
87	30	2	0.0375	1.1	11	50	0.5590	0.0380	10.4079	309.5822	0.5000	3.3941	6.5947	2
88	30	2	0.0562	1.1	11	50	0.5656	0.0529	10.4112	308.8148	0.5001	3.4494	6.6619	2
89	30	2	0.0656	1.1	11	50	0.5738	0.0629	10.4116	311.7831	0.5001	3.3746	6.6181	2	4
90	40	2	0.0000	1.1	11	50	0.7220	0.0223	10.3407	316.7994	0.4999	4.4609	7.3271	2
91	40	2	0.1500	1.1	11	50	0.8080	0.1461	10.3572	316.5501	0.4999	4.4169	7.4226	4
92	40	2	0.0750	1.1	11	50	0.7554	0.0710	10.3560	318.8714	0.5002	4.4365	7.3983	4
93	40	2	0.0375	1.1	11	50	0.7384	0.0395	10.3574	318.0797	0.5000	4.3822	7.3474	2
94	40	2	0.0562	1.1	11	50	0.7467	0.0534	10.3538	317.7545	0.4999	4.4027	7.3261	2	4
95	40	2	0.0656	1.1	11	50	0.7537	0.0640	10.3557	319.9081	0.4999	4.3821	7.2128	4	2
96	50	2	0.0000	1.1	11	50	0.8981	0.0286	10.2885	324.0322	0.4998	5.3758	8.0180	2
97	50	2	0.1500	1.1	11	50	1.0092	0.1460	10.3094	323.8600	0.5000	5.3658	8.1512	4
98	50	2	0.0750	1.1	11	50	0.9300	0.0709	10.3037	321.8669	0.4999	5.3826	7.9961	4
99	50	2	0.0375	1.1	11	50	0.9056	0.0376	10.2980	325.2112	0.5000	5.3889	8.0844	2
100	50	2	0.0562	1.1	11	50	0.9260	0.0554	10.3075	326.1057	0.5003	5.4024	7.9700	4	2
101	50	2	0.0469	1.1	11	50	0.9183	0.0441	10.3011	329.0712	0.4997	5.3213	8.0180	2	4
102	60	2	0.0000	1.1	11	50	1.0602	0.0287	10.2381	331.9340	0.4998	6.3181	8.6483	2
103	60	2	0.1500	1.1	11	50	1.1972	0.1476	10.2573	328.2558	0.5000	6.3765	8.8653	4
104	60	2	0.0750	1.1	11	50	1.1109	0.0699	10.2583	329.1873	0.4996	6.2728	8.6246	4
105	60	2	0.0375	1.1	11	50	1.0834	0.0379	10.2574	330.7397	0.4998	6.2130	8.5297	2
106	60	2	0.0562	1.1	11	50	1.0924	0.0543	10.2563	334.5031	0.5001	6.3294	8.5335	4	2
107	60	2	0.0469	1.1	11	50	1.0924	0.0458	10.2565	330.8040	0.4995	6.3001	8.6043	2	4
108	70	2	0.0000	1.1	11	50	1.2291	0.0280	10.1955	336.8988	0.5001	7.0946	9.1436	2
109	70	2	0.1500	1.1	11	50	1.3814	0.1490	10.2131	335.9442	0.4999	7.2139	9.3984	4
110	70	2	0.0750	1.1	11	50	1.2774	0.0697	10.2096	337.7327	0.5001	7.1145	9.2300	4
111	70	2	0.0375	1.1	11	50	1.2485	0.0371	10.2108	339.0569	0.5002	7.0670	9.2138	2	4
112	70	2	0.0562	1.1	11	50	1.2740	0.0563	10.2140	335.0614	0.5003	7.1063	9.0730	4
113	70	2	0.0469	1.1	11	50	1.2611	0.0457	10.2115	339.2068	0.5002	7.1598	9.0344	4	2
114	80	2	0.0000	1.1	11	50	1.3662	0.0299	10.1456	345.9801	0.5007	7.9507	9.6668	2
115	80	2	0.1500	1.1	11	50	1.5228	0.1492	10.1743	341.6116	0.5002	7.9924	9.8583	4
116	80	2	0.0750	1.1	11	50	1.4329	0.0710	10.1764	341.8085	0.4999	7.9745	9.6672	4
117	80	2	0.0375	1.1	11	50	1.3772	0.0372	10.1677	345.6059	0.5001	7.8719	9.6096	4	2
118	80	2	0.0187	1.1	11	50	1.3836	0.0295	10.1650	344.7107	0.4997	8.0395	9.6916	2
119	80	2	0.0281	1.1	11	50	1.3812	0.0348	10.1686	343.3432	0.5001	7.8443	9.6945	2	4
120	90	2	0.0000	1.1	11	50	1.5061	0.0302	10.1024	351.0507	0.4998	8.6488	10.0737	2
121	90	2	0.1500	1.1	11	50	1.6715	0.1528	10.1402	349.6634	0.5001	8.6744	10.3068	4
122	90	2	0.0750	1.1	11	50	1.5798	0.0709	10.1315	351.3522	0.5001	8.7703	10.2900	4
123	90	2	0.0375	1.1	11	50	1.5362	0.0390	10.1276	350.7071	0.4997	8.7583	10.2201	4
124	90	2	0.0187	1.1	11	50	1.5218	0.0368	10.1255	348.7916	0.4997	8.6595	10.1634	2
125	90	2	0.0281	1.1	11	50	1.5330	0.0342	10.1355	352.0687	0.5004	8.7171	10.2506	4	2
126	100	2	0.0000	1.1	11	50	1.6407	0.0338	10.0704	356.5923	0.4997	9.3489	10.6173	2
127	100	2	0.1500	1.1	11	50	1.8318	0.1571	10.1037	356.9328	0.4995	9.4517	10.8476	4
128	100	2	0.0750	1.1	11	50	1.7116	0.0714	10.0982	357.1793	0.4995	9.4651	10.7823	4
129	100	2	0.0375	1.1	11	50	1.6548	0.0389	10.0895	354.4503	0.5000	9.3711	10.6899	4
130	100	2	0.0187	1.1	11	50	1.6340	0.0324	10.0937	357.3291	0.4997	9.2465	10.5583	2	4
131	100	2	0.0281	1.1	11	50	1.6527	0.0341	10.0895	354.3760	0.4999	9.4675	10.6710	4	2
