0	0	2	0.0000	0	10	50	0.0000	0.0197	10.0000	692.7849	0.4982	0.0000	0.0000	0
1	25	2	0.0000	0	10	50	0.3698	0.0188	10.0000	693.8465	0.5002	0.0000	0.0000	1
2	12	2	0.0000	0	10	50	0.1828	0.0224	10.0000	706.4121	0.4993	0.0000	0.0000	0
3	18	2	0.0000	0	10	50	0.2603	0.0139	10.0000	707.8934	0.4997	0.0000	0.0000	0	1
4	21	2	0.0000	0	10	50	0.3011	0.0220	10.0000	690.1089	0.4989	0.0000	0.0000	1
5	19	2	0.0000	0	10	50	0.2735	0.0140	10.0000	687.3278	0.5010	0.0000	0.0000	0	1
6	0	2	0.0000	0.4	10	50	0.0000	0.0140	10.0000	620.4015	0.5008	0.0000	0.0000	0
7	25	2	0.0000	0.4	10	50	0.3647	0.0153	10.0000	612.1691	0.4994	0.0000	0.0000	1	2
8	12	2	0.0000	0.4	10	50	0.1827	0.0183	10.0000	620.7443	0.4992	0.0017	0.0017	0
9	18	2	0.0000	0.4	10	50	0.2597	0.0153	9.9997	603.5575	0.4988	0.0000	0.0000	0	2
10	21	2	0.0000	0.4	10	50	0.2979	0.0148	10.0000	605.8689	0.5004	0.0000	0.0000	2	1
11	19	2	0.0000	0.4	10	50	0.2844	0.0130	9.9999	637.9883	0.4985	0.0000	0.0000	0	2
12	0	2	0.0000	0.8	10	50	0.0000	0.0162	10.0000	452.4621	0.4992	0.0000	0.0000	0
13	25	2	0.0000	0.8	10	50	0.3540	0.0138	9.9950	470.9253	0.4990	0.0924	0.0924	2	1
14	12	2	0.0000	0.8	10	50	0.1811	0.0120	9.9967	467.5695	0.5005	0.0363	0.0363	0
15	18	2	0.0000	0.8	10	50	0.2778	0.0119	9.9951	478.2070	0.5003	0.0613	0.0613	0	1
16	21	2	0.0000	0.8	10	50	0.3113	0.0156	9.9946	473.0102	0.4993	0.0677	0.0677	1	2
17	19	2	0.0000	0.8	10	50	0.2759	0.0157	9.9953	494.7266	0.5004	0.0721	0.0721	2	0
18	0	2	0.0000	1.01	10	50	0.0000	0.0128	10.0000	301.8596	0.5004	0.0000	0.0000	0
19	25	2	0.0000	1.01	10	50	0.3703	0.0120	9.9121	332.5674	0.5004	1.2413	1.2413	2
20	12	2	0.0000	1.01	10	50	0.1892	0.0155	9.9577	312.8334	0.5013	0.6096	0.6096	0
21	18	2	0.0000	1.01	10	50	0.2767	0.0122	9.9328	318.1481	0.5000	0.9266	0.9266	0	2
22	21	2	0.0000	1.01	10	50	0.3146	0.0170	9.9204	320.4084	0.4988	1.1151	1.1151	2
23	19	2	0.0000	1.01	10	50	0.2849	0.0137	9.9296	321.3376	0.4997	1.0237	1.0237	2	0
24	0	2	0.0000	1.2	10	50	0.0000	0.0124	10.0000	209.8671	0.5000	0.0000	0.0000	0
25	25	2	0.0000	1.2	10	50	0.3975	0.0110	9.6694	222.7736	0.4995	5.6129	5.6129	2	0
26	12	2	0.0000	1.2	10	50	0.1938	0.0080	9.8372	222.3227	0.4997	2.8488	2.8488	0
27	18	2	0.0000	1.2	10	50	0.2976	0.0122	9.7520	218.6933	0.5007	4.4291	4.4291	0
28	21	2	0.0000	1.2	10	50	0.3427	0.0097	9.7251	219.9364	0.4993	5.0166	5.0166	0
29	23	2	0.0000	1.2	10	50	0.3779	0.0133	9.7092	219.2138	0.4992	5.2993	5.2993	2	0
30	22	2	0.0000	1.2	10	50	0.3576	0.0108	9.7074	231.5922	0.5006	5.0504	5.0504	0
31	0	2	0.0000	1.4	10	50	0.0000	0.0107	10.0000	169.4348	0.5012	0.0000	0.0000	0
32	25	2	0.0000	1.4	10	50	0.4133	0.0112	9.4642	180.4109	0.5009	13.6388	13.6388	0	2
33	37	2	0.0000	1.4	10	50	0.5819	0.0111	9.2762	182.7747	0.5005	20.0016	20.0016	2	0
34	31	2	0.0000	1.4	10	50	0.5071	0.0110	9.3565	178.2882	0.5005	16.7118	16.7118	2	0
35	28	2	0.0000	1.4	10	50	0.4556	0.0102	9.4170	180.0884	0.4996	15.5553	15.5553	0	2
36	29	2	0.0000	1.4	10	50	0.4744	0.0107	9.4121	181.2067	0.4995	15.4975	15.4975	0	2
37	0	2	0.0000	1.5	10	50	0.0000	0.0115	10.0000	163.0132	0.5003	0.0000	0.0000	0
38	25	2	0.0000	1.5	10	50	0.4177	0.0098	9.4146	169.6162	0.5003	18.5655	18.5655	0
39	37	2	0.0000	1.5	10	50	0.5983	0.0111	9.1844	174.4715	0.4997	26.5309	26.5309	0	2
40	43	2	0.0000	1.5	10	50	0.7047	0.0127	9.1072	174.2189	0.4999	30.1296	30.1296	2
41	40	2	0.0000	1.5	10	50	0.6568	0.0135	9.1330	172.6325	0.5002	27.8853	27.8853	2
42	38	2	0.0000	1.5	10	50	0.6229	0.0123	9.1658	174.5182	0.5000	27.0154	27.0154	0	2
43	0	2	0.0000	0	15	50	0.0000	0.0180	15.0000	737.7891	0.4999	0.0000	0.0000	0
44	25	2	0.0000	0	15	50	0.3587	0.0220	14.9994	709.2083	0.5017	0.0000	0.0000	1	2
45	12	2	0.0000	0	15	50	0.1766	0.0171	15.0000	706.6009	0.5010	0.0000	0.0000	0
46	18	2	0.0000	0	15	50	0.2637	0.0187	15.0000	710.5750	0.5005	0.0016	0.0016	0	1
47	21	2	0.0000	0	15	50	0.3004	0.0176	15.0000	721.9178	0.4987	0.0000	0.0000	1	0
48	19	2	0.0000	0	15	50	0.2920	0.0142	15.0000	690.9184	0.5009	0.0000	0.0000	0	1
49	0	2	0.0000	0.4	15	50	0.0000	0.0204	15.0000	624.5812	0.4999	0.0000	0.0000	0
50	25	2	0.0000	0.4	15	50	0.3479	0.0155	14.9999	642.2360	0.4998	0.0000	0.0000	1	2
51	12	2	0.0000	0.4	15	50	0.1770	0.0123	15.0000	644.1808	0.4986	0.0000	0.0000	0
52	18	2	0.0000	0.4	15	50	0.2686	0.0121	14.9999	624.0068	0.5014	0.0000	0.0000	0
53	21	2	0.0000	0.4	15	50	0.3261	0.0177	15.0000	626.2881	0.5015	0.0000	0.0000	0	1
54	23	2	0.0000	0.4	15	50	0.3525	0.0176	15.0000	615.3083	0.4992	0.0017	0.0017	2	1
55	22	2	0.0000	0.4	15	50	0.3274	0.0132	15.0000	616.3646	0.5020	0.0000	0.0000	0	1
56	0	2	0.0000	0.8	15	50	0.0000	0.0175	15.0000	453.5275	0.4988	0.0000	0.0000	0
57	25	2	0.0000	0.8	15	50	0.3547	0.0160	14.9719	468.7722	0.5004	0.0663	0.0663	2
58	12	2	0.0000	0.8	15	50	0.1720	0.0126	14.9857	462.8110	0.4990	0.0437	0.0437	0
59	18	2	0.0000	0.8	15	50	0.2561	0.0114	14.9828	467.8608	0.4998	0.0686	0.0686	0
60	21	2	0.0000	0.8	15	50	0.3061	0.0144	14.9836	481.7920	0.5004	0.0792	0.0792	0
61	23	2	0.0000	0.8	15	50	0.3343	0.0143	14.9821	463.4057	0.4998	0.0683	0.0683	2	1
62	22	2	0.0000	0.8	15	50	0.3164	0.0166	14.9771	477.4637	0.4994	0.0780	0.0780	2	1
63	0	2	0.0000	1.01	15	50	0.0000	0.0103	15.0000	309.2684	0.5009	0.0000	0.0000	0
64	25	2	0.0000	1.01	15	50	0.3917	0.0109	14.6948	325.2470	0.5002	1.2026	1.2026	2
65	12	2	0.0000	1.01	15	50	0.1894	0.0130	14.8371	322.4048	0.4980	0.6667	0.6667	0
66	18	2	0.0000	1.01	15	50	0.2808	0.0149	14.7603	321.6353	0.4998	0.9238	0.9238	0
67	21	2	0.0000	1.01	15	50	0.3355	0.0128	14.7411	325.5809	0.5001	1.0473	1.0473	2	0
68	19	2	0.0000	1.01	15	50	0.2975	0.0115	14.7535	311.6963	0.4996	0.9729	0.9729	0
69	0	2	0.0000	1.2	15	50	0.0000	0.0122	15.0000	212.2518	0.5002	0.0000	0.0000	0
70	25	2	0.0000	1.2	15	50	0.4287	0.0115	14.0905	221.9739	0.5006	5.8269	5.8269	0
71	37	2	0.0000	1.2	15	50	0.6016	0.0143	13.7767	228.4001	0.5006	8.2727	8.2727	2
72	31	2	0.0000	1.2	15	50	0.5239	0.0116	13.9439	229.1753	0.4993	7.0488	7.0488	2	0
73	28	2	0.0000	1.2	15	50	0.4597	0.0123	14.0140	215.9406	0.5003	6.4910	6.4910	2	0
74	26	2	0.0000	1.2	15	50	0.4160	0.0111	14.0551	218.4959	0.4988	6.0864	6.0864	0
75	0	2	0.0000	1.4	15	50	0.0000	0.0115	15.0000	168.2696	0.4998	0.0000	0.0000	0
76	25	2	0.0000	1.4	15	50	0.4284	0.0103	13.7599	174.3727	0.5000	13.5097	13.5097	0
77	37	2	0.0000	1.4	15	50	0.6107	0.0125	13.3118	180.2899	0.4999	19.1616	19.1616	2	0
78	31	2	0.0000	1.4	15	50	0.5275	0.0119	13.5156	178.1221	0.5002	16.2475	16.2475	0
79	34	2	0.0000	1.4	15	50	0.5727	0.0105	13.4038	184.2436	0.4996	17.7761	17.7761	0	2
80	35	2	0.0000	1.4	15	50	0.5887	0.0128	13.3621	186.3674	0.5002	18.6575	18.6575	0	2
81	0	2	0.0000	1.5	15	50	0.0000	0.0114	15.0000	161.1710	0.4992	0.0000	0.0000	0
82	25	2	0.0000	1.5	15	50	0.4306	0.0108	13.6543	166.2476	0.4992	17.5950	17.5950	0
83	37	2	0.0000	1.5	15	50	0.6176	0.0127	13.1782	167.0114	0.4993	25.0851	25.0851	0	2
84	43	2	0.0000	1.5	15	50	0.6900	0.0142	12.9958	167.5737	0.4994	28.6976	28.6976	2	0
85	40	2	0.0000	1.5	15	50	0.6642	0.0119	13.0718	167.7243	0.5002	26.9973	26.9973	2	0
86	38	2	0.0000	1.5	15	50	0.6233	0.0127	13.1916	170.3453	0.4998	25.7501	25.7501	0	2
87	0	2	0.0000	0	20	50	0.0000	0.0199	20.0000	739.1343	0.5003	0.0000	0.0000	0
88	25	2	0.0000	0	20	50	0.3369	0.0234	20.0000	695.7896	0.4991	0.0000	0.0000	1	2
89	12	2	0.0000	0	20	50	0.1890	0.0183	20.0000	696.7634	0.4997	0.0000	0.0000	0
90	18	2	0.0000	0	20	50	0.2677	0.0189	19.9992	707.9902	0.5012	0.0000	0.0000	0
91	21	2	0.0000	0	20	50	0.3243	0.0163	20.0000	703.8396	0.4996	0.0000	0.0000	1	0
92	19	2	0.0000	0	20	50	0.2807	0.0185	20.0000	708.8140	0.5015	0.0000	0.0000	0	1
93	0	2	0.0000	0.4	20	50	0.0000	0.0193	20.0000	637.1156	0.4997	0.0000	0.0000	0
94	25	2	0.0000	0.4	20	50	0.3524	0.0185	19.9970	613.9007	0.4995	0.0000	0.0000	1	0
95	12	2	0.0000	0.4	20	50	0.1720	0.0142	20.0000	635.4652	0.4981	0.0000	0.0000	0
96	18	2	0.0000	0.4	20	50	0.2669	0.0191	20.0000	637.1531	0.5004	0.0000	0.0000	0
97	21	2	0.0000	0.4	20	50	0.3139	0.0152	20.0000	630.7274	0.5006	0.0000	0.0000	0	1
98	23	2	0.0000	0.4	20	50	0.3245	0.0200	20.0000	635.0436	0.5004	0.0017	0.0017	0	1
99	24	2	0.0000	0.4	20	50	0.3586	0.0191	19.9988	621.8550	0.4992	0.0017	0.0017	0	1
100	0	2	0.0000	0.8	20	50	0.0000	0.0134	20.0000	470.8543	0.5003	0.0000	0.0000	0
101	25	2	0.0000	0.8	20	50	0.3609	0.0185	19.9462	488.9746	0.5020	0.0876	0.0876	2	0
102	12	2	0.0000	0.8	20	50	0.1810	0.0150	19.9616	458.2921	0.5004	0.0419	0.0419	0
103	18	2	0.0000	0.8	20	50	0.2825	0.0130	19.9633	480.0424	0.4999	0.0736	0.0736	0
104	21	2	0.0000	0.8	20	50	0.3074	0.0119	19.9626	473.0687	0.5012	0.0678	0.0678	0
105	23	2	0.0000	0.8	20	50	0.3333	0.0185	19.9457	464.9161	0.5009	0.0677	0.0677	0	2
106	24	2	0.0000	0.8	20	50	0.3648	0.0123	19.9474	459.7457	0.5012	0.1001	0.1001	1	2
107	0	2	0.0000	1.01	20	50	0.0000	0.0111	20.0000	302.0561	0.4993	0.0000	0.0000	0
108	25	2	0.0000	1.01	20	50	0.4099	0.0155	19.2363	314.3747	0.5005	1.2617	1.2617	2
109	12	2	0.0000	1.01	20	50	0.2069	0.0119	19.6217	310.1144	0.5006	0.6544	0.6544	0
110	18	2	0.0000	1.01	20	50	0.2970	0.0134	19.4537	314.1952	0.5005	0.9050	0.9050	0
111	21	2	0.0000	1.01	20	50	0.3496	0.0119	19.3735	314.2707	0.4999	1.1136	1.1136	0	2
112	23	2	0.0000	1.01	20	50	0.3718	0.0106	19.3601	312.2867	0.5002	1.2225	1.2225	2
113	22	2	0.0000	1.01	20	50	0.3610	0.0142	19.3300	314.2733	0.4995	1.0942	1.0942	0
114	0	2	0.0000	1.2	20	50	0.0000	0.0144	20.0000	209.9384	0.5002	0.0000	0.0000	0
115	25	2	0.0000	1.2	20	50	0.4284	0.0098	18.2533	216.6172	0.4996	5.8951	5.8951	0
116	37	2	0.0000	1.2	20	50	0.6196	0.0148	17.7097	217.8609	0.4991	8.4552	8.4552	2
117	31	2	0.0000	1.2	20	50	0.5157	0.0124	18.0273	217.4975	0.4995	6.9863	6.9863	2	0
118	28	2	0.0000	1.2	20	50	0.4852	0.0111	18.1169	215.9246	0.5004	6.4312	6.4312	0
119	29	2	0.0000	1.2	20	50	0.4960	0.0107	18.0883	215.9229	0.4987	6.4669	6.4669	0	2
120	0	2	0.0000	1.4	20	50	0.0000	0.0096	20.0000	165.5751	0.5004	0.0000	0.0000	0
121	25	2	0.0000	1.4	20	50	0.4591	0.0126	17.8636	175.1976	0.4996	13.1183	13.1183	0
122	37	2	0.0000	1.4	20	50	0.6348	0.0113	17.1725	178.4892	0.5000	18.8266	18.8266	2	0
123	31	2	0.0000	1.4	20	50	0.5250	0.0111	17.4601	173.9782	0.5000	16.1940	16.1940	0
124	34	2	0.0000	1.4	20	50	0.5733	0.0105	17.3319	176.7541	0.5003	17.3846	17.3846	0	2
125	35	2	0.0000	1.4	20	50	0.5950	0.0116	17.2546	180.1519	0.4997	17.7477	17.7477	0
126	0	2	0.0000	1.5	20	50	0.0000	0.0133	20.0000	161.1110	0.4999	0.0000	0.0000	0
127	25	2	0.0000	1.5	20	50	0.4433	0.0110	17.7685	162.6720	0.4997	17.2789	17.2789	0
128	37	2	0.0000	1.5	20	50	0.6279	0.0111	17.0862	164.6939	0.4996	24.3948	24.3948	0	2
129	43	2	0.0000	1.5	20	50	0.7118	0.0155	16.7160	164.6394	0.5001	28.4908	28.4908	2	0
130	40	2	0.0000	1.5	20	50	0.6709	0.0133	16.9297	165.5628	0.5000	26.5848	26.5848	0	2
131	41	2	0.0000	1.5	20	50	0.6754	0.0131	16.8402	168.2507	0.5005	26.5780	26.5780	2	0
132	0	2	0.0000	0	25	50	0.0000	0.0234	25.0000	717.3818	0.5013	0.0000	0.0000	0
133	25	2	0.0000	0	25	50	0.3582	0.0268	25.0000	711.5926	0.5006	0.0000	0.0000	1
134	12	2	0.0000	0	25	50	0.1615	0.0140	25.0000	724.0041	0.4991	0.0000	0.0000	0
135	18	2	0.0000	0	25	50	0.2770	0.0196	25.0000	702.3787	0.5004	0.0000	0.0000	0
136	21	2	0.0000	0	25	50	0.3028	0.0233	24.9976	684.0059	0.5007	0.0000	0.0000	1	0
137	19	2	0.0000	0	25	50	0.3052	0.0222	25.0000	688.3749	0.4997	0.0000	0.0000	0	1
138	0	2	0.0000	0.4	25	50	0.0000	0.0229	25.0000	625.3249	0.5013	0.0000	0.0000	0
139	25	2	0.0000	0.4	25	50	0.3717	0.0197	24.9981	620.1972	0.4984	0.0017	0.0017	1	0
140	12	2	0.0000	0.4	25	50	0.1664	0.0142	25.0000	624.5174	0.4991	0.0000	0.0000	0
141	18	2	0.0000	0.4	25	50	0.2617	0.0188	24.9993	625.5118	0.4997	0.0000	0.0000	0
142	21	2	0.0000	0.4	25	50	0.3017	0.0147	25.0000	624.2737	0.5004	0.0000	0.0000	0	2
143	23	2	0.0000	0.4	25	50	0.3242	0.0186	25.0000	609.4968	0.4999	0.0035	0.0035	2	0
144	22	2	0.0000	0.4	25	50	0.3340	0.0182	25.0000	625.9962	0.5001	0.0000	0.0000	0	2
145	0	2	0.0000	0.8	25	50	0.0000	0.0123	25.0000	448.3960	0.5013	0.0000	0.0000	0
146	25	2	0.0000	0.8	25	50	0.3450	0.0130	24.8840	463.3706	0.4986	0.0701	0.0701	2	0
147	12	2	0.0000	0.8	25	50	0.1724	0.0180	24.9307	466.9690	0.4991	0.0414	0.0414	0
148	18	2	0.0000	0.8	25	50	0.2689	0.0148	24.9394	472.0985	0.5002	0.0647	0.0647	0
149	21	2	0.0000	0.8	25	50	0.3163	0.0151	24.9189	472.0491	0.5000	0.0705	0.0705	0	2
150	23	2	0.0000	0.8	25	50	0.3476	0.0141	24.8698	468.6621	0.5008	0.0877	0.0877	2	0
151	22	2	0.0000	0.8	25	50	0.3176	0.0157	24.9149	461.3808	0.5014	0.0754	0.0754	0	2
152	0	2	0.0000	1.01	25	50	0.0000	0.0167	25.0000	306.2359	0.4999	0.0000	0.0000	0
153	25	2	0.0000	1.01	25	50	0.4006	0.0143	23.6914	306.1198	0.4993	1.3172	1.3172	0	2
154	37	2	0.0000	1.01	25	50	0.5814	0.0199	23.2657	320.3533	0.5000	1.7357	1.7357	2
155	31	2	0.0000	1.01	25	50	0.5087	0.0137	23.4696	321.2922	0.5000	1.5906	1.5906	2
156	28	2	0.0000	1.01	25	50	0.4542	0.0165	23.5523	319.7030	0.5015	1.3834	1.3834	2	0
157	26	2	0.0000	1.01	25	50	0.4315	0.0143	23.7194	318.5545	0.5012	1.2524	1.2524	2	0
158	0	2	0.0000	1.2	25	50	0.0000	0.0132	25.0000	206.5224	0.4996	0.0000	0.0000	0
159	25	2	0.0000	1.2	25	50	0.4526	0.0114	22.2428	216.5376	0.4995	5.7703	5.7703	0
160	37	2	0.0000	1.2	25	50	0.6193	0.0146	21.5566	215.0625	0.5010	7.8528	7.8528	2	0
161	31	2	0.0000	1.2	25	50	0.5382	0.0160	21.9194	211.8809	0.4998	6.7286	6.7286	0	2
162	34	2	0.0000	1.2	25	50	0.5836	0.0133	21.7110	214.3973	0.5011	7.4566	7.4566	0	2
163	35	2	0.0000	1.2	25	50	0.6185	0.0139	21.5779	214.6674	0.5001	7.5175	7.5175	2	0
164	0	2	0.0000	1.4	25	50	0.0000	0.0114	25.0000	167.2703	0.4985	0.0000	0.0000	0
165	25	2	0.0000	1.4	25	50	0.4573	0.0097	21.8350	173.1929	0.4998	13.2781	13.2781	0
166	37	2	0.0000	1.4	25	50	0.6261	0.0125	20.9133	180.2553	0.5008	18.6821	18.6821	2	0
167	31	2	0.0000	1.4	25	50	0.5472	0.0104	21.3389	174.0134	0.4997	15.9005	15.9005	0
168	34	2	0.0000	1.4	25	50	0.5963	0.0133	21.1628	173.5971	0.5004	17.3571	17.3571	0	2
169	35	2	0.0000	1.4	25	50	0.6041	0.0113	21.0520	177.6341	0.4992	17.8994	17.8994	0
170	0	2	0.0000	1.5	25	50	0.0000	0.0100	25.0000	161.8045	0.5000	0.0000	0.0000	0
171	25	2	0.0000	1.5	25	50	0.4471	0.0100	21.8176	163.6316	0.4997	17.2480	17.2480	0
172	37	2	0.0000	1.5	25	50	0.6218	0.0114	20.9305	164.1338	0.5001	23.9341	23.9341	0	2
173	43	2	0.0000	1.5	25	50	0.7146	0.0141	20.5189	165.6003	0.5012	27.3505	27.3505	2
174	40	2	0.0000	1.5	25	50	0.6664	0.0119	20.6581	163.7724	0.5006	25.5258	25.5258	0	2
175	41	2	0.0000	1.5	25	50	0.6951	0.0129	20.6457	165.0582	0.4992	25.7584	25.7584	2
176	0	2	0.0000	0	10	70	0.0000	0.0254	10.0000	696.2904	0.6981	0.0000	0.0000	0
177	25	2	0.0000	0	10	70	0.3588	0.0150	10.0000	694.9650	0.6999	0.0000	0.0000	1
178	12	2	0.0000	0	10	70	0.1848	0.0170	9.9998	702.1903	0.6999	0.0016	0.0016	0
179	18	2	0.0000	0	10	70	0.2570	0.0174	10.0000	702.9763	0.7003	0.0000	0.0000	1
180	15	2	0.0000	0	10	70	0.2210	0.0165	10.0000	681.1674	0.7005	0.0000	0.0000	0	1
181	16	2	0.0000	0	10	70	0.2307	0.0214	10.0000	676.9583	0.7001	0.0000	0.0000	1	0
182	0	2	0.0000	0.4	10	70	0.0000	0.0142	10.0000	607.9728	0.6990	0.0000	0.0000	0
183	25	2	0.0000	0.4	10	70	0.3648	0.0184	10.0000	602.6484	0.6991	0.0000	0.0000	1
184	12	2	0.0000	0.4	10	70	0.1754	0.0129	10.0000	592.0985	0.7009	0.0000	0.0000	0	1
185	18	2	0.0000	0.4	10	70	0.2639	0.0119	10.0000	609.6576	0.6996	0.0000	0.0000	1	0
186	15	2	0.0000	0.4	10	70	0.2236	0.0102	10.0000	605.6588	0.6982	0.0016	0.0016	0	1
187	16	2	0.0000	0.4	10	70	0.2342	0.0147	10.0000	611.7769	0.6976	0.0016	0.0016	0	1
188	0	2	0.0000	0.8	10	70	0.0000	0.0189	10.0000	449.8382	0.7000	0.0000	0.0000	0
189	25	2	0.0000	0.8	10	70	0.3684	0.0114	9.9947	471.8917	0.7015	0.0692	0.0692	1	2
190	12	2	0.0000	0.8	10	70	0.1799	0.0131	9.9976	463.3655	0.6993	0.0415	0.0415	0
191	18	2	0.0000	0.8	10	70	0.2590	0.0145	9.9971	460.0208	0.6993	0.0713	0.0713	0	1
192	21	2	0.0000	0.8	10	70	0.3060	0.0114	9.9974	465.2684	0.7004	0.0736	0.0736	1	0
193	19	2	0.0000	0.8	10	70	0.2807	0.0145	9.9962	470.7417	0.6981	0.0758	0.0758	0	1
194	0	2	0.0000	1.01	10	70	0.0000	0.0131	10.0000	316.5218	0.6998	0.0000	0.0000	0
195	25	2	0.0000	1.01	10	70	0.3719	0.0119	9.9433	320.0774	0.6998	1.2453	1.2453	2
196	12	2	0.0000	1.01	10	70	0.1864	0.0131	9.9701	319.9629	0.7008	0.6183	0.6183	0
197	18	2	0.0000	1.01	10	70	0.2789	0.0171	9.9550	316.9599	0.6994	0.8980	0.8980	0	2
198	21	2	0.0000	1.01	10	70	0.3150	0.0159	9.9477	318.6710	0.7001	0.9654	0.9654	2	1
199	19	2	0.0000	1.01	10	70	0.2837	0.0119	9.9481	320.6395	0.6993	1.0032	1.0032	2
200	0	2	0.0000	1.2	10	70	0.0000	0.0130	10.0000	207.8025	0.6993	0.0000	0.0000	0
201	25	2	0.0000	1.2	10	70	0.3944	0.0121	9.7606	224.7289	0.6995	5.8287	5.8287	2
202	12	2	0.0000	1.2	10	70	0.1901	0.0112	9.8806	215.6335	0.6997	2.7847	2.7847	0
203	18	2	0.0000	1.2	10	70	0.2834	0.0100	9.8290	216.5484	0.6999	4.1900	4.1900	0	2
204	21	2	0.0000	1.2	10	70	0.3362	0.0096	9.8005	224.8835	0.7011	4.8434	4.8434	0	2
205	23	2	0.0000	1.2	10	70	0.3686	0.0117	9.7824	219.3771	0.7000	5.3230	5.3230	2
206	22	2	0.0000	1.2	10	70	0.3441	0.0117	9.7954	226.1392	0.6999	5.1066	5.1066	0	2
207	0	2	0.0000	1.4	10	70	0.0000	0.0118	10.0000	173.4904	0.6996	0.0000	0.0000	0
208	25	2	0.0000	1.4	10	70	0.4084	0.0107	9.5827	182.4085	0.6996	13.9569	13.9569	0	2
209	37	2	0.0000	1.4	10	70	0.5852	0.0108	9.4192	182.2602	0.7002	20.1254	20.1254	2
210	31	2	0.0000	1.4	10	70	0.4954	0.0106	9.5088	181.0402	0.7006	17.3016	17.3016	2
211	28	2	0.0000	1.4	10	70	0.4458	0.0097	9.5371	180.5204	0.7005	15.6523	15.6523	0	2
212	29	2	0.0000	1.4	10	70	0.4629	0.0088	9.5250	178.6713	0.7005	15.9699	15.9699	2	0
213	0	2	0.0000	1.5	10	70	0.0000	0.0114	10.0000	159.2548	0.6994	0.0000	0.0000	0
214	25	2	0.0000	1.5	10	70	0.4138	0.0082	9.5034	166.9246	0.7012	19.0353	19.0353	0
215	37	2	0.0000	1.5	10	70	0.5871	0.0109	9.3344	177.4145	0.6996	26.4670	26.4670	2
216	31	2	0.0000	1.5	10	70	0.4980	0.0103	9.4289	170.5765	0.6994	22.1402	22.1402	0	2
217	34	2	0.0000	1.5	10	70	0.5474	0.0116	9.3827	168.2071	0.6998	24.3684	24.3684	2
218	32	2	0.0000	1.5	10	70	0.5189	0.0100	9.4109	170.9972	0.7011	23.1792	23.1792	0	2
219	0	2	0.0000	0	15	70	0.0000	0.0115	15.0000	708.7735	0.7004	0.0000	0.0000	0
220	25	2	0.0000	0	15	70	0.3823	0.0183	15.0000	701.8168	0.7010	0.0000	0.0000	1
221	12	2	0.0000	0	15	70	0.1837	0.0143	15.0000	710.6427	0.6995	0.0000	0.0000	0
222	18	2	0.0000	0	15	70	0.2742	0.0174	14.9997	675.4634	0.7015	0.0000	0.0000	1	0
223	15	2	0.0000	0	15	70	0.2283	0.0146	15.0000	682.0697	0.6979	0.0000	0.0000	0	1
224	16	2	0.0000	0	15	70	0.2313	0.0144	15.0000	690.6730	0.6987	0.0000	0.0000	0	1
225	0	2	0.0000	0.4	15	70	0.0000	0.0202	15.0000	597.2063	0.7002	0.0000	0.0000	0
226	25	2	0.0000	0.4	15	70	0.3664	0.0187	15.0000	615.3732	0.6997	0.0000	0.0000	1
227	12	2	0.0000	0.4	15	70	0.1812	0.0170	15.0000	600.4584	0.7012	0.0000	0.0000	0
228	18	2	0.0000	0.4	15	70	0.2681	0.0124	15.0000	625.9250	0.7005	0.0033	0.0033	0	1
229	21	2	0.0000	0.4	15	70	0.3182	0.0154	15.0000	613.2663	0.6995	0.0000	0.0000	1	2
230	19	2	0.0000	0.4	15	70	0.2775	0.0156	15.0000	612.0784	0.7009	0.0000	0.0000	1	0
231	0	2	0.0000	0.8	15	70	0.0000	0.0129	15.0000	456.3300	0.6986	0.0000	0.0000	0
232	25	2	0.0000	0.8	15	70	0.3448	0.0201	14.9858	479.6138	0.6989	0.0508	0.0508	1	2
233	12	2	0.0000	0.8	15	70	0.1742	0.0111	14.9913	471.1852	0.6996	0.0617	0.0617	0
234	18	2	0.0000	0.8	15	70	0.2600	0.0119	14.9903	476.7041	0.6992	0.0782	0.0782	1	0
235	15	2	0.0000	0.8	15	70	0.2298	0.0166	14.9881	464.3578	0.7014	0.0530	0.0530	0	1
236	16	2	0.0000	0.8	15	70	0.2338	0.0129	14.9841	454.9565	0.6993	0.0626	0.0626	0	1
237	0	2	0.0000	1.01	15	70	0.0000	0.0127	15.0000	306.8638	0.6993	0.0000	0.0000	0
238	25	2	0.0000	1.01	15	70	0.3851	0.0132	14.7760	318.1141	0.7005	1.1408	1.1408	2	1
239	12	2	0.0000	1.01	15	70	0.1886	0.0116	14.8870	303.5860	0.7014	0.6416	0.6416	0
240	18	2	0.0000	1.01	15	70	0.2854	0.0104	14.8506	315.7260	0.6994	0.9629	0.9629	0	2
241	21	2	0.0000	1.01	15	70	0.3183	0.0173	14.8074	315.6753	0.6979	1.0729	1.0729	2	0
242	19	2	0.0000	1.01	15	70	0.2990	0.0108	14.8291	317.1568	0.6998	0.9154	0.9154	2	1
243	0	2	0.0000	1.2	15	70	0.0000	0.0107	15.0000	211.1779	0.7003	0.0000	0.0000	0
244	25	2	0.0000	1.2	15	70	0.4163	0.0120	14.2902	220.0818	0.7001	5.6626	5.6626	0	2
245	37	2	0.0000	1.2	15	70	0.5788	0.0119	14.0652	227.0426	0.6993	8.1608	8.1608	2
246	31	2	0.0000	1.2	15	70	0.5069	0.0127	14.1473	221.8925	0.7001	7.0869	7.0869	2
247	28	2	0.0000	1.2	15	70	0.4663	0.0099	14.2364	226.6027	0.7009	6.5015	6.5015	2	0
248	26	2	0.0000	1.2	15	70	0.4391	0.0120	14.2791	217.1219	0.6995	5.9120	5.9120	2	0
249	0	2	0.0000	1.4	15	70	0.0000	0.0107	15.0000	166.7959	0.7003	0.0000	0.0000	0
250	25	2	0.0000	1.4	15	70	0.4326	0.0120	13.8998	176.6977	0.7010	13.8006	13.8006	0
251	37	2	0.0000	1.4	15	70	0.5993	0.0107	13.5397	179.4522	0.6997	19.4488	19.4488	0	2
252	43	2	0.0000	1.4	15	70	0.7137	0.0137	13.3676	178.4911	0.7005	22.2929	22.2929	2
253	40	2	0.0000	1.4	15	70	0.6466	0.0134	13.4607	185.0418	0.7002	20.9942	20.9942	2
254	38	2	0.0000	1.4	15	70	0.6265	0.0134	13.4836	179.8223	0.6998	20.0684	20.0684	2	0
255	0	2	0.0000	1.5	15	70	0.0000	0.0098	15.0000	162.9751	0.7005	0.0000	0.0000	0
256	25	2	0.0000	1.5	15	70	0.4336	0.0104	13.7972	173.3810	0.6999	17.6973	17.6973	0
257	37	2	0.0000	1.5	15	70	0.5979	0.0101	13.3940	172.0418	0.7002	25.4369	25.4369	0	2
258	43	2	0.0000	1.5	15	70	0.6880	0.0127	13.2308	171.4632	0.6996	29.3357	29.3357	2
259	40	2	0.0000	1.5	15	70	0.6717	0.0114	13.3241	171.4925	0.7007	27.4249	27.4249	2	0
260	38	2	0.0000	1.5	15	70	0.6275	0.0140	13.3576	167.7860	0.7008	26.1913	26.1913	2	0
261	0	2	0.0000	0	20	70	0.0000	0.0195	20.0000	713.1914	0.7022	0.0000	0.0000	0
262	25	2	0.0000	0	20	70	0.3702	0.0173	20.0000	692.7381	0.7005	0.0000	0.0000	1
263	12	2	0.0000	0	20	70	0.1858	0.0153	20.0000	700.7451	0.7007	0.0015	0.0015	0
264	18	2	0.0000	0	20	70	0.2827	0.0147	20.0000	682.3157	0.6988	0.0000	0.0000	1	0
265	15	2	0.0000	0	20	70	0.2163	0.0167	20.0000	714.0627	0.6979	0.0000	0.0000	0	1
266	16	2	0.0000	0	20	70	0.2235	0.0202	19.9977	696.8050	0.7012	0.0000	0.0000	0	1
267	0	2	0.0000	0.4	20	70	0.0000	0.0184	20.0000	601.1996	0.6996	0.0000	0.0000	0
268	25	2	0.0000	0.4	20	70	0.3488	0.0158	20.0000	610.2361	0.7010	0.0000	0.0000	1	2
269	12	2	0.0000	0.4	20	70	0.1733	0.0164	20.0000	598.6440	0.6991	0.0000	0.0000	0
270	18	2	0.0000	0.4	20	70	0.2463	0.0158	20.0000	605.3900	0.6990	0.0000	0.0000	0	1
271	21	2	0.0000	0.4	20	70	0.2995	0.0174	19.9989	607.4620	0.6973	0.0000	0.0000	1	2
272	19	2	0.0000	0.4	20	70	0.2695	0.0214	20.0000	595.9646	0.7005	0.0000	0.0000	1	2
273	0	2	0.0000	0.8	20	70	0.0000	0.0120	20.0000	455.2781	0.6995	0.0000	0.0000	0
274	25	2	0.0000	0.8	20	70	0.3642	0.0143	19.9572	460.8810	0.7016	0.0646	0.0646	2	1
275	12	2	0.0000	0.8	20	70	0.1781	0.0113	19.9794	462.0505	0.6993	0.0382	0.0382	0
276	18	2	0.0000	0.8	20	70	0.2582	0.0159	19.9714	458.2010	0.6998	0.0639	0.0639	0	2
277	21	2	0.0000	0.8	20	70	0.3299	0.0228	19.9719	459.3728	0.7010	0.0748	0.0748	2	0
278	19	2	0.0000	0.8	20	70	0.2792	0.0186	19.9730	481.1443	0.6998	0.0451	0.0451	0	2
279	0	2	0.0000	1.01	20	70	0.0000	0.0160	20.0000	306.0856	0.7012	0.0000	0.0000	0
280	25	2	0.0000	1.01	20	70	0.3885	0.0127	19.4802	309.3659	0.6994	1.2932	1.2932	2	0
281	12	2	0.0000	1.01	20	70	0.1953	0.0142	19.7418	314.6970	0.7001	0.6472	0.6472	0
282	18	2	0.0000	1.01	20	70	0.2976	0.0120	19.5980	311.6925	0.7009	0.9662	0.9662	0	2
283	21	2	0.0000	1.01	20	70	0.3358	0.0107	19.5599	318.2023	0.7011	1.0969	1.0969	2	0
284	19	2	0.0000	1.01	20	70	0.2978	0.0137	19.5801	321.4379	0.6998	0.9818	0.9818	0
285	0	2	0.0000	1.2	20	70	0.0000	0.0095	20.0000	210.0802	0.7007	0.0000	0.0000	0
286	25	2	0.0000	1.2	20	70	0.4387	0.0111	18.5674	222.0150	0.7012	5.7774	5.7774	0
287	37	2	0.0000	1.2	20	70	0.5972	0.0136	18.1611	220.5265	0.6995	8.1464	8.1464	2
288	31	2	0.0000	1.2	20	70	0.5238	0.0121	18.3571	219.7918	0.6999	7.0826	7.0826	0	2
289	34	2	0.0000	1.2	20	70	0.5648	0.0134	18.2130	218.1333	0.6999	7.7975	7.7975	2
290	32	2	0.0000	1.2	20	70	0.5356	0.0123	18.3126	214.6701	0.7001	7.3431	7.3431	0	2
291	0	2	0.0000	1.4	20	70	0.0000	0.0124	20.0000	167.0115	0.7001	0.0000	0.0000	0
292	25	2	0.0000	1.4	20	70	0.4491	0.0105	18.0321	173.8448	0.6998	13.1956	13.1956	0
293	37	2	0.0000	1.4	20	70	0.6376	0.0117	17.3447	178.2958	0.7011	19.2880	19.2880	0	2
294	43	2	0.0000	1.4	20	70	0.7042	0.0143	17.1255	177.9658	0.6993	21.9584	21.9584	2
295	40	2	0.0000	1.4	20	70	0.6589	0.0130	17.2925	178.1907	0.6993	20.2275	20.2275	2	0
296	38	2	0.0000	1.4	20	70	0.6291	0.0133	17.3382	179.7844	0.6999	19.4647	19.4647	0	2
297	0	2	0.0000	1.5	20	70	0.0000	0.0119	20.0000	157.8074	0.6997	0.0000	0.0000	0
298	25	2	0.0000	1.5	20	70	0.4415	0.0103	17.8776	164.1652	0.7008	18.0149	18.0149	0
299	37	2	0.0000	1.5	20	70	0.6471	0.0114	17.2084	166.2143	0.7005	24.6594	24.6594	0	2
300	43	2	0.0000	1.5	20	70	0.7018	0.0128	16.9662	168.4998	0.7007	28.6798	28.6798	2	0
301	40	2	0.0000	1.5	20	70	0.6571	0.0126	17.1122	171.0966	0.6991	26.6837	26.6837	0	2
302	41	2	0.0000	1.5	20	70	0.6892	0.0134	17.0072	166.8972	0.7009	27.1289	27.1289	2	0
303	0	2	0.0000	0	25	70	0.0000	0.0173	25.0000	710.7421	0.7005	0.0000	0.0000	0
304	25	2	0.0000	0	25	70	0.3655	0.0219	25.0000	696.6590	0.6981	0.0016	0.0016	1
305	12	2	0.0000	0	25	70	0.1839	0.0130	25.0000	703.3592	0.7006	0.0000	0.0000	0
306	18	2	0.0000	0	25	70	0.2580	0.0183	25.0000	673.4033	0.6995	0.0000	0.0000	0	1
307	21	2	0.0000	0	25	70	0.3001	0.0220	24.9988	682.7071	0.7011	0.0000	0.0000	1
308	19	2	0.0000	0	25	70	0.2859	0.0190	25.0000	699.5250	0.7012	0.0000	0.0000	1	0
309	0	2	0.0000	0.4	25	70	0.0000	0.0166	25.0000	594.7964	0.7006	0.0000	0.0000	0
310	25	2	0.0000	0.4	25	70	0.3600	0.0182	25.0000	628.5313	0.7007	0.0034	0.0034	1
311	12	2	0.0000	0.4	25	70	0.1653	0.0141	25.0000	603.7322	0.7012	0.0000	0.0000	0
312	18	2	0.0000	0.4	25	70	0.2453	0.0220	24.9997	618.7380	0.7009	0.0000	0.0000	0
313	21	2	0.0000	0.4	25	70	0.3066	0.0144	25.0000	621.7274	0.6995	0.0000	0.0000	1	2
314	19	2	0.0000	0.4	25	70	0.2832	0.0171	25.0000	620.4498	0.7011	0.0000	0.0000	1	0
315	0	2	0.0000	0.8	25	70	0.0000	0.0125	25.0000	450.5443	0.7003	0.0000	0.0000	0
316	25	2	0.0000	0.8	25	70	0.3725	0.0137	24.9305	465.5550	0.7004	0.0883	0.0883	1	2
317	12	2	0.0000	0.8	25	70	0.1692	0.0140	24.9687	453.7726	0.7010	0.0240	0.0240	0
318	18	2	0.0000	0.8	25	70	0.2667	0.0128	24.9491	450.1875	0.6999	0.0624	0.0624	0
319	21	2	0.0000	0.8	25	70	0.3160	0.0162	24.9489	462.0225	0.6990	0.0720	0.0720	2	0
320	19	2	0.0000	0.8	25	70	0.2891	0.0132	24.9321	450.7456	0.6998	0.0460	0.0460	0	2
321	0	2	0.0000	1.01	25	70	0.0000	0.0155	25.0000	305.8314	0.6995	0.0000	0.0000	0
322	25	2	0.0000	1.01	25	70	0.4022	0.0176	24.0464	316.0243	0.6998	1.3026	1.3026	0	2
323	37	2	0.0000	1.01	25	70	0.5671	0.0170	23.7050	323.6429	0.6995	1.7680	1.7680	2	1
324	31	2	0.0000	1.01	25	70	0.5088	0.0145	23.8802	308.3285	0.7001	1.5481	1.5481	2
325	28	2	0.0000	1.01	25	70	0.4412	0.0163	23.9491	315.2509	0.6996	1.3683	1.3683	2	1
326	26	2	0.0000	1.01	25	70	0.3979	0.0146	23.9967	308.8990	0.7002	1.2739	1.2739	2	1
327	0	2	0.0000	1.2	25	70	0.0000	0.0118	25.0000	207.2661	0.7004	0.0000	0.0000	0
328	25	2	0.0000	1.2	25	70	0.4313	0.0123	22.6086	213.1062	0.6997	5.8806	5.8806	0
329	37	2	0.0000	1.2	25	70	0.6284	0.0119	21.9919	217.5537	0.7005	8.0838	8.0838	2	0
330	31	2	0.0000	1.2	25	70	0.5443	0.0133	22.2406	214.5575	0.7001	7.0442	7.0442	0	2
331	34	2	0.0000	1.2	25	70	0.5987	0.0133	22.1067	219.5322	0.7000	7.4600	7.4600	2	0
332	32	2	0.0000	1.2	25	70	0.5553	0.0148	22.1701	216.0011	0.6992	7.3285	7.3285	0	2
333	0	2	0.0000	1.4	25	70	0.0000	0.0148	25.0000	160.8938	0.7007	0.0000	0.0000	0
334	25	2	0.0000	1.4	25	70	0.4581	0.0119	22.0829	171.6899	0.7015	12.8818	12.8818	0
335	37	2	0.0000	1.4	25	70	0.6461	0.0138	21.1534	176.1886	0.7003	19.0716	19.0716	0	2
336	43	2	0.0000	1.4	25	70	0.7190	0.0126	20.6942	173.9866	0.6993	21.3144	21.3144	2
337	40	2	0.0000	1.4	25	70	0.6852	0.0145	20.9130	174.9079	0.7003	20.1836	20.1836	0	2
338	41	2	0.0000	1.4	25	70	0.7126	0.0118	20.8110	171.6750	0.6990	20.1238	20.1238	0	2
339	0	2	0.0000	1.5	25	70	0.0000	0.0111	25.0000	158.3699	0.7003	0.0000	0.0000	0
340	25	2	0.0000	1.5	25	70	0.4500	0.0131	21.8474	161.3903	0.6998	17.2055	17.2055	0
341	37	2	0.0000	1.5	25	70	0.6302	0.0132	20.8955	163.5224	0.6997	24.4454	24.4454	0	2
342	43	2	0.0000	1.5	25	70	0.7220	0.0138	20.5635	164.8825	0.6991	27.9121	27.9121	2	0
343	40	2	0.0000	1.5	25	70	0.6857	0.0136	20.7878	166.2991	0.6993	25.8332	25.8332	0	2
344	41	2	0.0000	1.5	25	70	0.6766	0.0141	20.6849	165.2006	0.7000	26.7030	26.7030	0	2
345	0	2	0.0000	0	10	90	0.0000	0.0176	10.0000	686.6125	0.8999	0.0000	0.0000	0
346	25	2	0.0000	0	10	90	0.3722	0.0215	10.0000	685.2257	0.9009	0.0000	0.0000	1
347	12	2	0.0000	0	10	90	0.1764	0.0164	10.0000	682.3497	0.8998	0.0000	0.0000	1	0
348	6	2	0.0000	0	10	90	0.0972	0.0140	10.0000	663.6233	0.8998	0.0000	0.0000	0
349	9	2	0.0000	0	10	90	0.1340	0.0132	10.0000	675.4157	0.8993	0.0000	0.0000	0	1
350	10	2	0.0000	0	10	90	0.1475	0.0148	10.0000	675.5783	0.8997	0.0000	0.0000	0	1
351	0	2	0.0000	0.4	10	90	0.0000	0.0161	10.0000	589.0030	0.9000	0.0000	0.0000	0
352	25	2	0.0000	0.4	10	90	0.3674	0.0144	10.0000	615.1395	0.9002	0.0000	0.0000	1
353	12	2	0.0000	0.4	10	90	0.1874	0.0162	10.0000	600.5287	0.8999	0.0000	0.0000	1	0
354	6	2	0.0000	0.4	10	90	0.0900	0.0115	10.0000	605.3135	0.9011	0.0000	0.0000	0
355	9	2	0.0000	0.4	10	90	0.1326	0.0124	10.0000	591.2749	0.8999	0.0000	0.0000	0	1
356	10	2	0.0000	0.4	10	90	0.1454	0.0132	10.0000	598.8040	0.8991	0.0000	0.0000	0	1
357	0	2	0.0000	0.8	10	90	0.0000	0.0127	10.0000	443.7689	0.9008	0.0000	0.0000	0
358	25	2	0.0000	0.8	10	90	0.3705	0.0127	9.9993	471.8917	0.8996	0.0904	0.0904	2	1
359	12	2	0.0000	0.8	10	90	0.1793	0.0100	9.9992	450.6220	0.8995	0.0334	0.0334	0	1
360	18	2	0.0000	0.8	10	90	0.2719	0.0108	9.9989	459.2604	0.8989	0.0688	0.0688	2	1
361	15	2	0.0000	0.8	10	90	0.2188	0.0141	9.9987	451.8161	0.9007	0.0597	0.0597	1	2
362	13	2	0.0000	0.8	10	90	0.1825	0.0150	9.9986	460.6981	0.9007	0.0430	0.0430	1	0
363	0	2	0.0000	1.01	10	90	0.0000	0.0158	10.0000	293.2823	0.9001	0.0000	0.0000	0
364	25	2	0.0000	1.01	10	90	0.3658	0.0105	9.9772	319.4286	0.8988	1.1628	1.1628	2
365	12	2	0.0000	1.01	10	90	0.1801	0.0114	9.9869	322.4737	0.8994	0.5853	0.5853	0
366	18	2	0.0000	1.01	10	90	0.2719	0.0169	9.9850	316.0657	0.9002	0.8221	0.8221	2	1
367	15	2	0.0000	1.01	10	90	0.2146	0.0134	9.9858	320.1907	0.9003	0.7629	0.7629	1	2
368	13	2	0.0000	1.01	10	90	0.1914	0.0110	9.9859	313.0325	0.8995	0.6174	0.6174	2	0
369	0	2	0.0000	1.2	10	90	0.0000	0.0113	10.0000	207.4181	0.9003	0.0000	0.0000	0
370	25	2	0.0000	1.2	10	90	0.3803	0.0094	9.9113	223.7699	0.8995	5.6551	5.6551	2
371	12	2	0.0000	1.2	10	90	0.1802	0.0116	9.9566	216.8320	0.8990	2.8189	2.8189	0
372	18	2	0.0000	1.2	10	90	0.2726	0.0108	9.9372	224.4261	0.8998	4.0099	4.0099	2
373	15	2	0.0000	1.2	10	90	0.2337	0.0092	9.9430	220.0839	0.9004	3.2435	3.2435	0	2
374	16	2	0.0000	1.2	10	90	0.2405	0.0081	9.9391	219.5726	0.9001	3.6658	3.6658	2	0
375	0	2	0.0000	1.4	10	90	0.0000	0.0117	10.0000	165.3513	0.8996	0.0000	0.0000	0
376	25	2	0.0000	1.4	10	90	0.3863	0.0087	9.8300	182.7633	0.9003	13.2089	13.2089	2	0
377	12	2	0.0000	1.4	10	90	0.1900	0.0092	9.9106	174.7252	0.8996	6.4435	6.4435	0
378	18	2	0.0000	1.4	10	90	0.2817	0.0097	9.8742	179.3773	0.8996	9.7374	9.7374	0
379	21	2	0.0000	1.4	10	90	0.3207	0.0080	9.8563	174.4966	0.9005	11.4843	11.4843	2	0
380	19	2	0.0000	1.4	10	90	0.2921	0.0097	9.8666	173.8985	0.9004	10.3093	10.3093	0	2
381	0	2	0.0000	1.5	10	90	0.0000	0.0097	10.0000	158.5029	0.9007	0.0000	0.0000	0
382	25	2	0.0000	1.5	10	90	0.3801	0.0092	9.7966	174.3594	0.8998	17.3359	17.3359	2
383	12	2	0.0000	1.5	10	90	0.1878	0.0087	9.8961	168.3556	0.9000	9.1467	9.1467	0
384	18	2	0.0000	1.5	10	90	0.2842	0.0097	9.8434	165.1151	0.8997	13.1773	13.1773	0	2
385	21	2	0.0000	1.5	10	90	0.3294	0.0108	9.8255	168.8750	0.9004	14.9458	14.9458	0	2
386	23	2	0.0000	1.5	10	90	0.3605	0.0121	9.8009	170.7191	0.8993	16.7685	16.7685	2	0
387	22	2	0.0000	1.5	10	90	0.3385	0.0122	9.8091	169.1483	0.9004	15.8696	15.8696	2	0
388	0	2	0.0000	0	15	90	0.0000	0.0184	15.0000	690.4230	0.9000	0.0000	0.0000	0
389	25	2	0.0000	0	15	90	0.3645	0.0176	15.0000	677.2107	0.9009	0.0000	0.0000	1
390	12	2	0.0000	0	15	90	0.1792	0.0173	15.0000	679.0276	0.8996	0.0000	0.0000	0	1
391	18	2	0.0000	0	15	90	0.2635	0.0186	15.0000	677.9396	0.9000	0.0000	0.0000	1
392	15	2	0.0000	0	15	90	0.2330	0.0157	15.0000	688.3239	0.8998	0.0000	0.0000	1	0
393	13	2	0.0000	0	15	90	0.2070	0.0165	15.0000	684.1688	0.8998	0.0000	0.0000	1	0
394	0	2	0.0000	0.4	15	90	0.0000	0.0211	15.0000	593.6519	0.9000	0.0000	0.0000	0
395	25	2	0.0000	0.4	15	90	0.3726	0.0135	15.0000	600.6606	0.9001	0.0017	0.0017	1
396	12	2	0.0000	0.4	15	90	0.1843	0.0171	15.0000	612.8074	0.9005	0.0000	0.0000	0	1
397	18	2	0.0000	0.4	15	90	0.2697	0.0168	15.0000	609.3276	0.8991	0.0000	0.0000	1
398	15	2	0.0000	0.4	15	90	0.2250	0.0135	15.0000	599.8627	0.8996	0.0000	0.0000	1	0
399	13	2	0.0000	0.4	15	90	0.2039	0.0182	15.0000	600.1643	0.8994	0.0000	0.0000	0	1
400	0	2	0.0000	0.8	15	90	0.0000	0.0149	15.0000	437.4730	0.9001	0.0000	0.0000	0
401	25	2	0.0000	0.8	15	90	0.3447	0.0118	14.9924	454.7094	0.8997	0.0906	0.0906	1	2
402	12	2	0.0000	0.8	15	90	0.1798	0.0103	14.9967	463.8250	0.8995	0.0459	0.0459	0	1
403	18	2	0.0000	0.8	15	90	0.2622	0.0150	14.9969	467.0933	0.8996	0.0764	0.0764	1
404	15	2	0.0000	0.8	15	90	0.2154	0.0107	14.9963	473.1294	0.8994	0.0635	0.0635	1
405	13	2	0.0000	0.8	15	90	0.1838	0.0174	14.9974	455.0344	0.9003	0.0431	0.0431	1	0
406	0	2	0.0000	1.01	15	90	0.0000	0.0122	15.0000	300.0177	0.8996	0.0000	0.0000	0
407	25	2	0.0000	1.01	15	90	0.3691	0.0114	14.9235	323.8636	0.9002	1.1108	1.1108	1	2
408	12	2	0.0000	1.01	15	90	0.1803	0.0128	14.9573	303.0481	0.8999	0.5856	0.5856	0
409	18	2	0.0000	1.01	15	90	0.2697	0.0114	14.9439	312.0301	0.9002	0.9308	0.9308	2
410	15	2	0.0000	1.01	15	90	0.2251	0.0114	14.9477	310.5505	0.9007	0.7273	0.7273	0	2
411	16	2	0.0000	1.01	15	90	0.2424	0.0096	14.9497	308.7941	0.9004	0.7944	0.7944	0	1
412	0	2	0.0000	1.2	15	90	0.0000	0.0123	15.0000	204.8259	0.8998	0.0000	0.0000	0
413	25	2	0.0000	1.2	15	90	0.3950	0.0091	14.7098	219.0010	0.9001	5.4612	5.4612	2
414	12	2	0.0000	1.2	15	90	0.1920	0.0116	14.8523	212.8739	0.8996	2.8457	2.8457	0
415	18	2	0.0000	1.2	15	90	0.2674	0.0096	14.7874	216.2034	0.9002	4.1851	4.1851	0	2
416	21	2	0.0000	1.2	15	90	0.3310	0.0127	14.7469	214.5539	0.9004	4.5539	4.5539	2	1
417	19	2	0.0000	1.2	15	90	0.2891	0.0086	14.7812	218.5806	0.8999	4.4346	4.4346	0	2
418	0	2	0.0000	1.4	15	90	0.0000	0.0099	15.0000	167.3763	0.8999	0.0000	0.0000	0
419	25	2	0.0000	1.4	15	90	0.4058	0.0128	14.4785	172.3455	0.9004	13.4602	13.4602	2	0
420	12	2	0.0000	1.4	15	90	0.2006	0.0120	14.7267	171.1692	0.9002	6.3668	6.3668	0
421	18	2	0.0000	1.4	15	90	0.3044	0.0112	14.6236	173.0957	0.8998	9.7032	9.7032	0
422	21	2	0.0000	1.4	15	90	0.3389	0.0116	14.5601	172.7789	0.9003	11.3209	11.3209	0	2
423	23	2	0.0000	1.4	15	90	0.3689	0.0105	14.5109	176.9516	0.8997	12.6443	12.6443	0	2
424	24	2	0.0000	1.4	15	90	0.3876	0.0120	14.4990	173.1557	0.9005	12.8629	12.8629	2	0
425	0	2	0.0000	1.5	15	90	0.0000	0.0128	15.0000	157.0705	0.9001	0.0000	0.0000	0
426	25	2	0.0000	1.5	15	90	0.4137	0.0103	14.4135	164.6874	0.9003	17.5949	17.5949	2	0
427	12	2	0.0000	1.5	15	90	0.2024	0.0113	14.6841	162.4519	0.9000	8.9035	8.9035	0
428	18	2	0.0000	1.5	15	90	0.3000	0.0112	14.5660	166.8005	0.9004	12.6256	12.6256	0	2
429	21	2	0.0000	1.5	15	90	0.3481	0.0113	14.5007	167.3182	0.8998	14.7164	14.7164	0
430	23	2	0.0000	1.5	15	90	0.3721	0.0103	14.4438	162.7770	0.8998	16.1162	16.1162	0	2
431	24	2	0.0000	1.5	15	90	0.3927	0.0120	14.4409	167.5971	0.8999	16.5127	16.5127	0
432	0	2	0.0000	0	20	90	0.0000	0.0163	20.0000	694.3292	0.8994	0.0000	0.0000	0
433	25	2	0.0000	0	20	90	0.3944	0.0253	20.0000	695.5744	0.9004	0.0000	0.0000	1
434	12	2	0.0000	0	20	90	0.1913	0.0137	20.0000	700.6047	0.9010	0.0000	0.0000	0	1
435	18	2	0.0000	0	20	90	0.2507	0.0208	20.0000	670.1166	0.8994	0.0000	0.0000	1
436	15	2	0.0000	0	20	90	0.2255	0.0197	20.0000	682.0655	0.9010	0.0000	0.0000	1	0
437	13	2	0.0000	0	20	90	0.1884	0.0164	20.0000	674.8001	0.9001	0.0000	0.0000	0	1
438	0	2	0.0000	0.4	20	90	0.0000	0.0203	20.0000	592.9108	0.9012	0.0000	0.0000	0
439	25	2	0.0000	0.4	20	90	0.3677	0.0167	20.0000	617.6374	0.8989	0.0000	0.0000	1
440	12	2	0.0000	0.4	20	90	0.1907	0.0150	20.0000	592.7201	0.9018	0.0016	0.0016	0	1
441	18	2	0.0000	0.4	20	90	0.2675	0.0157	20.0000	609.9166	0.9003	0.0000	0.0000	1	0
442	15	2	0.0000	0.4	20	90	0.2155	0.0163	20.0000	589.5944	0.9002	0.0000	0.0000	1	0
443	13	2	0.0000	0.4	20	90	0.1908	0.0183	20.0000	596.2769	0.9008	0.0000	0.0000	1	0
444	0	2	0.0000	0.8	20	90	0.0000	0.0198	20.0000	435.2537	0.9000	0.0000	0.0000	0
445	25	2	0.0000	0.8	20	90	0.3786	0.0121	19.9865	458.9662	0.8992	0.1113	0.1113	2	1
446	12	2	0.0000	0.8	20	90	0.1847	0.0140	19.9935	440.4901	0.9001	0.0414	0.0414	0
447	18	2	0.0000	0.8	20	90	0.2601	0.0114	19.9879	460.2681	0.9005	0.0554	0.0554	1
448	15	2	0.0000	0.8	20	90	0.2237	0.0161	19.9857	450.9333	0.8997	0.0436	0.0436	0	1
449	16	2	0.0000	0.8	20	90	0.2353	0.0140	19.9880	457.1569	0.8994	0.0515	0.0515	0	1
450	0	2	0.0000	1.01	20	90	0.0000	0.0124	20.0000	301.7102	0.9007	0.0000	0.0000	0
451	25	2	0.0000	1.01	20	90	0.3754	0.0137	19.8250	319.4148	0.8999	1.1685	1.1685	1	2
452	12	2	0.0000	1.01	20	90	0.1909	0.0114	19.8929	310.2149	0.9000	0.5412	0.5412	0
453	18	2	0.0000	1.01	20	90	0.2854	0.0167	19.8504	312.9030	0.9007	0.9378	0.9378	0	1
454	21	2	0.0000	1.01	20	90	0.3231	0.0117	19.8272	316.4701	0.8996	1.0437	1.0437	1	2
455	19	2	0.0000	1.01	20	90	0.2896	0.0167	19.8658	313.4335	0.8997	0.9675	0.9675	0	1
456	0	2	0.0000	1.2	20	90	0.0000	0.0134	20.0000	199.8510	0.9003	0.0000	0.0000	0
457	25	2	0.0000	1.2	20	90	0.3975	0.0103	19.3502	220.4938	0.8996	5.6815	5.6815	2	0
458	12	2	0.0000	1.2	20	90	0.2035	0.0114	19.6658	206.0083	0.9001	2.8937	2.8937	0
459	18	2	0.0000	1.2	20	90	0.2972	0.0106	19.5199	217.8332	0.9000	4.2108	4.2108	0
460	21	2	0.0000	1.2	20	90	0.3323	0.0118	19.4439	215.4136	0.9003	4.8136	4.8136	0
461	23	2	0.0000	1.2	20	90	0.3663	0.0117	19.4162	211.7623	0.8997	5.1149	5.1149	2	0
462	22	2	0.0000	1.2	20	90	0.3601	0.0082	19.4096	217.6032	0.8998	5.0848	5.0848	0
463	0	2	0.0000	1.4	20	90	0.0000	0.0113	20.0000	165.5068	0.9003	0.0000	0.0000	0
464	25	2	0.0000	1.4	20	90	0.4145	0.0122	18.9809	171.5282	0.8996	13.3754	13.3754	0
465	37	2	0.0000	1.4	20	90	0.5913	0.0109	18.5879	181.3824	0.9005	18.7798	18.7798	2
466	31	2	0.0000	1.4	20	90	0.5006	0.0122	18.7852	172.4237	0.9002	16.2921	16.2921	2	0
467	28	2	0.0000	1.4	20	90	0.4714	0.0122	18.8359	172.6482	0.8999	14.8273	14.8273	0	2
468	29	2	0.0000	1.4	20	90	0.4904	0.0118	18.8196	176.7507	0.9005	14.9708	14.9708	2	0
469	0	2	0.0000	1.5	20	90	0.0000	0.0131	20.0000	163.0180	0.9006	0.0000	0.0000	0
470	25	2	0.0000	1.5	20	90	0.4042	0.0111	18.8516	162.6806	0.9012	17.2849	17.2849	0	2
471	37	2	0.0000	1.5	20	90	0.6189	0.0142	18.4496	161.9894	0.9003	24.5235	24.5235	2
472	31	2	0.0000	1.5	20	90	0.5065	0.0122	18.6110	163.3795	0.9003	21.2481	21.2481	2	0
473	28	2	0.0000	1.5	20	90	0.4622	0.0128	18.7620	165.4240	0.8997	19.5749	19.5749	0	2
474	29	2	0.0000	1.5	20	90	0.4758	0.0107	18.7022	166.3310	0.8998	19.8240	19.8240	0	2
475	0	2	0.0000	0	25	90	0.0000	0.0179	25.0000	689.0394	0.8992	0.0000	0.0000	0
476	25	2	0.0000	0	25	90	0.3603	0.0187	25.0000	682.7550	0.9005	0.0000	0.0000	1
477	12	2	0.0000	0	25	90	0.1711	0.0165	25.0000	667.8583	0.9000	0.0000	0.0000	0	1
478	18	2	0.0000	0	25	90	0.2664	0.0158	25.0000	681.8296	0.8995	0.0000	0.0000	1
479	15	2	0.0000	0	25	90	0.2375	0.0139	25.0000	692.3336	0.9008	0.0000	0.0000	1	0
480	13	2	0.0000	0	25	90	0.1859	0.0191	24.9989	687.1412	0.9004	0.0014	0.0014	0	1
481	0	2	0.0000	0.4	25	90	0.0000	0.0216	25.0000	589.2816	0.8995	0.0000	0.0000	0
482	25	2	0.0000	0.4	25	90	0.3470	0.0193	25.0000	610.5945	0.9004	0.0048	0.0048	1
483	12	2	0.0000	0.4	25	90	0.1924	0.0248	25.0000	590.8252	0.9013	0.0000	0.0000	0
484	18	2	0.0000	0.4	25	90	0.2580	0.0168	25.0000	591.4015	0.9001	0.0031	0.0031	1
485	15	2	0.0000	0.4	25	90	0.2233	0.0161	25.0000	611.7021	0.9009	0.0000	0.0000	0	1
486	16	2	0.0000	0.4	25	90	0.2314	0.0174	24.9986	598.2089	0.9001	0.0000	0.0000	1	0
487	0	2	0.0000	0.8	25	90	0.0000	0.0154	25.0000	433.9860	0.8996	0.0000	0.0000	0
488	25	2	0.0000	0.8	25	90	0.3629	0.0149	24.9715	444.8560	0.8992	0.0718	0.0718	1	2
489	12	2	0.0000	0.8	25	90	0.1705	0.0128	24.9865	447.1482	0.8999	0.0423	0.0423	0
490	18	2	0.0000	0.8	25	90	0.2678	0.0151	24.9781	443.0097	0.8998	0.0645	0.0645	1
491	15	2	0.0000	0.8	25	90	0.2093	0.0147	24.9845	452.2780	0.8998	0.0367	0.0367	1	0
492	13	2	0.0000	0.8	25	90	0.2001	0.0165	24.9860	449.7593	0.8996	0.0470	0.0470	0
493	0	2	0.0000	1.01	25	90	0.0000	0.0122	25.0000	294.8366	0.8998	0.0000	0.0000	0
494	25	2	0.0000	1.01	25	90	0.3823	0.0124	24.6247	308.2755	0.9001	1.2752	1.2752	1	2
495	12	2	0.0000	1.01	25	90	0.1953	0.0122	24.8438	307.6184	0.9001	0.5709	0.5709	0
496	18	2	0.0000	1.01	25	90	0.2705	0.0150	24.7460	308.6659	0.9011	0.8896	0.8896	1	2
497	15	2	0.0000	1.01	25	90	0.2321	0.0132	24.7907	302.4308	0.9004	0.7390	0.7390	0
498	16	2	0.0000	1.01	25	90	0.2482	0.0109	24.7714	314.1547	0.9012	0.7997	0.7997	0	2
499	0	2	0.0000	1.2	25	90	0.0000	0.0131	25.0000	204.7920	0.9002	0.0000	0.0000	0
500	25	2	0.0000	1.2	25	90	0.4096	0.0107	23.8384	213.1407	0.8991	5.5837	5.5837	0	2
501	37	2	0.0000	1.2	25	90	0.5784	0.0123	23.5021	222.6452	0.9002	7.9352	7.9352	2
502	31	2	0.0000	1.2	25	90	0.5069	0.0128	23.6253	215.4711	0.8997	6.9245	6.9245	2	0
503	28	2	0.0000	1.2	25	90	0.4586	0.0106	23.7046	211.4422	0.8998	6.2037	6.2037	2
504	26	2	0.0000	1.2	25	90	0.4255	0.0115	23.8374	215.2967	0.8999	5.7118	5.7118	0	2
505	0	2	0.0000	1.4	25	90	0.0000	0.0129	25.0000	162.3100	0.9000	0.0000	0.0000	0
506	25	2	0.0000	1.4	25	90	0.4248	0.0107	23.2672	170.9779	0.9003	13.4970	13.4970	0
507	37	2	0.0000	1.4	25	90	0.5901	0.0124	22.7430	171.9842	0.9000	19.0797	19.0797	2
508	31	2	0.0000	1.4	25	90	0.5115	0.0139	22.9525	172.6476	0.9002	16.0993	16.0993	0	2
509	34	2	0.0000	1.4	25	90	0.5525	0.0147	22.8223	170.3873	0.9001	17.5181	17.5181	2	0
510	32	2	0.0000	1.4	25	90	0.5089	0.0133	22.8720	176.8219	0.8996	16.4704	16.4704	0
511	0	2	0.0000	1.5	25	90	0.0000	0.0128	25.0000	153.3096	0.8999	0.0000	0.0000	0
512	25	2	0.0000	1.5	25	90	0.4268	0.0120	23.0852	162.8551	0.8998	17.5258	17.5258	0
513	37	2	0.0000	1.5	25	90	0.6043	0.0137	22.4224	162.5411	0.9002	24.5315	24.5315	2	0
514	31	2	0.0000	1.5	25	90	0.5239	0.0117	22.7562	162.9781	0.9004	21.0224	21.0224	0	2
515	34	2	0.0000	1.5	25	90	0.5797	0.0110	22.6171	163.5180	0.8998	22.7891	22.7891	0	2
516	35	2	0.0000	1.5	25	90	0.5753	0.0130	22.4749	164.8135	0.9004	23.5876	23.5876	2	0
517	0	2	0.0000	0	10	95	0.0000	0.0168	10.0000	669.9089	0.9493	0.0000	0.0000	0
518	25	2	0.0000	0	10	95	0.3611	0.0181	10.0000	682.6728	0.9501	0.0000	0.0000	1
519	12	2	0.0000	0	10	95	0.1762	0.0124	10.0000	689.4545	0.9504	0.0000	0.0000	1	0
520	6	2	0.0000	0	10	95	0.0927	0.0166	10.0000	676.0238	0.9498	0.0000	0.0000	0
521	9	2	0.0000	0	10	95	0.1361	0.0208	10.0000	679.4259	0.9506	0.0014	0.0014	0	1
522	10	2	0.0000	0	10	95	0.1503	0.0122	10.0000	669.1614	0.9507	0.0000	0.0000	0	1
523	0	2	0.0000	0.4	10	95	0.0000	0.0173	10.0000	584.9680	0.9502	0.0000	0.0000	0
524	25	2	0.0000	0.4	10	95	0.3803	0.0194	10.0000	601.9845	0.9507	0.0031	0.0031	1
525	12	2	0.0000	0.4	10	95	0.1843	0.0137	10.0000	604.4397	0.9499	0.0000	0.0000	1	0
526	6	2	0.0000	0.4	10	95	0.0846	0.0100	10.0000	612.5351	0.9497	0.0000	0.0000	0
527	9	2	0.0000	0.4	10	95	0.1323	0.0126	10.0000	595.4594	0.9493	0.0000	0.0000	0	1
528	10	2	0.0000	0.4	10	95	0.1495	0.0149	10.0000	581.1050	0.9502	0.0000	0.0000	0	1
529	0	2	0.0000	0.8	10	95	0.0000	0.0110	10.0000	441.0249	0.9499	0.0000	0.0000	0
530	25	2	0.0000	0.8	10	95	0.3642	0.0212	9.9996	457.9464	0.9500	0.0824	0.0824	1
531	12	2	0.0000	0.8	10	95	0.1776	0.0116	9.9999	456.7645	0.9505	0.0345	0.0345	1	0
532	6	2	0.0000	0.8	10	95	0.0895	0.0120	9.9999	441.2405	0.9495	0.0143	0.0143	0
533	9	2	0.0000	0.8	10	95	0.1289	0.0181	9.9994	463.1564	0.9504	0.0313	0.0313	0
534	10	2	0.0000	0.8	10	95	0.1578	0.0142	10.0000	439.4024	0.9503	0.0330	0.0330	0	1
535	0	2	0.0000	1.01	10	95	0.0000	0.0118	10.0000	292.2792	0.9497	0.0000	0.0000	0
536	25	2	0.0000	1.01	10	95	0.3592	0.0099	9.9899	318.2364	0.9498	1.1533	1.1533	1	2
537	12	2	0.0000	1.01	10	95	0.1832	0.0107	9.9947	305.8677	0.9498	0.5727	0.5727	0
538	18	2	0.0000	1.01	10	95	0.2578	0.0170	9.9918	315.5982	0.9494	0.8437	0.8437	1	2
539	15	2	0.0000	1.01	10	95	0.2159	0.0142	9.9939	310.6919	0.9501	0.7172	0.7172	1	2
540	13	2	0.0000	1.01	10	95	0.2008	0.0102	9.9943	308.2355	0.9500	0.6183	0.6183	1	2
541	0	2	0.0000	1.2	10	95	0.0000	0.0110	10.0000	207.3333	0.9498	0.0000	0.0000	0
542	25	2	0.0000	1.2	10	95	0.3780	0.0134	9.9548	215.4104	0.9497	5.3939	5.3939	2	1
543	12	2	0.0000	1.2	10	95	0.1810	0.0081	9.9781	215.1384	0.9500	2.6820	2.6820	0
544	18	2	0.0000	1.2	10	95	0.2778	0.0128	9.9669	221.1321	0.9505	4.0199	4.0199	2	1
545	15	2	0.0000	1.2	10	95	0.2225	0.0084	9.9711	218.4742	0.9498	3.4177	3.4177	0	2
546	16	2	0.0000	1.2	10	95	0.2364	0.0114	9.9716	211.0947	0.9503	3.3621	3.3621	2	1
547	0	2	0.0000	1.4	10	95	0.0000	0.0109	10.0000	164.2322	0.9502	0.0000	0.0000	0
548	25	2	0.0000	1.4	10	95	0.3767	0.0094	9.9080	174.8153	0.9496	12.9855	12.9855	2
549	12	2	0.0000	1.4	10	95	0.1869	0.0111	9.9572	172.7347	0.9504	6.4003	6.4003	0
550	18	2	0.0000	1.4	10	95	0.2713	0.0105	9.9323	173.1851	0.9503	9.6067	9.6067	2	0
551	15	2	0.0000	1.4	10	95	0.2302	0.0084	9.9450	171.4084	0.9502	7.9908	7.9908	0
552	16	2	0.0000	1.4	10	95	0.2422	0.0085	9.9411	176.6200	0.9502	8.4984	8.4984	0	2
553	0	2	0.0000	1.5	10	95	0.0000	0.0111	10.0000	157.8426	0.9496	0.0000	0.0000	0
554	25	2	0.0000	1.5	10	95	0.3781	0.0113	9.8887	167.0429	0.9501	17.1798	17.1798	2	1
555	12	2	0.0000	1.5	10	95	0.1815	0.0092	9.9411	164.9755	0.9498	8.5561	8.5561	0	2
556	18	2	0.0000	1.5	10	95	0.2741	0.0118	9.9206	168.9846	0.9502	12.3769	12.3769	0	2
557	21	2	0.0000	1.5	10	95	0.3155	0.0102	9.9050	165.3141	0.9498	14.5227	14.5227	2	1
558	19	2	0.0000	1.5	10	95	0.2868	0.0086	9.9163	165.1667	0.9499	13.4228	13.4228	2	0
559	0	2	0.0000	0	15	95	0.0000	0.0204	15.0000	679.0144	0.9501	0.0000	0.0000	0
560	25	2	0.0000	0	15	95	0.3691	0.0178	15.0000	679.0085	0.9502	0.0000	0.0000	1
561	12	2	0.0000	0	15	95	0.1842	0.0148	15.0000	669.3354	0.9501	0.0014	0.0014	1	0
562	6	2	0.0000	0	15	95	0.0936	0.0127	15.0000	679.0538	0.9500	0.0000	0.0000	0
563	9	2	0.0000	0	15	95	0.1453	0.0171	15.0000	683.6610	0.9502	0.0000	0.0000	0
564	10	2	0.0000	0	15	95	0.1481	0.0187	15.0000	675.8217	0.9503	0.0000	0.0000	0	1
565	0	2	0.0000	0.4	15	95	0.0000	0.0147	15.0000	585.4636	0.9502	0.0000	0.0000	0
566	25	2	0.0000	0.4	15	95	0.3570	0.0129	15.0000	594.1009	0.9498	0.0000	0.0000	1
567	12	2	0.0000	0.4	15	95	0.1645	0.0171	15.0000	605.0949	0.9503	0.0000	0.0000	1	0
568	6	2	0.0000	0.4	15	95	0.0858	0.0156	15.0000	587.3649	0.9497	0.0000	0.0000	0
569	9	2	0.0000	0.4	15	95	0.1347	0.0115	15.0000	586.6248	0.9504	0.0015	0.0015	0
570	10	2	0.0000	0.4	15	95	0.1459	0.0147	15.0000	613.5626	0.9493	0.0000	0.0000	0	1
571	0	2	0.0000	0.8	15	95	0.0000	0.0175	15.0000	442.1466	0.9501	0.0000	0.0000	0
572	25	2	0.0000	0.8	15	95	0.3708	0.0135	14.9967	469.0473	0.9499	0.0807	0.0807	1	2
573	12	2	0.0000	0.8	15	95	0.1865	0.0114	14.9999	440.9585	0.9509	0.0352	0.0352	0	1
574	18	2	0.0000	0.8	15	95	0.2644	0.0140	14.9974	447.9412	0.9505	0.0729	0.0729	1
575	15	2	0.0000	0.8	15	95	0.2209	0.0121	14.9990	448.4564	0.9499	0.0553	0.0553	0	1
576	16	2	0.0000	0.8	15	95	0.2381	0.0157	14.9954	449.1215	0.9505	0.0341	0.0341	1	0
577	0	2	0.0000	1.01	15	95	0.0000	0.0112	15.0000	295.8343	0.9498	0.0000	0.0000	0
578	25	2	0.0000	1.01	15	95	0.3706	0.0124	14.9581	316.3403	0.9506	1.2178	1.2178	1	2
579	12	2	0.0000	1.01	15	95	0.1771	0.0165	14.9817	310.5832	0.9499	0.6033	0.6033	0	1
580	18	2	0.0000	1.01	15	95	0.2667	0.0127	14.9735	302.0502	0.9504	0.8865	0.8865	1	2
581	15	2	0.0000	1.01	15	95	0.2315	0.0123	14.9743	314.5399	0.9499	0.7192	0.7192	1	2
582	13	2	0.0000	1.01	15	95	0.1902	0.0112	14.9830	306.7364	0.9497	0.5793	0.5793	1	0
583	0	2	0.0000	1.2	15	95	0.0000	0.0115	15.0000	206.7233	0.9502	0.0000	0.0000	0
584	25	2	0.0000	1.2	15	95	0.3717	0.0089	14.8394	220.8985	0.9498	5.4987	5.4987	2	1
585	12	2	0.0000	1.2	15	95	0.1799	0.0113	14.9200	209.1141	0.9495	2.6225	2.6225	0
586	18	2	0.0000	1.2	15	95	0.2776	0.0107	14.8857	215.5530	0.9502	4.0382	4.0382	0	2
587	21	2	0.0000	1.2	15	95	0.3093	0.0086	14.8791	220.0362	0.9500	4.4493	4.4493	1	2
588	19	2	0.0000	1.2	15	95	0.2868	0.0097	14.8793	215.4387	0.9499	4.3027	4.3027	2	0
589	0	2	0.0000	1.4	15	95	0.0000	0.0135	15.0000	165.6552	0.9496	0.0000	0.0000	0
590	25	2	0.0000	1.4	15	95	0.3805	0.0104	14.7348	173.1829	0.9500	13.1582	13.1582	2	1
591	12	2	0.0000	1.4	15	95	0.1895	0.0113	14.8652	170.2003	0.9500	6.2523	6.2523	0
592	18	2	0.0000	1.4	15	95	0.2697	0.0096	14.7985	171.9334	0.9500	9.5364	9.5364	0	2
593	21	2	0.0000	1.4	15	95	0.3274	0.0116	14.7604	172.5154	0.9498	10.9349	10.9349	2	0
594	19	2	0.0000	1.4	15	95	0.2990	0.0130	14.7932	176.7541	0.9501	9.9811	9.9811	2	0
595	0	2	0.0000	1.5	15	95	0.0000	0.0148	15.0000	157.4616	0.9498	0.0000	0.0000	0
596	25	2	0.0000	1.5	15	95	0.3774	0.0108	14.6869	166.2523	0.9502	17.1311	17.1311	2	1
597	12	2	0.0000	1.5	15	95	0.1919	0.0119	14.8313	163.2682	0.9498	8.4301	8.4301	0	2
598	18	2	0.0000	1.5	15	95	0.2764	0.0116	14.7690	161.4790	0.9497	12.1273	12.1273	0	2
599	21	2	0.0000	1.5	15	95	0.3306	0.0100	14.7320	162.4350	0.9495	14.3209	14.3209	2	0
600	19	2	0.0000	1.5	15	95	0.3037	0.0105	14.7408	161.3224	0.9497	12.9123	12.9123	2	0
601	0	2	0.0000	0	20	95	0.0000	0.0171	20.0000	682.5910	0.9498	0.0000	0.0000	0
602	25	2	0.0000	0	20	95	0.3630	0.0212	20.0000	675.3231	0.9497	0.0000	0.0000	1
603	12	2	0.0000	0	20	95	0.1734	0.0176	20.0000	673.0375	0.9499	0.0000	0.0000	0	1
604	18	2	0.0000	0	20	95	0.2591	0.0131	20.0000	684.1937	0.9499	0.0000	0.0000	1
605	15	2	0.0000	0	20	95	0.2359	0.0143	20.0000	671.9437	0.9494	0.0016	0.0016	1	0
606	13	2	0.0000	0	20	95	0.1859	0.0232	20.0000	693.7501	0.9501	0.0000	0.0000	1	0
607	0	2	0.0000	0.4	20	95	0.0000	0.0152	20.0000	601.6211	0.9503	0.0000	0.0000	0
608	25	2	0.0000	0.4	20	95	0.3458	0.0250	20.0000	595.1141	0.9498	0.0017	0.0017	1
609	12	2	0.0000	0.4	20	95	0.1782	0.0153	20.0000	600.8163	0.9501	0.0016	0.0016	0	1
610	18	2	0.0000	0.4	20	95	0.2825	0.0165	20.0000	593.3049	0.9493	0.0000	0.0000	1
611	15	2	0.0000	0.4	20	95	0.2267	0.0159	19.9992	604.2205	0.9499	0.0000	0.0000	1
612	13	2	0.0000	0.4	20	95	0.1955	0.0133	20.0000	593.6649	0.9499	0.0000	0.0000	1	0
613	0	2	0.0000	0.8	20	95	0.0000	0.0164	20.0000	457.2845	0.9498	0.0000	0.0000	0
614	25	2	0.0000	0.8	20	95	0.3620	0.0159	19.9890	466.0275	0.9496	0.0730	0.0730	1
615	12	2	0.0000	0.8	20	95	0.1749	0.0147	19.9971	448.9992	0.9506	0.0363	0.0363	0
616	18	2	0.0000	0.8	20	95	0.2485	0.0108	19.9947	457.8484	0.9509	0.0564	0.0564	1
617	15	2	0.0000	0.8	20	95	0.2246	0.0139	19.9982	444.4213	0.9499	0.0333	0.0333	0	1
618	16	2	0.0000	0.8	20	95	0.2357	0.0135	19.9958	459.9936	0.9505	0.0544	0.0544	0	1
619	0	2	0.0000	1.01	20	95	0.0000	0.0159	20.0000	297.3988	0.9503	0.0000	0.0000	0
620	25	2	0.0000	1.01	20	95	0.3759	0.0183	19.8985	308.6261	0.9499	1.1369	1.1369	1	2
621	12	2	0.0000	1.01	20	95	0.1842	0.0106	19.9546	315.9556	0.9499	0.5826	0.5826	0	1
622	18	2	0.0000	1.01	20	95	0.2648	0.0127	19.9237	303.3356	0.9496	0.8852	0.8852	1	2
623	15	2	0.0000	1.01	20	95	0.2248	0.0108	19.9417	307.6896	0.9500	0.7653	0.7653	1	0
624	13	2	0.0000	1.01	20	95	0.1932	0.0138	19.9511	310.3761	0.9503	0.6156	0.6156	0	2
625	0	2	0.0000	1.2	20	95	0.0000	0.0123	20.0000	198.7152	0.9500	0.0000	0.0000	0
626	25	2	0.0000	1.2	20	95	0.3741	0.0118	19.6653	216.0519	0.9498	5.5270	5.5270	1	2
627	12	2	0.0000	1.2	20	95	0.1973	0.0080	19.8308	217.5552	0.9500	2.4978	2.4978	0
628	18	2	0.0000	1.2	20	95	0.2767	0.0099	19.7327	211.8660	0.9501	4.0272	4.0272	0
629	21	2	0.0000	1.2	20	95	0.3341	0.0094	19.7130	210.1001	0.9500	4.6448	4.6448	2	0
630	19	2	0.0000	1.2	20	95	0.2958	0.0121	19.7767	211.2208	0.9495	4.1906	4.1906	0	2
631	0	2	0.0000	1.4	20	95	0.0000	0.0123	20.0000	163.6444	0.9500	0.0000	0.0000	0
632	25	2	0.0000	1.4	20	95	0.3862	0.0120	19.4321	171.4012	0.9502	13.1534	13.1534	2	1
633	12	2	0.0000	1.4	20	95	0.2005	0.0110	19.7183	171.0281	0.9499	6.1986	6.1986	0
634	18	2	0.0000	1.4	20	95	0.2874	0.0104	19.5925	172.7014	0.9503	9.5719	9.5719	0	2
635	21	2	0.0000	1.4	20	95	0.3408	0.0109	19.5041	173.1128	0.9504	11.0464	11.0464	0	2
636	23	2	0.0000	1.4	20	95	0.3629	0.0105	19.4725	171.8267	0.9506	11.9204	11.9204	2	0
637	22	2	0.0000	1.4	20	95	0.3368	0.0112	19.5163	174.0215	0.9501	11.8065	11.8065	2	1
638	0	2	0.0000	1.5	20	95	0.0000	0.0148	20.0000	160.1104	0.9499	0.0000	0.0000	0
639	25	2	0.0000	1.5	20	95	0.3954	0.0119	19.3568	158.6642	0.9498	16.8308	16.8308	2	1
640	12	2	0.0000	1.5	20	95	0.1996	0.0101	19.6718	161.3289	0.9497	8.4616	8.4616	0
641	18	2	0.0000	1.5	20	95	0.2851	0.0118	19.5004	158.4542	0.9500	12.3909	12.3909	0	2
642	21	2	0.0000	1.5	20	95	0.3374	0.0126	19.4601	159.9945	0.9505	14.5719	14.5719	2	0
643	19	2	0.0000	1.5	20	95	0.3072	0.0112	19.4629	167.7428	0.9503	12.8845	12.8845	0	2
644	0	2	0.0000	0	25	95	0.0000	0.0163	25.0000	682.7056	0.9492	0.0000	0.0000	0
645	25	2	0.0000	0	25	95	0.3427	0.0221	25.0000	685.5015	0.9503	0.0000	0.0000	1
646	12	2	0.0000	0	25	95	0.1814	0.0159	25.0000	685.4693	0.9492	0.0000	0.0000	0	1
647	18	2	0.0000	0	25	95	0.2564	0.0163	25.0000	700.0787	0.9498	0.0000	0.0000	1
648	15	2	0.0000	0	25	95	0.2194	0.0156	25.0000	670.6790	0.9506	0.0014	0.0014	1	0
649	13	2	0.0000	0	25	95	0.1966	0.0238	25.0000	674.8969	0.9498	0.0000	0.0000	0	1
650	0	2	0.0000	0.4	25	95	0.0000	0.0177	25.0000	599.0256	0.9504	0.0000	0.0000	0
651	25	2	0.0000	0.4	25	95	0.3391	0.0206	25.0000	604.9144	0.9505	0.0000	0.0000	1
652	12	2	0.0000	0.4	25	95	0.1746	0.0190	25.0000	610.5953	0.9506	0.0000	0.0000	0	1
653	18	2	0.0000	0.4	25	95	0.2730	0.0164	25.0000	607.5746	0.9498	0.0000	0.0000	1
654	15	2	0.0000	0.4	25	95	0.2125	0.0182	25.0000	598.1101	0.9497	0.0000	0.0000	1	0
655	13	2	0.0000	0.4	25	95	0.1893	0.0138	25.0000	591.7509	0.9497	0.0000	0.0000	1	0
656	0	2	0.0000	0.8	25	95	0.0000	0.0155	25.0000	433.3485	0.9498	0.0000	0.0000	0
657	25	2	0.0000	0.8	25	95	0.3794	0.0204	24.9859	472.9559	0.9491	0.0888	0.0888	1	2
658	12	2	0.0000	0.8	25	95	0.1830	0.0162	24.9903	447.8003	0.9497	0.0511	0.0511	0
659	18	2	0.0000	0.8	25	95	0.2627	0.0153	24.9944	446.9689	0.9502	0.0666	0.0666	1
660	15	2	0.0000	0.8	25	95	0.2205	0.0163	24.9923	442.9542	0.9504	0.0454	0.0454	1	0
661	13	2	0.0000	0.8	25	95	0.1907	0.0127	24.9920	436.9214	0.9505	0.0394	0.0394	0
662	0	2	0.0000	1.01	25	95	0.0000	0.0153	25.0000	289.7030	0.9506	0.0000	0.0000	0
663	25	2	0.0000	1.01	25	95	0.3855	0.0158	24.8226	313.4197	0.9497	1.1389	1.1389	1	2
664	12	2	0.0000	1.01	25	95	0.1860	0.0111	24.9020	300.9940	0.9501	0.5776	0.5776	0
665	18	2	0.0000	1.01	25	95	0.2919	0.0152	24.8621	317.2046	0.9497	0.9216	0.9216	0	1
666	21	2	0.0000	1.01	25	95	0.3276	0.0158	24.8566	306.9248	0.9499	0.9737	0.9737	1	2
667	19	2	0.0000	1.01	25	95	0.2879	0.0129	24.8479	312.5869	0.9496	0.9428	0.9428	1	2
668	0	2	0.0000	1.2	25	95	0.0000	0.0136	25.0000	201.0253	0.9498	0.0000	0.0000	0
669	25	2	0.0000	1.2	25	95	0.3965	0.0104	24.4104	218.0906	0.9502	5.5084	5.5084	2	1
670	12	2	0.0000	1.2	25	95	0.1930	0.0103	24.6895	206.6815	0.9500	2.6245	2.6245	0
671	18	2	0.0000	1.2	25	95	0.2813	0.0102	24.5141	215.0449	0.9507	3.9782	3.9782	0	2
672	21	2	0.0000	1.2	25	95	0.3385	0.0142	24.5046	217.6566	0.9498	4.7648	4.7648	0
673	23	2	0.0000	1.2	25	95	0.3751	0.0124	24.4482	219.0381	0.9501	5.0584	5.0584	2	0
674	22	2	0.0000	1.2	25	95	0.3520	0.0092	24.4701	211.0909	0.9500	4.8243	4.8243	0	2
675	0	2	0.0000	1.4	25	95	0.0000	0.0115	25.0000	163.4711	0.9499	0.0000	0.0000	0
676	25	2	0.0000	1.4	25	95	0.3904	0.0097	24.0281	171.4942	0.9501	12.6879	12.6879	2	0
677	12	2	0.0000	1.4	25	95	0.2023	0.0109	24.4572	165.8091	0.9493	6.4342	6.4342	0
678	18	2	0.0000	1.4	25	95	0.3021	0.0104	24.2524	169.0601	0.9498	9.7411	9.7411	0
679	21	2	0.0000	1.4	25	95	0.3416	0.0097	24.1585	178.2357	0.9500	10.8873	10.8873	0
680	23	2	0.0000	1.4	25	95	0.3761	0.0108	24.1102	174.1908	0.9499	11.9758	11.9758	0	2
681	24	2	0.0000	1.4	25	95	0.3675	0.0092	24.0759	170.0434	0.9503	12.3643	12.3643	0	2
682	0	2	0.0000	1.5	25	95	0.0000	0.0106	25.0000	153.4707	0.9499	0.0000	0.0000	0
683	25	2	0.0000	1.5	25	95	0.4022	0.0105	23.9467	165.9266	0.9498	16.8421	16.8421	0	2
684	37	2	0.0000	1.5	25	95	0.5782	0.0093	23.5029	165.6309	0.9503	24.3075	24.3075	2	1
685	31	2	0.0000	1.5	25	95	0.4931	0.0111	23.6976	161.2870	0.9498	20.8329	20.8329	2
686	28	2	0.0000	1.5	25	95	0.4514	0.0099	23.7775	160.7149	0.9496	18.3084	18.3084	2	0
687	26	2	0.0000	1.5	25	95	0.4183	0.0095	23.8455	160.9140	0.9497	17.6756	17.6756	2	0
688	0	2	0.0000	0	10	100	0.0000	0.0175	10.0000	693.9275	1.0000	0.0000	0.0000	0
689	25	2	0.0000	0	10	100	0.3696	0.0180	10.0000	684.5962	1.0000	0.0000	0.0000	1
690	12	2	0.0000	0	10	100	0.1784	0.0145	10.0000	665.7909	1.0000	0.0000	0.0000	1	0
691	6	2	0.0000	0	10	100	0.0903	0.0154	10.0000	670.1619	1.0000	0.0000	0.0000	0
692	9	2	0.0000	0	10	100	0.1342	0.0178	10.0000	681.9552	1.0000	0.0000	0.0000	0	1
693	10	2	0.0000	0	10	100	0.1418	0.0188	10.0000	656.0084	1.0000	0.0000	0.0000	1	0
694	0	2	0.0000	0.4	10	100	0.0000	0.0112	10.0000	576.1674	1.0000	0.0000	0.0000	0
695	25	2	0.0000	0.4	10	100	0.3537	0.0141	10.0000	616.5170	1.0000	0.0000	0.0000	1
696	12	2	0.0000	0.4	10	100	0.1878	0.0135	10.0000	607.6876	1.0000	0.0016	0.0016	1	0
697	6	2	0.0000	0.4	10	100	0.0905	0.0148	10.0000	603.0294	1.0000	0.0000	0.0000	0
698	9	2	0.0000	0.4	10	100	0.1276	0.0145	10.0000	580.4303	1.0000	0.0000	0.0000	1	0
699	7	2	0.0000	0.4	10	100	0.1039	0.0108	10.0000	602.1088	1.0000	0.0015	0.0015	0
700	0	2	0.0000	0.8	10	100	0.0000	0.0110	10.0000	454.7830	1.0000	0.0000	0.0000	0
701	25	2	0.0000	0.8	10	100	0.3655	0.0166	10.0000	468.9214	1.0000	0.0606	0.0606	1
702	12	2	0.0000	0.8	10	100	0.1821	0.0097	10.0000	448.3033	1.0000	0.0221	0.0221	1	0
703	6	2	0.0000	0.8	10	100	0.0950	0.0113	10.0000	454.7271	1.0000	0.0181	0.0181	0
704	9	2	0.0000	0.8	10	100	0.1276	0.0132	10.0000	449.4584	1.0000	0.0324	0.0324	0	1
705	10	2	0.0000	0.8	10	100	0.1541	0.0130	10.0000	459.0826	1.0000	0.0376	0.0376	1	0
706	0	2	0.0000	1.01	10	100	0.0000	0.0137	10.0000	293.1139	1.0000	0.0000	0.0000	0
707	25	2	0.0000	1.01	10	100	0.3618	0.0169	10.0000	314.4562	1.0000	1.1415	1.1415	2	1
708	12	2	0.0000	1.01	10	100	0.1823	0.0101	10.0000	313.4404	1.0000	0.5581	0.5581	1	0
709	6	2	0.0000	1.01	10	100	0.0893	0.0126	10.0000	308.5547	1.0000	0.2925	0.2925	0
710	9	2	0.0000	1.01	10	100	0.1353	0.0137	10.0000	300.2595	1.0000	0.4469	0.4469	0
711	10	2	0.0000	1.01	10	100	0.1479	0.0132	10.0000	302.0968	1.0000	0.4526	0.4526	1	0
712	0	2	0.0000	1.2	10	100	0.0000	0.0112	10.0000	198.9040	1.0000	0.0000	0.0000	0
713	25	2	0.0000	1.2	10	100	0.3663	0.0109	10.0000	218.1393	1.0000	5.2895	5.2895	1
714	12	2	0.0000	1.2	10	100	0.1839	0.0102	10.0000	210.2715	1.0000	2.6131	2.6131	0
715	18	2	0.0000	1.2	10	100	0.2603	0.0099	10.0000	223.5461	1.0000	3.8415	3.8415	1	2
716	15	2	0.0000	1.2	10	100	0.2182	0.0099	10.0000	211.6964	1.0000	3.3270	3.3270	1	0
717	13	2	0.0000	1.2	10	100	0.1921	0.0093	10.0000	207.8598	1.0000	2.8532	2.8532	0	1
718	0	2	0.0000	1.4	10	100	0.0000	0.0102	10.0000	172.4718	1.0000	0.0000	0.0000	0
719	25	2	0.0000	1.4	10	100	0.3598	0.0096	10.0000	175.7063	1.0000	12.7784	12.7784	1
720	12	2	0.0000	1.4	10	100	0.1746	0.0078	10.0000	167.3350	1.0000	6.3380	6.3380	0	2
721	18	2	0.0000	1.4	10	100	0.2631	0.0090	10.0000	175.3093	1.0000	9.1790	9.1790	1	2
722	15	2	0.0000	1.4	10	100	0.2206	0.0085	10.0000	175.4432	1.0000	7.6239	7.6239	0	1
723	16	2	0.0000	1.4	10	100	0.2354	0.0095	10.0000	171.8476	1.0000	8.1613	8.1613	1	2
724	0	2	0.0000	1.5	10	100	0.0000	0.0117	10.0000	159.6158	1.0000	0.0000	0.0000	0
725	25	2	0.0000	1.5	10	100	0.3613	0.0088	10.0000	172.2500	1.0000	16.6735	16.6735	1	2
726	12	2	0.0000	1.5	10	100	0.1738	0.0092	10.0000	164.2849	1.0000	8.3877	8.3877	0	1
727	18	2	0.0000	1.5	10	100	0.2611	0.0081	10.0000	169.3129	1.0000	12.4505	12.4505	1	2
728	15	2	0.0000	1.5	10	100	0.2215	0.0102	10.0000	163.7719	1.0000	10.4005	10.4005	1	2
729	13	2	0.0000	1.5	10	100	0.1901	0.0109	10.0000	161.6641	1.0000	9.1175	9.1175	0	1
730	0	2	0.0000	0	15	100	0.0000	0.0182	15.0000	693.9023	1.0000	0.0000	0.0000	0
731	25	2	0.0000	0	15	100	0.3684	0.0150	15.0000	684.1302	1.0000	0.0000	0.0000	1
732	12	2	0.0000	0	15	100	0.1733	0.0178	15.0000	687.3006	1.0000	0.0000	0.0000	1	0
733	6	2	0.0000	0	15	100	0.0853	0.0225	15.0000	670.2559	1.0000	0.0000	0.0000	0
734	9	2	0.0000	0	15	100	0.1411	0.0137	15.0000	680.5437	1.0000	0.0000	0.0000	0	1
735	10	2	0.0000	0	15	100	0.1477	0.0179	15.0000	680.2396	1.0000	0.0000	0.0000	0	1
736	0	2	0.0000	0.4	15	100	0.0000	0.0147	15.0000	588.6898	1.0000	0.0000	0.0000	0
737	25	2	0.0000	0.4	15	100	0.3903	0.0159	15.0000	597.2188	1.0000	0.0000	0.0000	1
738	12	2	0.0000	0.4	15	100	0.1698	0.0191	15.0000	587.0866	1.0000	0.0000	0.0000	1	0
739	6	2	0.0000	0.4	15	100	0.0898	0.0149	15.0000	614.7625	1.0000	0.0000	0.0000	0
740	9	2	0.0000	0.4	15	100	0.1351	0.0136	15.0000	604.3775	1.0000	0.0000	0.0000	0	1
741	10	2	0.0000	0.4	15	100	0.1432	0.0121	15.0000	588.0505	1.0000	0.0000	0.0000	1	0
742	0	2	0.0000	0.8	15	100	0.0000	0.0124	15.0000	440.6843	1.0000	0.0000	0.0000	0
743	25	2	0.0000	0.8	15	100	0.3566	0.0143	15.0000	455.8297	1.0000	0.0872	0.0872	1
744	12	2	0.0000	0.8	15	100	0.1795	0.0155	15.0000	454.3279	1.0000	0.0487	0.0487	0	1
745	18	2	0.0000	0.8	15	100	0.2670	0.0124	15.0000	443.9620	1.0000	0.0456	0.0456	1	2
746	15	2	0.0000	0.8	15	100	0.2187	0.0124	15.0000	452.7018	1.0000	0.0413	0.0413	1	2
747	13	2	0.0000	0.8	15	100	0.1888	0.0106	15.0000	445.0003	1.0000	0.0448	0.0448	1	0
748	0	2	0.0000	1.01	15	100	0.0000	0.0149	15.0000	294.8337	1.0000	0.0000	0.0000	0
749	25	2	0.0000	1.01	15	100	0.3541	0.0115	15.0000	318.0699	1.0000	1.1220	1.1220	2	1
750	12	2	0.0000	1.01	15	100	0.1815	0.0151	15.0000	300.7421	1.0000	0.5791	0.5791	0	1
751	18	2	0.0000	1.01	15	100	0.2675	0.0200	15.0000	312.7622	1.0000	0.8591	0.8591	1
752	15	2	0.0000	1.01	15	100	0.2148	0.0098	15.0000	308.1119	1.0000	0.6980	0.6980	1
753	13	2	0.0000	1.01	15	100	0.1897	0.0111	15.0000	301.1893	1.0000	0.6501	0.6501	1
754	0	2	0.0000	1.2	15	100	0.0000	0.0127	15.0000	207.4596	1.0000	0.0000	0.0000	0
755	25	2	0.0000	1.2	15	100	0.3658	0.0094	15.0000	215.9738	1.0000	5.2918	5.2918	1
756	12	2	0.0000	1.2	15	100	0.1781	0.0115	15.0000	208.6677	1.0000	2.5300	2.5300	0	1
757	18	2	0.0000	1.2	15	100	0.2621	0.0093	15.0000	221.1099	1.0000	3.7299	3.7299	1	2
758	15	2	0.0000	1.2	15	100	0.2212	0.0104	15.0000	207.6993	1.0000	3.1541	3.1541	1	0
759	13	2	0.0000	1.2	15	100	0.2011	0.0090	15.0000	216.5543	1.0000	2.8371	2.8371	0	2
760	0	2	0.0000	1.4	15	100	0.0000	0.0115	15.0000	159.6260	1.0000	0.0000	0.0000	0
761	25	2	0.0000	1.4	15	100	0.3530	0.0083	15.0000	171.5196	1.0000	12.3457	12.3457	1	2
762	12	2	0.0000	1.4	15	100	0.1790	0.0105	15.0000	164.6229	1.0000	6.0571	6.0571	0	1
763	18	2	0.0000	1.4	15	100	0.2595	0.0075	15.0000	172.6069	1.0000	8.9857	8.9857	1	2
764	15	2	0.0000	1.4	15	100	0.2162	0.0095	15.0000	170.6682	1.0000	7.6203	7.6203	1	2
765	13	2	0.0000	1.4	15	100	0.1855	0.0098	15.0000	171.2191	1.0000	6.5956	6.5956	0	1
766	0	2	0.0000	1.5	15	100	0.0000	0.0097	15.0000	155.9347	1.0000	0.0000	0.0000	0
767	25	2	0.0000	1.5	15	100	0.3628	0.0111	15.0000	159.4994	1.0000	16.2745	16.2745	1	2
768	12	2	0.0000	1.5	15	100	0.1766	0.0099	15.0000	160.2733	1.0000	7.9940	7.9940	0	1
769	18	2	0.0000	1.5	15	100	0.2652	0.0098	15.0000	164.0145	1.0000	11.8587	11.8587	1	2
770	15	2	0.0000	1.5	15	100	0.2200	0.0097	15.0000	159.2797	1.0000	10.0999	10.0999	1	2
771	13	2	0.0000	1.5	15	100	0.1912	0.0078	15.0000	159.4327	1.0000	8.4384	8.4384	2	0
772	0	2	0.0000	0	20	100	0.0000	0.0214	20.0000	679.9403	1.0000	0.0000	0.0000	0
773	25	2	0.0000	0	20	100	0.3563	0.0238	20.0000	689.7152	1.0000	0.0000	0.0000	1
774	12	2	0.0000	0	20	100	0.1695	0.0198	20.0000	670.3012	1.0000	0.0000	0.0000	1	0
775	6	2	0.0000	0	20	100	0.0945	0.0193	20.0000	696.2010	1.0000	0.0000	0.0000	0
776	9	2	0.0000	0	20	100	0.1415	0.0180	20.0000	670.0519	1.0000	0.0000	0.0000	0	1
777	10	2	0.0000	0	20	100	0.1495	0.0147	20.0000	679.8220	1.0000	0.0000	0.0000	0	1
778	0	2	0.0000	0.4	20	100	0.0000	0.0167	20.0000	578.9175	1.0000	0.0000	0.0000	0
779	25	2	0.0000	0.4	20	100	0.3720	0.0188	20.0000	606.1244	1.0000	0.0016	0.0016	1
780	12	2	0.0000	0.4	20	100	0.1735	0.0183	20.0000	597.4268	1.0000	0.0000	0.0000	1	0
781	6	2	0.0000	0.4	20	100	0.0807	0.0176	20.0000	593.7898	1.0000	0.0000	0.0000	0
782	9	2	0.0000	0.4	20	100	0.1290	0.0182	20.0000	586.7251	1.0000	0.0015	0.0015	0	1
783	10	2	0.0000	0.4	20	100	0.1495	0.0185	20.0000	599.4497	1.0000	0.0000	0.0000	0	1
784	0	2	0.0000	0.8	20	100	0.0000	0.0153	20.0000	433.0544	1.0000	0.0000	0.0000	0
785	25	2	0.0000	0.8	20	100	0.3627	0.0137	20.0000	449.6942	1.0000	0.0950	0.0950	1	2
786	12	2	0.0000	0.8	20	100	0.1692	0.0131	20.0000	436.1271	1.0000	0.0416	0.0416	1	0
787	6	2	0.0000	0.8	20	100	0.0913	0.0123	20.0000	434.4302	1.0000	0.0220	0.0220	0
788	9	2	0.0000	0.8	20	100	0.1329	0.0110	20.0000	444.4752	1.0000	0.0297	0.0297	0
789	10	2	0.0000	0.8	20	100	0.1438	0.0156	20.0000	443.0642	1.0000	0.0326	0.0326	0
790	0	2	0.0000	1.01	20	100	0.0000	0.0154	20.0000	298.3439	1.0000	0.0000	0.0000	0
791	25	2	0.0000	1.01	20	100	0.3638	0.0142	20.0000	321.1165	1.0000	1.1752	1.1752	1
792	12	2	0.0000	1.01	20	100	0.1741	0.0163	20.0000	298.2642	1.0000	0.5753	0.5753	0
793	18	2	0.0000	1.01	20	100	0.2661	0.0126	20.0000	308.8586	1.0000	0.8663	0.8663	1	0
794	15	2	0.0000	1.01	20	100	0.2200	0.0113	20.0000	307.3868	1.0000	0.6783	0.6783	0	1
795	16	2	0.0000	1.01	20	100	0.2353	0.0143	20.0000	311.3057	1.0000	0.7362	0.7362	1	0
796	0	2	0.0000	1.2	20	100	0.0000	0.0141	20.0000	202.1968	1.0000	0.0000	0.0000	0
797	25	2	0.0000	1.2	20	100	0.3742	0.0111	20.0000	211.9456	1.0000	5.1250	5.1250	1	2
798	12	2	0.0000	1.2	20	100	0.1758	0.0137	20.0000	212.3288	1.0000	2.5522	2.5522	0
799	18	2	0.0000	1.2	20	100	0.2612	0.0126	20.0000	209.7872	1.0000	3.8952	3.8952	1	0
800	15	2	0.0000	1.2	20	100	0.2172	0.0121	20.0000	211.2891	1.0000	3.1222	3.1222	1	0
801	13	2	0.0000	1.2	20	100	0.1986	0.0094	20.0000	214.4691	1.0000	2.7600	2.7600	0
802	0	2	0.0000	1.4	20	100	0.0000	0.0115	20.0000	164.3990	1.0000	0.0000	0.0000	0
803	25	2	0.0000	1.4	20	100	0.3632	0.0101	20.0000	180.0601	1.0000	12.3003	12.3003	1	2
804	12	2	0.0000	1.4	20	100	0.1782	0.0094	20.0000	164.6637	1.0000	6.1534	6.1534	0	2
805	18	2	0.0000	1.4	20	100	0.2652	0.0096	20.0000	170.0333	1.0000	8.7643	8.7643	1	2
806	15	2	0.0000	1.4	20	100	0.2168	0.0077	20.0000	168.5942	1.0000	7.5103	7.5103	1	2
807	13	2	0.0000	1.4	20	100	0.1880	0.0114	20.0000	167.7543	1.0000	6.5075	6.5075	1	0
808	0	2	0.0000	1.5	20	100	0.0000	0.0093	20.0000	157.7472	1.0000	0.0000	0.0000	0
809	25	2	0.0000	1.5	20	100	0.3494	0.0105	20.0000	159.7105	1.0000	15.7725	15.7725	1	2
810	12	2	0.0000	1.5	20	100	0.1755	0.0109	20.0000	154.7768	1.0000	7.8650	7.8650	1	0
811	6	2	0.0000	1.5	20	100	0.0903	0.0086	20.0000	158.0332	1.0000	3.9182	3.9182	0
812	9	2	0.0000	1.5	20	100	0.1361	0.0098	20.0000	159.9824	1.0000	5.5428	5.5428	0	1
813	10	2	0.0000	1.5	20	100	0.1469	0.0109	20.0000	163.0513	1.0000	6.6684	6.6684	0	1
814	0	2	0.0000	0	25	100	0.0000	0.0214	25.0000	684.5941	1.0000	0.0000	0.0000	0
815	25	2	0.0000	0	25	100	0.3554	0.0192	25.0000	675.5085	1.0000	0.0000	0.0000	1
816	12	2	0.0000	0	25	100	0.1727	0.0141	25.0000	661.1351	1.0000	0.0000	0.0000	0	1
817	18	2	0.0000	0	25	100	0.2630	0.0190	25.0000	671.3159	1.0000	0.0000	0.0000	1
818	15	2	0.0000	0	25	100	0.2254	0.0173	25.0000	670.4405	1.0000	0.0000	0.0000	1	0
819	13	2	0.0000	0	25	100	0.1977	0.0188	25.0000	681.6282	1.0000	0.0014	0.0014	1	0
820	0	2	0.0000	0.4	25	100	0.0000	0.0183	25.0000	585.7849	1.0000	0.0000	0.0000	0
821	25	2	0.0000	0.4	25	100	0.3719	0.0173	25.0000	595.1946	1.0000	0.0000	0.0000	1
822	12	2	0.0000	0.4	25	100	0.1860	0.0132	25.0000	604.8361	1.0000	0.0000	0.0000	0	1
823	18	2	0.0000	0.4	25	100	0.2714	0.0171	25.0000	597.5946	1.0000	0.0000	0.0000	1
824	15	2	0.0000	0.4	25	100	0.2142	0.0176	25.0000	598.8991	1.0000	0.0000	0.0000	1
825	13	2	0.0000	0.4	25	100	0.1964	0.0200	25.0000	600.7007	1.0000	0.0000	0.0000	1	0
826	0	2	0.0000	0.8	25	100	0.0000	0.0152	25.0000	433.8171	1.0000	0.0000	0.0000	0
827	25	2	0.0000	0.8	25	100	0.3703	0.0177	25.0000	454.1289	1.0000	0.1078	0.1078	1
828	12	2	0.0000	0.8	25	100	0.1695	0.0139	25.0000	450.6421	1.0000	0.0361	0.0361	0
829	18	2	0.0000	0.8	25	100	0.2578	0.0177	25.0000	454.3146	1.0000	0.0477	0.0477	1
830	15	2	0.0000	0.8	25	100	0.2108	0.0154	25.0000	449.6728	1.0000	0.0534	0.0534	1	0
831	13	2	0.0000	0.8	25	100	0.2041	0.0164	25.0000	452.3882	1.0000	0.0570	0.0570	0	1
832	0	2	0.0000	1.01	25	100	0.0000	0.0127	25.0000	292.4464	1.0000	0.0000	0.0000	0
833	25	2	0.0000	1.01	25	100	0.3605	0.0155	25.0000	303.0219	1.0000	1.1406	1.1406	2	1
834	12	2	0.0000	1.01	25	100	0.1783	0.0127	25.0000	302.7251	1.0000	0.5365	0.5365	0
835	18	2	0.0000	1.01	25	100	0.2761	0.0142	25.0000	301.6965	1.0000	0.8292	0.8292	1	2
836	15	2	0.0000	1.01	25	100	0.2087	0.0120	25.0000	299.9134	1.0000	0.7235	0.7235	0	1
837	16	2	0.0000	1.01	25	100	0.2308	0.0145	25.0000	306.5205	1.0000	0.8347	0.8347	0	1
838	0	2	0.0000	1.2	25	100	0.0000	0.0158	25.0000	194.5599	1.0000	0.0000	0.0000	0
839	25	2	0.0000	1.2	25	100	0.3610	0.0101	25.0000	215.0356	1.0000	5.1557	5.1557	1	2
840	12	2	0.0000	1.2	25	100	0.1751	0.0117	25.0000	210.4215	1.0000	2.5743	2.5743	0
841	18	2	0.0000	1.2	25	100	0.2594	0.0097	25.0000	210.4144	1.0000	3.6958	3.6958	0	1
842	21	2	0.0000	1.2	25	100	0.3100	0.0134	25.0000	206.4652	1.0000	4.4157	4.4157	1	2
843	19	2	0.0000	1.2	25	100	0.2775	0.0083	25.0000	208.1646	1.0000	4.0996	4.0996	1	0
844	0	2	0.0000	1.4	25	100	0.0000	0.0112	25.0000	160.7758	1.0000	0.0000	0.0000	0
845	25	2	0.0000	1.4	25	100	0.3610	0.0119	25.0000	168.6495	1.0000	12.0162	12.0162	1
846	12	2	0.0000	1.4	25	100	0.1752	0.0093	25.0000	162.7920	1.0000	6.0300	6.0300	0
847	18	2	0.0000	1.4	25	100	0.2580	0.0105	25.0000	167.2473	1.0000	8.6898	8.6898	1	0
848	15	2	0.0000	1.4	25	100	0.2153	0.0101	25.0000	169.9928	1.0000	7.2451	7.2451	0	1
849	16	2	0.0000	1.4	25	100	0.2339	0.0096	25.0000	170.4968	1.0000	7.9522	7.9522	1	2
850	0	2	0.0000	1.5	25	100	0.0000	0.0115	25.0000	153.5232	1.0000	0.0000	0.0000	0
851	25	2	0.0000	1.5	25	100	0.3665	0.0090	25.0000	163.5852	1.0000	15.6640	15.6640	1	2
852	12	2	0.0000	1.5	25	100	0.1826	0.0102	25.0000	162.7513	1.0000	7.7226	7.7226	1	2
853	6	2	0.0000	1.5	25	100	0.0882	0.0109	25.0000	155.0061	1.0000	4.0147	4.0147	0
854	9	2	0.0000	1.5	25	100	0.1284	0.0081	25.0000	157.8861	1.0000	5.8040	5.8040	0	2
855	10	2	0.0000	1.5	25	100	0.1409	0.0126	25.0000	155.7049	1.0000	6.4170	6.4170	1	2
