0	100	2	0.0000	0	10	50	1.3998	0.0153	10.0000	765.3128	0.4996	0.0025	0.0025	1
1	100	2	0.0000	0.1	10	50	1.3696	0.0148	9.9994	691.2741	0.4981	0.0027	0.0027	1
2	100	2	0.0000	0.2	10	50	1.3681	0.0169	10.0000	715.2272	0.5008	0.0000	0.0000	1	2
3	100	2	0.0000	0.3	10	50	1.3290	0.0114	9.9992	683.4172	0.5015	0.0000	0.0000	1	2
4	100	2	0.0000	0.4	10	50	1.3871	0.0166	10.0000	663.4661	0.4988	0.0026	0.0026	1	2
5	100	2	0.0000	0.5	10	50	1.4206	0.0185	9.9993	686.8768	0.4987	0.0024	0.0024	1	2
6	100	2	0.0000	0.6	10	50	1.3793	0.0163	9.9996	617.7543	0.4992	0.0179	0.0179	1	2
7	100	2	0.0000	0.7	10	50	1.3690	0.0093	9.9946	578.8400	0.4984	0.0561	0.0561	2	1
8	100	2	0.0000	0.8	10	50	1.3943	0.0141	9.9709	516.8931	0.4971	0.2521	0.2521	2	1
9	100	2	0.0000	0.9	10	50	1.4056	0.0115	9.8875	427.7527	0.4998	1.1672	1.1672	2
10	100	2	0.0000	1.01	10	50	1.3374	0.0117	9.5923	369.0575	0.5009	4.1584	4.1584	2
11	100	2	0.0000	1.1	10	50	1.4350	0.0100	9.1921	290.4080	0.5003	9.6598	9.6598	2
12	100	2	0.0000	1.2	10	50	1.3457	0.0090	8.6924	238.5845	0.4983	19.0082	19.0082	2
13	100	2	0.0000	1.3	10	50	1.4159	0.0113	8.2469	208.5310	0.5005	31.2045	31.2045	2
14	100	2	0.0000	1.4	10	50	1.3891	0.0124	7.9044	187.3049	0.4999	44.6057	44.6057	2
15	100	2	0.0000	1.5	10	50	1.3875	0.0109	7.6093	180.7516	0.5002	58.6559	58.6559	2
16	100	2	0.0000	0	15	50	1.3105	0.0160	14.9988	755.6342	0.5006	0.0000	0.0000	1	2
17	100	2	0.0000	0.1	15	50	1.3102	0.0162	15.0000	681.1853	0.5002	0.0000	0.0000	1	2
18	100	2	0.0000	0.2	15	50	1.2947	0.0223	15.0000	690.6242	0.4999	0.0000	0.0000	2	1
19	100	2	0.0000	0.3	15	50	1.3603	0.0139	15.0000	692.0383	0.4988	0.0027	0.0027	1	2
20	100	2	0.0000	0.4	15	50	1.3003	0.0247	15.0000	663.8538	0.4995	0.0000	0.0000	1	2
21	100	2	0.0000	0.5	15	50	1.3177	0.0152	14.9997	694.9677	0.4994	0.0000	0.0000	1
22	100	2	0.0000	0.6	15	50	1.3454	0.0109	14.9933	651.0740	0.4999	0.0178	0.0178	1	2
23	100	2	0.0000	0.7	15	50	1.3005	0.0132	14.9773	570.1625	0.5001	0.0360	0.0360	2	1
24	100	2	0.0000	0.8	15	50	1.3683	0.0148	14.8981	514.5160	0.4993	0.2625	0.2625	2	1
25	100	2	0.0000	0.9	15	50	1.3540	0.0126	14.6080	418.3190	0.4998	1.1085	1.1085	2
26	100	2	0.0000	1.01	15	50	1.3950	0.0119	13.6785	339.2650	0.4991	4.3289	4.3289	2
27	100	2	0.0000	1.1	15	50	1.3289	0.0101	12.7012	276.2953	0.4996	9.3688	9.3688	2
28	100	2	0.0000	1.2	15	50	1.3584	0.0106	11.7229	232.5413	0.4996	18.8111	18.8111	2	1
29	100	2	0.0000	1.3	15	50	1.3661	0.0117	10.9196	199.2246	0.4997	30.4912	30.4912	2
30	100	2	0.0000	1.4	15	50	1.3639	0.0107	10.3633	183.7193	0.5005	44.0647	44.0647	2
31	100	2	0.0000	1.5	15	50	1.3645	0.0113	10.0361	180.2590	0.5018	57.6269	57.6269	2
32	100	2	0.0000	0	20	50	1.3303	0.0155	19.9998	748.1410	0.5004	0.0000	0.0000	1	2
33	100	2	0.0000	0.1	20	50	1.2893	0.0137	19.9996	696.4473	0.5013	0.0000	0.0000	1	2
34	100	2	0.0000	0.2	20	50	1.3299	0.0160	20.0000	725.3936	0.5029	0.0000	0.0000	1	2
35	100	2	0.0000	0.3	20	50	1.2395	0.0176	19.9951	695.6571	0.4988	0.0000	0.0000	1	2
36	100	2	0.0000	0.4	20	50	1.2860	0.0178	19.9936	683.7495	0.5008	0.0053	0.0053	2	1
37	100	2	0.0000	0.5	20	50	1.3010	0.0205	19.9957	678.0171	0.5006	0.0095	0.0095	1	2
38	100	2	0.0000	0.6	20	50	1.3916	0.0132	19.9925	636.3017	0.4983	0.0100	0.0100	2	1
39	100	2	0.0000	0.7	20	50	1.2889	0.0149	19.9472	577.7416	0.4981	0.0687	0.0687	2	1
40	100	2	0.0000	0.8	20	50	1.3916	0.0133	19.7500	500.5217	0.5011	0.2920	0.2920	2
41	100	2	0.0000	0.9	20	50	1.4135	0.0096	19.0504	434.9198	0.4991	1.1351	1.1351	2
42	100	2	0.0000	1.01	20	50	1.3140	0.0110	17.1731	331.0560	0.4984	4.0484	4.0484	2
43	100	2	0.0000	1.1	20	50	1.3464	0.0091	15.6722	264.3300	0.5015	9.2236	9.2236	2	1
44	100	2	0.0000	1.2	20	50	1.3736	0.0115	14.2145	220.2562	0.5002	18.5624	18.5624	2
45	100	2	0.0000	1.3	20	50	1.4049	0.0098	13.1932	203.2338	0.5004	29.4695	29.4695	2
46	100	2	0.0000	1.4	20	50	1.3324	0.0087	12.5877	180.8419	0.4997	43.0934	43.0934	2
47	100	2	0.0000	1.5	20	50	1.3781	0.0127	12.1408	172.4247	0.4995	57.0131	57.0131	2
48	100	2	0.0000	0	25	50	1.3284	0.0248	24.9929	751.5234	0.4978	0.0025	0.0025	1
49	100	2	0.0000	0.1	25	50	1.3335	0.0166	25.0000	698.7882	0.5014	0.0000	0.0000	2	1
50	100	2	0.0000	0.2	25	50	1.2695	0.0232	25.0000	686.2646	0.4972	0.0000	0.0000	1	2
51	100	2	0.0000	0.3	25	50	1.3177	0.0167	24.9971	688.0126	0.4997	0.0000	0.0000	1	2
52	100	2	0.0000	0.4	25	50	1.2462	0.0209	24.9882	693.2847	0.4965	0.0000	0.0000	1	2
53	100	2	0.0000	0.5	25	50	1.3157	0.0184	24.9931	685.4063	0.5003	0.0000	0.0000	1	2
54	100	2	0.0000	0.6	25	50	1.2980	0.0185	24.9759	633.4372	0.4990	0.0025	0.0025	2	1
55	100	2	0.0000	0.7	25	50	1.2893	0.0131	24.9057	563.8796	0.4981	0.0575	0.0575	2	1
56	100	2	0.0000	0.8	25	50	1.2730	0.0180	24.5190	489.5231	0.5004	0.2486	0.2486	2
57	100	2	0.0000	0.9	25	50	1.3544	0.0158	23.2290	417.5279	0.5005	1.2448	1.2448	2
58	100	2	0.0000	1.01	25	50	1.3395	0.0101	20.3243	318.7161	0.5009	4.1048	4.1048	2
59	100	2	0.0000	1.1	25	50	1.3422	0.0108	18.2278	259.4011	0.4997	8.7768	8.7768	2	1
60	100	2	0.0000	1.2	25	50	1.3591	0.0076	16.3192	213.4347	0.4998	17.7977	17.7977	2
61	100	2	0.0000	1.3	25	50	1.3867	0.0083	15.2192	195.7813	0.4993	29.7073	29.7073	2
62	100	2	0.0000	1.4	25	50	1.4221	0.0113	14.7019	183.8041	0.4994	41.7919	41.7919	2
63	100	2	0.0000	1.5	25	50	1.3839	0.0112	14.2242	174.9010	0.5007	56.1664	56.1664	2
64	100	2	0.0000	0	10	70	1.3934	0.0131	9.9998	749.4413	0.7010	0.0025	0.0025	1
65	100	2	0.0000	0.1	10	70	1.3814	0.0113	9.9995	718.6629	0.7006	0.0000	0.0000	1
66	100	2	0.0000	0.2	10	70	1.3529	0.0189	10.0000	678.9050	0.6999	0.0051	0.0051	1	2
67	100	2	0.0000	0.3	10	70	1.3733	0.0170	9.9995	682.9059	0.6995	0.0000	0.0000	1
68	100	2	0.0000	0.4	10	70	1.4005	0.0144	10.0000	668.0470	0.6998	0.0026	0.0026	1
69	100	2	0.0000	0.5	10	70	1.3832	0.0174	9.9996	687.9399	0.7006	0.0070	0.0070	1
70	100	2	0.0000	0.6	10	70	1.3378	0.0150	9.9994	636.8253	0.6982	0.0100	0.0100	1	2
71	100	2	0.0000	0.7	10	70	1.4098	0.0173	9.9964	612.1301	0.7002	0.0688	0.0688	1	2
72	100	2	0.0000	0.8	10	70	1.3535	0.0126	9.9765	504.0138	0.7007	0.2421	0.2421	2	1
73	100	2	0.0000	0.9	10	70	1.3695	0.0093	9.9274	438.8054	0.7012	1.0361	1.0361	2	1
74	100	2	0.0000	1.01	10	70	1.4139	0.0143	9.7204	358.2711	0.7004	3.9494	3.9494	2	1
75	100	2	0.0000	1.1	10	70	1.4114	0.0117	9.4302	285.2546	0.6998	9.5080	9.5080	2
76	100	2	0.0000	1.2	10	70	1.3778	0.0094	9.0091	246.3003	0.7004	18.7209	18.7209	2
77	100	2	0.0000	1.3	10	70	1.3805	0.0127	8.6096	211.1540	0.7003	31.0787	31.0787	2
78	100	2	0.0000	1.4	10	70	1.3405	0.0102	8.2878	189.4603	0.7002	45.4142	45.4142	2
79	100	2	0.0000	1.5	10	70	1.3810	0.0105	8.0431	177.5519	0.6993	60.0536	60.0536	2
80	100	2	0.0000	0	15	70	1.3798	0.0164	15.0000	754.7594	0.6995	0.0024	0.0024	1
81	100	2	0.0000	0.1	15	70	1.2647	0.0126	14.9989	692.4201	0.7012	0.0000	0.0000	1
82	100	2	0.0000	0.2	15	70	1.3646	0.0148	14.9988	677.6541	0.7008	0.0000	0.0000	1	2
83	100	2	0.0000	0.3	15	70	1.3734	0.0130	14.9975	665.2988	0.6998	0.0000	0.0000	1
84	100	2	0.0000	0.4	15	70	1.3782	0.0191	15.0000	669.4901	0.6994	0.0026	0.0026	1
85	100	2	0.0000	0.5	15	70	1.3398	0.0183	14.9991	691.9041	0.6992	0.0024	0.0024	1
86	100	2	0.0000	0.6	15	70	1.3392	0.0172	14.9965	638.1428	0.7003	0.0172	0.0172	1
87	100	2	0.0000	0.7	15	70	1.3745	0.0124	14.9862	574.8199	0.7017	0.0740	0.0740	1	2
88	100	2	0.0000	0.8	15	70	1.3687	0.0134	14.9263	511.3667	0.6990	0.2823	0.2823	2	1
89	100	2	0.0000	0.9	15	70	1.3796	0.0110	14.7327	423.6652	0.6979	1.1072	1.1072	2	1
90	100	2	0.0000	1.01	15	70	1.3727	0.0096	14.0855	332.9404	0.6997	4.0334	4.0334	2	1
91	100	2	0.0000	1.1	15	70	1.3539	0.0088	13.2676	278.0682	0.7001	8.9525	8.9525	2
92	100	2	0.0000	1.2	15	70	1.3417	0.0102	12.3223	231.3916	0.7003	18.2859	18.2859	2
93	100	2	0.0000	1.3	15	70	1.3420	0.0118	11.6048	205.0643	0.7004	30.2352	30.2352	2
94	100	2	0.0000	1.4	15	70	1.3627	0.0118	10.9864	179.9874	0.6989	43.9268	43.9268	2
95	100	2	0.0000	1.5	15	70	1.3572	0.0089	10.5396	176.3801	0.7000	57.5259	57.5259	2
96	100	2	0.0000	0	20	70	1.4141	0.0227	19.9981	757.0936	0.6995	0.0000	0.0000	1
97	100	2	0.0000	0.1	20	70	1.4037	0.0166	20.0000	674.8933	0.6985	0.0000	0.0000	1	2
98	100	2	0.0000	0.2	20	70	1.3039	0.0188	19.9987	674.0779	0.6981	0.0052	0.0052	1
99	100	2	0.0000	0.3	20	70	1.4187	0.0237	20.0000	682.4790	0.6985	0.0025	0.0025	1
100	100	2	0.0000	0.4	20	70	1.2852	0.0173	19.9999	659.5164	0.7002	0.0000	0.0000	1	2
101	100	2	0.0000	0.5	20	70	1.3388	0.0143	19.9965	674.5173	0.7008	0.0022	0.0022	1
102	100	2	0.0000	0.6	20	70	1.3061	0.0139	19.9913	619.5726	0.6999	0.0099	0.0099	1	2
103	100	2	0.0000	0.7	20	70	1.2562	0.0154	19.9556	576.6861	0.6980	0.0393	0.0393	1	2
104	100	2	0.0000	0.8	20	70	1.2742	0.0118	19.8423	496.7427	0.6994	0.2662	0.2662	1	2
105	100	2	0.0000	0.9	20	70	1.3628	0.0099	19.3608	432.3364	0.7000	1.1263	1.1263	2	1
106	100	2	0.0000	1.01	20	70	1.3986	0.0136	17.9556	325.5612	0.6989	4.0802	4.0802	2
107	100	2	0.0000	1.1	20	70	1.3628	0.0134	16.4900	261.2196	0.7004	9.1289	9.1289	2
108	100	2	0.0000	1.2	20	70	1.3670	0.0102	15.0436	225.3728	0.7012	18.3753	18.3753	2
109	100	2	0.0000	1.3	20	70	1.3465	0.0105	14.0006	191.8375	0.6993	29.6788	29.6788	2
110	100	2	0.0000	1.4	20	70	1.3723	0.0103	13.1295	181.9181	0.7005	42.5847	42.5847	2
111	100	2	0.0000	1.5	20	70	1.3672	0.0085	12.6350	171.9703	0.6993	56.7891	56.7891	2
112	100	2	0.0000	0	25	70	1.3756	0.0124	24.9921	748.9413	0.6982	0.0000	0.0000	1
113	100	2	0.0000	0.1	25	70	1.3346	0.0132	24.9975	684.7363	0.7015	0.0000	0.0000	1
114	100	2	0.0000	0.2	25	70	1.4147	0.0134	24.9966	681.0006	0.7001	0.0052	0.0052	1	2
115	100	2	0.0000	0.3	25	70	1.2605	0.0144	24.9973	672.3846	0.7033	0.0026	0.0026	1
116	100	2	0.0000	0.4	25	70	1.3011	0.0178	24.9980	681.7278	0.6993	0.0000	0.0000	1
117	100	2	0.0000	0.5	25	70	1.2896	0.0129	24.9863	668.4439	0.7014	0.0000	0.0000	1	2
118	100	2	0.0000	0.6	25	70	1.2837	0.0229	24.9870	615.8719	0.7010	0.0073	0.0073	1
119	100	2	0.0000	0.7	25	70	1.2877	0.0137	24.9304	564.2338	0.6987	0.0601	0.0601	1	2
120	100	2	0.0000	0.8	25	70	1.2935	0.0141	24.6346	494.3435	0.7005	0.2207	0.2207	2	1
121	100	2	0.0000	0.9	25	70	1.3019	0.0188	23.7978	418.3802	0.7003	1.1593	1.1593	2
122	100	2	0.0000	1.01	25	70	1.3697	0.0126	21.4782	326.4190	0.7007	4.0970	4.0970	2	1
123	100	2	0.0000	1.1	25	70	1.3694	0.0090	19.3075	256.5970	0.6992	9.0516	9.0516	2
124	100	2	0.0000	1.2	25	70	1.3695	0.0104	17.3421	210.6586	0.7008	17.9478	17.9478	2
125	100	2	0.0000	1.3	25	70	1.3469	0.0097	16.0461	191.5852	0.7019	29.5906	29.5906	2
126	100	2	0.0000	1.4	25	70	1.3624	0.0093	15.1004	182.8907	0.7008	42.4790	42.4790	2
127	100	2	0.0000	1.5	25	70	1.3457	0.0129	14.5449	166.9712	0.6982	56.2999	56.2999	2
128	100	2	0.0000	0	10	90	1.4099	0.0103	10.0000	743.7272	0.8986	0.0000	0.0000	1
129	100	2	0.0000	0.1	10	90	1.3467	0.0168	10.0000	685.2948	0.8989	0.0050	0.0050	1
130	100	2	0.0000	0.2	10	90	1.3620	0.0236	9.9994	670.7523	0.9002	0.0025	0.0025	1
131	100	2	0.0000	0.3	10	90	1.3754	0.0128	10.0000	666.2266	0.9006	0.0000	0.0000	1
132	100	2	0.0000	0.4	10	90	1.3599	0.0193	10.0000	660.2337	0.9002	0.0025	0.0025	1
133	100	2	0.0000	0.5	10	90	1.3899	0.0213	10.0000	672.7503	0.9002	0.0156	0.0156	1
134	100	2	0.0000	0.6	10	90	1.3645	0.0109	9.9994	613.1830	0.9015	0.0169	0.0169	1
135	100	2	0.0000	0.7	10	90	1.3566	0.0161	9.9983	556.9660	0.9009	0.0342	0.0342	1
136	100	2	0.0000	0.8	10	90	1.3580	0.0163	9.9927	494.0354	0.8994	0.2712	0.2712	1	2
137	100	2	0.0000	0.9	10	90	1.3623	0.0124	9.9704	425.7867	0.9009	1.1209	1.1209	1	2
138	100	2	0.0000	1.01	10	90	1.3696	0.0099	9.8986	366.6159	0.9009	3.7373	3.7373	1	2
139	100	2	0.0000	1.1	10	90	1.3965	0.0111	9.7777	292.2547	0.9001	8.9396	8.9396	1	2
140	100	2	0.0000	1.2	10	90	1.4152	0.0079	9.6141	253.6736	0.8998	18.3268	18.3268	1	2
141	100	2	0.0000	1.3	10	90	1.3852	0.0100	9.4212	208.4683	0.9003	30.6668	30.6668	1	2
142	100	2	0.0000	1.4	10	90	1.3892	0.0109	9.2583	198.4613	0.8999	44.2475	44.2475	2	1
143	100	2	0.0000	1.5	10	90	1.3514	0.0126	9.1095	180.9447	0.9002	56.9058	56.9058	1	2
144	100	2	0.0000	0	15	90	1.4000	0.0153	15.0000	743.0812	0.8990	0.0000	0.0000	1
145	100	2	0.0000	0.1	15	90	1.3569	0.0164	15.0000	686.2908	0.8994	0.0000	0.0000	1
146	100	2	0.0000	0.2	15	90	1.3514	0.0142	14.9999	669.3764	0.8991	0.0000	0.0000	1
147	100	2	0.0000	0.3	15	90	1.3006	0.0138	15.0000	677.3824	0.9001	0.0000	0.0000	1
148	100	2	0.0000	0.4	15	90	1.3216	0.0147	14.9989	650.1050	0.8987	0.0025	0.0025	1
149	100	2	0.0000	0.5	15	90	1.4054	0.0192	15.0000	676.6024	0.9005	0.0022	0.0022	1
150	100	2	0.0000	0.6	15	90	1.2925	0.0152	15.0000	630.4556	0.8991	0.0142	0.0142	1
151	100	2	0.0000	0.7	15	90	1.3788	0.0136	14.9980	571.7286	0.9003	0.0789	0.0789	1
152	100	2	0.0000	0.8	15	90	1.3365	0.0109	14.9665	496.9651	0.8979	0.2207	0.2207	1
153	100	2	0.0000	0.9	15	90	1.3147	0.0160	14.9095	425.6217	0.8997	1.0600	1.0600	1	2
154	100	2	0.0000	1.01	15	90	1.3437	0.0110	14.6385	354.1519	0.9000	3.8255	3.8255	1	2
155	100	2	0.0000	1.1	15	90	1.3954	0.0118	14.2946	282.6676	0.9007	9.1848	9.1848	2	1
156	100	2	0.0000	1.2	15	90	1.3940	0.0105	13.8346	246.5036	0.8999	18.2939	18.2939	1	2
157	100	2	0.0000	1.3	15	90	1.3477	0.0103	13.3804	209.2897	0.8992	30.4633	30.4633	2	1
158	100	2	0.0000	1.4	15	90	1.3736	0.0109	13.0040	187.9179	0.9000	42.7742	42.7742	2
159	100	2	0.0000	1.5	15	90	1.3927	0.0127	12.6587	179.7577	0.9003	57.5311	57.5311	2	1
160	100	2	0.0000	0	20	90	1.3124	0.0153	20.0000	765.1379	0.8995	0.0000	0.0000	1
161	100	2	0.0000	0.1	20	90	1.2694	0.0197	20.0000	677.1403	0.8999	0.0000	0.0000	1
162	100	2	0.0000	0.2	20	90	1.2900	0.0228	20.0000	698.0380	0.9011	0.0000	0.0000	1
163	100	2	0.0000	0.3	20	90	1.2954	0.0138	20.0000	665.6799	0.8994	0.0024	0.0024	1
164	100	2	0.0000	0.4	20	90	1.3236	0.0174	20.0000	663.4644	0.8991	0.0000	0.0000	1
165	100	2	0.0000	0.5	20	90	1.3164	0.0163	19.9974	662.9308	0.9014	0.0044	0.0044	1
166	100	2	0.0000	0.6	20	90	1.2952	0.0164	19.9970	619.6234	0.9005	0.0048	0.0048	1
167	100	2	0.0000	0.7	20	90	1.2866	0.0121	19.9849	569.7175	0.9007	0.0514	0.0514	1
168	100	2	0.0000	0.8	20	90	1.3238	0.0164	19.9399	526.3515	0.8990	0.2682	0.2682	1
169	100	2	0.0000	0.9	20	90	1.2983	0.0120	19.7707	425.1094	0.9002	1.0736	1.0736	2	1
170	100	2	0.0000	1.01	20	90	1.3814	0.0102	19.2049	328.6903	0.8998	3.9422	3.9422	1	2
171	100	2	0.0000	1.1	20	90	1.3758	0.0107	18.5134	296.6248	0.9011	8.8845	8.8845	2	1
172	100	2	0.0000	1.2	20	90	1.3738	0.0146	17.5750	234.1513	0.9001	17.9806	17.9806	2	1
173	100	2	0.0000	1.3	20	90	1.3952	0.0113	16.7583	194.1323	0.8991	29.9067	29.9067	2
174	100	2	0.0000	1.4	20	90	1.3456	0.0090	16.1615	177.4221	0.8998	42.3841	42.3841	2
175	100	2	0.0000	1.5	20	90	1.3868	0.0125	15.6296	171.6075	0.9001	55.9113	55.9113	2
176	100	2	0.0000	0	25	90	1.3228	0.0134	24.9974	751.2803	0.8985	0.0048	0.0048	1
177	100	2	0.0000	0.1	25	90	1.2374	0.0172	25.0000	677.5607	0.9004	0.0024	0.0024	1
178	100	2	0.0000	0.2	25	90	1.2601	0.0129	25.0000	672.8440	0.8996	0.0000	0.0000	1
179	100	2	0.0000	0.3	25	90	1.2393	0.0167	25.0000	645.1700	0.9008	0.0073	0.0073	1
180	100	2	0.0000	0.4	25	90	1.3058	0.0133	24.9937	646.6677	0.9004	0.0000	0.0000	1
181	100	2	0.0000	0.5	25	90	1.3732	0.0153	24.9910	668.8270	0.9006	0.0021	0.0021	1
182	100	2	0.0000	0.6	25	90	1.2898	0.0156	24.9954	649.3418	0.8992	0.0094	0.0094	1
183	100	2	0.0000	0.7	25	90	1.2881	0.0180	24.9711	568.9787	0.9006	0.0670	0.0670	1
184	100	2	0.0000	0.8	25	90	1.3894	0.0120	24.8894	496.8242	0.8992	0.2630	0.2630	1
185	100	2	0.0000	0.9	25	90	1.2700	0.0124	24.5220	407.2177	0.8997	1.0665	1.0665	1	2
186	100	2	0.0000	1.01	25	90	1.3348	0.0162	23.5337	339.9149	0.8996	3.9895	3.9895	2	1
187	100	2	0.0000	1.1	25	90	1.3511	0.0120	22.3683	268.6830	0.9002	8.8820	8.8820	2	1
188	100	2	0.0000	1.2	25	90	1.3720	0.0115	21.0252	221.4481	0.9002	17.9381	17.9381	2
189	100	2	0.0000	1.3	25	90	1.3407	0.0099	19.8702	194.5848	0.9008	29.5023	29.5023	2
190	100	2	0.0000	1.4	25	90	1.3802	0.0110	18.9277	180.6821	0.9001	42.4248	42.4248	2
191	100	2	0.0000	1.5	25	90	1.3594	0.0105	18.3716	166.6742	0.9002	56.3053	56.3053	2
192	100	2	0.0000	0	10	95	1.3490	0.0181	10.0000	750.3913	0.9498	0.0024	0.0024	1
193	100	2	0.0000	0.1	10	95	1.3626	0.0136	10.0000	675.8327	0.9493	0.0000	0.0000	1
194	100	2	0.0000	0.2	10	95	1.3681	0.0098	10.0000	664.4890	0.9489	0.0000	0.0000	1
195	100	2	0.0000	0.3	10	95	1.3970	0.0179	10.0000	676.1191	0.9504	0.0025	0.0025	1
196	100	2	0.0000	0.4	10	95	1.3079	0.0135	10.0000	680.4995	0.9500	0.0024	0.0024	1
197	100	2	0.0000	0.5	10	95	1.3691	0.0182	10.0000	668.0836	0.9501	0.0023	0.0023	1
198	100	2	0.0000	0.6	10	95	1.3542	0.0122	10.0000	616.2238	0.9490	0.0144	0.0144	1
199	100	2	0.0000	0.7	10	95	1.3738	0.0182	9.9983	584.2949	0.9504	0.0678	0.0678	1
200	100	2	0.0000	0.8	10	95	1.4483	0.0157	9.9969	512.4857	0.9498	0.2314	0.2314	1
201	100	2	0.0000	0.9	10	95	1.4085	0.0101	9.9832	427.9442	0.9500	1.0409	1.0409	1	2
202	100	2	0.0000	1.01	10	95	1.3457	0.0119	9.9488	351.4634	0.9501	3.7599	3.7599	1	2
203	100	2	0.0000	1.1	10	95	1.4265	0.0115	9.8876	289.9237	0.9504	9.0644	9.0644	1	2
204	100	2	0.0000	1.2	10	95	1.3540	0.0111	9.7961	244.5824	0.9504	17.7155	17.7155	1
205	100	2	0.0000	1.3	10	95	1.3547	0.0124	9.6940	211.2509	0.9500	29.6721	29.6721	1
206	100	2	0.0000	1.4	10	95	1.3787	0.0109	9.6095	195.5340	0.9501	43.3960	43.3960	1	2
207	100	2	0.0000	1.5	10	95	1.3620	0.0114	9.5047	184.4109	0.9496	57.7378	57.7378	1
208	100	2	0.0000	0	15	95	1.3629	0.0169	15.0000	778.1029	0.9498	0.0000	0.0000	1
209	100	2	0.0000	0.1	15	95	1.2789	0.0112	15.0000	661.2214	0.9499	0.0050	0.0050	1
210	100	2	0.0000	0.2	15	95	1.3284	0.0149	15.0000	673.9232	0.9497	0.0000	0.0000	1
211	100	2	0.0000	0.3	15	95	1.3771	0.0196	15.0000	642.0214	0.9489	0.0000	0.0000	1
212	100	2	0.0000	0.4	15	95	1.3631	0.0155	15.0000	665.0678	0.9500	0.0000	0.0000	1
213	100	2	0.0000	0.5	15	95	1.4296	0.0187	15.0000	662.8237	0.9510	0.0000	0.0000	1
214	100	2	0.0000	0.6	15	95	1.3847	0.0120	15.0000	612.2241	0.9503	0.0187	0.0187	1
215	100	2	0.0000	0.7	15	95	1.3304	0.0154	14.9967	553.8929	0.9494	0.0802	0.0802	1
216	100	2	0.0000	0.8	15	95	1.2978	0.0134	14.9900	500.4683	0.9500	0.2452	0.2452	1
217	100	2	0.0000	0.9	15	95	1.3793	0.0112	14.9444	429.6462	0.9498	1.1016	1.1016	1	2
218	100	2	0.0000	1.01	15	95	1.3941	0.0123	14.8276	354.1283	0.9499	3.9627	3.9627	1	2
219	100	2	0.0000	1.1	15	95	1.4373	0.0133	14.6246	291.8324	0.9501	8.7501	8.7501	1	2
220	100	2	0.0000	1.2	15	95	1.3709	0.0121	14.3931	237.2711	0.9498	17.9181	17.9181	1
221	100	2	0.0000	1.3	15	95	1.4175	0.0106	14.1313	211.0737	0.9498	29.6697	29.6697	1
222	100	2	0.0000	1.4	15	95	1.3393	0.0118	13.8578	187.2483	0.9499	42.3388	42.3388	1	2
223	100	2	0.0000	1.5	15	95	1.3636	0.0106	13.6982	178.5711	0.9504	55.9275	55.9275	1
224	100	2	0.0000	0	20	95	1.3229	0.0227	20.0000	744.3023	0.9505	0.0044	0.0044	1
225	100	2	0.0000	0.1	20	95	1.3454	0.0133	20.0000	675.6013	0.9492	0.0000	0.0000	1
226	100	2	0.0000	0.2	20	95	1.3234	0.0217	20.0000	682.2918	0.9487	0.0000	0.0000	1
227	100	2	0.0000	0.3	20	95	1.3877	0.0162	20.0000	663.5146	0.9504	0.0000	0.0000	1
228	100	2	0.0000	0.4	20	95	1.3515	0.0156	20.0000	637.2362	0.9509	0.0024	0.0024	1
229	100	2	0.0000	0.5	20	95	1.4451	0.0177	20.0000	682.3549	0.9496	0.0021	0.0021	1
230	100	2	0.0000	0.6	20	95	1.2534	0.0204	20.0000	618.7103	0.9492	0.0162	0.0162	1
231	100	2	0.0000	0.7	20	95	1.2890	0.0182	19.9938	574.2303	0.9497	0.0575	0.0575	1
232	100	2	0.0000	0.8	20	95	1.2947	0.0104	19.9698	506.4004	0.9501	0.3350	0.3350	1
233	100	2	0.0000	0.9	20	95	1.3505	0.0120	19.8924	429.2741	0.9497	1.1093	1.1093	1
234	100	2	0.0000	1.01	20	95	1.3577	0.0091	19.5712	348.4014	0.9497	3.6878	3.6878	1	2
235	100	2	0.0000	1.1	20	95	1.3608	0.0114	19.1649	279.5746	0.9502	9.0581	9.0581	1	2
236	100	2	0.0000	1.2	20	95	1.3880	0.0077	18.6631	228.3636	0.9499	17.8166	17.8166	1	2
237	100	2	0.0000	1.3	20	95	1.3654	0.0102	18.1854	203.5878	0.9499	29.3376	29.3376	1	2
238	100	2	0.0000	1.4	20	95	1.3565	0.0110	17.7750	188.7342	0.9504	42.5830	42.5830	1	2
239	100	2	0.0000	1.5	20	95	1.3671	0.0107	17.4533	173.7228	0.9503	55.0697	55.0697	2	1
240	100	2	0.0000	0	25	95	1.2656	0.0200	24.9989	758.0592	0.9489	0.0024	0.0024	1
241	100	2	0.0000	0.1	25	95	1.2701	0.0163	24.9997	662.2115	0.9500	0.0000	0.0000	1
242	100	2	0.0000	0.2	25	95	1.3079	0.0176	25.0000	663.0316	0.9508	0.0000	0.0000	1
243	100	2	0.0000	0.3	25	95	1.3541	0.0154	25.0000	665.0975	0.9494	0.0025	0.0025	1
244	100	2	0.0000	0.4	25	95	1.2874	0.0240	25.0000	661.0551	0.9501	0.0074	0.0074	1
245	100	2	0.0000	0.5	25	95	1.2828	0.0120	24.9996	685.9618	0.9496	0.0068	0.0068	1
246	100	2	0.0000	0.6	25	95	1.3273	0.0157	24.9967	607.3893	0.9509	0.0164	0.0164	1
247	100	2	0.0000	0.7	25	95	1.2852	0.0190	24.9835	547.8930	0.9496	0.0512	0.0512	1
248	100	2	0.0000	0.8	25	95	1.2745	0.0107	24.9227	490.6177	0.9495	0.2769	0.2769	1
249	100	2	0.0000	0.9	25	95	1.3087	0.0191	24.7756	421.4495	0.9502	1.1043	1.1043	1
250	100	2	0.0000	1.01	25	95	1.3355	0.0119	24.2507	333.5469	0.9501	3.9703	3.9703	1	2
251	100	2	0.0000	1.1	25	95	1.3441	0.0165	23.5733	292.7855	0.9494	8.7893	8.7893	1	2
252	100	2	0.0000	1.2	25	95	1.4016	0.0091	22.6667	231.9392	0.9504	18.0199	18.0199	1	2
253	100	2	0.0000	1.3	25	95	1.3147	0.0123	21.9684	200.4180	0.9499	28.8907	28.8907	1	2
254	100	2	0.0000	1.4	25	95	1.3893	0.0101	21.2093	182.5111	0.9502	42.5309	42.5309	2	1
255	100	2	0.0000	1.5	25	95	1.3533	0.0131	20.7869	167.1444	0.9496	55.6704	55.6704	1	2
256	100	2	0.0000	0	10	100	1.3667	0.0128	10.0000	728.1451	1.0000	0.0000	0.0000	1
257	100	2	0.0000	0.1	10	100	1.4087	0.0106	10.0000	684.5953	1.0000	0.0000	0.0000	1
258	100	2	0.0000	0.2	10	100	1.3693	0.0228	10.0000	658.5270	1.0000	0.0000	0.0000	1
259	100	2	0.0000	0.3	10	100	1.3799	0.0111	10.0000	676.7331	1.0000	0.0000	0.0000	1
260	100	2	0.0000	0.4	10	100	1.4127	0.0132	10.0000	654.9251	1.0000	0.0071	0.0071	1
261	100	2	0.0000	0.5	10	100	1.3750	0.0147	10.0000	661.0582	1.0000	0.0023	0.0023	1
262	100	2	0.0000	0.6	10	100	1.3809	0.0156	10.0000	602.1175	1.0000	0.0116	0.0116	1
263	100	2	0.0000	0.7	10	100	1.3692	0.0141	10.0000	574.6392	1.0000	0.0534	0.0534	1
264	100	2	0.0000	0.8	10	100	1.3699	0.0137	10.0000	497.0992	1.0000	0.3230	0.3230	1
265	100	2	0.0000	0.9	10	100	1.4579	0.0095	10.0000	427.1765	1.0000	1.1468	1.1468	1
266	100	2	0.0000	1.01	10	100	1.4085	0.0151	10.0000	354.5812	1.0000	3.5957	3.5957	1
267	100	2	0.0000	1.1	10	100	1.3541	0.0124	10.0000	288.2276	1.0000	8.9296	8.9296	1
268	100	2	0.0000	1.2	10	100	1.3811	0.0094	10.0000	244.2467	1.0000	17.4338	17.4338	1
269	100	2	0.0000	1.3	10	100	1.3828	0.0120	10.0000	209.4438	1.0000	29.8240	29.8240	1
270	100	2	0.0000	1.4	10	100	1.3701	0.0120	10.0000	191.7148	1.0000	42.8786	42.8786	1
271	100	2	0.0000	1.5	10	100	1.3711	0.0115	10.0000	183.4659	1.0000	57.2548	57.2548	1
272	100	2	0.0000	0	15	100	1.5184	0.0137	15.0000	754.2509	1.0000	0.0022	0.0022	1
273	100	2	0.0000	0.1	15	100	1.3804	0.0199	15.0000	676.6659	1.0000	0.0049	0.0049	1
274	100	2	0.0000	0.2	15	100	1.3396	0.0125	15.0000	658.7144	1.0000	0.0024	0.0024	1
275	100	2	0.0000	0.3	15	100	1.3214	0.0151	15.0000	691.4139	1.0000	0.0000	0.0000	1
276	100	2	0.0000	0.4	15	100	1.4073	0.0108	15.0000	674.8105	1.0000	0.0024	0.0024	1
277	100	2	0.0000	0.5	15	100	1.3652	0.0145	15.0000	693.0633	1.0000	0.0067	0.0067	1
278	100	2	0.0000	0.6	15	100	1.3560	0.0145	15.0000	622.4640	1.0000	0.0138	0.0138	1
279	100	2	0.0000	0.7	15	100	1.3543	0.0103	15.0000	560.0904	1.0000	0.0376	0.0376	1
280	100	2	0.0000	0.8	15	100	1.3244	0.0093	15.0000	482.6430	1.0000	0.2566	0.2566	1
281	100	2	0.0000	0.9	15	100	1.3365	0.0142	15.0000	425.6645	1.0000	1.0103	1.0103	1
282	100	2	0.0000	1.01	15	100	1.3876	0.0121	15.0000	346.9063	1.0000	3.7367	3.7367	1
283	100	2	0.0000	1.1	15	100	1.3900	0.0095	15.0000	296.5092	1.0000	8.6914	8.6914	1
284	100	2	0.0000	1.2	15	100	1.3852	0.0119	15.0000	240.8895	1.0000	17.5772	17.5772	1
285	100	2	0.0000	1.3	15	100	1.3324	0.0139	15.0000	210.7298	1.0000	29.1823	29.1823	1
286	100	2	0.0000	1.4	15	100	1.3162	0.0106	15.0000	188.4415	1.0000	41.6006	41.6006	1
287	100	2	0.0000	1.5	15	100	1.3444	0.0134	15.0000	180.0704	1.0000	55.6719	55.6719	1
288	100	2	0.0000	0	20	100	1.3920	0.0151	20.0000	732.0108	1.0000	0.0000	0.0000	1
289	100	2	0.0000	0.1	20	100	1.3746	0.0136	20.0000	656.0811	1.0000	0.0000	0.0000	1
290	100	2	0.0000	0.2	20	100	1.3143	0.0118	20.0000	678.2733	1.0000	0.0049	0.0049	1
291	100	2	0.0000	0.3	20	100	1.3388	0.0131	20.0000	655.0614	1.0000	0.0025	0.0025	1
292	100	2	0.0000	0.4	20	100	1.3523	0.0151	20.0000	652.9478	1.0000	0.0023	0.0023	1
293	100	2	0.0000	0.5	20	100	1.3257	0.0135	20.0000	727.0113	1.0000	0.0043	0.0043	1
294	100	2	0.0000	0.6	20	100	1.3362	0.0154	20.0000	603.8608	1.0000	0.0092	0.0092	1
295	100	2	0.0000	0.7	20	100	1.3152	0.0135	20.0000	560.9878	1.0000	0.0500	0.0500	1
296	100	2	0.0000	0.8	20	100	1.3366	0.0154	20.0000	506.2998	1.0000	0.2392	0.2392	1
297	100	2	0.0000	0.9	20	100	1.3054	0.0107	20.0000	414.4800	1.0000	1.0705	1.0705	1
298	100	2	0.0000	1.01	20	100	1.2917	0.0128	20.0000	360.7953	1.0000	3.7877	3.7877	1
299	100	2	0.0000	1.1	20	100	1.3384	0.0132	20.0000	294.2570	1.0000	8.7020	8.7020	1
300	100	2	0.0000	1.2	20	100	1.3119	0.0094	20.0000	231.0576	1.0000	17.1336	17.1336	1
301	100	2	0.0000	1.3	20	100	1.3561	0.0132	20.0000	210.4093	1.0000	28.7990	28.7990	1
302	100	2	0.0000	1.4	20	100	1.3417	0.0146	20.0000	184.5809	1.0000	42.1353	42.1353	1
303	100	2	0.0000	1.5	20	100	1.3353	0.0103	20.0000	179.2381	1.0000	54.7600	54.7600	1
304	100	2	0.0000	0	25	100	1.3516	0.0146	25.0000	737.1394	1.0000	0.0021	0.0021	1
305	100	2	0.0000	0.1	25	100	1.2815	0.0148	25.0000	677.9693	1.0000	0.0000	0.0000	1
306	100	2	0.0000	0.2	25	100	1.2632	0.0153	25.0000	671.7990	1.0000	0.0000	0.0000	1
307	100	2	0.0000	0.3	25	100	1.3254	0.0194	25.0000	658.6752	1.0000	0.0024	0.0024	1
308	100	2	0.0000	0.4	25	100	1.2466	0.0171	25.0000	631.3337	1.0000	0.0025	0.0025	1
309	100	2	0.0000	0.5	25	100	1.3202	0.0159	25.0000	669.3618	1.0000	0.0000	0.0000	1
310	100	2	0.0000	0.6	25	100	1.2805	0.0138	25.0000	616.9206	1.0000	0.0045	0.0045	1
311	100	2	0.0000	0.7	25	100	1.3054	0.0107	25.0000	586.3480	1.0000	0.0628	0.0628	1
312	100	2	0.0000	0.8	25	100	1.3424	0.0142	25.0000	479.0657	1.0000	0.2541	0.2541	1
313	100	2	0.0000	0.9	25	100	1.3156	0.0124	25.0000	421.6830	1.0000	1.1564	1.1564	1
314	100	2	0.0000	1.01	25	100	1.3736	0.0139	25.0000	341.3972	1.0000	3.6777	3.6777	1
315	100	2	0.0000	1.1	25	100	1.3140	0.0090	25.0000	293.8464	1.0000	8.8225	8.8225	1
316	100	2	0.0000	1.2	25	100	1.3690	0.0100	25.0000	232.8737	1.0000	17.4904	17.4904	1
317	100	2	0.0000	1.3	25	100	1.4610	0.0124	25.0000	204.4143	1.0000	28.5441	28.5441	1
318	100	2	0.0000	1.4	25	100	1.3250	0.0121	25.0000	187.7391	1.0000	41.9614	41.9614	1
319	100	2	0.0000	1.5	25	100	1.3359	0.0134	25.0000	171.2589	1.0000	54.8403	54.8403	1
