0	100	2	0	0.9	5	50	1.4234	0.0005	4.9881	468.9676	0.5006	1.0771	2
1	100	2	0	1.1	5	50	1.4301	0.0003	4.8953	314.1486	0.4999	9.6252	2
2	100	2	0	0.9	8	50	1.4301	0.0003	7.9432	452.9194	0.5001	1.1040	2	1
3	100	2	0	1.1	8	50	1.4270	0.0003	7.5489	299.2973	0.5000	9.6242	2
4	100	2	0	0.9	11	50	1.4401	0.0003	10.8455	451.2892	0.4996	1.1429	2	1
5	100	2	0	1.1	11	50	1.4186	0.0003	9.8930	285.5742	0.5005	9.6757	2
6	100	2	0	0.9	14	50	1.4286	0.0003	13.6672	455.0621	0.5002	1.0885	2	1
7	100	2	0	1.1	14	50	1.4296	0.0003	11.9879	280.5523	0.5000	9.5714	2
8	100	2	0	0.9	5	70	1.4296	0.0001	4.9915	448.4088	0.7002	1.1254	2	1
9	100	2	0	1.1	5	70	1.4011	0.0002	4.9270	307.7508	0.6997	9.4337	2	1
10	100	2	0	0.9	8	70	1.4323	0.0001	7.9603	460.3332	0.7001	1.0768	1	2
11	100	2	0	1.1	8	70	1.4180	0.0004	7.6832	305.9632	0.7000	9.5640	2
12	100	2	0	0.9	11	70	1.4236	0.0003	10.8967	462.2309	0.7000	1.1321	2	1
13	100	2	0	1.1	11	70	1.4288	0.0002	10.2119	296.9413	0.6998	9.5344	2
14	100	2	0	0.9	14	70	1.4356	0.0003	13.7734	448.2232	0.7001	1.1010	2	1
15	100	2	0	1.1	14	70	1.4171	0.0002	12.4957	291.9214	0.6997	9.3048	2
16	100	2	0	0.9	5	90	1.4207	0.0003	4.9972	438.6270	0.8999	1.1339	1	2
17	100	2	0	1.1	5	90	1.4225	0.0003	4.9732	303.6065	0.9001	9.0561	1	2
18	100	2	0	0.9	8	90	1.4216	0.0004	7.9849	466.5438	0.8997	1.0787	1	2
19	100	2	0	1.1	8	90	1.4123	0.0002	7.8807	301.1210	0.8999	8.9289	1	2
20	100	2	0	0.9	11	90	1.4103	0.0002	10.9611	441.9016	0.9002	1.0669	1
21	100	2	0	1.1	11	90	1.4097	0.0002	10.6982	297.9678	0.9003	8.9381	1	2
22	100	2	0	0.9	14	90	1.4294	0.0001	13.9156	463.9771	0.8999	1.1066	1	2
23	100	2	0	1.1	14	90	1.4146	0.0002	13.3959	305.8639	0.8998	8.9741	1	2
24	100	2	0	0.9	5	95	1.4268	0.0003	4.9983	454.2697	0.9500	1.0824	1
25	100	2	0	1.1	5	95	1.4103	0.0003	4.9860	310.7625	0.9499	8.9496	1
26	100	2	0	0.9	8	95	1.4237	0.0002	7.9923	437.7173	0.9497	1.1131	1
27	100	2	0	1.1	8	95	1.4094	0.0004	7.9387	309.3080	0.9499	8.8841	1
28	100	2	0	0.9	11	95	1.4102	0.0001	10.9793	452.0229	0.9499	1.0470	1
29	100	2	0	1.1	11	95	1.4094	0.0001	10.8471	291.1317	0.9499	8.8959	1
30	100	2	0	0.9	14	95	1.3848	0.0002	13.9593	440.5328	0.9500	1.0863	1
31	100	2	0	1.1	14	95	1.4218	0.0001	13.6906	311.5506	0.9501	8.7840	1
32	100	2	0	0.9	5	100	1.4093	0.0002	5.0000	434.0723	1.0000	1.1083	1
33	100	2	0	1.1	5	100	1.4083	0.0003	5.0000	302.2160	1.0000	8.8306	1
34	100	2	0	0.9	8	100	1.4202	0.0002	8.0000	444.9485	1.0000	1.0496	1
35	100	2	0	1.1	8	100	1.4086	0.0004	8.0000	297.5650	1.0000	8.8192	1
36	100	2	0	0.9	11	100	1.4194	0.0002	11.0000	450.5520	1.0000	1.0959	1
37	100	2	0	1.1	11	100	1.4076	0.0002	11.0000	294.6684	1.0000	8.6214	1
38	100	2	0	0.9	14	100	1.4338	0.0002	14.0000	462.3611	1.0000	1.0711	1
39	100	2	0	1.1	14	100	1.4222	0.0002	14.0000	289.6463	1.0000	8.5930	1
